======================================================================
🕵️ 紫微智控 - 情报搜集器
======================================================================
📡 开始搜集 30 个代币情报...
💰 获取价格数据...
📰 搜集新闻...
🔥 分析热点代币...
💾 情报已保存：/home/admin/Ziwei/data/intel/intel_20260304_015258.json

🔥 Top 5 热点代币:
  1. SOL: -2.37% | bullish

⏳ 等待 5 分钟后更新...

📡 开始搜集 30 个代币情报...
💰 获取价格数据...
📰 搜集新闻...
🔥 分析热点代币...
💾 情报已保存：/home/admin/Ziwei/data/intel/intel_20260304_015813.json

🔥 Top 5 热点代币:
  1. SOL: -2.71% | bullish

⏳ 等待 5 分钟后更新...

📡 开始搜集 30 个代币情报...
💰 获取价格数据...
📰 搜集新闻...
🔥 分析热点代币...
💾 情报已保存：/home/admin/Ziwei/data/intel/intel_20260304_020328.json

🔥 Top 5 热点代币:
  1. SOL: -2.39% | bullish

⏳ 等待 5 分钟后更新...

======================================================================
🕵️ 紫微智控 - 情报搜集器
======================================================================
📡 开始搜集 30 个代币情报...
💰 获取价格数据...
📰 搜集新闻...
🔥 分析热点代币...
💾 情报已保存：/home/admin/Ziwei/data/intel/intel_20260304_020620.json

🔥 Top 5 热点代币:
  1. SOL: -2.45% | bullish

⏳ 等待 5 分钟后更新...

📡 开始搜集 30 个代币情报...
💰 获取价格数据...
📰 搜集新闻...
🔥 分析热点代币...
💾 情报已保存：/home/admin/Ziwei/data/intel/intel_20260304_020842.json

🔥 Top 5 热点代币:
  1. SOL: -2.37% | bullish

⏳ 等待 5 分钟后更新...

======================================================================
🕵️ 紫微智控 - 情报搜集器
======================================================================
📡 开始搜集 30 个代币情报...
💰 获取价格数据...
📰 搜集新闻...
🔥 分析热点代币...
💾 情报已保存：/home/admin/Ziwei/data/intel/intel_20260304_020914.json

🔥 Top 5 热点代币:
  1. SOL: -2.37% | bullish

⏳ 等待 5 分钟后更新...

📡 开始搜集 30 个代币情报...
💰 获取价格数据...
📰 搜集新闻...
🔥 分析热点代币...
💾 情报已保存：/home/admin/Ziwei/data/intel/intel_20260304_021134.json

🔥 Top 5 热点代币:
  1. SOL: -2.56% | bullish

⏳ 等待 5 分钟后更新...

📡 开始搜集 30 个代币情报...
💰 获取价格数据...
📰 搜集新闻...
🔥 分析热点代币...
💾 情报已保存：/home/admin/Ziwei/data/intel/intel_20260304_021357.json

🔥 Top 5 热点代币:
  1. SOL: -2.67% | bullish

⏳ 等待 5 分钟后更新...

📡 开始搜集 30 个代币情报...
💰 获取价格数据...
📰 搜集新闻...
🔥 分析热点代币...
💾 情报已保存：/home/admin/Ziwei/data/intel/intel_20260304_021419.json

🔥 Top 5 热点代币:
  1. SOL: -2.67% | bullish

⏳ 等待 5 分钟后更新...

📡 开始搜集 30 个代币情报...
💰 获取价格数据...
📰 搜集新闻...
🔥 分析热点代币...
💾 情报已保存：/home/admin/Ziwei/data/intel/intel_20260304_021649.json

🔥 Top 5 热点代币:
  1. SOL: -2.80% | bullish

⏳ 等待 5 分钟后更新...

📡 开始搜集 30 个代币情报...
💰 获取价格数据...
📰 搜集新闻...
🔥 分析热点代币...
💾 情报已保存：/home/admin/Ziwei/data/intel/intel_20260304_021911.json

🔥 Top 5 热点代币:
  1. SOL: -2.68% | bullish

⏳ 等待 5 分钟后更新...

📡 开始搜集 30 个代币情报...
💰 获取价格数据...
📰 搜集新闻...
🔥 分析热点代币...
💾 情报已保存：/home/admin/Ziwei/data/intel/intel_20260304_021925.json

🔥 Top 5 热点代币:
  1. SOL: -2.68% | bullish

⏳ 等待 5 分钟后更新...

📡 开始搜集 30 个代币情报...
💰 获取价格数据...
📰 搜集新闻...
🔥 分析热点代币...
💾 情报已保存：/home/admin/Ziwei/data/intel/intel_20260304_022203.json

🔥 Top 5 热点代币:
  1. SOL: -2.60% | bullish

⏳ 等待 5 分钟后更新...

📡 开始搜集 30 个代币情报...
💰 获取价格数据...
📰 搜集新闻...
📡 开始搜集 30 个代币情报...
💰 获取价格数据...
📰 搜集新闻...
🔥 分析热点代币...
💾 情报已保存：/home/admin/Ziwei/data/intel/intel_20260304_022425.json

🔥 Top 5 热点代币:

⏳ 等待 5 分钟后更新...

🔥 分析热点代币...
💾 情报已保存：/home/admin/Ziwei/data/intel/intel_20260304_022430.json

🔥 Top 5 热点代币:

⏳ 等待 5 分钟后更新...

📡 开始搜集 30 个代币情报...
💰 获取价格数据...
📰 搜集新闻...
🔥 分析热点代币...
💾 情报已保存：/home/admin/Ziwei/data/intel/intel_20260304_022717.json

🔥 Top 5 热点代币:

⏳ 等待 5 分钟后更新...

📡 开始搜集 30 个代币情报...
💰 获取价格数据...
📰 搜集新闻...
📡 开始搜集 30 个代币情报...
💰 获取价格数据...
📰 搜集新闻...
🔥 分析热点代币...
💾 情报已保存：/home/admin/Ziwei/data/intel/intel_20260304_022940.json

🔥 Top 5 热点代币:

⏳ 等待 5 分钟后更新...

🔥 分析热点代币...
💾 情报已保存：/home/admin/Ziwei/data/intel/intel_20260304_022940.json

🔥 Top 5 热点代币:

⏳ 等待 5 分钟后更新...

📡 开始搜集 30 个代币情报...
💰 获取价格数据...
📰 搜集新闻...
🔥 分析热点代币...
💾 情报已保存：/home/admin/Ziwei/data/intel/intel_20260304_023231.json

🔥 Top 5 热点代币:

⏳ 等待 5 分钟后更新...

📡 开始搜集 30 个代币情报...
💰 获取价格数据...
📡 开始搜集 30 个代币情报...
💰 获取价格数据...
📰 搜集新闻...
📰 搜集新闻...
🔥 分析热点代币...
💾 情报已保存：/home/admin/Ziwei/data/intel/intel_20260304_023454.json

🔥 Top 5 热点代币:

⏳ 等待 5 分钟后更新...

🔥 分析热点代币...
💾 情报已保存：/home/admin/Ziwei/data/intel/intel_20260304_023454.json

🔥 Top 5 热点代币:

⏳ 等待 5 分钟后更新...

📡 开始搜集 30 个代币情报...
💰 获取价格数据...
📰 搜集新闻...
🔥 分析热点代币...
💾 情报已保存：/home/admin/Ziwei/data/intel/intel_20260304_023746.json

🔥 Top 5 热点代币:

⏳ 等待 5 分钟后更新...

📡 开始搜集 30 个代币情报...
💰 获取价格数据...
📡 开始搜集 30 个代币情报...
💰 获取价格数据...
📰 搜集新闻...
📰 搜集新闻...
🔥 分析热点代币...
💾 情报已保存：/home/admin/Ziwei/data/intel/intel_20260304_024008.json

🔥 Top 5 热点代币:

⏳ 等待 5 分钟后更新...

🔥 分析热点代币...
💾 情报已保存：/home/admin/Ziwei/data/intel/intel_20260304_024008.json

🔥 Top 5 热点代币:

⏳ 等待 5 分钟后更新...

📡 开始搜集 30 个代币情报...
💰 获取价格数据...
📰 搜集新闻...
🔥 分析热点代币...
💾 情报已保存：/home/admin/Ziwei/data/intel/intel_20260304_024300.json

🔥 Top 5 热点代币:

⏳ 等待 5 分钟后更新...

📡 开始搜集 30 个代币情报...
💰 获取价格数据...
📡 开始搜集 30 个代币情报...
💰 获取价格数据...
📰 搜集新闻...
📰 搜集新闻...
🔥 分析热点代币...
💾 情报已保存：/home/admin/Ziwei/data/intel/intel_20260304_024522.json

🔥 Top 5 热点代币:

⏳ 等待 5 分钟后更新...

🔥 分析热点代币...
💾 情报已保存：/home/admin/Ziwei/data/intel/intel_20260304_024522.json

🔥 Top 5 热点代币:

⏳ 等待 5 分钟后更新...

📡 开始搜集 30 个代币情报...
💰 获取价格数据...
📰 搜集新闻...
🔥 分析热点代币...
💾 情报已保存：/home/admin/Ziwei/data/intel/intel_20260304_024814.json

🔥 Top 5 热点代币:
  1. SOL: -2.17% | bullish

⏳ 等待 5 分钟后更新...

📡 开始搜集 30 个代币情报...
💰 获取价格数据...
📡 开始搜集 30 个代币情报...
💰 获取价格数据...
📰 搜集新闻...
📰 搜集新闻...
🔥 分析热点代币...
💾 情报已保存：/home/admin/Ziwei/data/intel/intel_20260304_025036.json

🔥 Top 5 热点代币:
  1. SOL: -2.20% | bullish

⏳ 等待 5 分钟后更新...

🔥 分析热点代币...
💾 情报已保存：/home/admin/Ziwei/data/intel/intel_20260304_025036.json

🔥 Top 5 热点代币:
  1. SOL: -2.20% | bullish

⏳ 等待 5 分钟后更新...

📡 开始搜集 30 个代币情报...
💰 获取价格数据...
📰 搜集新闻...
🔥 分析热点代币...
💾 情报已保存：/home/admin/Ziwei/data/intel/intel_20260304_025328.json

🔥 Top 5 热点代币:
  1. SOL: -2.22% | bullish
  2. ETH: -1.97% | bullish

⏳ 等待 5 分钟后更新...

📡 开始搜集 30 个代币情报...
💰 获取价格数据...
📡 开始搜集 30 个代币情报...
💰 获取价格数据...
📰 搜集新闻...
📰 搜集新闻...
🔥 分析热点代币...
💾 情报已保存：/home/admin/Ziwei/data/intel/intel_20260304_025550.json

🔥 Top 5 热点代币:
  1. SOL: -2.30% | bullish

⏳ 等待 5 分钟后更新...

🔥 分析热点代币...
💾 情报已保存：/home/admin/Ziwei/data/intel/intel_20260304_025550.json

🔥 Top 5 热点代币:
  1. SOL: -2.30% | bullish

⏳ 等待 5 分钟后更新...

📡 开始搜集 30 个代币情报...
💰 获取价格数据...
📰 搜集新闻...
🔥 分析热点代币...
💾 情报已保存：/home/admin/Ziwei/data/intel/intel_20260304_025841.json

🔥 Top 5 热点代币:
  1. SOL: -2.19% | bullish

⏳ 等待 5 分钟后更新...

📡 开始搜集 30 个代币情报...
💰 获取价格数据...
📡 开始搜集 30 个代币情报...
💰 获取价格数据...
📰 搜集新闻...
📰 搜集新闻...
🔥 分析热点代币...
💾 情报已保存：/home/admin/Ziwei/data/intel/intel_20260304_030105.json

🔥 Top 5 热点代币:
  1. SOL: -2.20% | bullish

⏳ 等待 5 分钟后更新...

🔥 分析热点代币...
💾 情报已保存：/home/admin/Ziwei/data/intel/intel_20260304_030105.json

🔥 Top 5 热点代币:
  1. SOL: -2.20% | bullish

⏳ 等待 5 分钟后更新...

📡 开始搜集 30 个代币情报...
💰 获取价格数据...
📰 搜集新闻...
🔥 分析热点代币...
💾 情报已保存：/home/admin/Ziwei/data/intel/intel_20260304_030356.json

🔥 Top 5 热点代币:
  1. SOL: -2.30% | bullish

⏳ 等待 5 分钟后更新...

📡 开始搜集 30 个代币情报...
💰 获取价格数据...
📡 开始搜集 30 个代币情报...
💰 获取价格数据...
📰 搜集新闻...
📰 搜集新闻...
🔥 分析热点代币...
💾 情报已保存：/home/admin/Ziwei/data/intel/intel_20260304_030619.json

🔥 Top 5 热点代币:
  1. SOL: -2.06% | bullish

⏳ 等待 5 分钟后更新...

🔥 分析热点代币...
💾 情报已保存：/home/admin/Ziwei/data/intel/intel_20260304_030619.json

🔥 Top 5 热点代币:
  1. SOL: -2.06% | bullish

⏳ 等待 5 分钟后更新...

📡 开始搜集 30 个代币情报...
💰 获取价格数据...
📰 搜集新闻...
🔥 分析热点代币...
💾 情报已保存：/home/admin/Ziwei/data/intel/intel_20260304_030910.json

🔥 Top 5 热点代币:
  1. SOL: -2.11% | bullish

⏳ 等待 5 分钟后更新...

📡 开始搜集 30 个代币情报...
💰 获取价格数据...
📡 开始搜集 30 个代币情报...
💰 获取价格数据...
📰 搜集新闻...
📰 搜集新闻...
🔥 分析热点代币...
💾 情报已保存：/home/admin/Ziwei/data/intel/intel_20260304_031133.json

🔥 Top 5 热点代币:
  1. SOL: -2.30% | bullish

⏳ 等待 5 分钟后更新...

🔥 分析热点代币...
💾 情报已保存：/home/admin/Ziwei/data/intel/intel_20260304_031133.json

🔥 Top 5 热点代币:
  1. SOL: -2.30% | bullish

⏳ 等待 5 分钟后更新...

📡 开始搜集 30 个代币情报...
💰 获取价格数据...
📰 搜集新闻...
🔥 分析热点代币...
💾 情报已保存：/home/admin/Ziwei/data/intel/intel_20260304_031423.json

🔥 Top 5 热点代币:
  1. SOL: -2.36% | bullish

⏳ 等待 5 分钟后更新...

📡 开始搜集 30 个代币情报...
💰 获取价格数据...
📡 开始搜集 30 个代币情报...
💰 获取价格数据...
📰 搜集新闻...
📰 搜集新闻...
🔥 分析热点代币...
💾 情报已保存：/home/admin/Ziwei/data/intel/intel_20260304_031647.json

🔥 Top 5 热点代币:
  1. SOL: -2.35% | bullish

⏳ 等待 5 分钟后更新...

🔥 分析热点代币...
💾 情报已保存：/home/admin/Ziwei/data/intel/intel_20260304_031647.json

🔥 Top 5 热点代币:
  1. SOL: -2.35% | bullish

⏳ 等待 5 分钟后更新...

📡 开始搜集 30 个代币情报...
💰 获取价格数据...
📰 搜集新闻...
🔥 分析热点代币...
💾 情报已保存：/home/admin/Ziwei/data/intel/intel_20260304_031937.json

🔥 Top 5 热点代币:
  1. SOL: -2.43% | bullish

⏳ 等待 5 分钟后更新...

📡 开始搜集 30 个代币情报...
💰 获取价格数据...
📡 开始搜集 30 个代币情报...
💰 获取价格数据...
📰 搜集新闻...
📰 搜集新闻...
🔥 分析热点代币...
💾 情报已保存：/home/admin/Ziwei/data/intel/intel_20260304_032201.json

🔥 Top 5 热点代币:
  1. SOL: -2.59% | bullish

⏳ 等待 5 分钟后更新...

🔥 分析热点代币...
💾 情报已保存：/home/admin/Ziwei/data/intel/intel_20260304_032201.json

🔥 Top 5 热点代币:
  1. SOL: -2.59% | bullish

⏳ 等待 5 分钟后更新...

📡 开始搜集 30 个代币情报...
💰 获取价格数据...
📰 搜集新闻...
🔥 分析热点代币...
💾 情报已保存：/home/admin/Ziwei/data/intel/intel_20260304_032451.json

🔥 Top 5 热点代币:
  1. SOL: -2.50% | bullish

⏳ 等待 5 分钟后更新...

📡 开始搜集 30 个代币情报...
💰 获取价格数据...
📡 开始搜集 30 个代币情报...
💰 获取价格数据...
📰 搜集新闻...
📰 搜集新闻...
🔥 分析热点代币...
💾 情报已保存：/home/admin/Ziwei/data/intel/intel_20260304_032714.json

🔥 Top 5 热点代币:
  1. ETH: -2.08% | bullish
  2. SOL: -2.45% | bullish

⏳ 等待 5 分钟后更新...

🔥 分析热点代币...
💾 情报已保存：/home/admin/Ziwei/data/intel/intel_20260304_032714.json

🔥 Top 5 热点代币:
  1. ETH: -2.08% | bullish
  2. SOL: -2.45% | bullish

⏳ 等待 5 分钟后更新...

📡 开始搜集 30 个代币情报...
💰 获取价格数据...
📰 搜集新闻...
🔥 分析热点代币...
💾 情报已保存：/home/admin/Ziwei/data/intel/intel_20260304_033006.json

🔥 Top 5 热点代币:
  1. ETH: -2.36% | bullish
  2. BNB: -0.58% | bullish
  3. SOL: -2.45% | bullish

⏳ 等待 5 分钟后更新...

📡 开始搜集 30 个代币情报...
💰 获取价格数据...
📡 开始搜集 30 个代币情报...
💰 获取价格数据...
📰 搜集新闻...
📰 搜集新闻...
🔥 分析热点代币...
💾 情报已保存：/home/admin/Ziwei/data/intel/intel_20260304_033228.json

🔥 Top 5 热点代币:
  1. ETH: -2.30% | bullish
  2. SOL: -2.36% | bullish

⏳ 等待 5 分钟后更新...

🔥 分析热点代币...
💾 情报已保存：/home/admin/Ziwei/data/intel/intel_20260304_033228.json

🔥 Top 5 热点代币:
  1. ETH: -2.30% | bullish
  2. SOL: -2.36% | bullish

⏳ 等待 5 分钟后更新...

📡 开始搜集 30 个代币情报...
💰 获取价格数据...
📰 搜集新闻...
🔥 分析热点代币...
💾 情报已保存：/home/admin/Ziwei/data/intel/intel_20260304_033520.json

🔥 Top 5 热点代币:
  1. ETH: -2.43% | bullish
  2. SOL: -2.50% | bullish

⏳ 等待 5 分钟后更新...

📡 开始搜集 30 个代币情报...
💰 获取价格数据...
📡 开始搜集 30 个代币情报...
💰 获取价格数据...
📰 搜集新闻...
📰 搜集新闻...
🔥 分析热点代币...
💾 情报已保存：/home/admin/Ziwei/data/intel/intel_20260304_033743.json

🔥 Top 5 热点代币:
  1. ETH: -2.76% | bullish
  2. SOL: -2.72% | bullish

⏳ 等待 5 分钟后更新...

🔥 分析热点代币...
💾 情报已保存：/home/admin/Ziwei/data/intel/intel_20260304_033743.json

🔥 Top 5 热点代币:
  1. ETH: -2.76% | bullish
  2. SOL: -2.72% | bullish

⏳ 等待 5 分钟后更新...

📡 开始搜集 30 个代币情报...
💰 获取价格数据...
📰 搜集新闻...
🔥 分析热点代币...
💾 情报已保存：/home/admin/Ziwei/data/intel/intel_20260304_034034.json

🔥 Top 5 热点代币:
  1. ETH: -2.20% | bullish
  2. BNB: -0.70% | bullish
  3. SOL: -2.43% | bullish

⏳ 等待 5 分钟后更新...

📡 开始搜集 30 个代币情报...
💰 获取价格数据...
📡 开始搜集 30 个代币情报...
💰 获取价格数据...
📰 搜集新闻...
📰 搜集新闻...
🔥 分析热点代币...
💾 情报已保存：/home/admin/Ziwei/data/intel/intel_20260304_034257.json

🔥 Top 5 热点代币:
  1. ETH: -2.17% | bullish
  2. SOL: -2.48% | bullish

⏳ 等待 5 分钟后更新...

🔥 分析热点代币...
💾 情报已保存：/home/admin/Ziwei/data/intel/intel_20260304_034257.json

🔥 Top 5 热点代币:
  1. ETH: -2.17% | bullish
  2. SOL: -2.48% | bullish

⏳ 等待 5 分钟后更新...

📡 开始搜集 30 个代币情报...
💰 获取价格数据...
📰 搜集新闻...
🔥 分析热点代币...
💾 情报已保存：/home/admin/Ziwei/data/intel/intel_20260304_034547.json

🔥 Top 5 热点代币:
  1. ETH: -2.46% | bullish
  2. SOL: -2.48% | bullish

⏳ 等待 5 分钟后更新...

📡 开始搜集 30 个代币情报...
💰 获取价格数据...
📡 开始搜集 30 个代币情报...
💰 获取价格数据...
📰 搜集新闻...
📰 搜集新闻...
🔥 分析热点代币...
💾 情报已保存：/home/admin/Ziwei/data/intel/intel_20260304_034810.json

🔥 Top 5 热点代币:
  1. ETH: -2.39% | bullish
  2. SOL: -2.34% | bullish

⏳ 等待 5 分钟后更新...

🔥 分析热点代币...
💾 情报已保存：/home/admin/Ziwei/data/intel/intel_20260304_034810.json

🔥 Top 5 热点代币:
  1. ETH: -2.39% | bullish
  2. SOL: -2.34% | bullish

⏳ 等待 5 分钟后更新...

📡 开始搜集 30 个代币情报...
💰 获取价格数据...
📰 搜集新闻...
🔥 分析热点代币...
💾 情报已保存：/home/admin/Ziwei/data/intel/intel_20260304_035101.json

🔥 Top 5 热点代币:
  1. ETH: -2.44% | bullish
  2. SOL: -2.40% | bullish

⏳ 等待 5 分钟后更新...

📡 开始搜集 30 个代币情报...
💰 获取价格数据...
📡 开始搜集 30 个代币情报...
💰 获取价格数据...
📰 搜集新闻...
📰 搜集新闻...
🔥 分析热点代币...
💾 情报已保存：/home/admin/Ziwei/data/intel/intel_20260304_035324.json

🔥 Top 5 热点代币:
  1. ETH: -2.51% | bullish
  2. SOL: -2.57% | bullish

⏳ 等待 5 分钟后更新...

🔥 分析热点代币...
💾 情报已保存：/home/admin/Ziwei/data/intel/intel_20260304_035324.json

🔥 Top 5 热点代币:
  1. ETH: -2.51% | bullish
  2. SOL: -2.57% | bullish

⏳ 等待 5 分钟后更新...

📡 开始搜集 30 个代币情报...
💰 获取价格数据...
📰 搜集新闻...
🔥 分析热点代币...
💾 情报已保存：/home/admin/Ziwei/data/intel/intel_20260304_035614.json

🔥 Top 5 热点代币:
  1. ETH: -2.64% | bullish
  2. SOL: -2.62% | bullish

⏳ 等待 5 分钟后更新...

📡 开始搜集 30 个代币情报...
💰 获取价格数据...
📡 开始搜集 30 个代币情报...
💰 获取价格数据...
📰 搜集新闻...
📰 搜集新闻...
🔥 分析热点代币...
💾 情报已保存：/home/admin/Ziwei/data/intel/intel_20260304_035838.json

🔥 Top 5 热点代币:
  1. ETH: -2.68% | bullish
  2. SOL: -2.75% | bullish

⏳ 等待 5 分钟后更新...

🔥 分析热点代币...
💾 情报已保存：/home/admin/Ziwei/data/intel/intel_20260304_035838.json

🔥 Top 5 热点代币:
  1. ETH: -2.68% | bullish
  2. SOL: -2.75% | bullish

⏳ 等待 5 分钟后更新...

📡 开始搜集 30 个代币情报...
💰 获取价格数据...
📰 搜集新闻...
🔥 分析热点代币...
💾 情报已保存：/home/admin/Ziwei/data/intel/intel_20260304_040128.json

🔥 Top 5 热点代币:
  1. ETH: -3.28% | bullish
  2. SOL: -2.84% | bullish

⏳ 等待 5 分钟后更新...

📡 开始搜集 30 个代币情报...
💰 获取价格数据...
📡 开始搜集 30 个代币情报...
💰 获取价格数据...
📰 搜集新闻...
📰 搜集新闻...
🔥 分析热点代币...
💾 情报已保存：/home/admin/Ziwei/data/intel/intel_20260304_040351.json

🔥 Top 5 热点代币:
  1. ETH: -3.27% | bullish
  2. SOL: -2.86% | bullish

⏳ 等待 5 分钟后更新...

🔥 分析热点代币...
💾 情报已保存：/home/admin/Ziwei/data/intel/intel_20260304_040351.json

🔥 Top 5 热点代币:
  1. ETH: -3.27% | bullish
  2. SOL: -2.86% | bullish

⏳ 等待 5 分钟后更新...

📡 开始搜集 30 个代币情报...
💰 获取价格数据...
📰 搜集新闻...
🔥 分析热点代币...
💾 情报已保存：/home/admin/Ziwei/data/intel/intel_20260304_040642.json

🔥 Top 5 热点代币:
  1. ETH: -2.45% | bullish
  2. SOL: -3.02% | bullish

⏳ 等待 5 分钟后更新...

📡 开始搜集 30 个代币情报...
💰 获取价格数据...
📡 开始搜集 30 个代币情报...
💰 获取价格数据...
📰 搜集新闻...
📰 搜集新闻...
🔥 分析热点代币...
💾 情报已保存：/home/admin/Ziwei/data/intel/intel_20260304_040905.json

🔥 Top 5 热点代币:
  1. ETH: -2.50% | bullish
  2. SOL: -3.05% | bullish

⏳ 等待 5 分钟后更新...

🔥 分析热点代币...
💾 情报已保存：/home/admin/Ziwei/data/intel/intel_20260304_040905.json

🔥 Top 5 热点代币:
  1. ETH: -2.50% | bullish
  2. SOL: -3.05% | bullish

⏳ 等待 5 分钟后更新...

📡 开始搜集 30 个代币情报...
💰 获取价格数据...
📰 搜集新闻...
🔥 分析热点代币...
💾 情报已保存：/home/admin/Ziwei/data/intel/intel_20260304_041155.json

🔥 Top 5 热点代币:
  1. ETH: -2.62% | bullish
  2. SOL: -3.01% | bullish

⏳ 等待 5 分钟后更新...

📡 开始搜集 30 个代币情报...
💰 获取价格数据...
📡 开始搜集 30 个代币情报...
💰 获取价格数据...
📰 搜集新闻...
📰 搜集新闻...
🔥 分析热点代币...
💾 情报已保存：/home/admin/Ziwei/data/intel/intel_20260304_041418.json

🔥 Top 5 热点代币:
  1. ETH: -2.69% | bullish
  2. SOL: -3.07% | bullish

⏳ 等待 5 分钟后更新...

🔥 分析热点代币...
💾 情报已保存：/home/admin/Ziwei/data/intel/intel_20260304_041418.json

🔥 Top 5 热点代币:
  1. ETH: -2.69% | bullish
  2. SOL: -3.07% | bullish

⏳ 等待 5 分钟后更新...

📡 开始搜集 30 个代币情报...
💰 获取价格数据...
📰 搜集新闻...
🔥 分析热点代币...
💾 情报已保存：/home/admin/Ziwei/data/intel/intel_20260304_041708.json

🔥 Top 5 热点代币:
  1. ETH: -2.42% | bullish
  2. SOL: -2.75% | bullish

⏳ 等待 5 分钟后更新...

📡 开始搜集 30 个代币情报...
💰 获取价格数据...
📡 开始搜集 30 个代币情报...
💰 获取价格数据...
📰 搜集新闻...
📰 搜集新闻...
🔥 分析热点代币...
💾 情报已保存：/home/admin/Ziwei/data/intel/intel_20260304_041932.json

🔥 Top 5 热点代币:
  1. ETH: -2.50% | bullish
  2. SOL: -2.85% | bullish

⏳ 等待 5 分钟后更新...

🔥 分析热点代币...
💾 情报已保存：/home/admin/Ziwei/data/intel/intel_20260304_041932.json

🔥 Top 5 热点代币:
  1. ETH: -2.50% | bullish
  2. SOL: -2.85% | bullish

⏳ 等待 5 分钟后更新...

📡 开始搜集 30 个代币情报...
💰 获取价格数据...
📰 搜集新闻...
🔥 分析热点代币...
💾 情报已保存：/home/admin/Ziwei/data/intel/intel_20260304_042222.json

🔥 Top 5 热点代币:
  1. ETH: -2.73% | bullish
  2. SOL: -2.89% | bullish

⏳ 等待 5 分钟后更新...

📡 开始搜集 30 个代币情报...
💰 获取价格数据...
📡 开始搜集 30 个代币情报...
💰 获取价格数据...
📰 搜集新闻...
📰 搜集新闻...
🔥 分析热点代币...
💾 情报已保存：/home/admin/Ziwei/data/intel/intel_20260304_042446.json

🔥 Top 5 热点代币:
  1. ETH: -2.63% | bullish
  2. SOL: -2.86% | bullish

⏳ 等待 5 分钟后更新...

🔥 分析热点代币...
💾 情报已保存：/home/admin/Ziwei/data/intel/intel_20260304_042446.json

🔥 Top 5 热点代币:
  1. ETH: -2.63% | bullish
  2. SOL: -2.86% | bullish

⏳ 等待 5 分钟后更新...

📡 开始搜集 30 个代币情报...
💰 获取价格数据...
📰 搜集新闻...
🔥 分析热点代币...
💾 情报已保存：/home/admin/Ziwei/data/intel/intel_20260304_042736.json

🔥 Top 5 热点代币:
  1. ETH: -2.68% | bullish
  2. SOL: -2.97% | bullish

⏳ 等待 5 分钟后更新...

📡 开始搜集 30 个代币情报...
💰 获取价格数据...
📡 开始搜集 30 个代币情报...
💰 获取价格数据...
📰 搜集新闻...
📰 搜集新闻...
🔥 分析热点代币...
💾 情报已保存：/home/admin/Ziwei/data/intel/intel_20260304_043000.json

🔥 Top 5 热点代币:
  1. ETH: -2.59% | bullish
  2. SOL: -2.92% | bullish

⏳ 等待 5 分钟后更新...

🔥 分析热点代币...
💾 情报已保存：/home/admin/Ziwei/data/intel/intel_20260304_043000.json

🔥 Top 5 热点代币:
  1. ETH: -2.59% | bullish
  2. SOL: -2.92% | bullish

⏳ 等待 5 分钟后更新...

📡 开始搜集 30 个代币情报...
💰 获取价格数据...
📰 搜集新闻...
🔥 分析热点代币...
💾 情报已保存：/home/admin/Ziwei/data/intel/intel_20260304_043249.json

🔥 Top 5 热点代币:
  1. ETH: -2.77% | bullish
  2. SOL: -2.93% | bullish

⏳ 等待 5 分钟后更新...

📡 开始搜集 30 个代币情报...
💰 获取价格数据...
📡 开始搜集 30 个代币情报...
💰 获取价格数据...
📰 搜集新闻...
📰 搜集新闻...
🔥 分析热点代币...
💾 情报已保存：/home/admin/Ziwei/data/intel/intel_20260304_043513.json

🔥 Top 5 热点代币:
  1. ETH: -2.82% | bullish
  2. SOL: -2.95% | bullish

⏳ 等待 5 分钟后更新...

🔥 分析热点代币...
💾 情报已保存：/home/admin/Ziwei/data/intel/intel_20260304_043513.json

🔥 Top 5 热点代币:
  1. ETH: -2.82% | bullish
  2. SOL: -2.95% | bullish

⏳ 等待 5 分钟后更新...

📡 开始搜集 30 个代币情报...
💰 获取价格数据...
📰 搜集新闻...
🔥 分析热点代币...
💾 情报已保存：/home/admin/Ziwei/data/intel/intel_20260304_043803.json

🔥 Top 5 热点代币:
  1. ETH: -2.73% | bullish
  2. SOL: -2.92% | bullish

⏳ 等待 5 分钟后更新...

📡 开始搜集 30 个代币情报...
💰 获取价格数据...
📡 开始搜集 30 个代币情报...
💰 获取价格数据...
📰 搜集新闻...
📰 搜集新闻...
🔥 分析热点代币...
💾 情报已保存：/home/admin/Ziwei/data/intel/intel_20260304_044027.json

🔥 Top 5 热点代币:
  1. SOL: -2.93% | bullish

⏳ 等待 5 分钟后更新...

🔥 分析热点代币...
💾 情报已保存：/home/admin/Ziwei/data/intel/intel_20260304_044027.json

🔥 Top 5 热点代币:
  1. SOL: -2.93% | bullish

⏳ 等待 5 分钟后更新...

📡 开始搜集 30 个代币情报...
💰 获取价格数据...
📰 搜集新闻...
🔥 分析热点代币...
💾 情报已保存：/home/admin/Ziwei/data/intel/intel_20260304_044316.json

🔥 Top 5 热点代币:
  1. SOL: -2.96% | bullish

⏳ 等待 5 分钟后更新...

📡 开始搜集 30 个代币情报...
💰 获取价格数据...
📡 开始搜集 30 个代币情报...
💰 获取价格数据...
📰 搜集新闻...
📰 搜集新闻...
🔥 分析热点代币...
💾 情报已保存：/home/admin/Ziwei/data/intel/intel_20260304_044541.json

🔥 Top 5 热点代币:
  1. SOL: -2.90% | bullish

⏳ 等待 5 分钟后更新...

🔥 分析热点代币...
💾 情报已保存：/home/admin/Ziwei/data/intel/intel_20260304_044541.json

🔥 Top 5 热点代币:
  1. SOL: -2.90% | bullish

⏳ 等待 5 分钟后更新...

📡 开始搜集 30 个代币情报...
💰 获取价格数据...
📰 搜集新闻...
🔥 分析热点代币...
💾 情报已保存：/home/admin/Ziwei/data/intel/intel_20260304_044830.json

🔥 Top 5 热点代币:
  1. SOL: -2.90% | bullish

⏳ 等待 5 分钟后更新...

📡 开始搜集 30 个代币情报...
💰 获取价格数据...
📡 开始搜集 30 个代币情报...
💰 获取价格数据...
📰 搜集新闻...
📰 搜集新闻...
🔥 分析热点代币...
💾 情报已保存：/home/admin/Ziwei/data/intel/intel_20260304_045054.json

🔥 Top 5 热点代币:
  1. SOL: -3.09% | bullish

⏳ 等待 5 分钟后更新...

🔥 分析热点代币...
💾 情报已保存：/home/admin/Ziwei/data/intel/intel_20260304_045054.json

🔥 Top 5 热点代币:
  1. SOL: -3.09% | bullish

⏳ 等待 5 分钟后更新...

📡 开始搜集 30 个代币情报...
💰 获取价格数据...
📰 搜集新闻...
🔥 分析热点代币...
💾 情报已保存：/home/admin/Ziwei/data/intel/intel_20260304_045344.json

🔥 Top 5 热点代币:
  1. SOL: -3.24% | bullish

⏳ 等待 5 分钟后更新...

📡 开始搜集 30 个代币情报...
💰 获取价格数据...
📡 开始搜集 30 个代币情报...
💰 获取价格数据...
📰 搜集新闻...
📰 搜集新闻...
🔥 分析热点代币...
💾 情报已保存：/home/admin/Ziwei/data/intel/intel_20260304_045608.json

🔥 Top 5 热点代币:
  1. SOL: -3.29% | bullish

⏳ 等待 5 分钟后更新...

🔥 分析热点代币...
💾 情报已保存：/home/admin/Ziwei/data/intel/intel_20260304_045608.json

🔥 Top 5 热点代币:
  1. SOL: -3.29% | bullish

⏳ 等待 5 分钟后更新...

📡 开始搜集 30 个代币情报...
💰 获取价格数据...
📰 搜集新闻...
🔥 分析热点代币...
💾 情报已保存：/home/admin/Ziwei/data/intel/intel_20260304_045857.json

🔥 Top 5 热点代币:
  1. ETH: -3.20% | bullish
  2. SOL: -3.33% | bullish

⏳ 等待 5 分钟后更新...

📡 开始搜集 30 个代币情报...
💰 获取价格数据...
📡 开始搜集 30 个代币情报...
💰 获取价格数据...
📰 搜集新闻...
📰 搜集新闻...
🔥 分析热点代币...
💾 情报已保存：/home/admin/Ziwei/data/intel/intel_20260304_050121.json

🔥 Top 5 热点代币:
  1. SOL: -3.04% | bullish

⏳ 等待 5 分钟后更新...

🔥 分析热点代币...
💾 情报已保存：/home/admin/Ziwei/data/intel/intel_20260304_050122.json

🔥 Top 5 热点代币:
  1. SOL: -3.04% | bullish

⏳ 等待 5 分钟后更新...

📡 开始搜集 30 个代币情报...
💰 获取价格数据...
📰 搜集新闻...
🔥 分析热点代币...
💾 情报已保存：/home/admin/Ziwei/data/intel/intel_20260304_050410.json

🔥 Top 5 热点代币:
  1. SOL: -3.12% | bullish

⏳ 等待 5 分钟后更新...

📡 开始搜集 30 个代币情报...
💰 获取价格数据...
📡 开始搜集 30 个代币情报...
💰 获取价格数据...
📰 搜集新闻...
📰 搜集新闻...
🔥 分析热点代币...
💾 情报已保存：/home/admin/Ziwei/data/intel/intel_20260304_050635.json

🔥 Top 5 热点代币:
  1. SOL: -3.23% | bullish

⏳ 等待 5 分钟后更新...

🔥 分析热点代币...
💾 情报已保存：/home/admin/Ziwei/data/intel/intel_20260304_050635.json

🔥 Top 5 热点代币:
  1. SOL: -3.23% | bullish

⏳ 等待 5 分钟后更新...

📡 开始搜集 30 个代币情报...
💰 获取价格数据...
📰 搜集新闻...
🔥 分析热点代币...
💾 情报已保存：/home/admin/Ziwei/data/intel/intel_20260304_050924.json

🔥 Top 5 热点代币:
  1. SOL: -3.27% | bullish

⏳ 等待 5 分钟后更新...

📡 开始搜集 30 个代币情报...
💰 获取价格数据...
📡 开始搜集 30 个代币情报...
💰 获取价格数据...
📰 搜集新闻...
📰 搜集新闻...
🔥 分析热点代币...
💾 情报已保存：/home/admin/Ziwei/data/intel/intel_20260304_051149.json

🔥 Top 5 热点代币:

⏳ 等待 5 分钟后更新...

🔥 分析热点代币...
💾 情报已保存：/home/admin/Ziwei/data/intel/intel_20260304_051149.json

🔥 Top 5 热点代币:

⏳ 等待 5 分钟后更新...

📡 开始搜集 30 个代币情报...
💰 获取价格数据...
📰 搜集新闻...
🔥 分析热点代币...
💾 情报已保存：/home/admin/Ziwei/data/intel/intel_20260304_051438.json

🔥 Top 5 热点代币:

⏳ 等待 5 分钟后更新...

📡 开始搜集 30 个代币情报...
💰 获取价格数据...
📡 开始搜集 30 个代币情报...
💰 获取价格数据...
📰 搜集新闻...
📰 搜集新闻...
🔥 分析热点代币...
💾 情报已保存：/home/admin/Ziwei/data/intel/intel_20260304_051702.json

🔥 Top 5 热点代币:

⏳ 等待 5 分钟后更新...

🔥 分析热点代币...
💾 情报已保存：/home/admin/Ziwei/data/intel/intel_20260304_051702.json

🔥 Top 5 热点代币:

⏳ 等待 5 分钟后更新...

📡 开始搜集 30 个代币情报...
💰 获取价格数据...
📰 搜集新闻...
🔥 分析热点代币...
💾 情报已保存：/home/admin/Ziwei/data/intel/intel_20260304_051951.json

🔥 Top 5 热点代币:

⏳ 等待 5 分钟后更新...

📡 开始搜集 30 个代币情报...
💰 获取价格数据...
📡 开始搜集 30 个代币情报...
💰 获取价格数据...
📰 搜集新闻...
📰 搜集新闻...
🔥 分析热点代币...
💾 情报已保存：/home/admin/Ziwei/data/intel/intel_20260304_052216.json

🔥 Top 5 热点代币:

⏳ 等待 5 分钟后更新...

🔥 分析热点代币...
💾 情报已保存：/home/admin/Ziwei/data/intel/intel_20260304_052216.json

🔥 Top 5 热点代币:

⏳ 等待 5 分钟后更新...

📡 开始搜集 30 个代币情报...
💰 获取价格数据...
📰 搜集新闻...
🔥 分析热点代币...
💾 情报已保存：/home/admin/Ziwei/data/intel/intel_20260304_052505.json

🔥 Top 5 热点代币:

⏳ 等待 5 分钟后更新...

📡 开始搜集 30 个代币情报...
💰 获取价格数据...
📡 开始搜集 30 个代币情报...
💰 获取价格数据...
📰 搜集新闻...
📰 搜集新闻...
🔥 分析热点代币...
🔥 分析热点代币...
💾 情报已保存：/home/admin/Ziwei/data/intel/intel_20260304_052729.json

🔥 Top 5 热点代币:

⏳ 等待 5 分钟后更新...

💾 情报已保存：/home/admin/Ziwei/data/intel/intel_20260304_052729.json

🔥 Top 5 热点代币:

⏳ 等待 5 分钟后更新...

📡 开始搜集 30 个代币情报...
💰 获取价格数据...
📰 搜集新闻...
🔥 分析热点代币...
💾 情报已保存：/home/admin/Ziwei/data/intel/intel_20260304_053019.json

🔥 Top 5 热点代币:

⏳ 等待 5 分钟后更新...

📡 开始搜集 30 个代币情报...
💰 获取价格数据...
📡 开始搜集 30 个代币情报...
💰 获取价格数据...
📰 搜集新闻...
📰 搜集新闻...
🔥 分析热点代币...
💾 情报已保存：/home/admin/Ziwei/data/intel/intel_20260304_053243.json

🔥 Top 5 热点代币:

⏳ 等待 5 分钟后更新...

🔥 分析热点代币...
💾 情报已保存：/home/admin/Ziwei/data/intel/intel_20260304_053243.json

🔥 Top 5 热点代币:

⏳ 等待 5 分钟后更新...

📡 开始搜集 30 个代币情报...
💰 获取价格数据...
📰 搜集新闻...
🔥 分析热点代币...
💾 情报已保存：/home/admin/Ziwei/data/intel/intel_20260304_053532.json

🔥 Top 5 热点代币:

⏳ 等待 5 分钟后更新...

📡 开始搜集 30 个代币情报...
💰 获取价格数据...
📡 开始搜集 30 个代币情报...
💰 获取价格数据...
📰 搜集新闻...
📰 搜集新闻...
🔥 分析热点代币...
💾 情报已保存：/home/admin/Ziwei/data/intel/intel_20260304_053756.json

🔥 Top 5 热点代币:

⏳ 等待 5 分钟后更新...

🔥 分析热点代币...
💾 情报已保存：/home/admin/Ziwei/data/intel/intel_20260304_053756.json

🔥 Top 5 热点代币:

⏳ 等待 5 分钟后更新...

📡 开始搜集 30 个代币情报...
💰 获取价格数据...
📰 搜集新闻...
🔥 分析热点代币...
💾 情报已保存：/home/admin/Ziwei/data/intel/intel_20260304_054045.json

🔥 Top 5 热点代币:

⏳ 等待 5 分钟后更新...

📡 开始搜集 30 个代币情报...
💰 获取价格数据...
📡 开始搜集 30 个代币情报...
💰 获取价格数据...
📰 搜集新闻...
📰 搜集新闻...
🔥 分析热点代币...
💾 情报已保存：/home/admin/Ziwei/data/intel/intel_20260304_054310.json

🔥 Top 5 热点代币:

⏳ 等待 5 分钟后更新...

🔥 分析热点代币...
💾 情报已保存：/home/admin/Ziwei/data/intel/intel_20260304_054310.json

🔥 Top 5 热点代币:

⏳ 等待 5 分钟后更新...

📡 开始搜集 30 个代币情报...
💰 获取价格数据...
📰 搜集新闻...
🔥 分析热点代币...
💾 情报已保存：/home/admin/Ziwei/data/intel/intel_20260304_054559.json

🔥 Top 5 热点代币:

⏳ 等待 5 分钟后更新...

📡 开始搜集 30 个代币情报...
💰 获取价格数据...
📡 开始搜集 30 个代币情报...
💰 获取价格数据...
📰 搜集新闻...
📰 搜集新闻...
🔥 分析热点代币...
💾 情报已保存：/home/admin/Ziwei/data/intel/intel_20260304_054824.json

🔥 Top 5 热点代币:

⏳ 等待 5 分钟后更新...

🔥 分析热点代币...
💾 情报已保存：/home/admin/Ziwei/data/intel/intel_20260304_054824.json

🔥 Top 5 热点代币:

⏳ 等待 5 分钟后更新...

📡 开始搜集 30 个代币情报...
💰 获取价格数据...
📰 搜集新闻...
🔥 分析热点代币...
💾 情报已保存：/home/admin/Ziwei/data/intel/intel_20260304_055112.json

🔥 Top 5 热点代币:

⏳ 等待 5 分钟后更新...

📡 开始搜集 30 个代币情报...
💰 获取价格数据...
📡 开始搜集 30 个代币情报...
💰 获取价格数据...
📰 搜集新闻...
📰 搜集新闻...
🔥 分析热点代币...
💾 情报已保存：/home/admin/Ziwei/data/intel/intel_20260304_055337.json

🔥 Top 5 热点代币:
  1. SOL: -3.15% | bullish

⏳ 等待 5 分钟后更新...

🔥 分析热点代币...
💾 情报已保存：/home/admin/Ziwei/data/intel/intel_20260304_055337.json

🔥 Top 5 热点代币:
  1. SOL: -3.15% | bullish

⏳ 等待 5 分钟后更新...

📡 开始搜集 30 个代币情报...
💰 获取价格数据...
📰 搜集新闻...
🔥 分析热点代币...
💾 情报已保存：/home/admin/Ziwei/data/intel/intel_20260304_055626.json

🔥 Top 5 热点代币:
  1. ETH: -3.78% | bullish
  2. SOL: -3.01% | bullish

⏳ 等待 5 分钟后更新...

📡 开始搜集 30 个代币情报...
💰 获取价格数据...
📡 开始搜集 30 个代币情报...
💰 获取价格数据...
📰 搜集新闻...
📰 搜集新闻...
🔥 分析热点代币...
💾 情报已保存：/home/admin/Ziwei/data/intel/intel_20260304_055850.json

🔥 Top 5 热点代币:

⏳ 等待 5 分钟后更新...

🔥 分析热点代币...
💾 情报已保存：/home/admin/Ziwei/data/intel/intel_20260304_055850.json

🔥 Top 5 热点代币:

⏳ 等待 5 分钟后更新...

📡 开始搜集 30 个代币情报...
💰 获取价格数据...
📰 搜集新闻...
🔥 分析热点代币...
💾 情报已保存：/home/admin/Ziwei/data/intel/intel_20260304_060140.json

🔥 Top 5 热点代币:
  1. ETH: -3.66% | bullish

⏳ 等待 5 分钟后更新...

📡 开始搜集 30 个代币情报...
💰 获取价格数据...
📡 开始搜集 30 个代币情报...
💰 获取价格数据...
📰 搜集新闻...
📰 搜集新闻...
🔥 分析热点代币...
💾 情报已保存：/home/admin/Ziwei/data/intel/intel_20260304_060404.json

🔥 Top 5 热点代币:

⏳ 等待 5 分钟后更新...

🔥 分析热点代币...
💾 情报已保存：/home/admin/Ziwei/data/intel/intel_20260304_060404.json

🔥 Top 5 热点代币:

⏳ 等待 5 分钟后更新...

📡 开始搜集 30 个代币情报...
💰 获取价格数据...
📰 搜集新闻...
🔥 分析热点代币...
💾 情报已保存：/home/admin/Ziwei/data/intel/intel_20260304_060653.json

🔥 Top 5 热点代币:

⏳ 等待 5 分钟后更新...

📡 开始搜集 30 个代币情报...
💰 获取价格数据...
📡 开始搜集 30 个代币情报...
💰 获取价格数据...
📰 搜集新闻...
📰 搜集新闻...
🔥 分析热点代币...
💾 情报已保存：/home/admin/Ziwei/data/intel/intel_20260304_060918.json

🔥 Top 5 热点代币:

⏳ 等待 5 分钟后更新...

🔥 分析热点代币...
💾 情报已保存：/home/admin/Ziwei/data/intel/intel_20260304_060918.json

🔥 Top 5 热点代币:

⏳ 等待 5 分钟后更新...

📡 开始搜集 30 个代币情报...
💰 获取价格数据...
📰 搜集新闻...
🔥 分析热点代币...
💾 情报已保存：/home/admin/Ziwei/data/intel/intel_20260304_061206.json

🔥 Top 5 热点代币:
  1. SOL: -2.40% | bullish

⏳ 等待 5 分钟后更新...

📡 开始搜集 30 个代币情报...
💰 获取价格数据...
📡 开始搜集 30 个代币情报...
💰 获取价格数据...
📰 搜集新闻...
📰 搜集新闻...
🔥 分析热点代币...
💾 情报已保存：/home/admin/Ziwei/data/intel/intel_20260304_061432.json

🔥 Top 5 热点代币:
  1. SOL: -2.29% | bullish

⏳ 等待 5 分钟后更新...

🔥 分析热点代币...
💾 情报已保存：/home/admin/Ziwei/data/intel/intel_20260304_061432.json

🔥 Top 5 热点代币:
  1. SOL: -2.29% | bullish

⏳ 等待 5 分钟后更新...

📡 开始搜集 30 个代币情报...
💰 获取价格数据...
📰 搜集新闻...
🔥 分析热点代币...
💾 情报已保存：/home/admin/Ziwei/data/intel/intel_20260304_061720.json

🔥 Top 5 热点代币:
  1. SOL: -2.17% | bullish

⏳ 等待 5 分钟后更新...

📡 开始搜集 30 个代币情报...
💰 获取价格数据...
📡 开始搜集 30 个代币情报...
💰 获取价格数据...
📰 搜集新闻...
📰 搜集新闻...
🔥 分析热点代币...
💾 情报已保存：/home/admin/Ziwei/data/intel/intel_20260304_061945.json

🔥 Top 5 热点代币:
  1. SOL: -2.14% | bullish

⏳ 等待 5 分钟后更新...

🔥 分析热点代币...
💾 情报已保存：/home/admin/Ziwei/data/intel/intel_20260304_061945.json

🔥 Top 5 热点代币:
  1. SOL: -2.14% | bullish

⏳ 等待 5 分钟后更新...

📡 开始搜集 30 个代币情报...
💰 获取价格数据...
📰 搜集新闻...
🔥 分析热点代币...
💾 情报已保存：/home/admin/Ziwei/data/intel/intel_20260304_062233.json

🔥 Top 5 热点代币:
  1. SOL: -2.17% | bullish

⏳ 等待 5 分钟后更新...

📡 开始搜集 30 个代币情报...
💰 获取价格数据...
📡 开始搜集 30 个代币情报...
💰 获取价格数据...
📰 搜集新闻...
📰 搜集新闻...
🔥 分析热点代币...
💾 情报已保存：/home/admin/Ziwei/data/intel/intel_20260304_062458.json

🔥 Top 5 热点代币:
  1. SOL: -2.09% | bullish

⏳ 等待 5 分钟后更新...

🔥 分析热点代币...
💾 情报已保存：/home/admin/Ziwei/data/intel/intel_20260304_062458.json

🔥 Top 5 热点代币:
  1. SOL: -2.09% | bullish

⏳ 等待 5 分钟后更新...

📡 开始搜集 30 个代币情报...
💰 获取价格数据...
📰 搜集新闻...
🔥 分析热点代币...
💾 情报已保存：/home/admin/Ziwei/data/intel/intel_20260304_062747.json

🔥 Top 5 热点代币:
  1. SOL: -2.17% | bullish

⏳ 等待 5 分钟后更新...

📡 开始搜集 30 个代币情报...
💰 获取价格数据...
📡 开始搜集 30 个代币情报...
💰 获取价格数据...
📰 搜集新闻...
📰 搜集新闻...
🔥 分析热点代币...
💾 情报已保存：/home/admin/Ziwei/data/intel/intel_20260304_063012.json

🔥 Top 5 热点代币:
  1. SOL: -2.17% | bullish

⏳ 等待 5 分钟后更新...

🔥 分析热点代币...
💾 情报已保存：/home/admin/Ziwei/data/intel/intel_20260304_063012.json

🔥 Top 5 热点代币:
  1. SOL: -2.17% | bullish

⏳ 等待 5 分钟后更新...

📡 开始搜集 30 个代币情报...
💰 获取价格数据...
📰 搜集新闻...
🔥 分析热点代币...
💾 情报已保存：/home/admin/Ziwei/data/intel/intel_20260304_063300.json

🔥 Top 5 热点代币:
  1. SOL: -2.30% | bullish

⏳ 等待 5 分钟后更新...

📡 开始搜集 30 个代币情报...
💰 获取价格数据...
📡 开始搜集 30 个代币情报...
💰 获取价格数据...
📰 搜集新闻...
📰 搜集新闻...
🔥 分析热点代币...
💾 情报已保存：/home/admin/Ziwei/data/intel/intel_20260304_063525.json

🔥 Top 5 热点代币:
  1. SOL: -2.26% | bullish

⏳ 等待 5 分钟后更新...

🔥 分析热点代币...
💾 情报已保存：/home/admin/Ziwei/data/intel/intel_20260304_063526.json

🔥 Top 5 热点代币:
  1. SOL: -2.26% | bullish

⏳ 等待 5 分钟后更新...

📡 开始搜集 30 个代币情报...
💰 获取价格数据...
📰 搜集新闻...
🔥 分析热点代币...
💾 情报已保存：/home/admin/Ziwei/data/intel/intel_20260304_063813.json

🔥 Top 5 热点代币:
  1. SOL: -2.31% | bullish

⏳ 等待 5 分钟后更新...

📡 开始搜集 30 个代币情报...
💰 获取价格数据...
📡 开始搜集 30 个代币情报...
💰 获取价格数据...
📰 搜集新闻...
📰 搜集新闻...
🔥 分析热点代币...
💾 情报已保存：/home/admin/Ziwei/data/intel/intel_20260304_064039.json

🔥 Top 5 热点代币:
  1. SOL: -2.12% | bullish

⏳ 等待 5 分钟后更新...

🔥 分析热点代币...
💾 情报已保存：/home/admin/Ziwei/data/intel/intel_20260304_064039.json

🔥 Top 5 热点代币:
  1. SOL: -2.12% | bullish

⏳ 等待 5 分钟后更新...

📡 开始搜集 30 个代币情报...
💰 获取价格数据...
📰 搜集新闻...
🔥 分析热点代币...
💾 情报已保存：/home/admin/Ziwei/data/intel/intel_20260304_064327.json

🔥 Top 5 热点代币:
  1. SOL: -2.03% | bullish

⏳ 等待 5 分钟后更新...

📡 开始搜集 30 个代币情报...
💰 获取价格数据...
📡 开始搜集 30 个代币情报...
💰 获取价格数据...
📰 搜集新闻...
📰 搜集新闻...
🔥 分析热点代币...
💾 情报已保存：/home/admin/Ziwei/data/intel/intel_20260304_064553.json

🔥 Top 5 热点代币:
  1. SOL: -1.84% | bullish

⏳ 等待 5 分钟后更新...

🔥 分析热点代币...
💾 情报已保存：/home/admin/Ziwei/data/intel/intel_20260304_064553.json

🔥 Top 5 热点代币:
  1. SOL: -1.84% | bullish

⏳ 等待 5 分钟后更新...

📡 开始搜集 30 个代币情报...
💰 获取价格数据...
📰 搜集新闻...
🔥 分析热点代币...
💾 情报已保存：/home/admin/Ziwei/data/intel/intel_20260304_064840.json

🔥 Top 5 热点代币:
  1. SOL: -1.87% | bullish

⏳ 等待 5 分钟后更新...

📡 开始搜集 30 个代币情报...
💰 获取价格数据...
📡 开始搜集 30 个代币情报...
💰 获取价格数据...
📰 搜集新闻...
📰 搜集新闻...
🔥 分析热点代币...
💾 情报已保存：/home/admin/Ziwei/data/intel/intel_20260304_065106.json

🔥 Top 5 热点代币:
  1. SOL: -1.86% | bullish

⏳ 等待 5 分钟后更新...

🔥 分析热点代币...
💾 情报已保存：/home/admin/Ziwei/data/intel/intel_20260304_065106.json

🔥 Top 5 热点代币:
  1. SOL: -1.86% | bullish

⏳ 等待 5 分钟后更新...

📡 开始搜集 30 个代币情报...
💰 获取价格数据...
📰 搜集新闻...
🔥 分析热点代币...
💾 情报已保存：/home/admin/Ziwei/data/intel/intel_20260304_065354.json

🔥 Top 5 热点代币:
  1. SOL: -1.84% | bullish

⏳ 等待 5 分钟后更新...

📡 开始搜集 30 个代币情报...
💰 获取价格数据...
📡 开始搜集 30 个代币情报...
💰 获取价格数据...
📰 搜集新闻...
📰 搜集新闻...
🔥 分析热点代币...
💾 情报已保存：/home/admin/Ziwei/data/intel/intel_20260304_065620.json

🔥 Top 5 热点代币:
  1. SOL: -1.88% | bullish

⏳ 等待 5 分钟后更新...

🔥 分析热点代币...
💾 情报已保存：/home/admin/Ziwei/data/intel/intel_20260304_065620.json

🔥 Top 5 热点代币:
  1. SOL: -1.88% | bullish

⏳ 等待 5 分钟后更新...

📡 开始搜集 30 个代币情报...
💰 获取价格数据...
📰 搜集新闻...
🔥 分析热点代币...
💾 情报已保存：/home/admin/Ziwei/data/intel/intel_20260304_065907.json

🔥 Top 5 热点代币:
  1. SOL: -1.88% | bullish

⏳ 等待 5 分钟后更新...

📡 开始搜集 30 个代币情报...
💰 获取价格数据...
📡 开始搜集 30 个代币情报...
💰 获取价格数据...
📰 搜集新闻...
📰 搜集新闻...
🔥 分析热点代币...
💾 情报已保存：/home/admin/Ziwei/data/intel/intel_20260304_070133.json

🔥 Top 5 热点代币:
  1. SOL: -1.93% | bullish

⏳ 等待 5 分钟后更新...

🔥 分析热点代币...
💾 情报已保存：/home/admin/Ziwei/data/intel/intel_20260304_070133.json

🔥 Top 5 热点代币:
  1. SOL: -1.93% | bullish

⏳ 等待 5 分钟后更新...

📡 开始搜集 30 个代币情报...
💰 获取价格数据...
📰 搜集新闻...
🔥 分析热点代币...
💾 情报已保存：/home/admin/Ziwei/data/intel/intel_20260304_070421.json

🔥 Top 5 热点代币:
  1. SOL: -1.92% | bullish

⏳ 等待 5 分钟后更新...

📡 开始搜集 30 个代币情报...
💰 获取价格数据...
📡 开始搜集 30 个代币情报...
💰 获取价格数据...
📰 搜集新闻...
📰 搜集新闻...
🔥 分析热点代币...
💾 情报已保存：/home/admin/Ziwei/data/intel/intel_20260304_070646.json

🔥 Top 5 热点代币:
  1. SOL: -1.61% | bullish

⏳ 等待 5 分钟后更新...

🔥 分析热点代币...
💾 情报已保存：/home/admin/Ziwei/data/intel/intel_20260304_070646.json

🔥 Top 5 热点代币:
  1. SOL: -1.61% | bullish

⏳ 等待 5 分钟后更新...

📡 开始搜集 30 个代币情报...
💰 获取价格数据...
📰 搜集新闻...
🔥 分析热点代币...
💾 情报已保存：/home/admin/Ziwei/data/intel/intel_20260304_070934.json

🔥 Top 5 热点代币:
  1. SOL: -1.43% | bullish

⏳ 等待 5 分钟后更新...

📡 开始搜集 30 个代币情报...
💰 获取价格数据...
📡 开始搜集 30 个代币情报...
💰 获取价格数据...
📰 搜集新闻...
📰 搜集新闻...
🔥 分析热点代币...
💾 情报已保存：/home/admin/Ziwei/data/intel/intel_20260304_071200.json

🔥 Top 5 热点代币:
  1. SOL: -1.14% | bullish

⏳ 等待 5 分钟后更新...

🔥 分析热点代币...
💾 情报已保存：/home/admin/Ziwei/data/intel/intel_20260304_071200.json

🔥 Top 5 热点代币:
  1. SOL: -1.14% | bullish

⏳ 等待 5 分钟后更新...

📡 开始搜集 30 个代币情报...
💰 获取价格数据...
📰 搜集新闻...
🔥 分析热点代币...
💾 情报已保存：/home/admin/Ziwei/data/intel/intel_20260304_071448.json

🔥 Top 5 热点代币:
  1. SOL: -0.78% | bullish

⏳ 等待 5 分钟后更新...

📡 开始搜集 30 个代币情报...
💰 获取价格数据...
📡 开始搜集 30 个代币情报...
💰 获取价格数据...
📰 搜集新闻...
📰 搜集新闻...
🔥 分析热点代币...
💾 情报已保存：/home/admin/Ziwei/data/intel/intel_20260304_071713.json

🔥 Top 5 热点代币:

⏳ 等待 5 分钟后更新...

🔥 分析热点代币...
💾 情报已保存：/home/admin/Ziwei/data/intel/intel_20260304_071713.json

🔥 Top 5 热点代币:

⏳ 等待 5 分钟后更新...

📡 开始搜集 30 个代币情报...
💰 获取价格数据...
📰 搜集新闻...
🔥 分析热点代币...
💾 情报已保存：/home/admin/Ziwei/data/intel/intel_20260304_072002.json

🔥 Top 5 热点代币:

⏳ 等待 5 分钟后更新...

📡 开始搜集 30 个代币情报...
💰 获取价格数据...
📡 开始搜集 30 个代币情报...
💰 获取价格数据...
📰 搜集新闻...
📰 搜集新闻...
🔥 分析热点代币...
💾 情报已保存：/home/admin/Ziwei/data/intel/intel_20260304_072226.json

🔥 Top 5 热点代币:

⏳ 等待 5 分钟后更新...

🔥 分析热点代币...
💾 情报已保存：/home/admin/Ziwei/data/intel/intel_20260304_072226.json

🔥 Top 5 热点代币:

⏳ 等待 5 分钟后更新...

📡 开始搜集 30 个代币情报...
💰 获取价格数据...
📰 搜集新闻...
🔥 分析热点代币...
💾 情报已保存：/home/admin/Ziwei/data/intel/intel_20260304_072515.json

🔥 Top 5 热点代币:

⏳ 等待 5 分钟后更新...

📡 开始搜集 30 个代币情报...
💰 获取价格数据...
📡 开始搜集 30 个代币情报...
💰 获取价格数据...
📰 搜集新闻...
📰 搜集新闻...
🔥 分析热点代币...
💾 情报已保存：/home/admin/Ziwei/data/intel/intel_20260304_072739.json

🔥 Top 5 热点代币:

⏳ 等待 5 分钟后更新...

🔥 分析热点代币...
💾 情报已保存：/home/admin/Ziwei/data/intel/intel_20260304_072739.json

🔥 Top 5 热点代币:

⏳ 等待 5 分钟后更新...

📡 开始搜集 30 个代币情报...
💰 获取价格数据...
📰 搜集新闻...
🔥 分析热点代币...
💾 情报已保存：/home/admin/Ziwei/data/intel/intel_20260304_073029.json

🔥 Top 5 热点代币:

⏳ 等待 5 分钟后更新...

📡 开始搜集 30 个代币情报...
💰 获取价格数据...
📡 开始搜集 30 个代币情报...
💰 获取价格数据...
📰 搜集新闻...
📰 搜集新闻...
🔥 分析热点代币...
💾 情报已保存：/home/admin/Ziwei/data/intel/intel_20260304_073253.json

🔥 Top 5 热点代币:

⏳ 等待 5 分钟后更新...

🔥 分析热点代币...
💾 情报已保存：/home/admin/Ziwei/data/intel/intel_20260304_073253.json

🔥 Top 5 热点代币:

⏳ 等待 5 分钟后更新...

📡 开始搜集 30 个代币情报...
💰 获取价格数据...
📰 搜集新闻...
🔥 分析热点代币...
💾 情报已保存：/home/admin/Ziwei/data/intel/intel_20260304_073542.json

🔥 Top 5 热点代币:
  1. SOL: 0.11% | bullish

⏳ 等待 5 分钟后更新...

📡 开始搜集 30 个代币情报...
💰 获取价格数据...
📡 开始搜集 30 个代币情报...
💰 获取价格数据...
📰 搜集新闻...
📰 搜集新闻...
🔥 分析热点代币...
💾 情报已保存：/home/admin/Ziwei/data/intel/intel_20260304_073807.json

🔥 Top 5 热点代币:
  1. SOL: -0.05% | bullish

⏳ 等待 5 分钟后更新...

🔥 分析热点代币...
💾 情报已保存：/home/admin/Ziwei/data/intel/intel_20260304_073807.json

🔥 Top 5 热点代币:
  1. SOL: -0.05% | bullish

⏳ 等待 5 分钟后更新...

📡 开始搜集 30 个代币情报...
💰 获取价格数据...
📰 搜集新闻...
🔥 分析热点代币...
💾 情报已保存：/home/admin/Ziwei/data/intel/intel_20260304_074055.json

🔥 Top 5 热点代币:
  1. SOL: 0.04% | bullish

⏳ 等待 5 分钟后更新...

📡 开始搜集 30 个代币情报...
💰 获取价格数据...
📡 开始搜集 30 个代币情报...
💰 获取价格数据...
📰 搜集新闻...
📰 搜集新闻...
🔥 分析热点代币...
💾 情报已保存：/home/admin/Ziwei/data/intel/intel_20260304_074320.json

🔥 Top 5 热点代币:
  1. SOL: 0.47% | bullish

⏳ 等待 5 分钟后更新...

🔥 分析热点代币...
💾 情报已保存：/home/admin/Ziwei/data/intel/intel_20260304_074321.json

🔥 Top 5 热点代币:
  1. SOL: 0.47% | bullish

⏳ 等待 5 分钟后更新...

📡 开始搜集 30 个代币情报...
💰 获取价格数据...
📰 搜集新闻...
🔥 分析热点代币...
💾 情报已保存：/home/admin/Ziwei/data/intel/intel_20260304_074609.json

🔥 Top 5 热点代币:
  1. SOL: 0.54% | bullish

⏳ 等待 5 分钟后更新...

📡 开始搜集 30 个代币情报...
💰 获取价格数据...
📡 开始搜集 30 个代币情报...
💰 获取价格数据...
📰 搜集新闻...
📰 搜集新闻...
🔥 分析热点代币...
💾 情报已保存：/home/admin/Ziwei/data/intel/intel_20260304_074834.json

🔥 Top 5 热点代币:
  1. SOL: 0.63% | bullish

⏳ 等待 5 分钟后更新...

🔥 分析热点代币...
💾 情报已保存：/home/admin/Ziwei/data/intel/intel_20260304_074834.json

🔥 Top 5 热点代币:
  1. SOL: 0.63% | bullish

⏳ 等待 5 分钟后更新...

📡 开始搜集 30 个代币情报...
💰 获取价格数据...
📰 搜集新闻...
🔥 分析热点代币...
💾 情报已保存：/home/admin/Ziwei/data/intel/intel_20260304_075122.json

🔥 Top 5 热点代币:
  1. SOL: 0.71% | bullish

⏳ 等待 5 分钟后更新...

📡 开始搜集 30 个代币情报...
💰 获取价格数据...
📡 开始搜集 30 个代币情报...
💰 获取价格数据...
📰 搜集新闻...
📰 搜集新闻...
🔥 分析热点代币...
💾 情报已保存：/home/admin/Ziwei/data/intel/intel_20260304_075348.json

🔥 Top 5 热点代币:
  1. SOL: 0.69% | bullish

⏳ 等待 5 分钟后更新...

🔥 分析热点代币...
💾 情报已保存：/home/admin/Ziwei/data/intel/intel_20260304_075348.json

🔥 Top 5 热点代币:
  1. SOL: 0.69% | bullish

⏳ 等待 5 分钟后更新...

📡 开始搜集 30 个代币情报...
💰 获取价格数据...
📰 搜集新闻...
🔥 分析热点代币...
💾 情报已保存：/home/admin/Ziwei/data/intel/intel_20260304_075636.json

🔥 Top 5 热点代币:
  1. SOL: 0.68% | bullish

⏳ 等待 5 分钟后更新...

📡 开始搜集 30 个代币情报...
💰 获取价格数据...
📡 开始搜集 30 个代币情报...
💰 获取价格数据...
📰 搜集新闻...
📰 搜集新闻...
🔥 分析热点代币...
💾 情报已保存：/home/admin/Ziwei/data/intel/intel_20260304_075901.json

🔥 Top 5 热点代币:
  1. SOL: 0.57% | bullish

⏳ 等待 5 分钟后更新...

🔥 分析热点代币...
💾 情报已保存：/home/admin/Ziwei/data/intel/intel_20260304_075901.json

🔥 Top 5 热点代币:
  1. SOL: 0.57% | bullish

⏳ 等待 5 分钟后更新...

📡 开始搜集 30 个代币情报...
💰 获取价格数据...
📰 搜集新闻...
🔥 分析热点代币...
💾 情报已保存：/home/admin/Ziwei/data/intel/intel_20260304_080150.json

🔥 Top 5 热点代币:
  1. SOL: 0.44% | bullish

⏳ 等待 5 分钟后更新...

📡 开始搜集 30 个代币情报...
💰 获取价格数据...
📡 开始搜集 30 个代币情报...
💰 获取价格数据...
📰 搜集新闻...
📰 搜集新闻...
🔥 分析热点代币...
💾 情报已保存：/home/admin/Ziwei/data/intel/intel_20260304_080415.json

🔥 Top 5 热点代币:
  1. SOL: 0.30% | bullish

⏳ 等待 5 分钟后更新...

🔥 分析热点代币...
💾 情报已保存：/home/admin/Ziwei/data/intel/intel_20260304_080415.json

🔥 Top 5 热点代币:
  1. SOL: 0.30% | bullish

⏳ 等待 5 分钟后更新...

📡 开始搜集 30 个代币情报...
💰 获取价格数据...
📰 搜集新闻...
🔥 分析热点代币...
💾 情报已保存：/home/admin/Ziwei/data/intel/intel_20260304_080703.json

🔥 Top 5 热点代币:
  1. SOL: 0.23% | bullish

⏳ 等待 5 分钟后更新...

📡 开始搜集 30 个代币情报...
💰 获取价格数据...
📡 开始搜集 30 个代币情报...
💰 获取价格数据...
📰 搜集新闻...
📰 搜集新闻...
🔥 分析热点代币...
💾 情报已保存：/home/admin/Ziwei/data/intel/intel_20260304_080929.json

🔥 Top 5 热点代币:
  1. SOL: 0.24% | bullish

⏳ 等待 5 分钟后更新...

🔥 分析热点代币...
💾 情报已保存：/home/admin/Ziwei/data/intel/intel_20260304_080929.json

🔥 Top 5 热点代币:
  1. SOL: 0.24% | bullish

⏳ 等待 5 分钟后更新...

📡 开始搜集 30 个代币情报...
💰 获取价格数据...
📰 搜集新闻...
🔥 分析热点代币...
💾 情报已保存：/home/admin/Ziwei/data/intel/intel_20260304_081217.json

🔥 Top 5 热点代币:
  1. SOL: 0.23% | bullish
  2. ETH: -2.46% | bullish

⏳ 等待 5 分钟后更新...

📡 开始搜集 30 个代币情报...
💰 获取价格数据...
📡 开始搜集 30 个代币情报...
💰 获取价格数据...
📰 搜集新闻...
📰 搜集新闻...
🔥 分析热点代币...
💾 情报已保存：/home/admin/Ziwei/data/intel/intel_20260304_081442.json

🔥 Top 5 热点代币:
  1. SOL: 0.25% | bullish
  2. ETH: -2.48% | bullish

⏳ 等待 5 分钟后更新...

🔥 分析热点代币...
💾 情报已保存：/home/admin/Ziwei/data/intel/intel_20260304_081442.json

🔥 Top 5 热点代币:
  1. SOL: 0.25% | bullish
  2. ETH: -2.48% | bullish

⏳ 等待 5 分钟后更新...

📡 开始搜集 30 个代币情报...
💰 获取价格数据...
📰 搜集新闻...
🔥 分析热点代币...
💾 情报已保存：/home/admin/Ziwei/data/intel/intel_20260304_081730.json

🔥 Top 5 热点代币:
  1. SOL: 0.44% | bullish
  2. ETH: -2.26% | bullish

⏳ 等待 5 分钟后更新...

📡 开始搜集 30 个代币情报...
💰 获取价格数据...
📡 开始搜集 30 个代币情报...
💰 获取价格数据...
📰 搜集新闻...
📰 搜集新闻...
🔥 分析热点代币...
💾 情报已保存：/home/admin/Ziwei/data/intel/intel_20260304_081956.json

🔥 Top 5 热点代币:
  1. SOL: 0.50% | bullish
  2. ETH: -2.11% | bullish

⏳ 等待 5 分钟后更新...

🔥 分析热点代币...
💾 情报已保存：/home/admin/Ziwei/data/intel/intel_20260304_081956.json

🔥 Top 5 热点代币:
  1. SOL: 0.50% | bullish
  2. ETH: -2.11% | bullish

⏳ 等待 5 分钟后更新...

📡 开始搜集 30 个代币情报...
💰 获取价格数据...
📰 搜集新闻...
🔥 分析热点代币...
💾 情报已保存：/home/admin/Ziwei/data/intel/intel_20260304_082244.json

🔥 Top 5 热点代币:
  1. SOL: 0.68% | bullish
  2. ETH: -2.11% | bullish

⏳ 等待 5 分钟后更新...

📡 开始搜集 30 个代币情报...
💰 获取价格数据...
📡 开始搜集 30 个代币情报...
💰 获取价格数据...
📰 搜集新闻...
📰 搜集新闻...
🔥 分析热点代币...
💾 情报已保存：/home/admin/Ziwei/data/intel/intel_20260304_082509.json

🔥 Top 5 热点代币:
  1. SOL: 0.71% | bullish
  2. ETH: -2.14% | bullish

⏳ 等待 5 分钟后更新...

🔥 分析热点代币...
💾 情报已保存：/home/admin/Ziwei/data/intel/intel_20260304_082509.json

🔥 Top 5 热点代币:
  1. SOL: 0.71% | bullish
  2. ETH: -2.14% | bullish

⏳ 等待 5 分钟后更新...

📡 开始搜集 30 个代币情报...
💰 获取价格数据...
📰 搜集新闻...
🔥 分析热点代币...
💾 情报已保存：/home/admin/Ziwei/data/intel/intel_20260304_082757.json

🔥 Top 5 热点代币:
  1. SOL: 0.82% | bullish
  2. ETH: -2.11% | bullish

⏳ 等待 5 分钟后更新...

📡 开始搜集 30 个代币情报...
💰 获取价格数据...
📡 开始搜集 30 个代币情报...
💰 获取价格数据...
📰 搜集新闻...
📰 搜集新闻...
🔥 分析热点代币...
💾 情报已保存：/home/admin/Ziwei/data/intel/intel_20260304_083023.json

🔥 Top 5 热点代币:
  1. SOL: 0.83% | bullish
  2. ETH: -2.12% | bullish

⏳ 等待 5 分钟后更新...

🔥 分析热点代币...
💾 情报已保存：/home/admin/Ziwei/data/intel/intel_20260304_083023.json

🔥 Top 5 热点代币:
  1. SOL: 0.83% | bullish
  2. ETH: -2.12% | bullish

⏳ 等待 5 分钟后更新...

📡 开始搜集 30 个代币情报...
💰 获取价格数据...
📰 搜集新闻...
🔥 分析热点代币...
💾 情报已保存：/home/admin/Ziwei/data/intel/intel_20260304_083310.json

🔥 Top 5 热点代币:
  1. SOL: 0.76% | bullish
  2. ETH: -2.31% | bullish

⏳ 等待 5 分钟后更新...

📡 开始搜集 30 个代币情报...
💰 获取价格数据...
📡 开始搜集 30 个代币情报...
💰 获取价格数据...
📰 搜集新闻...
📰 搜集新闻...
🔥 分析热点代币...
💾 情报已保存：/home/admin/Ziwei/data/intel/intel_20260304_083536.json

🔥 Top 5 热点代币:
  1. SOL: 0.31% | bullish
  2. ETH: -2.53% | bullish

⏳ 等待 5 分钟后更新...

🔥 分析热点代币...
💾 情报已保存：/home/admin/Ziwei/data/intel/intel_20260304_083536.json

🔥 Top 5 热点代币:
  1. SOL: 0.31% | bullish
  2. ETH: -2.53% | bullish

⏳ 等待 5 分钟后更新...

📡 开始搜集 30 个代币情报...
💰 获取价格数据...
📰 搜集新闻...
🔥 分析热点代币...
💾 情报已保存：/home/admin/Ziwei/data/intel/intel_20260304_083824.json

🔥 Top 5 热点代币:
  1. SOL: 0.21% | bullish
  2. ETH: -3.03% | bullish

⏳ 等待 5 分钟后更新...

📡 开始搜集 30 个代币情报...
💰 获取价格数据...
📡 开始搜集 30 个代币情报...
💰 获取价格数据...
📰 搜集新闻...
📰 搜集新闻...
🔥 分析热点代币...
💾 情报已保存：/home/admin/Ziwei/data/intel/intel_20260304_084050.json

🔥 Top 5 热点代币:
  1. ETH: -3.48% | bullish
  2. SOL: -0.62% | bullish

⏳ 等待 5 分钟后更新...

🔥 分析热点代币...
💾 情报已保存：/home/admin/Ziwei/data/intel/intel_20260304_084050.json

🔥 Top 5 热点代币:
  1. ETH: -3.48% | bullish
  2. SOL: -0.62% | bullish

⏳ 等待 5 分钟后更新...

📡 开始搜集 30 个代币情报...
💰 获取价格数据...
📰 搜集新闻...
🔥 分析热点代币...
💾 情报已保存：/home/admin/Ziwei/data/intel/intel_20260304_084338.json

🔥 Top 5 热点代币:
  1. ETH: -3.52% | bullish
  2. SOL: -0.70% | bullish

⏳ 等待 5 分钟后更新...

📡 开始搜集 30 个代币情报...
💰 获取价格数据...
📡 开始搜集 30 个代币情报...
💰 获取价格数据...
📰 搜集新闻...
📰 搜集新闻...
🔥 分析热点代币...
💾 情报已保存：/home/admin/Ziwei/data/intel/intel_20260304_084604.json

🔥 Top 5 热点代币:
  1. ETH: -3.53% | bullish
  2. SOL: -0.79% | bullish

⏳ 等待 5 分钟后更新...

🔥 分析热点代币...
💾 情报已保存：/home/admin/Ziwei/data/intel/intel_20260304_084604.json

🔥 Top 5 热点代币:
  1. ETH: -3.53% | bullish
  2. SOL: -0.79% | bullish

⏳ 等待 5 分钟后更新...

📡 开始搜集 30 个代币情报...
💰 获取价格数据...
📰 搜集新闻...
🔥 分析热点代币...
💾 情报已保存：/home/admin/Ziwei/data/intel/intel_20260304_084851.json

🔥 Top 5 热点代币:
  1. ETH: -3.08% | bullish
  2. SOL: -0.80% | bullish

⏳ 等待 5 分钟后更新...

📡 开始搜集 30 个代币情报...
💰 获取价格数据...
📡 开始搜集 30 个代币情报...
💰 获取价格数据...
📰 搜集新闻...
📰 搜集新闻...
🔥 分析热点代币...
💾 情报已保存：/home/admin/Ziwei/data/intel/intel_20260304_085117.json

🔥 Top 5 热点代币:
  1. ETH: -2.61% | bullish
  2. SOL: -0.41% | bullish

⏳ 等待 5 分钟后更新...

🔥 分析热点代币...
💾 情报已保存：/home/admin/Ziwei/data/intel/intel_20260304_085117.json

🔥 Top 5 热点代币:
  1. ETH: -2.61% | bullish
  2. SOL: -0.41% | bullish

⏳ 等待 5 分钟后更新...

📡 开始搜集 30 个代币情报...
💰 获取价格数据...
📰 搜集新闻...
🔥 分析热点代币...
💾 情报已保存：/home/admin/Ziwei/data/intel/intel_20260304_085405.json

🔥 Top 5 热点代币:
  1. ETH: -2.58% | bullish
  2. SOL: -0.34% | bullish

⏳ 等待 5 分钟后更新...

📡 开始搜集 30 个代币情报...
💰 获取价格数据...
📡 开始搜集 30 个代币情报...
💰 获取价格数据...
📰 搜集新闻...
📰 搜集新闻...
🔥 分析热点代币...
💾 情报已保存：/home/admin/Ziwei/data/intel/intel_20260304_085631.json

🔥 Top 5 热点代币:
  1. ETH: -2.65% | bullish
  2. SOL: -0.22% | bullish

⏳ 等待 5 分钟后更新...

🔥 分析热点代币...
💾 情报已保存：/home/admin/Ziwei/data/intel/intel_20260304_085631.json

🔥 Top 5 热点代币:
  1. ETH: -2.65% | bullish
  2. SOL: -0.22% | bullish

⏳ 等待 5 分钟后更新...

📡 开始搜集 30 个代币情报...
💰 获取价格数据...
📰 搜集新闻...
🔥 分析热点代币...
💾 情报已保存：/home/admin/Ziwei/data/intel/intel_20260304_085918.json

🔥 Top 5 热点代币:
  1. ETH: -2.60% | bullish
  2. SOL: -0.21% | bullish

⏳ 等待 5 分钟后更新...

📡 开始搜集 30 个代币情报...
💰 获取价格数据...
📡 开始搜集 30 个代币情报...
💰 获取价格数据...
📰 搜集新闻...
📰 搜集新闻...
🔥 分析热点代币...
💾 情报已保存：/home/admin/Ziwei/data/intel/intel_20260304_090144.json

🔥 Top 5 热点代币:
  1. ETH: -2.73% | bullish
  2. SOL: -0.16% | bullish

⏳ 等待 5 分钟后更新...

🔥 分析热点代币...
💾 情报已保存：/home/admin/Ziwei/data/intel/intel_20260304_090144.json

🔥 Top 5 热点代币:
  1. ETH: -2.73% | bullish
  2. SOL: -0.16% | bullish

⏳ 等待 5 分钟后更新...

📡 开始搜集 30 个代币情报...
💰 获取价格数据...
📰 搜集新闻...
🔥 分析热点代币...
💾 情报已保存：/home/admin/Ziwei/data/intel/intel_20260304_090432.json

🔥 Top 5 热点代币:
  1. ETH: -2.58% | bullish
  2. SOL: -0.14% | bullish

⏳ 等待 5 分钟后更新...

📡 开始搜集 30 个代币情报...
💰 获取价格数据...
📡 开始搜集 30 个代币情报...
💰 获取价格数据...
📰 搜集新闻...
📰 搜集新闻...
🔥 分析热点代币...
💾 情报已保存：/home/admin/Ziwei/data/intel/intel_20260304_090658.json

🔥 Top 5 热点代币:
  1. SOL: 0.08% | bullish
  2. ETH: -2.62% | bullish

⏳ 等待 5 分钟后更新...

🔥 分析热点代币...
💾 情报已保存：/home/admin/Ziwei/data/intel/intel_20260304_090658.json

🔥 Top 5 热点代币:
  1. SOL: 0.08% | bullish
  2. ETH: -2.62% | bullish

⏳ 等待 5 分钟后更新...

📡 开始搜集 30 个代币情报...
💰 获取价格数据...
📰 搜集新闻...
🔥 分析热点代币...
💾 情报已保存：/home/admin/Ziwei/data/intel/intel_20260304_090946.json

🔥 Top 5 热点代币:
  1. SOL: 0.22% | bullish
  2. ETH: -2.86% | bullish

⏳ 等待 5 分钟后更新...

📡 开始搜集 30 个代币情报...
💰 获取价格数据...
📡 开始搜集 30 个代币情报...
💰 获取价格数据...
📰 搜集新闻...
📰 搜集新闻...
🔥 分析热点代币...
💾 情报已保存：/home/admin/Ziwei/data/intel/intel_20260304_091212.json

🔥 Top 5 热点代币:
  1. SOL: 0.14% | bullish
  2. ETH: -2.94% | bullish

⏳ 等待 5 分钟后更新...

🔥 分析热点代币...
💾 情报已保存：/home/admin/Ziwei/data/intel/intel_20260304_091212.json

🔥 Top 5 热点代币:
  1. SOL: 0.14% | bullish
  2. ETH: -2.94% | bullish

⏳ 等待 5 分钟后更新...

📡 开始搜集 30 个代币情报...
💰 获取价格数据...
📰 搜集新闻...
🔥 分析热点代币...
💾 情报已保存：/home/admin/Ziwei/data/intel/intel_20260304_091459.json

🔥 Top 5 热点代币:
  1. SOL: 0.17% | bullish
  2. ETH: -2.86% | bullish

⏳ 等待 5 分钟后更新...

📡 开始搜集 30 个代币情报...
💰 获取价格数据...
📡 开始搜集 30 个代币情报...
💰 获取价格数据...
📰 搜集新闻...
📰 搜集新闻...
🔥 分析热点代币...
💾 情报已保存：/home/admin/Ziwei/data/intel/intel_20260304_091725.json

🔥 Top 5 热点代币:
  1. SOL: 0.11% | bullish
  2. ETH: -2.93% | bullish

⏳ 等待 5 分钟后更新...

🔥 分析热点代币...
💾 情报已保存：/home/admin/Ziwei/data/intel/intel_20260304_091725.json

🔥 Top 5 热点代币:
  1. SOL: 0.11% | bullish
  2. ETH: -2.93% | bullish

⏳ 等待 5 分钟后更新...

📡 开始搜集 30 个代币情报...
💰 获取价格数据...
📰 搜集新闻...
🔥 分析热点代币...
💾 情报已保存：/home/admin/Ziwei/data/intel/intel_20260304_092014.json

🔥 Top 5 热点代币:
  1. SOL: 0.03% | bullish
  2. ETH: -3.06% | bullish

⏳ 等待 5 分钟后更新...

📡 开始搜集 30 个代币情报...
💰 获取价格数据...
📡 开始搜集 30 个代币情报...
💰 获取价格数据...
📰 搜集新闻...
📰 搜集新闻...
🔥 分析热点代币...
💾 情报已保存：/home/admin/Ziwei/data/intel/intel_20260304_092239.json

🔥 Top 5 热点代币:
  1. SOL: 0.04% | bullish
  2. ETH: -3.02% | bullish

⏳ 等待 5 分钟后更新...

🔥 分析热点代币...
💾 情报已保存：/home/admin/Ziwei/data/intel/intel_20260304_092239.json

🔥 Top 5 热点代币:
  1. SOL: 0.04% | bullish
  2. ETH: -3.02% | bullish

⏳ 等待 5 分钟后更新...

📡 开始搜集 30 个代币情报...
💰 获取价格数据...
📰 搜集新闻...
🔥 分析热点代币...
💾 情报已保存：/home/admin/Ziwei/data/intel/intel_20260304_092528.json

🔥 Top 5 热点代币:
  1. ETH: -3.05% | bullish
  2. SOL: -0.06% | bullish

⏳ 等待 5 分钟后更新...

📡 开始搜集 30 个代币情报...
💰 获取价格数据...
📡 开始搜集 30 个代币情报...
💰 获取价格数据...
📰 搜集新闻...
📰 搜集新闻...
🔥 分析热点代币...
💾 情报已保存：/home/admin/Ziwei/data/intel/intel_20260304_092753.json

🔥 Top 5 热点代币:
  1. ETH: -3.09% | bullish
  2. SOL: -0.09% | bullish

⏳ 等待 5 分钟后更新...

🔥 分析热点代币...
💾 情报已保存：/home/admin/Ziwei/data/intel/intel_20260304_092753.json

🔥 Top 5 热点代币:
  1. ETH: -3.09% | bullish
  2. SOL: -0.09% | bullish

⏳ 等待 5 分钟后更新...

📡 开始搜集 30 个代币情报...
💰 获取价格数据...
📰 搜集新闻...
🔥 分析热点代币...
💾 情报已保存：/home/admin/Ziwei/data/intel/intel_20260304_093042.json

🔥 Top 5 热点代币:
  1. ETH: -2.49% | bullish
  2. SOL: -0.03% | bullish

⏳ 等待 5 分钟后更新...

📡 开始搜集 30 个代币情报...
💰 获取价格数据...
📡 开始搜集 30 个代币情报...
💰 获取价格数据...
📰 搜集新闻...
📰 搜集新闻...
🔥 分析热点代币...
💾 情报已保存：/home/admin/Ziwei/data/intel/intel_20260304_093308.json

🔥 Top 5 热点代币:
  1. SOL: 0.29% | bullish
  2. ETH: -2.35% | bullish

⏳ 等待 5 分钟后更新...

🔥 分析热点代币...
💾 情报已保存：/home/admin/Ziwei/data/intel/intel_20260304_093308.json

🔥 Top 5 热点代币:
  1. SOL: 0.29% | bullish
  2. ETH: -2.35% | bullish

⏳ 等待 5 分钟后更新...

📡 开始搜集 30 个代币情报...
💰 获取价格数据...
📰 搜集新闻...
🔥 分析热点代币...
💾 情报已保存：/home/admin/Ziwei/data/intel/intel_20260304_093556.json

🔥 Top 5 热点代币:
  1. SOL: 0.49% | bullish
  2. ETH: -2.08% | bullish

⏳ 等待 5 分钟后更新...

📡 开始搜集 30 个代币情报...
💰 获取价格数据...
📡 开始搜集 30 个代币情报...
💰 获取价格数据...
📰 搜集新闻...
📰 搜集新闻...
🔥 分析热点代币...
💾 情报已保存：/home/admin/Ziwei/data/intel/intel_20260304_093822.json

🔥 Top 5 热点代币:
  1. SOL: 0.67% | bullish
  2. ETH: -1.98% | bullish

⏳ 等待 5 分钟后更新...

🔥 分析热点代币...
💾 情报已保存：/home/admin/Ziwei/data/intel/intel_20260304_093822.json

🔥 Top 5 热点代币:
  1. SOL: 0.67% | bullish
  2. ETH: -1.98% | bullish

⏳ 等待 5 分钟后更新...

📡 开始搜集 30 个代币情报...
💰 获取价格数据...
📰 搜集新闻...
🔥 分析热点代币...
💾 情报已保存：/home/admin/Ziwei/data/intel/intel_20260304_094110.json

🔥 Top 5 热点代币:
  1. SOL: 0.93% | bullish
  2. ETH: -1.78% | bullish

⏳ 等待 5 分钟后更新...

📡 开始搜集 30 个代币情报...
💰 获取价格数据...
📡 开始搜集 30 个代币情报...
💰 获取价格数据...
📰 搜集新闻...
📰 搜集新闻...
🔥 分析热点代币...
💾 情报已保存：/home/admin/Ziwei/data/intel/intel_20260304_094336.json

🔥 Top 5 热点代币:
  1. SOL: 1.14% | bullish
  2. ETH: -1.85% | bullish

⏳ 等待 5 分钟后更新...

🔥 分析热点代币...
💾 情报已保存：/home/admin/Ziwei/data/intel/intel_20260304_094336.json

🔥 Top 5 热点代币:
  1. SOL: 1.14% | bullish
  2. ETH: -1.85% | bullish

⏳ 等待 5 分钟后更新...

📡 开始搜集 30 个代币情报...
💰 获取价格数据...
📰 搜集新闻...
🔥 分析热点代币...
💾 情报已保存：/home/admin/Ziwei/data/intel/intel_20260304_094624.json

🔥 Top 5 热点代币:
  1. SOL: 1.17% | bullish
  2. ETH: -1.98% | bullish

⏳ 等待 5 分钟后更新...

📡 开始搜集 30 个代币情报...
💰 获取价格数据...
📡 开始搜集 30 个代币情报...
💰 获取价格数据...
📰 搜集新闻...
📰 搜集新闻...
🔥 分析热点代币...
💾 情报已保存：/home/admin/Ziwei/data/intel/intel_20260304_094850.json

🔥 Top 5 热点代币:
  1. SOL: 1.13% | bullish
  2. ETH: -2.14% | bullish

⏳ 等待 5 分钟后更新...

🔥 分析热点代币...
💾 情报已保存：/home/admin/Ziwei/data/intel/intel_20260304_094850.json

🔥 Top 5 热点代币:
  1. SOL: 1.13% | bullish
  2. ETH: -2.14% | bullish

⏳ 等待 5 分钟后更新...

📡 开始搜集 30 个代币情报...
💰 获取价格数据...
📰 搜集新闻...
🔥 分析热点代币...
💾 情报已保存：/home/admin/Ziwei/data/intel/intel_20260304_095138.json

🔥 Top 5 热点代币:
  1. SOL: 1.14% | bullish
  2. ETH: -2.18% | bullish

⏳ 等待 5 分钟后更新...

📡 开始搜集 30 个代币情报...
💰 获取价格数据...
📡 开始搜集 30 个代币情报...
💰 获取价格数据...
📰 搜集新闻...
📰 搜集新闻...
🔥 分析热点代币...
💾 情报已保存：/home/admin/Ziwei/data/intel/intel_20260304_095404.json

🔥 Top 5 热点代币:
  1. SOL: 1.10% | bullish
  2. ETH: -2.13% | bullish

⏳ 等待 5 分钟后更新...

🔥 分析热点代币...
💾 情报已保存：/home/admin/Ziwei/data/intel/intel_20260304_095404.json

🔥 Top 5 热点代币:
  1. SOL: 1.10% | bullish
  2. ETH: -2.13% | bullish

⏳ 等待 5 分钟后更新...

📡 开始搜集 30 个代币情报...
💰 获取价格数据...
📰 搜集新闻...
🔥 分析热点代币...
💾 情报已保存：/home/admin/Ziwei/data/intel/intel_20260304_095652.json

🔥 Top 5 热点代币:
  1. SOL: 1.28% | bullish
  2. ETH: -1.85% | bullish

⏳ 等待 5 分钟后更新...

📡 开始搜集 30 个代币情报...
💰 获取价格数据...
📡 开始搜集 30 个代币情报...
💰 获取价格数据...
📰 搜集新闻...
📰 搜集新闻...
🔥 分析热点代币...
💾 情报已保存：/home/admin/Ziwei/data/intel/intel_20260304_095918.json

🔥 Top 5 热点代币:
  1. SOL: 1.26% | bullish
  2. ETH: -1.88% | bullish

⏳ 等待 5 分钟后更新...

🔥 分析热点代币...
💾 情报已保存：/home/admin/Ziwei/data/intel/intel_20260304_095918.json

🔥 Top 5 热点代币:
  1. SOL: 1.26% | bullish
  2. ETH: -1.88% | bullish

⏳ 等待 5 分钟后更新...

📡 开始搜集 30 个代币情报...
💰 获取价格数据...
📰 搜集新闻...
🔥 分析热点代币...
💾 情报已保存：/home/admin/Ziwei/data/intel/intel_20260304_100206.json

🔥 Top 5 热点代币:
  1. SOL: 1.15% | bullish
  2. ETH: -1.93% | bullish

⏳ 等待 5 分钟后更新...

📡 开始搜集 30 个代币情报...
💰 获取价格数据...
📡 开始搜集 30 个代币情报...
💰 获取价格数据...
📰 搜集新闻...
📰 搜集新闻...
🔥 分析热点代币...
💾 情报已保存：/home/admin/Ziwei/data/intel/intel_20260304_100433.json

🔥 Top 5 热点代币:
  1. SOL: 1.11% | bullish
  2. ADA: -3.80% | bullish
  3. ETH: -2.05% | bullish

⏳ 等待 5 分钟后更新...

🔥 分析热点代币...
💾 情报已保存：/home/admin/Ziwei/data/intel/intel_20260304_100433.json

🔥 Top 5 热点代币:
  1. SOL: 1.11% | bullish
  2. ADA: -3.80% | bullish
  3. ETH: -2.05% | bullish

⏳ 等待 5 分钟后更新...

📡 开始搜集 30 个代币情报...
💰 获取价格数据...
📰 搜集新闻...
🔥 分析热点代币...
💾 情报已保存：/home/admin/Ziwei/data/intel/intel_20260304_100720.json

🔥 Top 5 热点代币:
  1. SOL: 1.40% | bullish
  2. ETH: -1.78% | bullish

⏳ 等待 5 分钟后更新...

📡 开始搜集 30 个代币情报...
💰 获取价格数据...
📡 开始搜集 30 个代币情报...
💰 获取价格数据...
📰 搜集新闻...
📰 搜集新闻...
🔥 分析热点代币...
💾 情报已保存：/home/admin/Ziwei/data/intel/intel_20260304_100947.json

🔥 Top 5 热点代币:
  1. SOL: 1.28% | bullish
  2. ETH: -1.83% | bullish

⏳ 等待 5 分钟后更新...

🔥 分析热点代币...
💾 情报已保存：/home/admin/Ziwei/data/intel/intel_20260304_100947.json

🔥 Top 5 热点代币:
  1. SOL: 1.28% | bullish
  2. ETH: -1.83% | bullish

⏳ 等待 5 分钟后更新...

📡 开始搜集 30 个代币情报...
💰 获取价格数据...
📰 搜集新闻...
🔥 分析热点代币...
💾 情报已保存：/home/admin/Ziwei/data/intel/intel_20260304_101234.json

🔥 Top 5 热点代币:
  1. SOL: 1.60% | bullish
  2. ETH: -1.63% | bullish

⏳ 等待 5 分钟后更新...

📡 开始搜集 30 个代币情报...
💰 获取价格数据...
📡 开始搜集 30 个代币情报...
💰 获取价格数据...
📰 搜集新闻...📰 搜集新闻...

🔥 分析热点代币...
💾 情报已保存：/home/admin/Ziwei/data/intel/intel_20260304_101501.json

🔥 Top 5 热点代币:
  1. SOL: 1.67% | bullish
  2. ETH: -1.58% | bullish

⏳ 等待 5 分钟后更新...

🔥 分析热点代币...
💾 情报已保存：/home/admin/Ziwei/data/intel/intel_20260304_101501.json

🔥 Top 5 热点代币:
  1. SOL: 1.67% | bullish
  2. ETH: -1.58% | bullish

⏳ 等待 5 分钟后更新...

📡 开始搜集 30 个代币情报...
💰 获取价格数据...
📰 搜集新闻...
🔥 分析热点代币...
💾 情报已保存：/home/admin/Ziwei/data/intel/intel_20260304_101749.json

🔥 Top 5 热点代币:
  1. SOL: 1.61% | bullish
  2. ETH: -1.50% | bullish

⏳ 等待 5 分钟后更新...

📡 开始搜集 30 个代币情报...
💰 获取价格数据...
📡 开始搜集 30 个代币情报...
💰 获取价格数据...
📰 搜集新闻...
📰 搜集新闻...
🔥 分析热点代币...
💾 情报已保存：/home/admin/Ziwei/data/intel/intel_20260304_102016.json

🔥 Top 5 热点代币:
  1. SOL: 1.67% | bullish
  2. ETH: -1.38% | bullish

⏳ 等待 5 分钟后更新...

🔥 分析热点代币...
💾 情报已保存：/home/admin/Ziwei/data/intel/intel_20260304_102016.json

🔥 Top 5 热点代币:
  1. SOL: 1.67% | bullish
  2. ETH: -1.38% | bullish

⏳ 等待 5 分钟后更新...

📡 开始搜集 30 个代币情报...
💰 获取价格数据...
📰 搜集新闻...
🔥 分析热点代币...
💾 情报已保存：/home/admin/Ziwei/data/intel/intel_20260304_102304.json

🔥 Top 5 热点代币:
  1. SOL: 1.98% | bullish
  2. ETH: -1.31% | bullish

⏳ 等待 5 分钟后更新...

📡 开始搜集 30 个代币情报...
💰 获取价格数据...
📡 开始搜集 30 个代币情报...
💰 获取价格数据...
📰 搜集新闻...
📰 搜集新闻...
🔥 分析热点代币...
💾 情报已保存：/home/admin/Ziwei/data/intel/intel_20260304_102530.json

🔥 Top 5 热点代币:
  1. SOL: 1.97% | bullish
  2. ETH: -1.33% | bullish

⏳ 等待 5 分钟后更新...

🔥 分析热点代币...
💾 情报已保存：/home/admin/Ziwei/data/intel/intel_20260304_102530.json

🔥 Top 5 热点代币:
  1. SOL: 1.97% | bullish
  2. ETH: -1.33% | bullish

⏳ 等待 5 分钟后更新...

📡 开始搜集 30 个代币情报...
💰 获取价格数据...
📰 搜集新闻...
🔥 分析热点代币...
💾 情报已保存：/home/admin/Ziwei/data/intel/intel_20260304_102819.json

🔥 Top 5 热点代币:
  1. SOL: 1.62% | bullish
  2. ETH: -1.49% | bullish

⏳ 等待 5 分钟后更新...

📡 开始搜集 30 个代币情报...
💰 获取价格数据...
📡 开始搜集 30 个代币情报...
💰 获取价格数据...
📰 搜集新闻...
📰 搜集新闻...
🔥 分析热点代币...
💾 情报已保存：/home/admin/Ziwei/data/intel/intel_20260304_103045.json

🔥 Top 5 热点代币:
  1. SOL: 1.55% | bullish
  2. ETH: -1.98% | bullish

⏳ 等待 5 分钟后更新...

🔥 分析热点代币...
💾 情报已保存：/home/admin/Ziwei/data/intel/intel_20260304_103045.json

🔥 Top 5 热点代币:
  1. SOL: 1.55% | bullish
  2. ETH: -1.98% | bullish

⏳ 等待 5 分钟后更新...

📡 开始搜集 30 个代币情报...
💰 获取价格数据...
📰 搜集新闻...
🔥 分析热点代币...
💾 情报已保存：/home/admin/Ziwei/data/intel/intel_20260304_103334.json

🔥 Top 5 热点代币:
  1. SOL: 1.23% | bullish
  2. ETH: -2.04% | bullish

⏳ 等待 5 分钟后更新...

📡 开始搜集 30 个代币情报...
💰 获取价格数据...
📡 开始搜集 30 个代币情报...
💰 获取价格数据...
📰 搜集新闻...
📰 搜集新闻...
🔥 分析热点代币...
💾 情报已保存：/home/admin/Ziwei/data/intel/intel_20260304_103559.json

🔥 Top 5 热点代币:
  1. SOL: 1.03% | bullish
  2. ETH: -2.08% | bullish

⏳ 等待 5 分钟后更新...

🔥 分析热点代币...
💾 情报已保存：/home/admin/Ziwei/data/intel/intel_20260304_103559.json

🔥 Top 5 热点代币:
  1. SOL: 1.03% | bullish
  2. ETH: -2.08% | bullish

⏳ 等待 5 分钟后更新...

📡 开始搜集 30 个代币情报...
💰 获取价格数据...
📰 搜集新闻...
🔥 分析热点代币...
💾 情报已保存：/home/admin/Ziwei/data/intel/intel_20260304_103849.json

🔥 Top 5 热点代币:
  1. SOL: 0.98% | bullish
  2. ETH: -2.09% | bullish

⏳ 等待 5 分钟后更新...

