[2026-03-09 13:19:54] ╔═══════════════════════════════════════════════════════════╗
[2026-03-09 13:19:54] ║       策略引擎看门狗启动                                   ║
[2026-03-09 13:19:54] ╚═══════════════════════════════════════════════════════════╝
[2026-03-09 13:19:54] ✅ 策略引擎运行中 (PID: 735941
735943)
[2026-03-09 13:20:54] ✅ 策略引擎运行中 (PID: 735941
735943)
[2026-03-09 13:21:54] ✅ 策略引擎运行中 (PID: 735941
735943)
[2026-03-09 13:22:54] ✅ 策略引擎运行中 (PID: 735941
735943)
[2026-03-09 13:23:54] ✅ 策略引擎运行中 (PID: 735941
735943)
[2026-03-09 13:24:54] ✅ 策略引擎运行中 (PID: 735941
735943)
[2026-03-09 13:25:54] ✅ 策略引擎运行中 (PID: 735941
735943)
[2026-03-09 13:26:54] ✅ 策略引擎运行中 (PID: 735941
735943)
[2026-03-09 13:27:54] ✅ 策略引擎运行中 (PID: 735941
735943)
[2026-03-09 13:28:54] ✅ 策略引擎运行中 (PID: 735941
735943)
[2026-03-09 13:29:54] ✅ 策略引擎运行中 (PID: 735941
735943)
[2026-03-09 13:30:54] ✅ 策略引擎运行中 (PID: 735941
735943)
[2026-03-09 13:31:54] ✅ 策略引擎运行中 (PID: 735941
735943)
[2026-03-09 13:32:54] ✅ 策略引擎运行中 (PID: 735941
735943)
[2026-03-09 13:33:54] ✅ 策略引擎运行中 (PID: 735941
735943)
[2026-03-09 13:34:54] ✅ 策略引擎运行中 (PID: 735941
735943)
[2026-03-09 13:35:54] ✅ 策略引擎运行中 (PID: 735941
735943)
[2026-03-09 13:36:54] ✅ 策略引擎运行中 (PID: 735941
735943)
[2026-03-09 13:37:54] ✅ 策略引擎运行中 (PID: 735941
735943)
[2026-03-09 13:38:54] ✅ 策略引擎运行中 (PID: 735941
735943)
[2026-03-09 13:39:54] ✅ 策略引擎运行中 (PID: 735941
735943)
[2026-03-09 13:40:54] ✅ 策略引擎运行中 (PID: 735941
735943)
[2026-03-09 13:41:54] ✅ 策略引擎运行中 (PID: 735941
735943)
[2026-03-09 13:42:54] ✅ 策略引擎运行中 (PID: 735941
735943)
[2026-03-09 13:43:54] ✅ 策略引擎运行中 (PID: 735941
735943)
[2026-03-09 13:44:54] ✅ 策略引擎运行中 (PID: 735941
735943)
[2026-03-09 13:45:54] ❌ 策略引擎未运行，正在重启...
[2026-03-09 13:45:59] ✅ 策略引擎已重启 (PID: 742367)
[2026-03-09 13:46:59] ✅ 策略引擎运行中 (PID: 742367)
[2026-03-09 13:47:59] ✅ 策略引擎运行中 (PID: 742367)
[2026-03-09 13:48:59] ✅ 策略引擎运行中 (PID: 742367)
