[2026-03-09 08:48:37] ╔═══════════════════════════════════════════════════════════╗
[2026-03-09 08:48:37] ║       策略引擎看门狗启动                                   ║
[2026-03-09 08:48:37] ╚═══════════════════════════════════════════════════════════╝
[2026-03-09 08:48:37] ✅ 策略引擎运行中 (PID: 679276
679278)
[2026-03-09 08:49:37] ✅ 策略引擎运行中 (PID: 679276
679278)
[2026-03-09 08:50:37] ✅ 策略引擎运行中 (PID: 679276
679278)
[2026-03-09 08:51:37] ✅ 策略引擎运行中 (PID: 679276
679278)
[2026-03-09 08:52:37] ✅ 策略引擎运行中 (PID: 679276
679278)
[2026-03-09 08:53:37] ✅ 策略引擎运行中 (PID: 679276
679278)
[2026-03-09 08:54:37] ✅ 策略引擎运行中 (PID: 679276
679278)
[2026-03-09 08:55:37] ✅ 策略引擎运行中 (PID: 679276
679278)
[2026-03-09 08:56:37] ✅ 策略引擎运行中 (PID: 679276
679278)
[2026-03-09 08:57:37] ✅ 策略引擎运行中 (PID: 679276
679278)
[2026-03-09 08:58:37] ✅ 策略引擎运行中 (PID: 679276
679278)
[2026-03-09 08:59:37] ✅ 策略引擎运行中 (PID: 679276
679278)
[2026-03-09 09:00:37] ✅ 策略引擎运行中 (PID: 679276
679278)
[2026-03-09 09:01:37] ❌ 策略引擎未运行，正在重启...
[2026-03-09 09:01:42] ✅ 策略引擎已重启 (PID: 683883)
[2026-03-09 09:02:42] ✅ 策略引擎运行中 (PID: 683883)
[2026-03-09 09:03:42] ✅ 策略引擎运行中 (PID: 683883)
[2026-03-09 09:04:42] ✅ 策略引擎运行中 (PID: 683883)
[2026-03-09 09:05:42] ✅ 策略引擎运行中 (PID: 683883)
[2026-03-09 09:06:42] ✅ 策略引擎运行中 (PID: 683883)
[2026-03-09 09:07:42] ✅ 策略引擎运行中 (PID: 683883)
[2026-03-09 09:08:42] ✅ 策略引擎运行中 (PID: 683883)
[2026-03-09 09:09:42] ✅ 策略引擎运行中 (PID: 683883)
[2026-03-09 09:10:42] ✅ 策略引擎运行中 (PID: 683883)
[2026-03-09 09:11:42] ✅ 策略引擎运行中 (PID: 683883)
[2026-03-09 09:12:42] ✅ 策略引擎运行中 (PID: 683883)
[2026-03-09 09:13:42] ✅ 策略引擎运行中 (PID: 683883)
[2026-03-09 09:14:42] ✅ 策略引擎运行中 (PID: 683883)
[2026-03-09 09:15:42] ✅ 策略引擎运行中 (PID: 683883)
[2026-03-09 09:16:42] ✅ 策略引擎运行中 (PID: 683883)
[2026-03-09 09:17:42] ✅ 策略引擎运行中 (PID: 683883)
[2026-03-09 13:19:54] ╔═══════════════════════════════════════════════════════════╗
[2026-03-09 13:19:54] ║       策略引擎看门狗启动                                   ║
[2026-03-09 13:19:54] ╚═══════════════════════════════════════════════════════════╝
[2026-03-09 13:19:54] ✅ 策略引擎运行中 (PID: 735941
735943)
[2026-03-09 13:20:54] ✅ 策略引擎运行中 (PID: 735941
735943)
[2026-03-09 13:21:54] ✅ 策略引擎运行中 (PID: 735941
735943)
[2026-03-09 13:22:54] ✅ 策略引擎运行中 (PID: 735941
735943)
[2026-03-09 13:23:54] ✅ 策略引擎运行中 (PID: 735941
735943)
[2026-03-09 13:24:54] ✅ 策略引擎运行中 (PID: 735941
735943)
[2026-03-09 13:25:54] ✅ 策略引擎运行中 (PID: 735941
735943)
[2026-03-09 13:26:54] ✅ 策略引擎运行中 (PID: 735941
735943)
[2026-03-09 13:27:54] ✅ 策略引擎运行中 (PID: 735941
735943)
[2026-03-09 13:28:54] ✅ 策略引擎运行中 (PID: 735941
735943)
[2026-03-09 13:29:54] ✅ 策略引擎运行中 (PID: 735941
735943)
[2026-03-09 13:30:54] ✅ 策略引擎运行中 (PID: 735941
735943)
[2026-03-09 13:31:54] ✅ 策略引擎运行中 (PID: 735941
735943)
[2026-03-09 13:32:54] ✅ 策略引擎运行中 (PID: 735941
735943)
[2026-03-09 13:33:54] ✅ 策略引擎运行中 (PID: 735941
735943)
[2026-03-09 13:34:54] ✅ 策略引擎运行中 (PID: 735941
735943)
[2026-03-09 13:35:54] ✅ 策略引擎运行中 (PID: 735941
735943)
[2026-03-09 13:36:54] ✅ 策略引擎运行中 (PID: 735941
735943)
[2026-03-09 13:37:54] ✅ 策略引擎运行中 (PID: 735941
735943)
[2026-03-09 13:38:54] ✅ 策略引擎运行中 (PID: 735941
735943)
[2026-03-09 13:39:54] ✅ 策略引擎运行中 (PID: 735941
735943)
[2026-03-09 13:40:54] ✅ 策略引擎运行中 (PID: 735941
735943)
[2026-03-09 13:41:54] ✅ 策略引擎运行中 (PID: 735941
735943)
[2026-03-09 13:42:54] ✅ 策略引擎运行中 (PID: 735941
735943)
[2026-03-09 13:43:54] ✅ 策略引擎运行中 (PID: 735941
735943)
[2026-03-09 13:44:54] ✅ 策略引擎运行中 (PID: 735941
735943)
[2026-03-09 13:45:54] ❌ 策略引擎未运行，正在重启...
[2026-03-09 13:45:59] ✅ 策略引擎已重启 (PID: 742367)
[2026-03-09 13:46:59] ✅ 策略引擎运行中 (PID: 742367)
[2026-03-09 13:47:59] ✅ 策略引擎运行中 (PID: 742367)
[2026-03-09 13:48:59] ✅ 策略引擎运行中 (PID: 742367)
[2026-03-09 17:20:35] ╔═══════════════════════════════════════════════════════════╗
[2026-03-09 17:20:35] ║       策略引擎看门狗 v2.0 启动                             ║
[2026-03-09 17:20:35] ╚═══════════════════════════════════════════════════════════╝
[2026-03-09 17:20:35] ✅ 策略引擎运行中 (systemd 管理)
[2026-03-09 17:20:35] ✅ 账户健康检查通过 (余额：7496.5246174822405 USDC, 持仓：5 个)
[2026-03-09 17:21:35] ✅ 策略引擎运行中 (systemd 管理)
[2026-03-09 17:21:35] ✅ 账户健康检查通过 (余额：7496.5246174822405 USDC, 持仓：5 个)
[2026-03-09 17:22:35] ✅ 策略引擎运行中 (systemd 管理)
[2026-03-09 17:22:35] ✅ 账户健康检查通过 (余额：7496.5246174822405 USDC, 持仓：5 个)
[2026-03-09 17:23:35] ✅ 策略引擎运行中 (systemd 管理)
[2026-03-09 17:23:35] ✅ 账户健康检查通过 (余额：7496.5246174822405 USDC, 持仓：5 个)
[2026-03-09 17:24:35] ✅ 策略引擎运行中 (systemd 管理)
[2026-03-09 17:24:35] ✅ 账户健康检查通过 (余额：7496.5246174822405 USDC, 持仓：5 个)
[2026-03-09 17:25:35] ✅ 策略引擎运行中 (systemd 管理)
[2026-03-09 17:25:35] ✅ 账户健康检查通过 (余额：7496.5246174822405 USDC, 持仓：5 个)
[2026-03-09 17:26:35] ✅ 策略引擎运行中 (systemd 管理)
[2026-03-09 17:26:35] ✅ 账户健康检查通过 (余额：7496.5246174822405 USDC, 持仓：5 个)
[2026-03-09 17:27:35] ✅ 策略引擎运行中 (systemd 管理)
[2026-03-09 17:27:35] ✅ 账户健康检查通过 (余额：7496.5246174822405 USDC, 持仓：5 个)
[2026-03-09 17:28:35] ✅ 策略引擎运行中 (systemd 管理)
[2026-03-09 17:28:35] ✅ 账户健康检查通过 (余额：7496.5246174822405 USDC, 持仓：5 个)
[2026-03-09 17:29:35] ✅ 策略引擎运行中 (systemd 管理)
[2026-03-09 17:29:35] ✅ 账户健康检查通过 (余额：7496.5246174822405 USDC, 持仓：5 个)
[2026-03-09 17:30:35] ✅ 策略引擎运行中 (systemd 管理)
[2026-03-09 17:30:35] ✅ 账户健康检查通过 (余额：7496.5246174822405 USDC, 持仓：5 个)
[2026-03-09 17:31:35] ✅ 策略引擎运行中 (systemd 管理)
[2026-03-09 17:31:35] ✅ 账户健康检查通过 (余额：7496.5246174822405 USDC, 持仓：5 个)
[2026-03-09 17:32:35] ✅ 策略引擎运行中 (systemd 管理)
[2026-03-09 17:32:35] ✅ 账户健康检查通过 (余额：7496.5246174822405 USDC, 持仓：5 个)
[2026-03-09 17:33:35] ✅ 策略引擎运行中 (systemd 管理)
[2026-03-09 17:33:35] ✅ 账户健康检查通过 (余额：7496.5246174822405 USDC, 持仓：5 个)
[2026-03-09 17:34:35] ✅ 策略引擎运行中 (systemd 管理)
[2026-03-09 17:34:35] ✅ 账户健康检查通过 (余额：7496.5246174822405 USDC, 持仓：5 个)
[2026-03-09 17:35:35] ✅ 策略引擎运行中 (systemd 管理)
[2026-03-09 17:35:35] ✅ 账户健康检查通过 (余额：7496.5246174822405 USDC, 持仓：5 个)
[2026-03-09 17:36:35] ✅ 策略引擎运行中 (systemd 管理)
[2026-03-09 17:36:35] ✅ 账户健康检查通过 (余额：7496.5246174822405 USDC, 持仓：5 个)
[2026-03-09 17:37:35] ✅ 策略引擎运行中 (systemd 管理)
[2026-03-09 17:37:35] ✅ 账户健康检查通过 (余额：7496.5246174822405 USDC, 持仓：5 个)
[2026-03-09 17:38:35] ✅ 策略引擎运行中 (systemd 管理)
[2026-03-09 17:38:35] ✅ 账户健康检查通过 (余额：7496.5246174822405 USDC, 持仓：5 个)
[2026-03-09 17:39:35] ✅ 策略引擎运行中 (systemd 管理)
[2026-03-09 17:39:35] ✅ 账户健康检查通过 (余额：7496.5246174822405 USDC, 持仓：5 个)
[2026-03-09 17:40:35] ✅ 策略引擎运行中 (systemd 管理)
[2026-03-09 17:40:35] ✅ 账户健康检查通过 (余额：7496.5246174822405 USDC, 持仓：5 个)
[2026-03-09 17:41:35] ✅ 策略引擎运行中 (systemd 管理)
[2026-03-09 17:41:35] ✅ 账户健康检查通过 (余额：7496.5246174822405 USDC, 持仓：5 个)
[2026-03-09 17:42:35] ✅ 策略引擎运行中 (systemd 管理)
[2026-03-09 17:42:35] ✅ 账户健康检查通过 (余额：7496.5246174822405 USDC, 持仓：5 个)
[2026-03-09 17:43:35] ✅ 策略引擎运行中 (systemd 管理)
[2026-03-09 17:43:35] ✅ 账户健康检查通过 (余额：7496.5246174822405 USDC, 持仓：5 个)
[2026-03-09 17:44:35] ✅ 策略引擎运行中 (systemd 管理)
[2026-03-09 17:44:36] ✅ 账户健康检查通过 (余额：7496.5246174822405 USDC, 持仓：5 个)
[2026-03-09 17:45:36] ✅ 策略引擎运行中 (systemd 管理)
[2026-03-09 17:45:36] ✅ 账户健康检查通过 (余额：7496.5246174822405 USDC, 持仓：5 个)
[2026-03-09 17:46:36] ✅ 策略引擎运行中 (systemd 管理)
[2026-03-09 17:46:36] ✅ 账户健康检查通过 (余额：7496.5246174822405 USDC, 持仓：5 个)
[2026-03-09 17:47:36] ✅ 策略引擎运行中 (systemd 管理)
[2026-03-09 17:47:36] ✅ 账户健康检查通过 (余额：7496.5246174822405 USDC, 持仓：5 个)
[2026-03-09 17:48:36] ✅ 策略引擎运行中 (systemd 管理)
[2026-03-09 17:48:36] ✅ 账户健康检查通过 (余额：7496.5246174822405 USDC, 持仓：5 个)
[2026-03-09 17:49:36] ✅ 策略引擎运行中 (systemd 管理)
[2026-03-09 17:49:36] ✅ 账户健康检查通过 (余额：7496.5246174822405 USDC, 持仓：5 个)
[2026-03-10 10:52:33] ╔═══════════════════════════════════════════════════════════╗
[2026-03-10 10:52:33] ║       策略引擎看门狗 v2.0 启动                             ║
[2026-03-10 10:52:33] ╚═══════════════════════════════════════════════════════════╝
[2026-03-10 10:52:33] ✅ 策略引擎运行中 (systemd 管理)
[2026-03-10 10:52:33] ✅ 账户健康检查通过 (余额：6680.422961524654 USDC, 持仓：7 个)
[2026-03-10 10:53:33] ✅ 策略引擎运行中 (systemd 管理)
[2026-03-10 10:53:33] ✅ 账户健康检查通过 (余额：6680.422961524654 USDC, 持仓：7 个)
[2026-03-10 10:54:33] ✅ 策略引擎运行中 (systemd 管理)
[2026-03-10 10:54:33] ✅ 账户健康检查通过 (余额：6680.422961524654 USDC, 持仓：7 个)
[2026-03-10 10:55:33] ✅ 策略引擎运行中 (systemd 管理)
[2026-03-10 10:55:34] ✅ 账户健康检查通过 (余额：6680.422961524654 USDC, 持仓：7 个)
[2026-03-10 10:56:34] ✅ 策略引擎运行中 (systemd 管理)
[2026-03-10 10:56:34] ✅ 账户健康检查通过 (余额：6680.422961524654 USDC, 持仓：7 个)
[2026-03-10 10:57:34] ✅ 策略引擎运行中 (systemd 管理)
[2026-03-10 10:57:34] ✅ 账户健康检查通过 (余额：6680.422961524654 USDC, 持仓：7 个)
[2026-03-10 10:58:34] ✅ 策略引擎运行中 (systemd 管理)
[2026-03-10 10:58:34] ✅ 账户健康检查通过 (余额：6680.422961524654 USDC, 持仓：7 个)
[2026-03-10 10:59:34] ✅ 策略引擎运行中 (systemd 管理)
[2026-03-10 10:59:34] ✅ 账户健康检查通过 (余额：6680.422961524654 USDC, 持仓：7 个)
[2026-03-10 11:00:34] ✅ 策略引擎运行中 (systemd 管理)
[2026-03-10 11:00:34] ✅ 账户健康检查通过 (余额：6680.422961524654 USDC, 持仓：7 个)
[2026-03-10 11:01:34] ✅ 策略引擎运行中 (systemd 管理)
[2026-03-10 11:01:34] ✅ 账户健康检查通过 (余额：6680.422961524654 USDC, 持仓：7 个)
[2026-03-10 11:02:34] ✅ 策略引擎运行中 (systemd 管理)
[2026-03-10 11:02:34] ✅ 账户健康检查通过 (余额：6680.422961524654 USDC, 持仓：7 个)
[2026-03-10 11:03:34] ✅ 策略引擎运行中 (systemd 管理)
[2026-03-10 11:03:34] ✅ 账户健康检查通过 (余额：6680.422961524654 USDC, 持仓：7 个)
[2026-03-10 11:04:34] ✅ 策略引擎运行中 (systemd 管理)
[2026-03-10 11:04:34] ✅ 账户健康检查通过 (余额：6680.422961524654 USDC, 持仓：7 个)
[2026-03-10 11:05:34] ✅ 策略引擎运行中 (systemd 管理)
[2026-03-10 11:05:34] ✅ 账户健康检查通过 (余额：6680.422961524654 USDC, 持仓：7 个)
[2026-03-10 11:06:34] ✅ 策略引擎运行中 (systemd 管理)
[2026-03-10 11:06:34] ✅ 账户健康检查通过 (余额：6680.422961524654 USDC, 持仓：7 个)
[2026-03-10 11:07:34] ✅ 策略引擎运行中 (systemd 管理)
[2026-03-10 11:07:34] ✅ 账户健康检查通过 (余额：6680.422961524654 USDC, 持仓：7 个)
[2026-03-10 11:08:34] ✅ 策略引擎运行中 (systemd 管理)
[2026-03-10 11:08:34] ✅ 账户健康检查通过 (余额：6680.422961524654 USDC, 持仓：7 个)
[2026-03-10 11:09:34] ✅ 策略引擎运行中 (systemd 管理)
[2026-03-10 11:09:34] ✅ 账户健康检查通过 (余额：6680.422961524654 USDC, 持仓：7 个)
[2026-03-10 11:10:34] ✅ 策略引擎运行中 (systemd 管理)
[2026-03-10 11:10:34] ✅ 账户健康检查通过 (余额：6680.422961524654 USDC, 持仓：7 个)
[2026-03-10 11:11:34] ✅ 策略引擎运行中 (systemd 管理)
[2026-03-10 11:11:34] ✅ 账户健康检查通过 (余额：6680.422961524654 USDC, 持仓：7 个)
[2026-03-10 11:12:34] ✅ 策略引擎运行中 (systemd 管理)
[2026-03-10 11:12:34] ✅ 账户健康检查通过 (余额：6680.422961524654 USDC, 持仓：7 个)
[2026-03-10 11:13:34] ✅ 策略引擎运行中 (systemd 管理)
[2026-03-10 11:13:34] ✅ 账户健康检查通过 (余额：6680.422961524654 USDC, 持仓：7 个)
[2026-03-10 11:14:34] ✅ 策略引擎运行中 (systemd 管理)
[2026-03-10 11:14:34] ✅ 账户健康检查通过 (余额：6680.422961524654 USDC, 持仓：7 个)
[2026-03-10 11:15:34] ✅ 策略引擎运行中 (systemd 管理)
[2026-03-10 11:15:34] ✅ 账户健康检查通过 (余额：6680.422961524654 USDC, 持仓：7 个)
[2026-03-10 11:16:34] ✅ 策略引擎运行中 (systemd 管理)
[2026-03-10 11:16:34] ✅ 账户健康检查通过 (余额：6680.422961524654 USDC, 持仓：7 个)
[2026-03-10 11:17:34] ✅ 策略引擎运行中 (systemd 管理)
[2026-03-10 11:17:34] ✅ 账户健康检查通过 (余额：6680.422961524654 USDC, 持仓：7 个)
[2026-03-10 11:18:34] ✅ 策略引擎运行中 (systemd 管理)
[2026-03-10 11:18:34] ✅ 账户健康检查通过 (余额：6680.422961524654 USDC, 持仓：7 个)
[2026-03-10 11:19:34] ✅ 策略引擎运行中 (systemd 管理)
[2026-03-10 11:19:34] ✅ 账户健康检查通过 (余额：6680.422961524654 USDC, 持仓：7 个)
[2026-03-10 11:20:34] ✅ 策略引擎运行中 (systemd 管理)
[2026-03-10 11:20:34] ✅ 账户健康检查通过 (余额：6680.422961524654 USDC, 持仓：7 个)
[2026-03-10 11:21:34] ✅ 策略引擎运行中 (systemd 管理)
[2026-03-10 11:21:34] ✅ 账户健康检查通过 (余额：6680.422961524654 USDC, 持仓：7 个)
