[2026-03-10 10:52:33] ╔═══════════════════════════════════════════════════════════╗
[2026-03-10 10:52:33] ║       策略引擎看门狗 v2.0 启动                             ║
[2026-03-10 10:52:33] ╚═══════════════════════════════════════════════════════════╝
[2026-03-10 10:52:33] ✅ 策略引擎运行中 (systemd 管理)
[2026-03-10 10:52:33] ✅ 账户健康检查通过 (余额：6680.422961524654 USDC, 持仓：7 个)
[2026-03-10 10:53:33] ✅ 策略引擎运行中 (systemd 管理)
[2026-03-10 10:53:33] ✅ 账户健康检查通过 (余额：6680.422961524654 USDC, 持仓：7 个)
[2026-03-10 10:54:33] ✅ 策略引擎运行中 (systemd 管理)
[2026-03-10 10:54:33] ✅ 账户健康检查通过 (余额：6680.422961524654 USDC, 持仓：7 个)
[2026-03-10 10:55:33] ✅ 策略引擎运行中 (systemd 管理)
[2026-03-10 10:55:34] ✅ 账户健康检查通过 (余额：6680.422961524654 USDC, 持仓：7 个)
[2026-03-10 10:56:34] ✅ 策略引擎运行中 (systemd 管理)
[2026-03-10 10:56:34] ✅ 账户健康检查通过 (余额：6680.422961524654 USDC, 持仓：7 个)
[2026-03-10 10:57:34] ✅ 策略引擎运行中 (systemd 管理)
[2026-03-10 10:57:34] ✅ 账户健康检查通过 (余额：6680.422961524654 USDC, 持仓：7 个)
[2026-03-10 10:58:34] ✅ 策略引擎运行中 (systemd 管理)
[2026-03-10 10:58:34] ✅ 账户健康检查通过 (余额：6680.422961524654 USDC, 持仓：7 个)
[2026-03-10 10:59:34] ✅ 策略引擎运行中 (systemd 管理)
[2026-03-10 10:59:34] ✅ 账户健康检查通过 (余额：6680.422961524654 USDC, 持仓：7 个)
[2026-03-10 11:00:34] ✅ 策略引擎运行中 (systemd 管理)
[2026-03-10 11:00:34] ✅ 账户健康检查通过 (余额：6680.422961524654 USDC, 持仓：7 个)
[2026-03-10 11:01:34] ✅ 策略引擎运行中 (systemd 管理)
[2026-03-10 11:01:34] ✅ 账户健康检查通过 (余额：6680.422961524654 USDC, 持仓：7 个)
[2026-03-10 11:02:34] ✅ 策略引擎运行中 (systemd 管理)
[2026-03-10 11:02:34] ✅ 账户健康检查通过 (余额：6680.422961524654 USDC, 持仓：7 个)
[2026-03-10 11:03:34] ✅ 策略引擎运行中 (systemd 管理)
[2026-03-10 11:03:34] ✅ 账户健康检查通过 (余额：6680.422961524654 USDC, 持仓：7 个)
[2026-03-10 11:04:34] ✅ 策略引擎运行中 (systemd 管理)
[2026-03-10 11:04:34] ✅ 账户健康检查通过 (余额：6680.422961524654 USDC, 持仓：7 个)
[2026-03-10 11:05:34] ✅ 策略引擎运行中 (systemd 管理)
[2026-03-10 11:05:34] ✅ 账户健康检查通过 (余额：6680.422961524654 USDC, 持仓：7 个)
[2026-03-10 11:06:34] ✅ 策略引擎运行中 (systemd 管理)
[2026-03-10 11:06:34] ✅ 账户健康检查通过 (余额：6680.422961524654 USDC, 持仓：7 个)
[2026-03-10 11:07:34] ✅ 策略引擎运行中 (systemd 管理)
[2026-03-10 11:07:34] ✅ 账户健康检查通过 (余额：6680.422961524654 USDC, 持仓：7 个)
[2026-03-10 11:08:34] ✅ 策略引擎运行中 (systemd 管理)
[2026-03-10 11:08:34] ✅ 账户健康检查通过 (余额：6680.422961524654 USDC, 持仓：7 个)
[2026-03-10 11:09:34] ✅ 策略引擎运行中 (systemd 管理)
[2026-03-10 11:09:34] ✅ 账户健康检查通过 (余额：6680.422961524654 USDC, 持仓：7 个)
[2026-03-10 11:10:34] ✅ 策略引擎运行中 (systemd 管理)
[2026-03-10 11:10:34] ✅ 账户健康检查通过 (余额：6680.422961524654 USDC, 持仓：7 个)
[2026-03-10 11:11:34] ✅ 策略引擎运行中 (systemd 管理)
[2026-03-10 11:11:34] ✅ 账户健康检查通过 (余额：6680.422961524654 USDC, 持仓：7 个)
[2026-03-10 11:12:34] ✅ 策略引擎运行中 (systemd 管理)
[2026-03-10 11:12:34] ✅ 账户健康检查通过 (余额：6680.422961524654 USDC, 持仓：7 个)
[2026-03-10 11:13:34] ✅ 策略引擎运行中 (systemd 管理)
[2026-03-10 11:13:34] ✅ 账户健康检查通过 (余额：6680.422961524654 USDC, 持仓：7 个)
[2026-03-10 11:14:34] ✅ 策略引擎运行中 (systemd 管理)
[2026-03-10 11:14:34] ✅ 账户健康检查通过 (余额：6680.422961524654 USDC, 持仓：7 个)
[2026-03-10 11:15:34] ✅ 策略引擎运行中 (systemd 管理)
[2026-03-10 11:15:34] ✅ 账户健康检查通过 (余额：6680.422961524654 USDC, 持仓：7 个)
[2026-03-10 11:16:34] ✅ 策略引擎运行中 (systemd 管理)
[2026-03-10 11:16:34] ✅ 账户健康检查通过 (余额：6680.422961524654 USDC, 持仓：7 个)
[2026-03-10 11:17:34] ✅ 策略引擎运行中 (systemd 管理)
[2026-03-10 11:17:34] ✅ 账户健康检查通过 (余额：6680.422961524654 USDC, 持仓：7 个)
[2026-03-10 11:18:34] ✅ 策略引擎运行中 (systemd 管理)
[2026-03-10 11:18:34] ✅ 账户健康检查通过 (余额：6680.422961524654 USDC, 持仓：7 个)
[2026-03-10 11:19:34] ✅ 策略引擎运行中 (systemd 管理)
[2026-03-10 11:19:34] ✅ 账户健康检查通过 (余额：6680.422961524654 USDC, 持仓：7 个)
[2026-03-10 11:20:34] ✅ 策略引擎运行中 (systemd 管理)
[2026-03-10 11:20:34] ✅ 账户健康检查通过 (余额：6680.422961524654 USDC, 持仓：7 个)
[2026-03-10 11:21:34] ✅ 策略引擎运行中 (systemd 管理)
[2026-03-10 11:21:34] ✅ 账户健康检查通过 (余额：6680.422961524654 USDC, 持仓：7 个)
