======================================================================
🧠 紫微智控 - 交易策略引擎 v3.0 (AI 增强版)
======================================================================
💰 模拟账户：$10,000.00 USDC
🛡️ 安全模式：启用
======================================================================

📡 加载最新情报...

🧠 分析 7 个代币...
💾 信号已保存：/home/admin/Ziwei/data/strategy/signals_20260309_083903.json

🤖 执行模拟交易...
💰 [模拟买入] DOGE: 6220.5634 @ $0.090024 = $560.00

======================================================================
💼 模拟投资组合
======================================================================
可用余额：$9,440.00 USDC
持仓数量：1
今日盈亏：$+0.00
胜率：0.0%
总交易数：1

📦 当前持仓:
  DOGE: 6220.5634 @ $0.090024 = $560.00

总资产：$10,000.00 USDC
初始资金：$10,000.00 USDC
总收益率：+0.00%
======================================================================

⏳ 等待 60 秒后重新分析...


📡 加载最新情报...

🧠 分析 7 个代币...
💾 信号已保存：/home/admin/Ziwei/data/strategy/signals_20260309_084003.json

🤖 执行模拟交易...
💰 [模拟买入] DOGE: 5870.7120 @ $0.090047 = $528.64

======================================================================
💼 模拟投资组合
======================================================================
可用余额：$8,911.36 USDC
持仓数量：1
今日盈亏：$+0.00
胜率：0.0%
总交易数：2

📦 当前持仓:
  DOGE: 5870.7120 @ $0.090047 = $528.64

总资产：$9,440.00 USDC
初始资金：$10,000.00 USDC
总收益率：-5.60%
======================================================================

⏳ 等待 60 秒后重新分析...


📡 加载最新情报...

🧠 分析 7 个代币...
💾 信号已保存：/home/admin/Ziwei/data/strategy/signals_20260309_084103.json

🤖 执行模拟交易...
💰 [模拟买入] DOGE: 5545.4008 @ $0.089991 = $499.04

======================================================================
💼 模拟投资组合
======================================================================
可用余额：$8,412.32 USDC
持仓数量：1
今日盈亏：$+0.00
胜率：0.0%
总交易数：3

📦 当前持仓:
  DOGE: 5545.4008 @ $0.089991 = $499.04

总资产：$8,911.36 USDC
初始资金：$10,000.00 USDC
总收益率：-10.89%
======================================================================

⏳ 等待 60 秒后重新分析...


📡 加载最新情报...

🧠 分析 7 个代币...
💾 信号已保存：/home/admin/Ziwei/data/strategy/signals_20260309_084203.json

🤖 执行模拟交易...
💰 [模拟买入] DOGE: 5234.8583 @ $0.089991 = $471.09

======================================================================
💼 模拟投资组合
======================================================================
可用余额：$7,941.23 USDC
持仓数量：1
今日盈亏：$+0.00
胜率：0.0%
总交易数：4

📦 当前持仓:
  DOGE: 5234.8583 @ $0.089991 = $471.09

总资产：$8,412.32 USDC
初始资金：$10,000.00 USDC
总收益率：-15.88%
======================================================================

⏳ 等待 60 秒后重新分析...


📡 加载最新情报...

🧠 分析 7 个代币...
💾 信号已保存：/home/admin/Ziwei/data/strategy/signals_20260309_084303.json

🤖 执行模拟交易...
💰 [模拟买入] DOGE: 4941.7063 @ $0.089991 = $444.71

======================================================================
💼 模拟投资组合
======================================================================
可用余额：$7,496.52 USDC
持仓数量：1
今日盈亏：$+0.00
胜率：0.0%
总交易数：5

📦 当前持仓:
  DOGE: 4941.7063 @ $0.089991 = $444.71

总资产：$7,941.23 USDC
初始资金：$10,000.00 USDC
总收益率：-20.59%
======================================================================

⏳ 等待 60 秒后重新分析...


📡 加载最新情报...

🧠 分析 7 个代币...
💾 信号已保存：/home/admin/Ziwei/data/strategy/signals_20260309_084403.json

🤖 执行模拟交易...
💰 [模拟买入] DOGE: 4666.0596 @ $0.089970 = $419.81

======================================================================
💼 模拟投资组合
======================================================================
可用余额：$7,076.72 USDC
持仓数量：1
今日盈亏：$+0.00
胜率：0.0%
总交易数：6

📦 当前持仓:
  DOGE: 4666.0596 @ $0.089970 = $419.81

总资产：$7,496.52 USDC
初始资金：$10,000.00 USDC
总收益率：-25.03%
======================================================================

⏳ 等待 60 秒后重新分析...


📡 加载最新情报...

🧠 分析 7 个代币...
💾 信号已保存：/home/admin/Ziwei/data/strategy/signals_20260309_084503.json

🤖 执行模拟交易...
💰 [模拟买入] DOGE: 4404.3196 @ $0.089979 = $396.30

======================================================================
💼 模拟投资组合
======================================================================
可用余额：$6,680.42 USDC
持仓数量：1
今日盈亏：$+0.00
胜率：0.0%
总交易数：7

📦 当前持仓:
  DOGE: 4404.3196 @ $0.089979 = $396.30

总资产：$7,076.72 USDC
初始资金：$10,000.00 USDC
总收益率：-29.23%
======================================================================

⏳ 等待 60 秒后重新分析...


📡 加载最新情报...

🧠 分析 7 个代币...
💾 信号已保存：/home/admin/Ziwei/data/strategy/signals_20260309_084603.json

🤖 执行模拟交易...
💰 [模拟买入] DOGE: 4157.1233 @ $0.089991 = $374.10

======================================================================
💼 模拟投资组合
======================================================================
可用余额：$6,306.32 USDC
持仓数量：1
今日盈亏：$+0.00
胜率：0.0%
总交易数：8

📦 当前持仓:
  DOGE: 4157.1233 @ $0.089991 = $374.10

总资产：$6,680.42 USDC
初始资金：$10,000.00 USDC
总收益率：-33.20%
======================================================================

⏳ 等待 60 秒后重新分析...


📡 加载最新情报...

🧠 分析 7 个代币...
💾 信号已保存：/home/admin/Ziwei/data/strategy/signals_20260309_084703.json

🤖 执行模拟交易...
💰 [模拟买入] DOGE: 3924.0628 @ $0.089997 = $353.15

======================================================================
💼 模拟投资组合
======================================================================
可用余额：$5,953.17 USDC
持仓数量：1
今日盈亏：$+0.00
胜率：0.0%
总交易数：9

📦 当前持仓:
  DOGE: 3924.0628 @ $0.089997 = $353.15

总资产：$6,306.32 USDC
初始资金：$10,000.00 USDC
总收益率：-36.94%
======================================================================

⏳ 等待 60 秒后重新分析...


📡 加载最新情报...

🧠 分析 7 个代币...
💾 信号已保存：/home/admin/Ziwei/data/strategy/signals_20260309_084803.json

🤖 执行模拟交易...
💰 [模拟买入] DOGE: 3704.3153 @ $0.089997 = $333.38

======================================================================
💼 模拟投资组合
======================================================================
可用余额：$5,619.79 USDC
持仓数量：1
今日盈亏：$+0.00
胜率：0.0%
总交易数：10

📦 当前持仓:
  DOGE: 3704.3153 @ $0.089997 = $333.38

总资产：$5,953.17 USDC
初始资金：$10,000.00 USDC
总收益率：-40.47%
======================================================================

⏳ 等待 60 秒后重新分析...


📡 加载最新情报...

🧠 分析 7 个代币...
💾 信号已保存：/home/admin/Ziwei/data/strategy/signals_20260309_084903.json

🤖 执行模拟交易...
💰 [模拟买入] DOGE: 3497.7287 @ $0.089975 = $314.71

======================================================================
💼 模拟投资组合
======================================================================
可用余额：$5,305.08 USDC
持仓数量：1
今日盈亏：$+0.00
胜率：0.0%
总交易数：11

📦 当前持仓:
  DOGE: 3497.7287 @ $0.089975 = $314.71

总资产：$5,619.79 USDC
初始资金：$10,000.00 USDC
总收益率：-43.80%
======================================================================

⏳ 等待 60 秒后重新分析...


📡 加载最新情报...

🧠 分析 7 个代币...
💾 信号已保存：/home/admin/Ziwei/data/strategy/signals_20260309_085003.json

🤖 执行模拟交易...
💰 [模拟买入] DOGE: 3303.2142 @ $0.089938 = $297.08

======================================================================
💼 模拟投资组合
======================================================================
可用余额：$5,008.00 USDC
持仓数量：1
今日盈亏：$+0.00
胜率：0.0%
总交易数：12

📦 当前持仓:
  DOGE: 3303.2142 @ $0.089938 = $297.08

总资产：$5,305.08 USDC
初始资金：$10,000.00 USDC
总收益率：-46.95%
======================================================================

⏳ 等待 60 秒后重新分析...


📡 加载最新情报...

🧠 分析 7 个代币...
💾 信号已保存：/home/admin/Ziwei/data/strategy/signals_20260309_085103.json

🤖 执行模拟交易...
💰 [模拟买入] DOGE: 3118.3382 @ $0.089935 = $280.45
💰 [模拟买入] ADA: 1051.0458 @ $0.251885 = $264.74

======================================================================
💼 模拟投资组合
======================================================================
可用余额：$4,462.81 USDC
持仓数量：2
今日盈亏：$+0.00
胜率：0.0%
总交易数：14

📦 当前持仓:
  DOGE: 3118.3382 @ $0.089935 = $280.45
  ADA: 1051.0458 @ $0.251885 = $264.74

总资产：$5,008.00 USDC
初始资金：$10,000.00 USDC
总收益率：-49.92%
======================================================================

⏳ 等待 60 秒后重新分析...


📡 加载最新情报...

🧠 分析 7 个代币...
💾 信号已保存：/home/admin/Ziwei/data/strategy/signals_20260309_085203.json

🤖 执行模拟交易...
💰 [模拟买入] DOGE: 2778.4309 @ $0.089949 = $249.92

======================================================================
💼 模拟投资组合
======================================================================
可用余额：$4,212.89 USDC
持仓数量：2
今日盈亏：$+0.00
胜率：0.0%
总交易数：15

📦 当前持仓:
  DOGE: 2778.4309 @ $0.089949 = $249.92
  ADA: 1051.0458 @ $0.251885 = $264.74

总资产：$4,727.55 USDC
初始资金：$10,000.00 USDC
总收益率：-52.72%
======================================================================

⏳ 等待 60 秒后重新分析...


📡 加载最新情报...

🧠 分析 7 个代币...
💾 信号已保存：/home/admin/Ziwei/data/strategy/signals_20260309_085303.json

🤖 执行模拟交易...
💰 [模拟买入] DOGE: 2622.7513 @ $0.089952 = $235.92

======================================================================
💼 模拟投资组合
======================================================================
可用余额：$3,976.97 USDC
持仓数量：2
今日盈亏：$+0.00
胜率：0.0%
总交易数：16

📦 当前持仓:
  DOGE: 2622.7513 @ $0.089952 = $235.92
  ADA: 1051.0458 @ $0.251885 = $264.74

总资产：$4,477.63 USDC
初始资金：$10,000.00 USDC
总收益率：-55.22%
======================================================================

⏳ 等待 60 秒后重新分析...


📡 加载最新情报...

🧠 分析 7 个代币...
💾 信号已保存：/home/admin/Ziwei/data/strategy/signals_20260309_085403.json

🤖 执行模拟交易...
💰 [模拟买入] DOGE: 2475.8773 @ $0.089952 = $222.71

======================================================================
💼 模拟投资组合
======================================================================
可用余额：$3,754.26 USDC
持仓数量：2
今日盈亏：$+0.00
胜率：0.0%
总交易数：17

📦 当前持仓:
  DOGE: 2475.8773 @ $0.089952 = $222.71
  ADA: 1051.0458 @ $0.251885 = $264.74

总资产：$4,241.71 USDC
初始资金：$10,000.00 USDC
总收益率：-57.58%
======================================================================

⏳ 等待 60 秒后重新分析...


📡 加载最新情报...

🧠 分析 7 个代币...
💾 信号已保存：/home/admin/Ziwei/data/strategy/signals_20260309_085503.json

🤖 执行模拟交易...
💰 [模拟买入] DOGE: 2336.6826 @ $0.089973 = $210.24

======================================================================
💼 模拟投资组合
======================================================================
可用余额：$3,544.02 USDC
持仓数量：2
今日盈亏：$+0.00
胜率：0.0%
总交易数：18

📦 当前持仓:
  DOGE: 2336.6826 @ $0.089973 = $210.24
  ADA: 1051.0458 @ $0.251885 = $264.74

总资产：$4,019.00 USDC
初始资金：$10,000.00 USDC
总收益率：-59.81%
======================================================================

⏳ 等待 60 秒后重新分析...


📡 加载最新情报...

🧠 分析 7 个代币...
💾 信号已保存：/home/admin/Ziwei/data/strategy/signals_20260309_085603.json

🤖 执行模拟交易...
💰 [模拟买入] DOGE: 2206.2698 @ $0.089955 = $198.46

======================================================================
💼 模拟投资组合
======================================================================
可用余额：$3,345.55 USDC
持仓数量：2
今日盈亏：$+0.00
胜率：0.0%
总交易数：19

📦 当前持仓:
  DOGE: 2206.2698 @ $0.089955 = $198.46
  ADA: 1051.0458 @ $0.251885 = $264.74

总资产：$3,808.76 USDC
初始资金：$10,000.00 USDC
总收益率：-61.91%
======================================================================

⏳ 等待 60 秒后重新分析...


📡 加载最新情报...

🧠 分析 7 个代币...
💾 信号已保存：/home/admin/Ziwei/data/strategy/signals_20260309_085703.json

🤖 执行模拟交易...
💰 [模拟买入] DOGE: 2084.5494 @ $0.089876 = $187.35

======================================================================
💼 模拟投资组合
======================================================================
可用余额：$3,158.20 USDC
持仓数量：2
今日盈亏：$+0.00
胜率：0.0%
总交易数：20

📦 当前持仓:
  DOGE: 2084.5494 @ $0.089876 = $187.35
  ADA: 1051.0458 @ $0.251885 = $264.74

总资产：$3,610.30 USDC
初始资金：$10,000.00 USDC
总收益率：-63.90%
======================================================================

⏳ 等待 60 秒后重新分析...


📡 加载最新情报...

🧠 分析 7 个代币...
💾 信号已保存：/home/admin/Ziwei/data/strategy/signals_20260309_085803.json

🤖 执行模拟交易...
💰 [模拟买入] DOGE: 1968.5812 @ $0.089841 = $176.86

======================================================================
💼 模拟投资组合
======================================================================
可用余额：$2,981.34 USDC
持仓数量：2
今日盈亏：$+0.00
胜率：0.0%
总交易数：21

📦 当前持仓:
  DOGE: 1968.5812 @ $0.089841 = $176.86
  ADA: 1051.0458 @ $0.251885 = $264.74

总资产：$3,422.94 USDC
初始资金：$10,000.00 USDC
总收益率：-65.77%
======================================================================

⏳ 等待 60 秒后重新分析...


📡 加载最新情报...

🧠 分析 7 个代币...
💾 信号已保存：/home/admin/Ziwei/data/strategy/signals_20260309_085903.json

🤖 执行模拟交易...
💰 [模拟买入] DOGE: 1858.0304 @ $0.089856 = $166.96

======================================================================
💼 模拟投资组合
======================================================================
可用余额：$2,814.39 USDC
持仓数量：2
今日盈亏：$+0.00
胜率：0.0%
总交易数：22

📦 当前持仓:
  DOGE: 1858.0304 @ $0.089856 = $166.96
  ADA: 1051.0458 @ $0.251885 = $264.74

总资产：$3,246.09 USDC
初始资金：$10,000.00 USDC
总收益率：-67.54%
======================================================================

⏳ 等待 60 秒后重新分析...


📡 加载最新情报...