======================================================================
🧠 紫微智控 - 交易策略引擎 v3.0 (AI 增强版)
======================================================================
💰 模拟账户：$10,000.00 USDC
🛡️ 安全模式：启用
======================================================================

📡 加载最新情报...

🧠 分析 7 个代币...
💾 信号已保存：/home/admin/Ziwei/data/strategy/signals_20260308_153107.json

🤖 执行模拟交易...

======================================================================
💼 模拟投资组合
======================================================================
可用余额：$10,000.00 USDC
持仓数量：0
今日盈亏：$+0.00
胜率：0.0%
总交易数：0

总资产：$10,000.00 USDC
初始资金：$10,000.00 USDC
总收益率：+0.00%
======================================================================

⏳ 等待 60 秒后重新分析...


📡 加载最新情报...

🧠 分析 7 个代币...
💾 信号已保存：/home/admin/Ziwei/data/strategy/signals_20260308_153207.json

🤖 执行模拟交易...

======================================================================
💼 模拟投资组合
======================================================================
可用余额：$10,000.00 USDC
持仓数量：0
今日盈亏：$+0.00
胜率：0.0%
总交易数：0

总资产：$10,000.00 USDC
初始资金：$10,000.00 USDC
总收益率：+0.00%
======================================================================

⏳ 等待 60 秒后重新分析...


📡 加载最新情报...

🧠 分析 7 个代币...
💾 信号已保存：/home/admin/Ziwei/data/strategy/signals_20260308_153307.json

🤖 执行模拟交易...

======================================================================
💼 模拟投资组合
======================================================================
可用余额：$10,000.00 USDC
持仓数量：0
今日盈亏：$+0.00
胜率：0.0%
总交易数：0

总资产：$10,000.00 USDC
初始资金：$10,000.00 USDC
总收益率：+0.00%
======================================================================

⏳ 等待 60 秒后重新分析...


📡 加载最新情报...

🧠 分析 7 个代币...
💾 信号已保存：/home/admin/Ziwei/data/strategy/signals_20260308_153407.json

🤖 执行模拟交易...

======================================================================
💼 模拟投资组合
======================================================================
可用余额：$10,000.00 USDC
持仓数量：0
今日盈亏：$+0.00
胜率：0.0%
总交易数：0

总资产：$10,000.00 USDC
初始资金：$10,000.00 USDC
总收益率：+0.00%
======================================================================

⏳ 等待 60 秒后重新分析...


📡 加载最新情报...

🧠 分析 7 个代币...
💾 信号已保存：/home/admin/Ziwei/data/strategy/signals_20260308_153507.json

🤖 执行模拟交易...

======================================================================
💼 模拟投资组合
======================================================================
可用余额：$10,000.00 USDC
持仓数量：0
今日盈亏：$+0.00
胜率：0.0%
总交易数：0

总资产：$10,000.00 USDC
初始资金：$10,000.00 USDC
总收益率：+0.00%
======================================================================

⏳ 等待 60 秒后重新分析...


📡 加载最新情报...

🧠 分析 7 个代币...
💾 信号已保存：/home/admin/Ziwei/data/strategy/signals_20260308_153607.json

🤖 执行模拟交易...

======================================================================
💼 模拟投资组合
======================================================================
可用余额：$10,000.00 USDC
持仓数量：0
今日盈亏：$+0.00
胜率：0.0%
总交易数：0

总资产：$10,000.00 USDC
初始资金：$10,000.00 USDC
总收益率：+0.00%
======================================================================

⏳ 等待 60 秒后重新分析...


📡 加载最新情报...

🧠 分析 7 个代币...
💾 信号已保存：/home/admin/Ziwei/data/strategy/signals_20260308_153707.json

🤖 执行模拟交易...

======================================================================
💼 模拟投资组合
======================================================================
可用余额：$10,000.00 USDC
持仓数量：0
今日盈亏：$+0.00
胜率：0.0%
总交易数：0

总资产：$10,000.00 USDC
初始资金：$10,000.00 USDC
总收益率：+0.00%
======================================================================

⏳ 等待 60 秒后重新分析...


📡 加载最新情报...

🧠 分析 7 个代币...
💾 信号已保存：/home/admin/Ziwei/data/strategy/signals_20260308_153807.json

🤖 执行模拟交易...

======================================================================
💼 模拟投资组合
======================================================================
可用余额：$10,000.00 USDC
持仓数量：0
今日盈亏：$+0.00
胜率：0.0%
总交易数：0

总资产：$10,000.00 USDC
初始资金：$10,000.00 USDC
总收益率：+0.00%
======================================================================

⏳ 等待 60 秒后重新分析...


📡 加载最新情报...

🧠 分析 7 个代币...
💾 信号已保存：/home/admin/Ziwei/data/strategy/signals_20260308_153907.json

🤖 执行模拟交易...

======================================================================
💼 模拟投资组合
======================================================================
可用余额：$10,000.00 USDC
持仓数量：0
今日盈亏：$+0.00
胜率：0.0%
总交易数：0

总资产：$10,000.00 USDC
初始资金：$10,000.00 USDC
总收益率：+0.00%
======================================================================

⏳ 等待 60 秒后重新分析...


📡 加载最新情报...

🧠 分析 7 个代币...
💾 信号已保存：/home/admin/Ziwei/data/strategy/signals_20260308_154007.json

🤖 执行模拟交易...

======================================================================
💼 模拟投资组合
======================================================================
可用余额：$10,000.00 USDC
持仓数量：0
今日盈亏：$+0.00
胜率：0.0%
总交易数：0

总资产：$10,000.00 USDC
初始资金：$10,000.00 USDC
总收益率：+0.00%
======================================================================

⏳ 等待 60 秒后重新分析...


📡 加载最新情报...

🧠 分析 7 个代币...
💾 信号已保存：/home/admin/Ziwei/data/strategy/signals_20260308_154107.json

🤖 执行模拟交易...

======================================================================
💼 模拟投资组合
======================================================================
可用余额：$10,000.00 USDC
持仓数量：0
今日盈亏：$+0.00
胜率：0.0%
总交易数：0

总资产：$10,000.00 USDC
初始资金：$10,000.00 USDC
总收益率：+0.00%
======================================================================

⏳ 等待 60 秒后重新分析...


📡 加载最新情报...

🧠 分析 7 个代币...
💾 信号已保存：/home/admin/Ziwei/data/strategy/signals_20260308_154207.json

🤖 执行模拟交易...

======================================================================
💼 模拟投资组合
======================================================================
可用余额：$10,000.00 USDC
持仓数量：0
今日盈亏：$+0.00
胜率：0.0%
总交易数：0

总资产：$10,000.00 USDC
初始资金：$10,000.00 USDC
总收益率：+0.00%
======================================================================

⏳ 等待 60 秒后重新分析...


📡 加载最新情报...

🧠 分析 7 个代币...
💾 信号已保存：/home/admin/Ziwei/data/strategy/signals_20260308_154307.json

🤖 执行模拟交易...

======================================================================
💼 模拟投资组合
======================================================================
可用余额：$10,000.00 USDC
持仓数量：0
今日盈亏：$+0.00
胜率：0.0%
总交易数：0

总资产：$10,000.00 USDC
初始资金：$10,000.00 USDC
总收益率：+0.00%
======================================================================

⏳ 等待 60 秒后重新分析...


📡 加载最新情报...

🧠 分析 7 个代币...
💾 信号已保存：/home/admin/Ziwei/data/strategy/signals_20260308_154407.json

🤖 执行模拟交易...

======================================================================
💼 模拟投资组合
======================================================================
可用余额：$10,000.00 USDC
持仓数量：0
今日盈亏：$+0.00
胜率：0.0%
总交易数：0

总资产：$10,000.00 USDC
初始资金：$10,000.00 USDC
总收益率：+0.00%
======================================================================

⏳ 等待 60 秒后重新分析...


📡 加载最新情报...

🧠 分析 7 个代币...
💾 信号已保存：/home/admin/Ziwei/data/strategy/signals_20260308_154507.json

🤖 执行模拟交易...

======================================================================
💼 模拟投资组合
======================================================================
可用余额：$10,000.00 USDC
持仓数量：0
今日盈亏：$+0.00
胜率：0.0%
总交易数：0

总资产：$10,000.00 USDC
初始资金：$10,000.00 USDC
总收益率：+0.00%
======================================================================

⏳ 等待 60 秒后重新分析...


📡 加载最新情报...

🧠 分析 7 个代币...
💾 信号已保存：/home/admin/Ziwei/data/strategy/signals_20260308_154607.json

🤖 执行模拟交易...

======================================================================
💼 模拟投资组合
======================================================================
可用余额：$10,000.00 USDC
持仓数量：0
今日盈亏：$+0.00
胜率：0.0%
总交易数：0

总资产：$10,000.00 USDC
初始资金：$10,000.00 USDC
总收益率：+0.00%
======================================================================

⏳ 等待 60 秒后重新分析...


📡 加载最新情报...

🧠 分析 7 个代币...
💾 信号已保存：/home/admin/Ziwei/data/strategy/signals_20260308_154707.json

🤖 执行模拟交易...

======================================================================
💼 模拟投资组合
======================================================================
可用余额：$10,000.00 USDC
持仓数量：0
今日盈亏：$+0.00
胜率：0.0%
总交易数：0

总资产：$10,000.00 USDC
初始资金：$10,000.00 USDC
总收益率：+0.00%
======================================================================

⏳ 等待 60 秒后重新分析...


📡 加载最新情报...

🧠 分析 7 个代币...
💾 信号已保存：/home/admin/Ziwei/data/strategy/signals_20260308_154807.json

🤖 执行模拟交易...

======================================================================
💼 模拟投资组合
======================================================================
可用余额：$10,000.00 USDC
持仓数量：0
今日盈亏：$+0.00
胜率：0.0%
总交易数：0

总资产：$10,000.00 USDC
初始资金：$10,000.00 USDC
总收益率：+0.00%
======================================================================

⏳ 等待 60 秒后重新分析...


📡 加载最新情报...

🧠 分析 7 个代币...
💾 信号已保存：/home/admin/Ziwei/data/strategy/signals_20260308_154907.json

🤖 执行模拟交易...

======================================================================
💼 模拟投资组合
======================================================================
可用余额：$10,000.00 USDC
持仓数量：0
今日盈亏：$+0.00
胜率：0.0%
总交易数：0

总资产：$10,000.00 USDC
初始资金：$10,000.00 USDC
总收益率：+0.00%
======================================================================

⏳ 等待 60 秒后重新分析...


📡 加载最新情报...

🧠 分析 7 个代币...
💾 信号已保存：/home/admin/Ziwei/data/strategy/signals_20260308_155007.json

🤖 执行模拟交易...

======================================================================
💼 模拟投资组合
======================================================================
可用余额：$10,000.00 USDC
持仓数量：0
今日盈亏：$+0.00
胜率：0.0%
总交易数：0

总资产：$10,000.00 USDC
初始资金：$10,000.00 USDC
总收益率：+0.00%
======================================================================

⏳ 等待 60 秒后重新分析...


📡 加载最新情报...

🧠 分析 7 个代币...
💾 信号已保存：/home/admin/Ziwei/data/strategy/signals_20260308_155107.json

🤖 执行模拟交易...

======================================================================
💼 模拟投资组合
======================================================================
可用余额：$10,000.00 USDC
持仓数量：0
今日盈亏：$+0.00
胜率：0.0%
总交易数：0

总资产：$10,000.00 USDC
初始资金：$10,000.00 USDC
总收益率：+0.00%
======================================================================

⏳ 等待 60 秒后重新分析...


📡 加载最新情报...

🧠 分析 7 个代币...
💾 信号已保存：/home/admin/Ziwei/data/strategy/signals_20260308_155207.json

🤖 执行模拟交易...

======================================================================
💼 模拟投资组合
======================================================================
可用余额：$10,000.00 USDC
持仓数量：0
今日盈亏：$+0.00
胜率：0.0%
总交易数：0

总资产：$10,000.00 USDC
初始资金：$10,000.00 USDC
总收益率：+0.00%
======================================================================

⏳ 等待 60 秒后重新分析...


📡 加载最新情报...

🧠 分析 7 个代币...
💾 信号已保存：/home/admin/Ziwei/data/strategy/signals_20260308_155307.json

🤖 执行模拟交易...

======================================================================
💼 模拟投资组合
======================================================================
可用余额：$10,000.00 USDC
持仓数量：0
今日盈亏：$+0.00
胜率：0.0%
总交易数：0

总资产：$10,000.00 USDC
初始资金：$10,000.00 USDC
总收益率：+0.00%
======================================================================

⏳ 等待 60 秒后重新分析...


📡 加载最新情报...

🧠 分析 7 个代币...
💾 信号已保存：/home/admin/Ziwei/data/strategy/signals_20260308_155407.json

🤖 执行模拟交易...

======================================================================
💼 模拟投资组合
======================================================================
可用余额：$10,000.00 USDC
持仓数量：0
今日盈亏：$+0.00
胜率：0.0%
总交易数：0

总资产：$10,000.00 USDC
初始资金：$10,000.00 USDC
总收益率：+0.00%
======================================================================

⏳ 等待 60 秒后重新分析...


📡 加载最新情报...

🧠 分析 7 个代币...
💾 信号已保存：/home/admin/Ziwei/data/strategy/signals_20260308_155507.json

🤖 执行模拟交易...

======================================================================
💼 模拟投资组合
======================================================================
可用余额：$10,000.00 USDC
持仓数量：0
今日盈亏：$+0.00
胜率：0.0%
总交易数：0

总资产：$10,000.00 USDC
初始资金：$10,000.00 USDC
总收益率：+0.00%
======================================================================

⏳ 等待 60 秒后重新分析...


📡 加载最新情报...

🧠 分析 7 个代币...
💾 信号已保存：/home/admin/Ziwei/data/strategy/signals_20260308_155607.json

🤖 执行模拟交易...

======================================================================
💼 模拟投资组合
======================================================================
可用余额：$10,000.00 USDC
持仓数量：0