======================================================================
🚨 强信号警报器启动
======================================================================
监控目录：/home/admin/Ziwei/data/strategy
警报日志：/home/admin/Ziwei/data/logs/soul-trader/strong_signal_alerts.log
STRONG_BUY 阈值：>=15.0
BUY 阈值：>=10.0
======================================================================
⏳ 暂无强信号，继续监控...
⏳ 暂无强信号，继续监控...
⏳ 暂无强信号，继续监控...
⏳ 暂无强信号，继续监控...
⏳ 暂无强信号，继续监控...
⏳ 暂无强信号，继续监控...
⏳ 暂无强信号，继续监控...

🚨 发现 1 个强信号！
[2026-03-08 10:37:43] 
╔═══════════════════════════════════════════════════════════╗
║         🚨 紫微智控 - 强信号警报                           ║
╠═══════════════════════════════════════════════════════════╣
║ 发现时间：2026-03-08 10:37:43
║ 信号数量：1 个
╚═══════════════════════════════════════════════════════════╝

【信号详情】

━━━━━━━━━━━━━━━━━━━━━━━━━━━━━━━━━━━━━━━━━━━
📊 DOGE - BUY
━━━━━━━━━━━━━━━━━━━━━━━━━━━━━━━━━━━━━━━━━━━
  信号分数：13.25
  信号价格：$0.089801
  当前价格：$0.089801
  24h 变化：-1.55%
  
  💰 建议仓位：$320.00 USDC
  🛑 止损价格：$0.085311
  🎯 止盈价格：$0.107761
  📈 风险回报：4.0:1
  
  原因分析：
    • 趋势：趋势加速, 热点排名 #1
    • 动量：接近 24h 低点
    • 情绪：bullish (score=5, articles=10)
    • 成交量： | 高流动性


【操作建议】
1. 立即登录 Dashboard 查看实时数据
2. 确认信号强度和风险
3. 考虑执行交易（模拟或真实）
4. 设置止损和止盈

【快速链接】
• Dashboard 内网：http://localhost:8081
• Dashboard 公网：http://panda66.duckdns.org:8081
• 策略引擎日志：/home/admin/Ziwei/data/logs/soul-trader/strategy_engine_*.out

━━━━━━━━━━━━━━━━━━━━━━━━━━━━━━━━━━━━━━━━━━━
紫微智控交易系统 | 信念×如意×爱人 联合监控
━━━━━━━━━━━━━━━━━━━━━━━━━━━━━━━━━━━━━━━━━━━
[2026-03-08 10:37:43] 📱 Telegram 警报：
╔═══════════════════════════════════════════════════════════╗
║         🚨 紫微智控 - 强信号警报                           ║
╠═══════════════════════════════════════════════════════════╣
║ 发现时间：2026-03-08 10:3...
✅ 警报已发送
⏭️ 信号已处理，跳过
⏳ 暂无强信号，继续监控...
⏳ 暂无强信号，继续监控...
⏳ 暂无强信号，继续监控...
⏳ 暂无强信号，继续监控...
⏳ 暂无强信号，继续监控...
⏳ 暂无强信号，继续监控...

🚨 发现 1 个强信号！
[2026-03-08 10:41:44] 
╔═══════════════════════════════════════════════════════════╗
║         🚨 紫微智控 - 强信号警报                           ║
╠═══════════════════════════════════════════════════════════╣
║ 发现时间：2026-03-08 10:41:44
║ 信号数量：1 个
╚═══════════════════════════════════════════════════════════╝

【信号详情】

━━━━━━━━━━━━━━━━━━━━━━━━━━━━━━━━━━━━━━━━━━━
📊 DOGE - BUY
━━━━━━━━━━━━━━━━━━━━━━━━━━━━━━━━━━━━━━━━━━━
  信号分数：13.25
  信号价格：$0.089766
  当前价格：$0.089775
  24h 变化：-1.59%
  
  💰 建议仓位：$320.00 USDC
  🛑 止损价格：$0.085278
  🎯 止盈价格：$0.107719
  📈 风险回报：4.0:1
  
  原因分析：
    • 趋势：趋势加速, 热点排名 #1
    • 动量：接近 24h 低点
    • 情绪：bullish (score=5, articles=10)
    • 成交量： | 高流动性


【操作建议】
1. 立即登录 Dashboard 查看实时数据
2. 确认信号强度和风险
3. 考虑执行交易（模拟或真实）
4. 设置止损和止盈

【快速链接】
• Dashboard 内网：http://localhost:8081
• Dashboard 公网：http://panda66.duckdns.org:8081
• 策略引擎日志：/home/admin/Ziwei/data/logs/soul-trader/strategy_engine_*.out

━━━━━━━━━━━━━━━━━━━━━━━━━━━━━━━━━━━━━━━━━━━
紫微智控交易系统 | 信念×如意×爱人 联合监控
━━━━━━━━━━━━━━━━━━━━━━━━━━━━━━━━━━━━━━━━━━━
[2026-03-08 10:41:44] 📱 Telegram 警报：
╔═══════════════════════════════════════════════════════════╗
║         🚨 紫微智控 - 强信号警报                           ║
╠═══════════════════════════════════════════════════════════╣
║ 发现时间：2026-03-08 10:4...
✅ 警报已发送
⏭️ 信号已处理，跳过
⏳ 暂无强信号，继续监控...
⏳ 暂无强信号，继续监控...
⏳ 暂无强信号，继续监控...
⏳ 暂无强信号，继续监控...

🚨 发现 1 个强信号！
[2026-03-08 10:44:44] 
╔═══════════════════════════════════════════════════════════╗
║         🚨 紫微智控 - 强信号警报                           ║
╠═══════════════════════════════════════════════════════════╣
║ 发现时间：2026-03-08 10:44:44
║ 信号数量：1 个
╚═══════════════════════════════════════════════════════════╝

【信号详情】

━━━━━━━━━━━━━━━━━━━━━━━━━━━━━━━━━━━━━━━━━━━
📊 DOGE - BUY
━━━━━━━━━━━━━━━━━━━━━━━━━━━━━━━━━━━━━━━━━━━
  信号分数：13.25
  信号价格：$0.089791
  当前价格：$0.089791
  24h 变化：-1.62%
  
  💰 建议仓位：$320.00 USDC
  🛑 止损价格：$0.085301
  🎯 止盈价格：$0.107749
  📈 风险回报：4.0:1
  
  原因分析：
    • 趋势：趋势加速, 热点排名 #1
    • 动量：接近 24h 低点
    • 情绪：bullish (score=5, articles=10)
    • 成交量： | 高流动性


【操作建议】
1. 立即登录 Dashboard 查看实时数据
2. 确认信号强度和风险
3. 考虑执行交易（模拟或真实）
4. 设置止损和止盈

【快速链接】
• Dashboard 内网：http://localhost:8081
• Dashboard 公网：http://panda66.duckdns.org:8081
• 策略引擎日志：/home/admin/Ziwei/data/logs/soul-trader/strategy_engine_*.out

━━━━━━━━━━━━━━━━━━━━━━━━━━━━━━━━━━━━━━━━━━━
紫微智控交易系统 | 信念×如意×爱人 联合监控
━━━━━━━━━━━━━━━━━━━━━━━━━━━━━━━━━━━━━━━━━━━