✅ 自动同步监控 - 安全版本
📊 最后同步：2026-03-03T22:32:23.017491
✅ 自动同步监控 - 安全版本
📊 最后同步：2026-03-03T22:32:23.017491
✅ 自动同步监控 - 安全版本
📊 最后同步：2026-03-03T22:32:23.017491
✅ 自动同步监控 - 安全版本
📊 最后同步：2026-03-03T22:32:23.017491
✅ 自动同步监控 - 安全版本
📊 最后同步：2026-03-03T22:32:23.017491
✅ 自动同步监控 - 安全版本
📊 最后同步：2026-03-03T22:32:23.017491
✅ 自动同步监控 - 安全版本
📊 最后同步：2026-03-03T22:32:23.017491
✅ 自动同步监控 - 安全版本
📊 最后同步：2026-03-03T22:32:23.017491
✅ 自动同步监控 - 安全版本
📊 最后同步：2026-03-03T22:32:23.017491
✅ 自动同步监控 - 安全版本
📊 最后同步：2026-03-03T22:32:23.017491
✅ 自动同步监控 - 安全版本
📊 最后同步：2026-03-03T22:32:23.017491
✅ 自动同步监控 - 安全版本
📊 最后同步：2026-03-03T22:32:23.017491
============================================================
🐕 自动同步监控 - 看门狗版本
⏰ 检查间隔：300秒
============================================================
📅 首次运行，执行每日同步
✅ 检查完成 - 2026-03-04 01:10:05
⏳ 等待 300秒后下次检查...

============================================================
🐕 自动同步监控 - 看门狗版本
⏰ 检查间隔：300秒
============================================================
✅ 检查完成 - 2026-03-04 01:13:41
⏳ 等待 300秒后下次检查...

============================================================
🐕 自动同步监控 - 看门狗版本
⏰ 检查间隔：300秒
============================================================
✅ 检查完成 - 2026-03-04 01:14:18
⏳ 等待 300秒后下次检查...

============================================================
🐕 自动同步监控 - 看门狗版本
⏰ 检查间隔：300秒
============================================================
✅ 检查完成 - 2026-03-04 01:18:08
⏳ 等待 300秒后下次检查...

✅ 检查完成 - 2026-03-04 01:23:08
⏳ 等待 300秒后下次检查...

✅ 检查完成 - 2026-03-04 01:28:08
⏳ 等待 300秒后下次检查...

✅ 检查完成 - 2026-03-04 01:33:08
⏳ 等待 300秒后下次检查...

✅ 检查完成 - 2026-03-04 01:38:08
⏳ 等待 300秒后下次检查...

✅ 检查完成 - 2026-03-04 01:43:08
⏳ 等待 300秒后下次检查...

✅ 检查完成 - 2026-03-04 01:48:08
⏳ 等待 300秒后下次检查...

✅ 检查完成 - 2026-03-04 01:53:08
⏳ 等待 300秒后下次检查...

✅ 检查完成 - 2026-03-04 01:58:08
⏳ 等待 300秒后下次检查...

✅ 检查完成 - 2026-03-04 02:03:08
⏳ 等待 300秒后下次检查...

✅ 检查完成 - 2026-03-04 02:08:08
⏳ 等待 300秒后下次检查...

✅ 检查完成 - 2026-03-04 02:13:08
⏳ 等待 300秒后下次检查...

✅ 检查完成 - 2026-03-04 02:18:08
⏳ 等待 300秒后下次检查...

✅ 检查完成 - 2026-03-04 02:23:08
⏳ 等待 300秒后下次检查...

✅ 检查完成 - 2026-03-04 02:28:08
⏳ 等待 300秒后下次检查...

✅ 检查完成 - 2026-03-04 02:33:08
⏳ 等待 300秒后下次检查...

✅ 检查完成 - 2026-03-04 02:38:08
⏳ 等待 300秒后下次检查...

✅ 检查完成 - 2026-03-04 02:43:08
⏳ 等待 300秒后下次检查...

✅ 检查完成 - 2026-03-04 02:48:08
⏳ 等待 300秒后下次检查...

✅ 检查完成 - 2026-03-04 02:53:08
⏳ 等待 300秒后下次检查...

✅ 检查完成 - 2026-03-04 02:58:08
⏳ 等待 300秒后下次检查...

✅ 检查完成 - 2026-03-04 03:03:08
⏳ 等待 300秒后下次检查...

✅ 检查完成 - 2026-03-04 03:08:08
⏳ 等待 300秒后下次检查...

✅ 检查完成 - 2026-03-04 03:13:08
⏳ 等待 300秒后下次检查...

✅ 检查完成 - 2026-03-04 03:18:08
⏳ 等待 300秒后下次检查...

✅ 检查完成 - 2026-03-04 03:23:08
⏳ 等待 300秒后下次检查...

✅ 检查完成 - 2026-03-04 03:28:08
⏳ 等待 300秒后下次检查...

📅 首次运行，执行每日同步
✅ 检查完成 - 2026-03-04 03:33:08
⏳ 等待 300秒后下次检查...

📅 首次运行，执行每日同步
✅ 检查完成 - 2026-03-04 03:38:08
⏳ 等待 300秒后下次检查...

📅 首次运行，执行每日同步
✅ 检查完成 - 2026-03-04 03:43:08
⏳ 等待 300秒后下次检查...

📅 首次运行，执行每日同步
✅ 检查完成 - 2026-03-04 03:48:08
⏳ 等待 300秒后下次检查...

📅 首次运行，执行每日同步
✅ 检查完成 - 2026-03-04 03:53:08
⏳ 等待 300秒后下次检查...

📅 首次运行，执行每日同步
✅ 检查完成 - 2026-03-04 03:58:08
⏳ 等待 300秒后下次检查...

📅 首次运行，执行每日同步
✅ 检查完成 - 2026-03-04 04:03:08
⏳ 等待 300秒后下次检查...

📅 首次运行，执行每日同步
✅ 检查完成 - 2026-03-04 04:08:08
⏳ 等待 300秒后下次检查...

📅 首次运行，执行每日同步
✅ 检查完成 - 2026-03-04 04:13:08
⏳ 等待 300秒后下次检查...

📅 首次运行，执行每日同步
✅ 检查完成 - 2026-03-04 04:18:08
⏳ 等待 300秒后下次检查...

