============================================================
🐕 自动同步监控 - 看门狗版本
⏰ 检查间隔：300秒
============================================================
📅 首次运行，执行每日同步
✅ 检查完成 - 2026-03-08 09:27:58
⏳ 等待 300秒后下次检查...

📅 首次运行，执行每日同步
✅ 检查完成 - 2026-03-08 09:32:58
⏳ 等待 300秒后下次检查...

📅 首次运行，执行每日同步
✅ 检查完成 - 2026-03-08 09:37:58
⏳ 等待 300秒后下次检查...

📅 首次运行，执行每日同步
✅ 检查完成 - 2026-03-08 09:42:58
⏳ 等待 300秒后下次检查...

📅 首次运行，执行每日同步
✅ 检查完成 - 2026-03-08 09:47:58
⏳ 等待 300秒后下次检查...

📅 首次运行，执行每日同步
✅ 检查完成 - 2026-03-08 09:52:58
⏳ 等待 300秒后下次检查...

📅 首次运行，执行每日同步
✅ 检查完成 - 2026-03-08 09:57:58
⏳ 等待 300秒后下次检查...

📅 首次运行，执行每日同步
✅ 检查完成 - 2026-03-08 10:02:58
⏳ 等待 300秒后下次检查...

📅 首次运行，执行每日同步
✅ 检查完成 - 2026-03-08 10:07:58
⏳ 等待 300秒后下次检查...

📅 首次运行，执行每日同步
✅ 检查完成 - 2026-03-08 10:12:58
⏳ 等待 300秒后下次检查...

📅 首次运行，执行每日同步
✅ 检查完成 - 2026-03-08 10:17:58
⏳ 等待 300秒后下次检查...

📅 首次运行，执行每日同步
✅ 检查完成 - 2026-03-08 10:22:58
⏳ 等待 300秒后下次检查...

📅 首次运行，执行每日同步
✅ 检查完成 - 2026-03-08 10:27:58
⏳ 等待 300秒后下次检查...

✅ 检查完成 - 2026-03-08 10:32:58
⏳ 等待 300秒后下次检查...

✅ 检查完成 - 2026-03-08 10:37:58
⏳ 等待 300秒后下次检查...

✅ 检查完成 - 2026-03-08 10:42:58
⏳ 等待 300秒后下次检查...

✅ 检查完成 - 2026-03-08 10:47:58
⏳ 等待 300秒后下次检查...

✅ 检查完成 - 2026-03-08 10:52:58
⏳ 等待 300秒后下次检查...

✅ 检查完成 - 2026-03-08 10:57:58
⏳ 等待 300秒后下次检查...

✅ 检查完成 - 2026-03-08 11:02:58
⏳ 等待 300秒后下次检查...

✅ 检查完成 - 2026-03-08 11:07:58
⏳ 等待 300秒后下次检查...

✅ 检查完成 - 2026-03-08 11:12:58
⏳ 等待 300秒后下次检查...

✅ 检查完成 - 2026-03-08 11:17:58
⏳ 等待 300秒后下次检查...

✅ 检查完成 - 2026-03-08 11:22:58
⏳ 等待 300秒后下次检查...

✅ 检查完成 - 2026-03-08 11:27:58
⏳ 等待 300秒后下次检查...

✅ 检查完成 - 2026-03-08 11:32:58
⏳ 等待 300秒后下次检查...

✅ 检查完成 - 2026-03-08 11:37:58
⏳ 等待 300秒后下次检查...

✅ 检查完成 - 2026-03-08 11:42:58
⏳ 等待 300秒后下次检查...

✅ 检查完成 - 2026-03-08 11:47:58
⏳ 等待 300秒后下次检查...

✅ 检查完成 - 2026-03-08 11:52:58
⏳ 等待 300秒后下次检查...

✅ 检查完成 - 2026-03-08 11:57:58
⏳ 等待 300秒后下次检查...

✅ 检查完成 - 2026-03-08 12:02:58
⏳ 等待 300秒后下次检查...

✅ 检查完成 - 2026-03-08 12:07:58
⏳ 等待 300秒后下次检查...

✅ 检查完成 - 2026-03-08 12:12:58
⏳ 等待 300秒后下次检查...

✅ 检查完成 - 2026-03-08 12:17:58
⏳ 等待 300秒后下次检查...

✅ 检查完成 - 2026-03-08 12:22:58
⏳ 等待 300秒后下次检查...

✅ 检查完成 - 2026-03-08 12:27:58
⏳ 等待 300秒后下次检查...

✅ 检查完成 - 2026-03-08 12:32:58
⏳ 等待 300秒后下次检查...

✅ 检查完成 - 2026-03-08 12:37:58
⏳ 等待 300秒后下次检查...

✅ 检查完成 - 2026-03-08 12:42:58
⏳ 等待 300秒后下次检查...

✅ 检查完成 - 2026-03-08 12:47:58
⏳ 等待 300秒后下次检查...

✅ 检查完成 - 2026-03-08 12:52:58
⏳ 等待 300秒后下次检查...

✅ 检查完成 - 2026-03-08 12:57:58
⏳ 等待 300秒后下次检查...

✅ 检查完成 - 2026-03-08 13:02:58
⏳ 等待 300秒后下次检查...

✅ 检查完成 - 2026-03-08 13:07:58
⏳ 等待 300秒后下次检查...

✅ 检查完成 - 2026-03-08 13:12:58
⏳ 等待 300秒后下次检查...

✅ 检查完成 - 2026-03-08 13:17:58
⏳ 等待 300秒后下次检查...

✅ 检查完成 - 2026-03-08 13:22:58
⏳ 等待 300秒后下次检查...

✅ 检查完成 - 2026-03-08 13:27:58
⏳ 等待 300秒后下次检查...

✅ 检查完成 - 2026-03-08 13:32:58
⏳ 等待 300秒后下次检查...

✅ 检查完成 - 2026-03-08 13:37:58
⏳ 等待 300秒后下次检查...

✅ 检查完成 - 2026-03-08 13:42:58
⏳ 等待 300秒后下次检查...

✅ 检查完成 - 2026-03-08 13:47:58
⏳ 等待 300秒后下次检查...

✅ 检查完成 - 2026-03-08 13:52:58
⏳ 等待 300秒后下次检查...

✅ 检查完成 - 2026-03-08 13:57:58
⏳ 等待 300秒后下次检查...

✅ 检查完成 - 2026-03-08 14:02:58
⏳ 等待 300秒后下次检查...

✅ 检查完成 - 2026-03-08 14:07:58
⏳ 等待 300秒后下次检查...

✅ 检查完成 - 2026-03-08 14:12:58
⏳ 等待 300秒后下次检查...

✅ 检查完成 - 2026-03-08 14:17:58
⏳ 等待 300秒后下次检查...

✅ 检查完成 - 2026-03-08 14:22:58
⏳ 等待 300秒后下次检查...

✅ 检查完成 - 2026-03-08 14:27:58
⏳ 等待 300秒后下次检查...

✅ 检查完成 - 2026-03-08 14:32:58
⏳ 等待 300秒后下次检查...

✅ 检查完成 - 2026-03-08 14:37:58
⏳ 等待 300秒后下次检查...

✅ 检查完成 - 2026-03-08 14:42:58
⏳ 等待 300秒后下次检查...

✅ 检查完成 - 2026-03-08 14:47:58
⏳ 等待 300秒后下次检查...

✅ 检查完成 - 2026-03-08 14:52:58
⏳ 等待 300秒后下次检查...

✅ 检查完成 - 2026-03-08 14:57:58
⏳ 等待 300秒后下次检查...

✅ 检查完成 - 2026-03-08 15:02:58
⏳ 等待 300秒后下次检查...

✅ 检查完成 - 2026-03-08 15:07:58
⏳ 等待 300秒后下次检查...

✅ 检查完成 - 2026-03-08 15:12:58
⏳ 等待 300秒后下次检查...

✅ 检查完成 - 2026-03-08 15:17:58
⏳ 等待 300秒后下次检查...

✅ 检查完成 - 2026-03-08 15:22:58
⏳ 等待 300秒后下次检查...

✅ 检查完成 - 2026-03-08 15:27:58
⏳ 等待 300秒后下次检查...

✅ 检查完成 - 2026-03-08 15:32:58
⏳ 等待 300秒后下次检查...

✅ 检查完成 - 2026-03-08 15:37:58
⏳ 等待 300秒后下次检查...

✅ 检查完成 - 2026-03-08 15:42:58
⏳ 等待 300秒后下次检查...

✅ 检查完成 - 2026-03-08 15:47:58
⏳ 等待 300秒后下次检查...

✅ 检查完成 - 2026-03-08 15:52:58
⏳ 等待 300秒后下次检查...

✅ 检查完成 - 2026-03-08 15:57:58
⏳ 等待 300秒后下次检查...

✅ 检查完成 - 2026-03-08 16:02:58
⏳ 等待 300秒后下次检查...

✅ 检查完成 - 2026-03-08 16:07:58
⏳ 等待 300秒后下次检查...

✅ 检查完成 - 2026-03-08 16:12:58
⏳ 等待 300秒后下次检查...

✅ 检查完成 - 2026-03-08 16:17:58
⏳ 等待 300秒后下次检查...

✅ 检查完成 - 2026-03-08 16:22:58
⏳ 等待 300秒后下次检查...

✅ 检查完成 - 2026-03-08 16:27:58
⏳ 等待 300秒后下次检查...

✅ 检查完成 - 2026-03-08 16:32:58
⏳ 等待 300秒后下次检查...

✅ 检查完成 - 2026-03-08 16:37:58
⏳ 等待 300秒后下次检查...

✅ 检查完成 - 2026-03-08 16:42:58
⏳ 等待 300秒后下次检查...

✅ 检查完成 - 2026-03-08 16:47:58
⏳ 等待 300秒后下次检查...

✅ 检查完成 - 2026-03-08 16:52:58
⏳ 等待 300秒后下次检查...

✅ 检查完成 - 2026-03-08 16:57:58
⏳ 等待 300秒后下次检查...

✅ 检查完成 - 2026-03-08 17:02:58
⏳ 等待 300秒后下次检查...

✅ 检查完成 - 2026-03-08 17:07:58
⏳ 等待 300秒后下次检查...

✅ 检查完成 - 2026-03-08 17:12:58
⏳ 等待 300秒后下次检查...

✅ 检查完成 - 2026-03-08 17:17:58
⏳ 等待 300秒后下次检查...

✅ 检查完成 - 2026-03-08 17:22:58
⏳ 等待 300秒后下次检查...

✅ 检查完成 - 2026-03-08 17:27:58
⏳ 等待 300秒后下次检查...

✅ 检查完成 - 2026-03-08 17:32:58
⏳ 等待 300秒后下次检查...

✅ 检查完成 - 2026-03-08 17:37:58
⏳ 等待 300秒后下次检查...

✅ 检查完成 - 2026-03-08 17:42:58
⏳ 等待 300秒后下次检查...

✅ 检查完成 - 2026-03-08 17:47:58
⏳ 等待 300秒后下次检查...

✅ 检查完成 - 2026-03-08 17:52:58
⏳ 等待 300秒后下次检查...

✅ 检查完成 - 2026-03-08 17:57:58
⏳ 等待 300秒后下次检查...

✅ 检查完成 - 2026-03-08 18:02:58
⏳ 等待 300秒后下次检查...

✅ 检查完成 - 2026-03-08 18:07:58
⏳ 等待 300秒后下次检查...

✅ 检查完成 - 2026-03-08 18:12:58
⏳ 等待 300秒后下次检查...

✅ 检查完成 - 2026-03-08 18:17:58
⏳ 等待 300秒后下次检查...

✅ 检查完成 - 2026-03-08 18:22:58
⏳ 等待 300秒后下次检查...

✅ 检查完成 - 2026-03-08 18:27:58
⏳ 等待 300秒后下次检查...

✅ 检查完成 - 2026-03-08 18:32:58
⏳ 等待 300秒后下次检查...

✅ 检查完成 - 2026-03-08 18:37:58
⏳ 等待 300秒后下次检查...

✅ 检查完成 - 2026-03-08 18:42:58
⏳ 等待 300秒后下次检查...

✅ 检查完成 - 2026-03-08 18:47:58
⏳ 等待 300秒后下次检查...

✅ 检查完成 - 2026-03-08 18:52:58
⏳ 等待 300秒后下次检查...

✅ 检查完成 - 2026-03-08 18:57:58
⏳ 等待 300秒后下次检查...

✅ 检查完成 - 2026-03-08 19:02:58
⏳ 等待 300秒后下次检查...

✅ 检查完成 - 2026-03-08 19:07:58
⏳ 等待 300秒后下次检查...

✅ 检查完成 - 2026-03-08 19:12:58
⏳ 等待 300秒后下次检查...

✅ 检查完成 - 2026-03-08 19:17:58
⏳ 等待 300秒后下次检查...

✅ 检查完成 - 2026-03-08 19:22:58
⏳ 等待 300秒后下次检查...

✅ 检查完成 - 2026-03-08 19:27:58
⏳ 等待 300秒后下次检查...

✅ 检查完成 - 2026-03-08 19:32:58
⏳ 等待 300秒后下次检查...

✅ 检查完成 - 2026-03-08 19:37:58
⏳ 等待 300秒后下次检查...

✅ 检查完成 - 2026-03-08 19:42:58
⏳ 等待 300秒后下次检查...

✅ 检查完成 - 2026-03-08 19:47:58
⏳ 等待 300秒后下次检查...

✅ 检查完成 - 2026-03-08 19:52:58
⏳ 等待 300秒后下次检查...

✅ 检查完成 - 2026-03-08 19:57:58
⏳ 等待 300秒后下次检查...

✅ 检查完成 - 2026-03-08 20:02:58
⏳ 等待 300秒后下次检查...

✅ 检查完成 - 2026-03-08 20:07:58
⏳ 等待 300秒后下次检查...

✅ 检查完成 - 2026-03-08 20:12:58
⏳ 等待 300秒后下次检查...

✅ 检查完成 - 2026-03-08 20:17:58
⏳ 等待 300秒后下次检查...

✅ 检查完成 - 2026-03-08 20:22:58
⏳ 等待 300秒后下次检查...

✅ 检查完成 - 2026-03-08 20:27:58
⏳ 等待 300秒后下次检查...

✅ 检查完成 - 2026-03-08 20:32:58
⏳ 等待 300秒后下次检查...

✅ 检查完成 - 2026-03-08 20:37:58
⏳ 等待 300秒后下次检查...

✅ 检查完成 - 2026-03-08 20:42:58
⏳ 等待 300秒后下次检查...

✅ 检查完成 - 2026-03-08 20:47:58
⏳ 等待 300秒后下次检查...

✅ 检查完成 - 2026-03-08 20:52:58
⏳ 等待 300秒后下次检查...

✅ 检查完成 - 2026-03-08 20:57:58
⏳ 等待 300秒后下次检查...

✅ 检查完成 - 2026-03-08 21:02:58
⏳ 等待 300秒后下次检查...

✅ 检查完成 - 2026-03-08 21:07:58
⏳ 等待 300秒后下次检查...

✅ 检查完成 - 2026-03-08 21:12:58
⏳ 等待 300秒后下次检查...

✅ 检查完成 - 2026-03-08 21:17:58
⏳ 等待 300秒后下次检查...

✅ 检查完成 - 2026-03-08 21:22:58
⏳ 等待 300秒后下次检查...

✅ 检查完成 - 2026-03-08 21:27:58
⏳ 等待 300秒后下次检查...

✅ 检查完成 - 2026-03-08 21:32:58
⏳ 等待 300秒后下次检查...

✅ 检查完成 - 2026-03-08 21:37:58
⏳ 等待 300秒后下次检查...

✅ 检查完成 - 2026-03-08 21:42:58
⏳ 等待 300秒后下次检查...

✅ 检查完成 - 2026-03-08 21:47:58
⏳ 等待 300秒后下次检查...

✅ 检查完成 - 2026-03-08 21:52:58
⏳ 等待 300秒后下次检查...

✅ 检查完成 - 2026-03-08 21:57:58
⏳ 等待 300秒后下次检查...

✅ 检查完成 - 2026-03-08 22:02:58
⏳ 等待 300秒后下次检查...

✅ 检查完成 - 2026-03-08 22:07:58
⏳ 等待 300秒后下次检查...

✅ 检查完成 - 2026-03-08 22:12:58
⏳ 等待 300秒后下次检查...

✅ 检查完成 - 2026-03-08 22:17:58
⏳ 等待 300秒后下次检查...

✅ 检查完成 - 2026-03-08 22:22:58
⏳ 等待 300秒后下次检查...

✅ 检查完成 - 2026-03-08 22:27:58
⏳ 等待 300秒后下次检查...

✅ 检查完成 - 2026-03-08 22:32:58
⏳ 等待 300秒后下次检查...

✅ 检查完成 - 2026-03-08 22:37:58
⏳ 等待 300秒后下次检查...

✅ 检查完成 - 2026-03-08 22:42:58
⏳ 等待 300秒后下次检查...

✅ 检查完成 - 2026-03-08 22:47:58
⏳ 等待 300秒后下次检查...

✅ 检查完成 - 2026-03-08 22:52:58
⏳ 等待 300秒后下次检查...

✅ 检查完成 - 2026-03-08 22:57:58
⏳ 等待 300秒后下次检查...

✅ 检查完成 - 2026-03-08 23:02:58
⏳ 等待 300秒后下次检查...

✅ 检查完成 - 2026-03-08 23:07:58
⏳ 等待 300秒后下次检查...

✅ 检查完成 - 2026-03-08 23:12:58
⏳ 等待 300秒后下次检查...

✅ 检查完成 - 2026-03-08 23:17:58
⏳ 等待 300秒后下次检查...

✅ 检查完成 - 2026-03-08 23:22:58
⏳ 等待 300秒后下次检查...

✅ 检查完成 - 2026-03-08 23:27:58
⏳ 等待 300秒后下次检查...

✅ 检查完成 - 2026-03-08 23:32:58
⏳ 等待 300秒后下次检查...

✅ 检查完成 - 2026-03-08 23:37:58
⏳ 等待 300秒后下次检查...

✅ 检查完成 - 2026-03-08 23:42:58
⏳ 等待 300秒后下次检查...

✅ 检查完成 - 2026-03-08 23:47:58
⏳ 等待 300秒后下次检查...

✅ 检查完成 - 2026-03-08 23:52:58
⏳ 等待 300秒后下次检查...

✅ 检查完成 - 2026-03-08 23:57:58
⏳ 等待 300秒后下次检查...

✅ 检查完成 - 2026-03-09 00:02:58
⏳ 等待 300秒后下次检查...

✅ 检查完成 - 2026-03-09 00:07:58
⏳ 等待 300秒后下次检查...

✅ 检查完成 - 2026-03-09 00:12:58
⏳ 等待 300秒后下次检查...

✅ 检查完成 - 2026-03-09 00:17:58
⏳ 等待 300秒后下次检查...

✅ 检查完成 - 2026-03-09 00:22:58
⏳ 等待 300秒后下次检查...

✅ 检查完成 - 2026-03-09 00:27:58
⏳ 等待 300秒后下次检查...

✅ 检查完成 - 2026-03-09 00:32:58
⏳ 等待 300秒后下次检查...

✅ 检查完成 - 2026-03-09 00:37:58
⏳ 等待 300秒后下次检查...

✅ 检查完成 - 2026-03-09 00:42:58
⏳ 等待 300秒后下次检查...

✅ 检查完成 - 2026-03-09 00:47:58
⏳ 等待 300秒后下次检查...

✅ 检查完成 - 2026-03-09 00:52:58
⏳ 等待 300秒后下次检查...

✅ 检查完成 - 2026-03-09 00:57:58
⏳ 等待 300秒后下次检查...

✅ 检查完成 - 2026-03-09 01:02:58
⏳ 等待 300秒后下次检查...

✅ 检查完成 - 2026-03-09 01:07:58
⏳ 等待 300秒后下次检查...

✅ 检查完成 - 2026-03-09 01:12:58
⏳ 等待 300秒后下次检查...

✅ 检查完成 - 2026-03-09 01:17:58
⏳ 等待 300秒后下次检查...

✅ 检查完成 - 2026-03-09 01:22:58
⏳ 等待 300秒后下次检查...

✅ 检查完成 - 2026-03-09 01:27:58
⏳ 等待 300秒后下次检查...

✅ 检查完成 - 2026-03-09 01:32:58
⏳ 等待 300秒后下次检查...

✅ 检查完成 - 2026-03-09 01:37:58
⏳ 等待 300秒后下次检查...

✅ 检查完成 - 2026-03-09 01:42:58
⏳ 等待 300秒后下次检查...

✅ 检查完成 - 2026-03-09 01:47:58
⏳ 等待 300秒后下次检查...

✅ 检查完成 - 2026-03-09 01:52:58
⏳ 等待 300秒后下次检查...

✅ 检查完成 - 2026-03-09 01:57:58
⏳ 等待 300秒后下次检查...

✅ 检查完成 - 2026-03-09 02:02:58
⏳ 等待 300秒后下次检查...

✅ 检查完成 - 2026-03-09 02:07:58
⏳ 等待 300秒后下次检查...

✅ 检查完成 - 2026-03-09 02:12:58
⏳ 等待 300秒后下次检查...

✅ 检查完成 - 2026-03-09 02:17:58
⏳ 等待 300秒后下次检查...

✅ 检查完成 - 2026-03-09 02:22:58
⏳ 等待 300秒后下次检查...

✅ 检查完成 - 2026-03-09 02:27:58
⏳ 等待 300秒后下次检查...

✅ 检查完成 - 2026-03-09 02:32:58
⏳ 等待 300秒后下次检查...

✅ 检查完成 - 2026-03-09 02:37:58
⏳ 等待 300秒后下次检查...

✅ 检查完成 - 2026-03-09 02:42:58
⏳ 等待 300秒后下次检查...

✅ 检查完成 - 2026-03-09 02:47:58
⏳ 等待 300秒后下次检查...

✅ 检查完成 - 2026-03-09 02:52:58
⏳ 等待 300秒后下次检查...

✅ 检查完成 - 2026-03-09 02:57:58
⏳ 等待 300秒后下次检查...

✅ 检查完成 - 2026-03-09 03:02:58
⏳ 等待 300秒后下次检查...

✅ 检查完成 - 2026-03-09 03:07:58
⏳ 等待 300秒后下次检查...

✅ 检查完成 - 2026-03-09 03:12:58
⏳ 等待 300秒后下次检查...

✅ 检查完成 - 2026-03-09 03:17:58
⏳ 等待 300秒后下次检查...

✅ 检查完成 - 2026-03-09 03:22:58
⏳ 等待 300秒后下次检查...

✅ 检查完成 - 2026-03-09 03:27:58
⏳ 等待 300秒后下次检查...

✅ 检查完成 - 2026-03-09 03:32:58
⏳ 等待 300秒后下次检查...

✅ 检查完成 - 2026-03-09 03:37:58
⏳ 等待 300秒后下次检查...

✅ 检查完成 - 2026-03-09 03:42:58
⏳ 等待 300秒后下次检查...

✅ 检查完成 - 2026-03-09 03:47:58
⏳ 等待 300秒后下次检查...

✅ 检查完成 - 2026-03-09 03:52:58
⏳ 等待 300秒后下次检查...

✅ 检查完成 - 2026-03-09 03:57:58
⏳ 等待 300秒后下次检查...

✅ 检查完成 - 2026-03-09 04:02:58
⏳ 等待 300秒后下次检查...

✅ 检查完成 - 2026-03-09 04:07:58
⏳ 等待 300秒后下次检查...

✅ 检查完成 - 2026-03-09 04:12:58
⏳ 等待 300秒后下次检查...

✅ 检查完成 - 2026-03-09 04:17:58
⏳ 等待 300秒后下次检查...

✅ 检查完成 - 2026-03-09 04:22:58
⏳ 等待 300秒后下次检查...

✅ 检查完成 - 2026-03-09 04:27:58
⏳ 等待 300秒后下次检查...

✅ 检查完成 - 2026-03-09 04:32:58
⏳ 等待 300秒后下次检查...

✅ 检查完成 - 2026-03-09 04:37:58
⏳ 等待 300秒后下次检查...

✅ 检查完成 - 2026-03-09 04:42:58
⏳ 等待 300秒后下次检查...

✅ 检查完成 - 2026-03-09 04:47:58
⏳ 等待 300秒后下次检查...

✅ 检查完成 - 2026-03-09 04:52:58
⏳ 等待 300秒后下次检查...

✅ 检查完成 - 2026-03-09 04:57:58
⏳ 等待 300秒后下次检查...

✅ 检查完成 - 2026-03-09 05:02:58
⏳ 等待 300秒后下次检查...

✅ 检查完成 - 2026-03-09 05:07:58
⏳ 等待 300秒后下次检查...

✅ 检查完成 - 2026-03-09 05:12:58
⏳ 等待 300秒后下次检查...

✅ 检查完成 - 2026-03-09 05:17:58
⏳ 等待 300秒后下次检查...

✅ 检查完成 - 2026-03-09 05:22:58
⏳ 等待 300秒后下次检查...

✅ 检查完成 - 2026-03-09 05:27:58
⏳ 等待 300秒后下次检查...

✅ 检查完成 - 2026-03-09 05:32:58
⏳ 等待 300秒后下次检查...

✅ 检查完成 - 2026-03-09 05:37:58
⏳ 等待 300秒后下次检查...

✅ 检查完成 - 2026-03-09 05:42:58
⏳ 等待 300秒后下次检查...

✅ 检查完成 - 2026-03-09 05:47:58
⏳ 等待 300秒后下次检查...

✅ 检查完成 - 2026-03-09 05:52:58
⏳ 等待 300秒后下次检查...

✅ 检查完成 - 2026-03-09 05:57:58
⏳ 等待 300秒后下次检查...

✅ 检查完成 - 2026-03-09 06:02:58
⏳ 等待 300秒后下次检查...

✅ 检查完成 - 2026-03-09 06:07:58
⏳ 等待 300秒后下次检查...

✅ 检查完成 - 2026-03-09 06:12:58
⏳ 等待 300秒后下次检查...

✅ 检查完成 - 2026-03-09 06:17:58
⏳ 等待 300秒后下次检查...

✅ 检查完成 - 2026-03-09 06:22:58
⏳ 等待 300秒后下次检查...

✅ 检查完成 - 2026-03-09 06:27:58
⏳ 等待 300秒后下次检查...

✅ 检查完成 - 2026-03-09 06:32:58
⏳ 等待 300秒后下次检查...

✅ 检查完成 - 2026-03-09 06:37:58
⏳ 等待 300秒后下次检查...

✅ 检查完成 - 2026-03-09 06:42:58
⏳ 等待 300秒后下次检查...

✅ 检查完成 - 2026-03-09 06:47:58
⏳ 等待 300秒后下次检查...

✅ 检查完成 - 2026-03-09 06:52:58
⏳ 等待 300秒后下次检查...

✅ 检查完成 - 2026-03-09 06:57:58
⏳ 等待 300秒后下次检查...

✅ 检查完成 - 2026-03-09 07:02:58
⏳ 等待 300秒后下次检查...

✅ 检查完成 - 2026-03-09 07:07:58
⏳ 等待 300秒后下次检查...

✅ 检查完成 - 2026-03-09 07:12:58
⏳ 等待 300秒后下次检查...

✅ 检查完成 - 2026-03-09 07:17:58
⏳ 等待 300秒后下次检查...

✅ 检查完成 - 2026-03-09 07:22:58
⏳ 等待 300秒后下次检查...

✅ 检查完成 - 2026-03-09 07:27:58
⏳ 等待 300秒后下次检查...

✅ 检查完成 - 2026-03-09 07:32:58
⏳ 等待 300秒后下次检查...

✅ 检查完成 - 2026-03-09 07:37:58
⏳ 等待 300秒后下次检查...

✅ 检查完成 - 2026-03-09 07:42:58
⏳ 等待 300秒后下次检查...

✅ 检查完成 - 2026-03-09 07:47:58
⏳ 等待 300秒后下次检查...

✅ 检查完成 - 2026-03-09 07:52:58
⏳ 等待 300秒后下次检查...

✅ 检查完成 - 2026-03-09 07:57:58
⏳ 等待 300秒后下次检查...

✅ 检查完成 - 2026-03-09 08:02:58
⏳ 等待 300秒后下次检查...

✅ 检查完成 - 2026-03-09 08:07:58
⏳ 等待 300秒后下次检查...

✅ 检查完成 - 2026-03-09 08:12:58
⏳ 等待 300秒后下次检查...

✅ 检查完成 - 2026-03-09 08:17:58
⏳ 等待 300秒后下次检查...

✅ 检查完成 - 2026-03-09 08:22:58
⏳ 等待 300秒后下次检查...

✅ 检查完成 - 2026-03-09 08:27:58
⏳ 等待 300秒后下次检查...

✅ 检查完成 - 2026-03-09 08:32:58
⏳ 等待 300秒后下次检查...

✅ 检查完成 - 2026-03-09 08:37:58
⏳ 等待 300秒后下次检查...

✅ 检查完成 - 2026-03-09 08:42:58
⏳ 等待 300秒后下次检查...

✅ 检查完成 - 2026-03-09 08:47:58
⏳ 等待 300秒后下次检查...

✅ 检查完成 - 2026-03-09 08:52:58
⏳ 等待 300秒后下次检查...

✅ 检查完成 - 2026-03-09 08:57:58
⏳ 等待 300秒后下次检查...

✅ 检查完成 - 2026-03-09 09:02:58
⏳ 等待 300秒后下次检查...

✅ 检查完成 - 2026-03-09 09:07:58
⏳ 等待 300秒后下次检查...

✅ 检查完成 - 2026-03-09 09:12:58
⏳ 等待 300秒后下次检查...

✅ 检查完成 - 2026-03-09 09:17:58
⏳ 等待 300秒后下次检查...

✅ 检查完成 - 2026-03-09 09:22:58
⏳ 等待 300秒后下次检查...

✅ 检查完成 - 2026-03-09 09:27:58
⏳ 等待 300秒后下次检查...

✅ 检查完成 - 2026-03-09 09:32:58
⏳ 等待 300秒后下次检查...

✅ 检查完成 - 2026-03-09 09:37:58
⏳ 等待 300秒后下次检查...

✅ 检查完成 - 2026-03-09 09:42:58
⏳ 等待 300秒后下次检查...

✅ 检查完成 - 2026-03-09 09:47:58
⏳ 等待 300秒后下次检查...

✅ 检查完成 - 2026-03-09 09:52:58
⏳ 等待 300秒后下次检查...

✅ 检查完成 - 2026-03-09 09:57:58
⏳ 等待 300秒后下次检查...

✅ 检查完成 - 2026-03-09 10:02:58
⏳ 等待 300秒后下次检查...

✅ 检查完成 - 2026-03-09 10:07:58
⏳ 等待 300秒后下次检查...

✅ 检查完成 - 2026-03-09 10:12:58
⏳ 等待 300秒后下次检查...

✅ 检查完成 - 2026-03-09 10:17:58
⏳ 等待 300秒后下次检查...

✅ 检查完成 - 2026-03-09 10:22:58
⏳ 等待 300秒后下次检查...

✅ 检查完成 - 2026-03-09 10:27:58
⏳ 等待 300秒后下次检查...

✅ 检查完成 - 2026-03-09 10:32:58
⏳ 等待 300秒后下次检查...

✅ 检查完成 - 2026-03-09 10:37:58
⏳ 等待 300秒后下次检查...

✅ 检查完成 - 2026-03-09 10:42:58
⏳ 等待 300秒后下次检查...

✅ 检查完成 - 2026-03-09 10:47:58
⏳ 等待 300秒后下次检查...

✅ 检查完成 - 2026-03-09 10:52:58
⏳ 等待 300秒后下次检查...

✅ 检查完成 - 2026-03-09 10:57:58
⏳ 等待 300秒后下次检查...

✅ 检查完成 - 2026-03-09 11:02:58
⏳ 等待 300秒后下次检查...

✅ 检查完成 - 2026-03-09 11:07:58
⏳ 等待 300秒后下次检查...

✅ 检查完成 - 2026-03-09 11:12:58
⏳ 等待 300秒后下次检查...

✅ 检查完成 - 2026-03-09 11:17:58
⏳ 等待 300秒后下次检查...

✅ 检查完成 - 2026-03-09 11:22:58
⏳ 等待 300秒后下次检查...

✅ 检查完成 - 2026-03-09 11:27:58
⏳ 等待 300秒后下次检查...

✅ 检查完成 - 2026-03-09 11:32:58
⏳ 等待 300秒后下次检查...

✅ 检查完成 - 2026-03-09 11:37:58
⏳ 等待 300秒后下次检查...

✅ 检查完成 - 2026-03-09 11:42:58
⏳ 等待 300秒后下次检查...

✅ 检查完成 - 2026-03-09 11:47:58
⏳ 等待 300秒后下次检查...

✅ 检查完成 - 2026-03-09 11:52:58
⏳ 等待 300秒后下次检查...

✅ 检查完成 - 2026-03-09 11:57:58
⏳ 等待 300秒后下次检查...

✅ 检查完成 - 2026-03-09 12:02:58
⏳ 等待 300秒后下次检查...

✅ 检查完成 - 2026-03-09 12:07:58
⏳ 等待 300秒后下次检查...

✅ 检查完成 - 2026-03-09 12:12:58
⏳ 等待 300秒后下次检查...

✅ 检查完成 - 2026-03-09 12:17:58
⏳ 等待 300秒后下次检查...

✅ 检查完成 - 2026-03-09 12:22:58
⏳ 等待 300秒后下次检查...

✅ 检查完成 - 2026-03-09 12:27:58
⏳ 等待 300秒后下次检查...

✅ 检查完成 - 2026-03-09 12:32:58
⏳ 等待 300秒后下次检查...

✅ 检查完成 - 2026-03-09 12:37:58
⏳ 等待 300秒后下次检查...

✅ 检查完成 - 2026-03-09 12:42:58
⏳ 等待 300秒后下次检查...

✅ 检查完成 - 2026-03-09 12:47:58
⏳ 等待 300秒后下次检查...

✅ 检查完成 - 2026-03-09 12:52:58
⏳ 等待 300秒后下次检查...

✅ 检查完成 - 2026-03-09 12:57:58
⏳ 等待 300秒后下次检查...

✅ 检查完成 - 2026-03-09 13:02:58
⏳ 等待 300秒后下次检查...

✅ 检查完成 - 2026-03-09 13:07:58
⏳ 等待 300秒后下次检查...

✅ 检查完成 - 2026-03-09 13:12:58
⏳ 等待 300秒后下次检查...

✅ 检查完成 - 2026-03-09 13:17:58
⏳ 等待 300秒后下次检查...

✅ 检查完成 - 2026-03-09 13:22:58
⏳ 等待 300秒后下次检查...

✅ 检查完成 - 2026-03-09 13:27:58
⏳ 等待 300秒后下次检查...

✅ 检查完成 - 2026-03-09 13:32:58
⏳ 等待 300秒后下次检查...

✅ 检查完成 - 2026-03-09 13:37:58
⏳ 等待 300秒后下次检查...

✅ 检查完成 - 2026-03-09 13:42:58
⏳ 等待 300秒后下次检查...

✅ 检查完成 - 2026-03-09 13:47:58
⏳ 等待 300秒后下次检查...

✅ 检查完成 - 2026-03-09 13:52:58
⏳ 等待 300秒后下次检查...

✅ 检查完成 - 2026-03-09 13:57:58
⏳ 等待 300秒后下次检查...

✅ 检查完成 - 2026-03-09 14:02:58
⏳ 等待 300秒后下次检查...

✅ 检查完成 - 2026-03-09 14:07:58
⏳ 等待 300秒后下次检查...

✅ 检查完成 - 2026-03-09 14:12:58
⏳ 等待 300秒后下次检查...

✅ 检查完成 - 2026-03-09 14:17:58
⏳ 等待 300秒后下次检查...

✅ 检查完成 - 2026-03-09 14:22:58
⏳ 等待 300秒后下次检查...

✅ 检查完成 - 2026-03-09 14:27:58
⏳ 等待 300秒后下次检查...

✅ 检查完成 - 2026-03-09 14:32:58
⏳ 等待 300秒后下次检查...

✅ 检查完成 - 2026-03-09 14:37:58
⏳ 等待 300秒后下次检查...

✅ 检查完成 - 2026-03-09 14:42:58
⏳ 等待 300秒后下次检查...

✅ 检查完成 - 2026-03-09 14:47:58
⏳ 等待 300秒后下次检查...

✅ 检查完成 - 2026-03-09 14:52:58
⏳ 等待 300秒后下次检查...

✅ 检查完成 - 2026-03-09 14:57:58
⏳ 等待 300秒后下次检查...

✅ 检查完成 - 2026-03-09 15:02:58
⏳ 等待 300秒后下次检查...

✅ 检查完成 - 2026-03-09 15:07:58
⏳ 等待 300秒后下次检查...

✅ 检查完成 - 2026-03-09 15:12:58
⏳ 等待 300秒后下次检查...

✅ 检查完成 - 2026-03-09 15:17:58
⏳ 等待 300秒后下次检查...

✅ 检查完成 - 2026-03-09 15:22:58
⏳ 等待 300秒后下次检查...

✅ 检查完成 - 2026-03-09 15:27:58
⏳ 等待 300秒后下次检查...

✅ 检查完成 - 2026-03-09 15:32:58
⏳ 等待 300秒后下次检查...

✅ 检查完成 - 2026-03-09 15:37:58
⏳ 等待 300秒后下次检查...

✅ 检查完成 - 2026-03-09 15:42:58
⏳ 等待 300秒后下次检查...

✅ 检查完成 - 2026-03-09 15:47:58
⏳ 等待 300秒后下次检查...

✅ 检查完成 - 2026-03-09 15:52:58
⏳ 等待 300秒后下次检查...

✅ 检查完成 - 2026-03-09 15:57:58
⏳ 等待 300秒后下次检查...

✅ 检查完成 - 2026-03-09 16:02:58
⏳ 等待 300秒后下次检查...

✅ 检查完成 - 2026-03-09 16:07:58
⏳ 等待 300秒后下次检查...

✅ 检查完成 - 2026-03-09 16:12:58
⏳ 等待 300秒后下次检查...

✅ 检查完成 - 2026-03-09 16:17:58
⏳ 等待 300秒后下次检查...

✅ 检查完成 - 2026-03-09 16:22:58
⏳ 等待 300秒后下次检查...

✅ 检查完成 - 2026-03-09 16:27:58
⏳ 等待 300秒后下次检查...

✅ 检查完成 - 2026-03-09 16:32:58
⏳ 等待 300秒后下次检查...

✅ 检查完成 - 2026-03-09 16:37:58
⏳ 等待 300秒后下次检查...

✅ 检查完成 - 2026-03-09 16:42:58
⏳ 等待 300秒后下次检查...

✅ 检查完成 - 2026-03-09 16:47:58
⏳ 等待 300秒后下次检查...

✅ 检查完成 - 2026-03-09 16:52:58
⏳ 等待 300秒后下次检查...

✅ 检查完成 - 2026-03-09 16:57:58
⏳ 等待 300秒后下次检查...

✅ 检查完成 - 2026-03-09 17:02:58
⏳ 等待 300秒后下次检查...

✅ 检查完成 - 2026-03-09 17:07:58
⏳ 等待 300秒后下次检查...

✅ 检查完成 - 2026-03-09 17:12:58
⏳ 等待 300秒后下次检查...

✅ 检查完成 - 2026-03-09 17:17:58
⏳ 等待 300秒后下次检查...

✅ 检查完成 - 2026-03-09 17:22:58
⏳ 等待 300秒后下次检查...

✅ 检查完成 - 2026-03-09 17:27:58
⏳ 等待 300秒后下次检查...

✅ 检查完成 - 2026-03-09 17:32:58
⏳ 等待 300秒后下次检查...

✅ 检查完成 - 2026-03-09 17:37:58
⏳ 等待 300秒后下次检查...

✅ 检查完成 - 2026-03-09 17:42:58
⏳ 等待 300秒后下次检查...

✅ 检查完成 - 2026-03-09 17:47:58
⏳ 等待 300秒后下次检查...

✅ 检查完成 - 2026-03-09 17:52:58
⏳ 等待 300秒后下次检查...

✅ 检查完成 - 2026-03-09 17:57:58
⏳ 等待 300秒后下次检查...

✅ 检查完成 - 2026-03-09 18:02:58
⏳ 等待 300秒后下次检查...

✅ 检查完成 - 2026-03-09 18:07:58
⏳ 等待 300秒后下次检查...

✅ 检查完成 - 2026-03-09 18:12:58
⏳ 等待 300秒后下次检查...

✅ 检查完成 - 2026-03-09 18:17:58
⏳ 等待 300秒后下次检查...

✅ 检查完成 - 2026-03-09 18:22:58
⏳ 等待 300秒后下次检查...

✅ 检查完成 - 2026-03-09 18:27:58
⏳ 等待 300秒后下次检查...

✅ 检查完成 - 2026-03-09 18:32:58
⏳ 等待 300秒后下次检查...

✅ 检查完成 - 2026-03-09 18:37:58
⏳ 等待 300秒后下次检查...

✅ 检查完成 - 2026-03-09 18:42:58
⏳ 等待 300秒后下次检查...

✅ 检查完成 - 2026-03-09 18:47:58
⏳ 等待 300秒后下次检查...

✅ 检查完成 - 2026-03-09 18:52:58
⏳ 等待 300秒后下次检查...

✅ 检查完成 - 2026-03-09 18:57:58
⏳ 等待 300秒后下次检查...

✅ 检查完成 - 2026-03-09 19:02:58
⏳ 等待 300秒后下次检查...

✅ 检查完成 - 2026-03-09 19:07:58
⏳ 等待 300秒后下次检查...

✅ 检查完成 - 2026-03-09 19:12:58
⏳ 等待 300秒后下次检查...

✅ 检查完成 - 2026-03-09 19:17:58
⏳ 等待 300秒后下次检查...

✅ 检查完成 - 2026-03-09 19:22:58
⏳ 等待 300秒后下次检查...

✅ 检查完成 - 2026-03-09 19:27:58
⏳ 等待 300秒后下次检查...

✅ 检查完成 - 2026-03-09 19:32:58
⏳ 等待 300秒后下次检查...

✅ 检查完成 - 2026-03-09 19:37:58
⏳ 等待 300秒后下次检查...

✅ 检查完成 - 2026-03-09 19:42:58
⏳ 等待 300秒后下次检查...

✅ 检查完成 - 2026-03-09 19:47:58
⏳ 等待 300秒后下次检查...

✅ 检查完成 - 2026-03-09 19:52:58
⏳ 等待 300秒后下次检查...

✅ 检查完成 - 2026-03-09 19:57:58
⏳ 等待 300秒后下次检查...

✅ 检查完成 - 2026-03-09 20:02:58
⏳ 等待 300秒后下次检查...

✅ 检查完成 - 2026-03-09 20:07:58
⏳ 等待 300秒后下次检查...

✅ 检查完成 - 2026-03-09 20:12:58
⏳ 等待 300秒后下次检查...

✅ 检查完成 - 2026-03-09 20:17:58
⏳ 等待 300秒后下次检查...

✅ 检查完成 - 2026-03-09 20:22:58
⏳ 等待 300秒后下次检查...

✅ 检查完成 - 2026-03-09 20:27:58
⏳ 等待 300秒后下次检查...

✅ 检查完成 - 2026-03-09 20:32:58
⏳ 等待 300秒后下次检查...

✅ 检查完成 - 2026-03-09 20:37:58
⏳ 等待 300秒后下次检查...

✅ 检查完成 - 2026-03-09 20:42:58
⏳ 等待 300秒后下次检查...

✅ 检查完成 - 2026-03-09 20:47:58
⏳ 等待 300秒后下次检查...

✅ 检查完成 - 2026-03-09 20:52:58
⏳ 等待 300秒后下次检查...

✅ 检查完成 - 2026-03-09 20:57:58
⏳ 等待 300秒后下次检查...

✅ 检查完成 - 2026-03-09 21:02:58
⏳ 等待 300秒后下次检查...

✅ 检查完成 - 2026-03-09 21:07:58
⏳ 等待 300秒后下次检查...

✅ 检查完成 - 2026-03-09 21:12:58
⏳ 等待 300秒后下次检查...

✅ 检查完成 - 2026-03-09 21:17:58
⏳ 等待 300秒后下次检查...

✅ 检查完成 - 2026-03-09 21:22:58
⏳ 等待 300秒后下次检查...

✅ 检查完成 - 2026-03-09 21:27:58
⏳ 等待 300秒后下次检查...

✅ 检查完成 - 2026-03-09 21:32:58
⏳ 等待 300秒后下次检查...

✅ 检查完成 - 2026-03-09 21:37:58
⏳ 等待 300秒后下次检查...

✅ 检查完成 - 2026-03-09 21:42:58
⏳ 等待 300秒后下次检查...

✅ 检查完成 - 2026-03-09 21:47:58
⏳ 等待 300秒后下次检查...

✅ 检查完成 - 2026-03-09 21:52:58
⏳ 等待 300秒后下次检查...

✅ 检查完成 - 2026-03-09 21:57:58
⏳ 等待 300秒后下次检查...

✅ 检查完成 - 2026-03-09 22:02:58
⏳ 等待 300秒后下次检查...

✅ 检查完成 - 2026-03-09 22:07:58
⏳ 等待 300秒后下次检查...

✅ 检查完成 - 2026-03-09 22:12:58
⏳ 等待 300秒后下次检查...

✅ 检查完成 - 2026-03-09 22:17:58
⏳ 等待 300秒后下次检查...

✅ 检查完成 - 2026-03-09 22:22:58
⏳ 等待 300秒后下次检查...

✅ 检查完成 - 2026-03-09 22:27:58
⏳ 等待 300秒后下次检查...

✅ 检查完成 - 2026-03-09 22:32:58
⏳ 等待 300秒后下次检查...

✅ 检查完成 - 2026-03-09 22:37:58
⏳ 等待 300秒后下次检查...

✅ 检查完成 - 2026-03-09 22:42:58
⏳ 等待 300秒后下次检查...

✅ 检查完成 - 2026-03-09 22:47:58
⏳ 等待 300秒后下次检查...

✅ 检查完成 - 2026-03-09 22:52:58
⏳ 等待 300秒后下次检查...

✅ 检查完成 - 2026-03-09 22:57:58
⏳ 等待 300秒后下次检查...

✅ 检查完成 - 2026-03-09 23:02:58
⏳ 等待 300秒后下次检查...

✅ 检查完成 - 2026-03-09 23:07:58
⏳ 等待 300秒后下次检查...

✅ 检查完成 - 2026-03-09 23:12:58
⏳ 等待 300秒后下次检查...

✅ 检查完成 - 2026-03-09 23:17:58
⏳ 等待 300秒后下次检查...

✅ 检查完成 - 2026-03-09 23:22:58
⏳ 等待 300秒后下次检查...

✅ 检查完成 - 2026-03-09 23:27:58
⏳ 等待 300秒后下次检查...

✅ 检查完成 - 2026-03-09 23:32:58
⏳ 等待 300秒后下次检查...

✅ 检查完成 - 2026-03-09 23:37:58
⏳ 等待 300秒后下次检查...

✅ 检查完成 - 2026-03-09 23:42:58
⏳ 等待 300秒后下次检查...

✅ 检查完成 - 2026-03-09 23:47:58
⏳ 等待 300秒后下次检查...

✅ 检查完成 - 2026-03-09 23:52:58
⏳ 等待 300秒后下次检查...

✅ 检查完成 - 2026-03-09 23:57:58
⏳ 等待 300秒后下次检查...

✅ 检查完成 - 2026-03-10 00:02:58
⏳ 等待 300秒后下次检查...

✅ 检查完成 - 2026-03-10 00:07:58
⏳ 等待 300秒后下次检查...

✅ 检查完成 - 2026-03-10 00:12:58
⏳ 等待 300秒后下次检查...

✅ 检查完成 - 2026-03-10 00:17:58
⏳ 等待 300秒后下次检查...

✅ 检查完成 - 2026-03-10 00:22:58
⏳ 等待 300秒后下次检查...

✅ 检查完成 - 2026-03-10 00:27:58
⏳ 等待 300秒后下次检查...

✅ 检查完成 - 2026-03-10 00:32:58
⏳ 等待 300秒后下次检查...

✅ 检查完成 - 2026-03-10 00:37:58
⏳ 等待 300秒后下次检查...

✅ 检查完成 - 2026-03-10 00:42:58
⏳ 等待 300秒后下次检查...

✅ 检查完成 - 2026-03-10 00:47:58
⏳ 等待 300秒后下次检查...

✅ 检查完成 - 2026-03-10 00:52:58
⏳ 等待 300秒后下次检查...

✅ 检查完成 - 2026-03-10 00:57:58
⏳ 等待 300秒后下次检查...

✅ 检查完成 - 2026-03-10 01:02:58
⏳ 等待 300秒后下次检查...

✅ 检查完成 - 2026-03-10 01:07:58
⏳ 等待 300秒后下次检查...

✅ 检查完成 - 2026-03-10 01:12:58
⏳ 等待 300秒后下次检查...

✅ 检查完成 - 2026-03-10 01:17:58
⏳ 等待 300秒后下次检查...

✅ 检查完成 - 2026-03-10 01:22:58
⏳ 等待 300秒后下次检查...

✅ 检查完成 - 2026-03-10 01:27:58
⏳ 等待 300秒后下次检查...

✅ 检查完成 - 2026-03-10 01:32:58
⏳ 等待 300秒后下次检查...

✅ 检查完成 - 2026-03-10 01:37:58
⏳ 等待 300秒后下次检查...

✅ 检查完成 - 2026-03-10 01:42:58
⏳ 等待 300秒后下次检查...

✅ 检查完成 - 2026-03-10 01:47:58
⏳ 等待 300秒后下次检查...

✅ 检查完成 - 2026-03-10 01:52:58
⏳ 等待 300秒后下次检查...

✅ 检查完成 - 2026-03-10 01:57:58
⏳ 等待 300秒后下次检查...

✅ 检查完成 - 2026-03-10 02:02:58
⏳ 等待 300秒后下次检查...

✅ 检查完成 - 2026-03-10 02:07:58
⏳ 等待 300秒后下次检查...

✅ 检查完成 - 2026-03-10 02:12:58
⏳ 等待 300秒后下次检查...

✅ 检查完成 - 2026-03-10 02:17:58
⏳ 等待 300秒后下次检查...

✅ 检查完成 - 2026-03-10 02:22:58
⏳ 等待 300秒后下次检查...

✅ 检查完成 - 2026-03-10 02:27:58
⏳ 等待 300秒后下次检查...

✅ 检查完成 - 2026-03-10 02:32:58
⏳ 等待 300秒后下次检查...

✅ 检查完成 - 2026-03-10 02:37:58
⏳ 等待 300秒后下次检查...

✅ 检查完成 - 2026-03-10 02:42:58
⏳ 等待 300秒后下次检查...

✅ 检查完成 - 2026-03-10 02:47:58
⏳ 等待 300秒后下次检查...

✅ 检查完成 - 2026-03-10 02:52:58
⏳ 等待 300秒后下次检查...

✅ 检查完成 - 2026-03-10 02:57:58
⏳ 等待 300秒后下次检查...

✅ 检查完成 - 2026-03-10 03:02:58
⏳ 等待 300秒后下次检查...

✅ 检查完成 - 2026-03-10 03:07:58
⏳ 等待 300秒后下次检查...

✅ 检查完成 - 2026-03-10 03:12:58
⏳ 等待 300秒后下次检查...

✅ 检查完成 - 2026-03-10 03:17:58
⏳ 等待 300秒后下次检查...

✅ 检查完成 - 2026-03-10 03:22:58
⏳ 等待 300秒后下次检查...

✅ 检查完成 - 2026-03-10 03:27:58
⏳ 等待 300秒后下次检查...

✅ 检查完成 - 2026-03-10 03:32:58
⏳ 等待 300秒后下次检查...

✅ 检查完成 - 2026-03-10 03:37:58
⏳ 等待 300秒后下次检查...

✅ 检查完成 - 2026-03-10 03:42:58
⏳ 等待 300秒后下次检查...

✅ 检查完成 - 2026-03-10 03:47:58
⏳ 等待 300秒后下次检查...

✅ 检查完成 - 2026-03-10 03:52:58
⏳ 等待 300秒后下次检查...

✅ 检查完成 - 2026-03-10 03:57:58
⏳ 等待 300秒后下次检查...

✅ 检查完成 - 2026-03-10 04:02:58
⏳ 等待 300秒后下次检查...

✅ 检查完成 - 2026-03-10 04:07:58
⏳ 等待 300秒后下次检查...

✅ 检查完成 - 2026-03-10 04:12:58
⏳ 等待 300秒后下次检查...

✅ 检查完成 - 2026-03-10 04:17:58
⏳ 等待 300秒后下次检查...

✅ 检查完成 - 2026-03-10 04:22:58
⏳ 等待 300秒后下次检查...

✅ 检查完成 - 2026-03-10 04:27:58
⏳ 等待 300秒后下次检查...

✅ 检查完成 - 2026-03-10 04:32:58
⏳ 等待 300秒后下次检查...

✅ 检查完成 - 2026-03-10 04:37:58
⏳ 等待 300秒后下次检查...

✅ 检查完成 - 2026-03-10 04:42:58
⏳ 等待 300秒后下次检查...

✅ 检查完成 - 2026-03-10 04:47:58
⏳ 等待 300秒后下次检查...

✅ 检查完成 - 2026-03-10 04:52:58
⏳ 等待 300秒后下次检查...

✅ 检查完成 - 2026-03-10 04:57:58
⏳ 等待 300秒后下次检查...

✅ 检查完成 - 2026-03-10 05:02:58
⏳ 等待 300秒后下次检查...

✅ 检查完成 - 2026-03-10 05:07:58
⏳ 等待 300秒后下次检查...

✅ 检查完成 - 2026-03-10 05:12:58
⏳ 等待 300秒后下次检查...

✅ 检查完成 - 2026-03-10 05:17:58
⏳ 等待 300秒后下次检查...

✅ 检查完成 - 2026-03-10 05:22:58
⏳ 等待 300秒后下次检查...

✅ 检查完成 - 2026-03-10 05:27:58
⏳ 等待 300秒后下次检查...

✅ 检查完成 - 2026-03-10 05:32:58
⏳ 等待 300秒后下次检查...

✅ 检查完成 - 2026-03-10 05:37:58
⏳ 等待 300秒后下次检查...

✅ 检查完成 - 2026-03-10 05:42:58
⏳ 等待 300秒后下次检查...

✅ 检查完成 - 2026-03-10 05:47:58
⏳ 等待 300秒后下次检查...

✅ 检查完成 - 2026-03-10 05:52:58
⏳ 等待 300秒后下次检查...

✅ 检查完成 - 2026-03-10 05:57:58
⏳ 等待 300秒后下次检查...

✅ 检查完成 - 2026-03-10 06:02:58
⏳ 等待 300秒后下次检查...

✅ 检查完成 - 2026-03-10 06:07:58
⏳ 等待 300秒后下次检查...

✅ 检查完成 - 2026-03-10 06:12:58
⏳ 等待 300秒后下次检查...

✅ 检查完成 - 2026-03-10 06:17:58
⏳ 等待 300秒后下次检查...

✅ 检查完成 - 2026-03-10 06:22:58
⏳ 等待 300秒后下次检查...

✅ 检查完成 - 2026-03-10 06:27:58
⏳ 等待 300秒后下次检查...

✅ 检查完成 - 2026-03-10 06:32:58
⏳ 等待 300秒后下次检查...

✅ 检查完成 - 2026-03-10 06:37:58
⏳ 等待 300秒后下次检查...

✅ 检查完成 - 2026-03-10 06:42:58
⏳ 等待 300秒后下次检查...

✅ 检查完成 - 2026-03-10 06:47:58
⏳ 等待 300秒后下次检查...

✅ 检查完成 - 2026-03-10 06:52:58
⏳ 等待 300秒后下次检查...

✅ 检查完成 - 2026-03-10 06:57:58
⏳ 等待 300秒后下次检查...

✅ 检查完成 - 2026-03-10 07:02:58
⏳ 等待 300秒后下次检查...

✅ 检查完成 - 2026-03-10 07:07:58
⏳ 等待 300秒后下次检查...

✅ 检查完成 - 2026-03-10 07:12:58
⏳ 等待 300秒后下次检查...

✅ 检查完成 - 2026-03-10 07:17:58
⏳ 等待 300秒后下次检查...

✅ 检查完成 - 2026-03-10 07:22:58
⏳ 等待 300秒后下次检查...

✅ 检查完成 - 2026-03-10 07:27:58
⏳ 等待 300秒后下次检查...

✅ 检查完成 - 2026-03-10 07:32:58
⏳ 等待 300秒后下次检查...

✅ 检查完成 - 2026-03-10 07:37:58
⏳ 等待 300秒后下次检查...

✅ 检查完成 - 2026-03-10 07:42:58
⏳ 等待 300秒后下次检查...

✅ 检查完成 - 2026-03-10 07:47:58
⏳ 等待 300秒后下次检查...

✅ 检查完成 - 2026-03-10 07:52:58
⏳ 等待 300秒后下次检查...

✅ 检查完成 - 2026-03-10 07:57:58
⏳ 等待 300秒后下次检查...

✅ 检查完成 - 2026-03-10 08:02:58
⏳ 等待 300秒后下次检查...

✅ 检查完成 - 2026-03-10 08:07:58
⏳ 等待 300秒后下次检查...

✅ 检查完成 - 2026-03-10 08:12:58
⏳ 等待 300秒后下次检查...

✅ 检查完成 - 2026-03-10 08:17:58
⏳ 等待 300秒后下次检查...

✅ 检查完成 - 2026-03-10 08:22:58
⏳ 等待 300秒后下次检查...

✅ 检查完成 - 2026-03-10 08:27:58
⏳ 等待 300秒后下次检查...

✅ 检查完成 - 2026-03-10 08:32:58
⏳ 等待 300秒后下次检查...

✅ 检查完成 - 2026-03-10 08:37:58
⏳ 等待 300秒后下次检查...

✅ 检查完成 - 2026-03-10 08:42:58
⏳ 等待 300秒后下次检查...

✅ 检查完成 - 2026-03-10 08:47:58
⏳ 等待 300秒后下次检查...

✅ 检查完成 - 2026-03-10 08:52:58
⏳ 等待 300秒后下次检查...

✅ 检查完成 - 2026-03-10 08:57:58
⏳ 等待 300秒后下次检查...

✅ 检查完成 - 2026-03-10 09:02:58
⏳ 等待 300秒后下次检查...

✅ 检查完成 - 2026-03-10 09:07:58
⏳ 等待 300秒后下次检查...

✅ 检查完成 - 2026-03-10 09:12:58
⏳ 等待 300秒后下次检查...

✅ 检查完成 - 2026-03-10 09:17:58
⏳ 等待 300秒后下次检查...

✅ 检查完成 - 2026-03-10 09:22:58
⏳ 等待 300秒后下次检查...

✅ 检查完成 - 2026-03-10 09:27:58
⏳ 等待 300秒后下次检查...

✅ 检查完成 - 2026-03-10 09:32:58
⏳ 等待 300秒后下次检查...

✅ 检查完成 - 2026-03-10 09:37:58
⏳ 等待 300秒后下次检查...

✅ 检查完成 - 2026-03-10 09:42:58
⏳ 等待 300秒后下次检查...

✅ 检查完成 - 2026-03-10 09:47:58
⏳ 等待 300秒后下次检查...

✅ 检查完成 - 2026-03-10 09:52:58
⏳ 等待 300秒后下次检查...

✅ 检查完成 - 2026-03-10 09:57:58
⏳ 等待 300秒后下次检查...

✅ 检查完成 - 2026-03-10 10:02:58
⏳ 等待 300秒后下次检查...

✅ 检查完成 - 2026-03-10 10:07:58
⏳ 等待 300秒后下次检查...

✅ 检查完成 - 2026-03-10 10:12:58
⏳ 等待 300秒后下次检查...

✅ 检查完成 - 2026-03-10 10:17:58
⏳ 等待 300秒后下次检查...

✅ 检查完成 - 2026-03-10 10:22:58
⏳ 等待 300秒后下次检查...

✅ 检查完成 - 2026-03-10 10:27:58
⏳ 等待 300秒后下次检查...

✅ 检查完成 - 2026-03-10 10:32:58
⏳ 等待 300秒后下次检查...

✅ 检查完成 - 2026-03-10 10:37:58
⏳ 等待 300秒后下次检查...

✅ 检查完成 - 2026-03-10 10:42:58
⏳ 等待 300秒后下次检查...

✅ 检查完成 - 2026-03-10 10:47:58
⏳ 等待 300秒后下次检查...

✅ 检查完成 - 2026-03-10 10:52:58
⏳ 等待 300秒后下次检查...

✅ 检查完成 - 2026-03-10 10:57:58
⏳ 等待 300秒后下次检查...

✅ 检查完成 - 2026-03-10 11:02:58
⏳ 等待 300秒后下次检查...

✅ 检查完成 - 2026-03-10 11:07:58
⏳ 等待 300秒后下次检查...

✅ 检查完成 - 2026-03-10 11:12:58
⏳ 等待 300秒后下次检查...

✅ 检查完成 - 2026-03-10 11:17:58
⏳ 等待 300秒后下次检查...

✅ 检查完成 - 2026-03-10 11:22:58
⏳ 等待 300秒后下次检查...

✅ 检查完成 - 2026-03-10 11:27:58
⏳ 等待 300秒后下次检查...

✅ 检查完成 - 2026-03-10 11:32:58
⏳ 等待 300秒后下次检查...

✅ 检查完成 - 2026-03-10 11:37:58
⏳ 等待 300秒后下次检查...

✅ 检查完成 - 2026-03-10 11:42:58
⏳ 等待 300秒后下次检查...

✅ 检查完成 - 2026-03-10 11:47:58
⏳ 等待 300秒后下次检查...

✅ 检查完成 - 2026-03-10 11:52:58
⏳ 等待 300秒后下次检查...

✅ 检查完成 - 2026-03-10 11:57:58
⏳ 等待 300秒后下次检查...

✅ 检查完成 - 2026-03-10 12:02:58
⏳ 等待 300秒后下次检查...

✅ 检查完成 - 2026-03-10 12:07:58
⏳ 等待 300秒后下次检查...

✅ 检查完成 - 2026-03-10 12:12:58
⏳ 等待 300秒后下次检查...

✅ 检查完成 - 2026-03-10 12:17:58
⏳ 等待 300秒后下次检查...

✅ 检查完成 - 2026-03-10 12:22:58
⏳ 等待 300秒后下次检查...

✅ 检查完成 - 2026-03-10 12:27:58
⏳ 等待 300秒后下次检查...

✅ 检查完成 - 2026-03-10 12:32:58
⏳ 等待 300秒后下次检查...

✅ 检查完成 - 2026-03-10 12:37:58
⏳ 等待 300秒后下次检查...

✅ 检查完成 - 2026-03-10 12:42:58
⏳ 等待 300秒后下次检查...

✅ 检查完成 - 2026-03-10 12:47:58
⏳ 等待 300秒后下次检查...

✅ 检查完成 - 2026-03-10 12:52:58
⏳ 等待 300秒后下次检查...

✅ 检查完成 - 2026-03-10 12:57:58
⏳ 等待 300秒后下次检查...

✅ 检查完成 - 2026-03-10 13:02:58
⏳ 等待 300秒后下次检查...

✅ 检查完成 - 2026-03-10 13:07:58
⏳ 等待 300秒后下次检查...

✅ 检查完成 - 2026-03-10 13:12:58
⏳ 等待 300秒后下次检查...

✅ 检查完成 - 2026-03-10 13:17:58
⏳ 等待 300秒后下次检查...

✅ 检查完成 - 2026-03-10 13:22:58
⏳ 等待 300秒后下次检查...

✅ 检查完成 - 2026-03-10 13:27:58
⏳ 等待 300秒后下次检查...

✅ 检查完成 - 2026-03-10 13:32:58
⏳ 等待 300秒后下次检查...

✅ 检查完成 - 2026-03-10 13:37:58
⏳ 等待 300秒后下次检查...

✅ 检查完成 - 2026-03-10 13:42:58
⏳ 等待 300秒后下次检查...

✅ 检查完成 - 2026-03-10 13:47:58
⏳ 等待 300秒后下次检查...

✅ 检查完成 - 2026-03-10 13:52:58
⏳ 等待 300秒后下次检查...

✅ 检查完成 - 2026-03-10 13:57:58
⏳ 等待 300秒后下次检查...

✅ 检查完成 - 2026-03-10 14:02:58
⏳ 等待 300秒后下次检查...

✅ 检查完成 - 2026-03-10 14:07:58
⏳ 等待 300秒后下次检查...

✅ 检查完成 - 2026-03-10 14:12:58
⏳ 等待 300秒后下次检查...

✅ 检查完成 - 2026-03-10 14:17:58
⏳ 等待 300秒后下次检查...

✅ 检查完成 - 2026-03-10 14:22:58
⏳ 等待 300秒后下次检查...

✅ 检查完成 - 2026-03-10 14:27:58
⏳ 等待 300秒后下次检查...

✅ 检查完成 - 2026-03-10 14:32:58
⏳ 等待 300秒后下次检查...

✅ 检查完成 - 2026-03-10 14:37:58
⏳ 等待 300秒后下次检查...

✅ 检查完成 - 2026-03-10 14:42:58
⏳ 等待 300秒后下次检查...

✅ 检查完成 - 2026-03-10 14:47:58
⏳ 等待 300秒后下次检查...

✅ 检查完成 - 2026-03-10 14:52:58
⏳ 等待 300秒后下次检查...

✅ 检查完成 - 2026-03-10 14:57:58
⏳ 等待 300秒后下次检查...

✅ 检查完成 - 2026-03-10 15:02:58
⏳ 等待 300秒后下次检查...

✅ 检查完成 - 2026-03-10 15:07:58
⏳ 等待 300秒后下次检查...

✅ 检查完成 - 2026-03-10 15:12:58
⏳ 等待 300秒后下次检查...

✅ 检查完成 - 2026-03-10 15:17:58
⏳ 等待 300秒后下次检查...

✅ 检查完成 - 2026-03-10 15:22:58
⏳ 等待 300秒后下次检查...

✅ 检查完成 - 2026-03-10 15:27:58
⏳ 等待 300秒后下次检查...

✅ 检查完成 - 2026-03-10 15:32:58
⏳ 等待 300秒后下次检查...

✅ 检查完成 - 2026-03-10 15:37:58
⏳ 等待 300秒后下次检查...

✅ 检查完成 - 2026-03-10 15:42:58
⏳ 等待 300秒后下次检查...

✅ 检查完成 - 2026-03-10 15:47:58
⏳ 等待 300秒后下次检查...

✅ 检查完成 - 2026-03-10 15:52:58
⏳ 等待 300秒后下次检查...

✅ 检查完成 - 2026-03-10 15:57:58
⏳ 等待 300秒后下次检查...

✅ 检查完成 - 2026-03-10 16:02:58
⏳ 等待 300秒后下次检查...

✅ 检查完成 - 2026-03-10 16:07:58
⏳ 等待 300秒后下次检查...

✅ 检查完成 - 2026-03-10 16:12:58
⏳ 等待 300秒后下次检查...

✅ 检查完成 - 2026-03-10 16:17:58
⏳ 等待 300秒后下次检查...

✅ 检查完成 - 2026-03-10 16:22:58
⏳ 等待 300秒后下次检查...

✅ 检查完成 - 2026-03-10 16:27:58
⏳ 等待 300秒后下次检查...

✅ 检查完成 - 2026-03-10 16:32:58
⏳ 等待 300秒后下次检查...

✅ 检查完成 - 2026-03-10 16:37:58
⏳ 等待 300秒后下次检查...

✅ 检查完成 - 2026-03-10 16:42:58
⏳ 等待 300秒后下次检查...

✅ 检查完成 - 2026-03-10 16:47:58
⏳ 等待 300秒后下次检查...

✅ 检查完成 - 2026-03-10 16:52:58
⏳ 等待 300秒后下次检查...

✅ 检查完成 - 2026-03-10 16:57:58
⏳ 等待 300秒后下次检查...

✅ 检查完成 - 2026-03-10 17:02:58
⏳ 等待 300秒后下次检查...

✅ 检查完成 - 2026-03-10 17:07:58
⏳ 等待 300秒后下次检查...

✅ 检查完成 - 2026-03-10 17:12:58
⏳ 等待 300秒后下次检查...

✅ 检查完成 - 2026-03-10 17:17:58
⏳ 等待 300秒后下次检查...

✅ 检查完成 - 2026-03-10 17:22:58
⏳ 等待 300秒后下次检查...

✅ 检查完成 - 2026-03-10 17:27:58
⏳ 等待 300秒后下次检查...

✅ 检查完成 - 2026-03-10 17:32:58
⏳ 等待 300秒后下次检查...

✅ 检查完成 - 2026-03-10 17:37:58
⏳ 等待 300秒后下次检查...

✅ 检查完成 - 2026-03-10 17:42:58
⏳ 等待 300秒后下次检查...

✅ 检查完成 - 2026-03-10 17:47:58
⏳ 等待 300秒后下次检查...

✅ 检查完成 - 2026-03-10 17:52:58
⏳ 等待 300秒后下次检查...

✅ 检查完成 - 2026-03-10 17:57:58
⏳ 等待 300秒后下次检查...

✅ 检查完成 - 2026-03-10 18:02:58
⏳ 等待 300秒后下次检查...

✅ 检查完成 - 2026-03-10 18:07:58
⏳ 等待 300秒后下次检查...

✅ 检查完成 - 2026-03-10 18:12:58
⏳ 等待 300秒后下次检查...

✅ 检查完成 - 2026-03-10 18:17:58
⏳ 等待 300秒后下次检查...

✅ 检查完成 - 2026-03-10 18:22:58
⏳ 等待 300秒后下次检查...

✅ 检查完成 - 2026-03-10 18:27:58
⏳ 等待 300秒后下次检查...

✅ 检查完成 - 2026-03-10 18:32:58
⏳ 等待 300秒后下次检查...

✅ 检查完成 - 2026-03-10 18:37:58
⏳ 等待 300秒后下次检查...

✅ 检查完成 - 2026-03-10 18:42:58
⏳ 等待 300秒后下次检查...

✅ 检查完成 - 2026-03-10 18:47:58
⏳ 等待 300秒后下次检查...

✅ 检查完成 - 2026-03-10 18:52:58
⏳ 等待 300秒后下次检查...

✅ 检查完成 - 2026-03-10 18:57:58
⏳ 等待 300秒后下次检查...

✅ 检查完成 - 2026-03-10 19:02:58
⏳ 等待 300秒后下次检查...

✅ 检查完成 - 2026-03-10 19:07:58
⏳ 等待 300秒后下次检查...

✅ 检查完成 - 2026-03-10 19:12:58
⏳ 等待 300秒后下次检查...

✅ 检查完成 - 2026-03-10 19:17:58
⏳ 等待 300秒后下次检查...

✅ 检查完成 - 2026-03-10 19:22:58
⏳ 等待 300秒后下次检查...

✅ 检查完成 - 2026-03-10 19:27:58
⏳ 等待 300秒后下次检查...

✅ 检查完成 - 2026-03-10 19:32:58
⏳ 等待 300秒后下次检查...

✅ 检查完成 - 2026-03-10 19:37:58
⏳ 等待 300秒后下次检查...

✅ 检查完成 - 2026-03-10 19:42:58
⏳ 等待 300秒后下次检查...

✅ 检查完成 - 2026-03-10 19:47:58
⏳ 等待 300秒后下次检查...

✅ 检查完成 - 2026-03-10 19:52:58
⏳ 等待 300秒后下次检查...

✅ 检查完成 - 2026-03-10 19:57:58
⏳ 等待 300秒后下次检查...

✅ 检查完成 - 2026-03-10 20:02:58
⏳ 等待 300秒后下次检查...

✅ 检查完成 - 2026-03-10 20:07:58
⏳ 等待 300秒后下次检查...

✅ 检查完成 - 2026-03-10 20:12:58
⏳ 等待 300秒后下次检查...

✅ 检查完成 - 2026-03-10 20:17:58
⏳ 等待 300秒后下次检查...

✅ 检查完成 - 2026-03-10 20:22:58
⏳ 等待 300秒后下次检查...

✅ 检查完成 - 2026-03-10 20:27:58
⏳ 等待 300秒后下次检查...

✅ 检查完成 - 2026-03-10 20:32:58
⏳ 等待 300秒后下次检查...

✅ 检查完成 - 2026-03-10 20:37:58
⏳ 等待 300秒后下次检查...

✅ 检查完成 - 2026-03-10 20:42:58
⏳ 等待 300秒后下次检查...

✅ 检查完成 - 2026-03-10 20:47:58
⏳ 等待 300秒后下次检查...

✅ 检查完成 - 2026-03-10 20:52:58
⏳ 等待 300秒后下次检查...

✅ 检查完成 - 2026-03-10 20:57:58
⏳ 等待 300秒后下次检查...

✅ 检查完成 - 2026-03-10 21:02:58
⏳ 等待 300秒后下次检查...

✅ 检查完成 - 2026-03-10 21:07:58
⏳ 等待 300秒后下次检查...

✅ 检查完成 - 2026-03-10 21:12:58
⏳ 等待 300秒后下次检查...

✅ 检查完成 - 2026-03-10 21:17:58
⏳ 等待 300秒后下次检查...

✅ 检查完成 - 2026-03-10 21:22:58
⏳ 等待 300秒后下次检查...

✅ 检查完成 - 2026-03-10 21:27:58
⏳ 等待 300秒后下次检查...

✅ 检查完成 - 2026-03-10 21:32:58
⏳ 等待 300秒后下次检查...

✅ 检查完成 - 2026-03-10 21:37:58
⏳ 等待 300秒后下次检查...

✅ 检查完成 - 2026-03-10 21:42:58
⏳ 等待 300秒后下次检查...

✅ 检查完成 - 2026-03-10 21:47:58
⏳ 等待 300秒后下次检查...

✅ 检查完成 - 2026-03-10 21:52:58
⏳ 等待 300秒后下次检查...

✅ 检查完成 - 2026-03-10 21:57:58
⏳ 等待 300秒后下次检查...

✅ 检查完成 - 2026-03-10 22:02:58
⏳ 等待 300秒后下次检查...

✅ 检查完成 - 2026-03-10 22:07:58
⏳ 等待 300秒后下次检查...

✅ 检查完成 - 2026-03-10 22:12:58
⏳ 等待 300秒后下次检查...

✅ 检查完成 - 2026-03-10 22:17:58
⏳ 等待 300秒后下次检查...

✅ 检查完成 - 2026-03-10 22:22:58
⏳ 等待 300秒后下次检查...

✅ 检查完成 - 2026-03-10 22:27:58
⏳ 等待 300秒后下次检查...

✅ 检查完成 - 2026-03-10 22:32:58
⏳ 等待 300秒后下次检查...

✅ 检查完成 - 2026-03-10 22:37:58
⏳ 等待 300秒后下次检查...

✅ 检查完成 - 2026-03-10 22:42:58
⏳ 等待 300秒后下次检查...

✅ 检查完成 - 2026-03-10 22:47:58
⏳ 等待 300秒后下次检查...

✅ 检查完成 - 2026-03-10 22:52:58
⏳ 等待 300秒后下次检查...

✅ 检查完成 - 2026-03-10 22:57:58
⏳ 等待 300秒后下次检查...

✅ 检查完成 - 2026-03-10 23:02:58
⏳ 等待 300秒后下次检查...

✅ 检查完成 - 2026-03-10 23:07:58
⏳ 等待 300秒后下次检查...

✅ 检查完成 - 2026-03-10 23:12:58
⏳ 等待 300秒后下次检查...

✅ 检查完成 - 2026-03-10 23:17:58
⏳ 等待 300秒后下次检查...

✅ 检查完成 - 2026-03-10 23:22:58
⏳ 等待 300秒后下次检查...

✅ 检查完成 - 2026-03-10 23:27:58
⏳ 等待 300秒后下次检查...

✅ 检查完成 - 2026-03-10 23:32:58
⏳ 等待 300秒后下次检查...

✅ 检查完成 - 2026-03-10 23:37:58
⏳ 等待 300秒后下次检查...

✅ 检查完成 - 2026-03-10 23:42:58
⏳ 等待 300秒后下次检查...

✅ 检查完成 - 2026-03-10 23:47:58
⏳ 等待 300秒后下次检查...

✅ 检查完成 - 2026-03-10 23:52:58
⏳ 等待 300秒后下次检查...

✅ 检查完成 - 2026-03-10 23:57:58
⏳ 等待 300秒后下次检查...

✅ 检查完成 - 2026-03-11 00:02:58
⏳ 等待 300秒后下次检查...

✅ 检查完成 - 2026-03-11 00:07:58
⏳ 等待 300秒后下次检查...

✅ 检查完成 - 2026-03-11 00:12:58
⏳ 等待 300秒后下次检查...

✅ 检查完成 - 2026-03-11 00:17:58
⏳ 等待 300秒后下次检查...

✅ 检查完成 - 2026-03-11 00:22:58
⏳ 等待 300秒后下次检查...

✅ 检查完成 - 2026-03-11 00:27:58
⏳ 等待 300秒后下次检查...

✅ 检查完成 - 2026-03-11 00:32:58
⏳ 等待 300秒后下次检查...

✅ 检查完成 - 2026-03-11 00:37:58
⏳ 等待 300秒后下次检查...

✅ 检查完成 - 2026-03-11 00:42:58
⏳ 等待 300秒后下次检查...

✅ 检查完成 - 2026-03-11 00:47:58
⏳ 等待 300秒后下次检查...

✅ 检查完成 - 2026-03-11 00:52:58
⏳ 等待 300秒后下次检查...

✅ 检查完成 - 2026-03-11 00:57:58
⏳ 等待 300秒后下次检查...

✅ 检查完成 - 2026-03-11 01:02:58
⏳ 等待 300秒后下次检查...

✅ 检查完成 - 2026-03-11 01:07:58
⏳ 等待 300秒后下次检查...

✅ 检查完成 - 2026-03-11 01:12:58
⏳ 等待 300秒后下次检查...

✅ 检查完成 - 2026-03-11 01:17:58
⏳ 等待 300秒后下次检查...

✅ 检查完成 - 2026-03-11 01:22:58
⏳ 等待 300秒后下次检查...

✅ 检查完成 - 2026-03-11 01:27:58
⏳ 等待 300秒后下次检查...

✅ 检查完成 - 2026-03-11 01:32:58
⏳ 等待 300秒后下次检查...

✅ 检查完成 - 2026-03-11 01:37:58
⏳ 等待 300秒后下次检查...

✅ 检查完成 - 2026-03-11 01:42:58
⏳ 等待 300秒后下次检查...

✅ 检查完成 - 2026-03-11 01:47:58
⏳ 等待 300秒后下次检查...

✅ 检查完成 - 2026-03-11 01:52:58
⏳ 等待 300秒后下次检查...

✅ 检查完成 - 2026-03-11 01:57:58
⏳ 等待 300秒后下次检查...

✅ 检查完成 - 2026-03-11 02:02:58
⏳ 等待 300秒后下次检查...

✅ 检查完成 - 2026-03-11 02:07:58
⏳ 等待 300秒后下次检查...

✅ 检查完成 - 2026-03-11 02:12:58
⏳ 等待 300秒后下次检查...

✅ 检查完成 - 2026-03-11 02:17:58
⏳ 等待 300秒后下次检查...

✅ 检查完成 - 2026-03-11 02:22:58
⏳ 等待 300秒后下次检查...

✅ 检查完成 - 2026-03-11 02:27:58
⏳ 等待 300秒后下次检查...

✅ 检查完成 - 2026-03-11 02:32:58
⏳ 等待 300秒后下次检查...

✅ 检查完成 - 2026-03-11 02:37:58
⏳ 等待 300秒后下次检查...

✅ 检查完成 - 2026-03-11 02:42:58
⏳ 等待 300秒后下次检查...

✅ 检查完成 - 2026-03-11 02:47:58
⏳ 等待 300秒后下次检查...

✅ 检查完成 - 2026-03-11 02:52:58
⏳ 等待 300秒后下次检查...

✅ 检查完成 - 2026-03-11 02:57:58
⏳ 等待 300秒后下次检查...

✅ 检查完成 - 2026-03-11 03:02:58
⏳ 等待 300秒后下次检查...

✅ 检查完成 - 2026-03-11 03:07:58
⏳ 等待 300秒后下次检查...

✅ 检查完成 - 2026-03-11 03:12:58
⏳ 等待 300秒后下次检查...

✅ 检查完成 - 2026-03-11 03:17:58
⏳ 等待 300秒后下次检查...

✅ 检查完成 - 2026-03-11 03:22:58
⏳ 等待 300秒后下次检查...

✅ 检查完成 - 2026-03-11 03:27:58
⏳ 等待 300秒后下次检查...

✅ 检查完成 - 2026-03-11 03:32:58
⏳ 等待 300秒后下次检查...

✅ 检查完成 - 2026-03-11 03:37:58
⏳ 等待 300秒后下次检查...

✅ 检查完成 - 2026-03-11 03:42:58
⏳ 等待 300秒后下次检查...

✅ 检查完成 - 2026-03-11 03:47:58
⏳ 等待 300秒后下次检查...

✅ 检查完成 - 2026-03-11 03:52:58
⏳ 等待 300秒后下次检查...

✅ 检查完成 - 2026-03-11 03:57:58
⏳ 等待 300秒后下次检查...

✅ 检查完成 - 2026-03-11 04:02:58
⏳ 等待 300秒后下次检查...

✅ 检查完成 - 2026-03-11 04:07:58
⏳ 等待 300秒后下次检查...

✅ 检查完成 - 2026-03-11 04:12:58
⏳ 等待 300秒后下次检查...

✅ 检查完成 - 2026-03-11 04:17:58
⏳ 等待 300秒后下次检查...

✅ 检查完成 - 2026-03-11 04:22:58
⏳ 等待 300秒后下次检查...

✅ 检查完成 - 2026-03-11 04:27:58
⏳ 等待 300秒后下次检查...

✅ 检查完成 - 2026-03-11 04:32:58
⏳ 等待 300秒后下次检查...

✅ 检查完成 - 2026-03-11 04:37:58
⏳ 等待 300秒后下次检查...

✅ 检查完成 - 2026-03-11 04:42:58
⏳ 等待 300秒后下次检查...

✅ 检查完成 - 2026-03-11 04:47:58
⏳ 等待 300秒后下次检查...

✅ 检查完成 - 2026-03-11 04:52:58
⏳ 等待 300秒后下次检查...

✅ 检查完成 - 2026-03-11 04:57:58
⏳ 等待 300秒后下次检查...

✅ 检查完成 - 2026-03-11 05:02:58
⏳ 等待 300秒后下次检查...

✅ 检查完成 - 2026-03-11 05:07:58
⏳ 等待 300秒后下次检查...

✅ 检查完成 - 2026-03-11 05:12:58
⏳ 等待 300秒后下次检查...

✅ 检查完成 - 2026-03-11 05:17:58
⏳ 等待 300秒后下次检查...

✅ 检查完成 - 2026-03-11 05:22:58
⏳ 等待 300秒后下次检查...

✅ 检查完成 - 2026-03-11 05:27:58
⏳ 等待 300秒后下次检查...

✅ 检查完成 - 2026-03-11 05:32:58
⏳ 等待 300秒后下次检查...

✅ 检查完成 - 2026-03-11 05:37:58
⏳ 等待 300秒后下次检查...

✅ 检查完成 - 2026-03-11 05:42:58
⏳ 等待 300秒后下次检查...

✅ 检查完成 - 2026-03-11 05:47:58
⏳ 等待 300秒后下次检查...

✅ 检查完成 - 2026-03-11 05:52:58
⏳ 等待 300秒后下次检查...

✅ 检查完成 - 2026-03-11 05:57:58
⏳ 等待 300秒后下次检查...

✅ 检查完成 - 2026-03-11 06:02:58
⏳ 等待 300秒后下次检查...

✅ 检查完成 - 2026-03-11 06:07:58
⏳ 等待 300秒后下次检查...

✅ 检查完成 - 2026-03-11 06:12:58
⏳ 等待 300秒后下次检查...

✅ 检查完成 - 2026-03-11 06:17:58
⏳ 等待 300秒后下次检查...

✅ 检查完成 - 2026-03-11 06:22:58
⏳ 等待 300秒后下次检查...

✅ 检查完成 - 2026-03-11 06:27:58
⏳ 等待 300秒后下次检查...

✅ 检查完成 - 2026-03-11 06:32:58
⏳ 等待 300秒后下次检查...

✅ 检查完成 - 2026-03-11 06:37:58
⏳ 等待 300秒后下次检查...

✅ 检查完成 - 2026-03-11 06:42:58
⏳ 等待 300秒后下次检查...

✅ 检查完成 - 2026-03-11 06:47:58
⏳ 等待 300秒后下次检查...

✅ 检查完成 - 2026-03-11 06:52:58
⏳ 等待 300秒后下次检查...

✅ 检查完成 - 2026-03-11 06:57:58
⏳ 等待 300秒后下次检查...

✅ 检查完成 - 2026-03-11 07:02:58
⏳ 等待 300秒后下次检查...

✅ 检查完成 - 2026-03-11 07:07:59
⏳ 等待 300秒后下次检查...

✅ 检查完成 - 2026-03-11 07:12:59
⏳ 等待 300秒后下次检查...

✅ 检查完成 - 2026-03-11 07:17:59
⏳ 等待 300秒后下次检查...

✅ 检查完成 - 2026-03-11 07:22:59
⏳ 等待 300秒后下次检查...

✅ 检查完成 - 2026-03-11 07:27:59
⏳ 等待 300秒后下次检查...

✅ 检查完成 - 2026-03-11 07:32:59
⏳ 等待 300秒后下次检查...

✅ 检查完成 - 2026-03-11 07:37:59
⏳ 等待 300秒后下次检查...

✅ 检查完成 - 2026-03-11 07:42:59
⏳ 等待 300秒后下次检查...

✅ 检查完成 - 2026-03-11 07:47:59
⏳ 等待 300秒后下次检查...

✅ 检查完成 - 2026-03-11 07:52:59
⏳ 等待 300秒后下次检查...

✅ 检查完成 - 2026-03-11 07:57:59
⏳ 等待 300秒后下次检查...

✅ 检查完成 - 2026-03-11 08:02:59
⏳ 等待 300秒后下次检查...

✅ 检查完成 - 2026-03-11 08:07:59
⏳ 等待 300秒后下次检查...

✅ 检查完成 - 2026-03-11 08:12:59
⏳ 等待 300秒后下次检查...

✅ 检查完成 - 2026-03-11 08:17:59
⏳ 等待 300秒后下次检查...

✅ 检查完成 - 2026-03-11 08:22:59
⏳ 等待 300秒后下次检查...

✅ 检查完成 - 2026-03-11 08:27:59
⏳ 等待 300秒后下次检查...

✅ 检查完成 - 2026-03-11 08:32:59
⏳ 等待 300秒后下次检查...

✅ 检查完成 - 2026-03-11 08:37:59
⏳ 等待 300秒后下次检查...

✅ 检查完成 - 2026-03-11 08:42:59
⏳ 等待 300秒后下次检查...

✅ 检查完成 - 2026-03-11 08:47:59
⏳ 等待 300秒后下次检查...

✅ 检查完成 - 2026-03-11 08:52:59
⏳ 等待 300秒后下次检查...

✅ 检查完成 - 2026-03-11 08:57:59
⏳ 等待 300秒后下次检查...

✅ 检查完成 - 2026-03-11 09:02:59
⏳ 等待 300秒后下次检查...

✅ 检查完成 - 2026-03-11 09:07:59
⏳ 等待 300秒后下次检查...

✅ 检查完成 - 2026-03-11 09:12:59
⏳ 等待 300秒后下次检查...

✅ 检查完成 - 2026-03-11 09:17:59
⏳ 等待 300秒后下次检查...

✅ 检查完成 - 2026-03-11 09:22:59
⏳ 等待 300秒后下次检查...

✅ 检查完成 - 2026-03-11 09:27:59
⏳ 等待 300秒后下次检查...

✅ 检查完成 - 2026-03-11 09:32:59
⏳ 等待 300秒后下次检查...

✅ 检查完成 - 2026-03-11 09:37:59
⏳ 等待 300秒后下次检查...

✅ 检查完成 - 2026-03-11 09:42:59
⏳ 等待 300秒后下次检查...

✅ 检查完成 - 2026-03-11 09:47:59
⏳ 等待 300秒后下次检查...

✅ 检查完成 - 2026-03-11 09:52:59
⏳ 等待 300秒后下次检查...

✅ 检查完成 - 2026-03-11 09:57:59
⏳ 等待 300秒后下次检查...

✅ 检查完成 - 2026-03-11 10:02:59
⏳ 等待 300秒后下次检查...

✅ 检查完成 - 2026-03-11 10:07:59
⏳ 等待 300秒后下次检查...

✅ 检查完成 - 2026-03-11 10:12:59
⏳ 等待 300秒后下次检查...

✅ 检查完成 - 2026-03-11 10:17:59
⏳ 等待 300秒后下次检查...

✅ 检查完成 - 2026-03-11 10:22:59
⏳ 等待 300秒后下次检查...

✅ 检查完成 - 2026-03-11 10:27:59
⏳ 等待 300秒后下次检查...

✅ 检查完成 - 2026-03-11 10:32:59
⏳ 等待 300秒后下次检查...

✅ 检查完成 - 2026-03-11 10:37:59
⏳ 等待 300秒后下次检查...

✅ 检查完成 - 2026-03-11 10:42:59
⏳ 等待 300秒后下次检查...

✅ 检查完成 - 2026-03-11 10:47:59
⏳ 等待 300秒后下次检查...

✅ 检查完成 - 2026-03-11 10:52:59
⏳ 等待 300秒后下次检查...

✅ 检查完成 - 2026-03-11 10:57:59
⏳ 等待 300秒后下次检查...

✅ 检查完成 - 2026-03-11 11:02:59
⏳ 等待 300秒后下次检查...

✅ 检查完成 - 2026-03-11 11:07:59
⏳ 等待 300秒后下次检查...

✅ 检查完成 - 2026-03-11 11:12:59
⏳ 等待 300秒后下次检查...

✅ 检查完成 - 2026-03-11 11:17:59
⏳ 等待 300秒后下次检查...

✅ 检查完成 - 2026-03-11 11:22:59
⏳ 等待 300秒后下次检查...

✅ 检查完成 - 2026-03-11 11:27:59
⏳ 等待 300秒后下次检查...

✅ 检查完成 - 2026-03-11 11:32:59
⏳ 等待 300秒后下次检查...

✅ 检查完成 - 2026-03-11 11:37:59
⏳ 等待 300秒后下次检查...

✅ 检查完成 - 2026-03-11 11:42:59
⏳ 等待 300秒后下次检查...

✅ 检查完成 - 2026-03-11 11:47:59
⏳ 等待 300秒后下次检查...

✅ 检查完成 - 2026-03-11 11:52:59
⏳ 等待 300秒后下次检查...

✅ 检查完成 - 2026-03-11 11:57:59
⏳ 等待 300秒后下次检查...

✅ 检查完成 - 2026-03-11 12:02:59
⏳ 等待 300秒后下次检查...

✅ 检查完成 - 2026-03-11 12:07:59
⏳ 等待 300秒后下次检查...

✅ 检查完成 - 2026-03-11 12:12:59
⏳ 等待 300秒后下次检查...

✅ 检查完成 - 2026-03-11 12:17:59
⏳ 等待 300秒后下次检查...

✅ 检查完成 - 2026-03-11 12:22:59
⏳ 等待 300秒后下次检查...

✅ 检查完成 - 2026-03-11 12:27:59
⏳ 等待 300秒后下次检查...

✅ 检查完成 - 2026-03-11 12:32:59
⏳ 等待 300秒后下次检查...

✅ 检查完成 - 2026-03-11 12:37:59
⏳ 等待 300秒后下次检查...

✅ 检查完成 - 2026-03-11 12:42:59
⏳ 等待 300秒后下次检查...

✅ 检查完成 - 2026-03-11 12:47:59
⏳ 等待 300秒后下次检查...

✅ 检查完成 - 2026-03-11 12:52:59
⏳ 等待 300秒后下次检查...

✅ 检查完成 - 2026-03-11 12:57:59
⏳ 等待 300秒后下次检查...

✅ 检查完成 - 2026-03-11 13:02:59
⏳ 等待 300秒后下次检查...

✅ 检查完成 - 2026-03-11 13:07:59
⏳ 等待 300秒后下次检查...

✅ 检查完成 - 2026-03-11 13:12:59
⏳ 等待 300秒后下次检查...

✅ 检查完成 - 2026-03-11 13:17:59
⏳ 等待 300秒后下次检查...

✅ 检查完成 - 2026-03-11 13:22:59
⏳ 等待 300秒后下次检查...

✅ 检查完成 - 2026-03-11 13:27:59
⏳ 等待 300秒后下次检查...

✅ 检查完成 - 2026-03-11 13:32:59
⏳ 等待 300秒后下次检查...

✅ 检查完成 - 2026-03-11 13:37:59
⏳ 等待 300秒后下次检查...

✅ 检查完成 - 2026-03-11 13:42:59
⏳ 等待 300秒后下次检查...

✅ 检查完成 - 2026-03-11 13:47:59
⏳ 等待 300秒后下次检查...

✅ 检查完成 - 2026-03-11 13:52:59
⏳ 等待 300秒后下次检查...

✅ 检查完成 - 2026-03-11 13:57:59
⏳ 等待 300秒后下次检查...

✅ 检查完成 - 2026-03-11 14:02:59
⏳ 等待 300秒后下次检查...

✅ 检查完成 - 2026-03-11 14:07:59
⏳ 等待 300秒后下次检查...

✅ 检查完成 - 2026-03-11 14:12:59
⏳ 等待 300秒后下次检查...

✅ 检查完成 - 2026-03-11 14:17:59
⏳ 等待 300秒后下次检查...

✅ 检查完成 - 2026-03-11 14:22:59
⏳ 等待 300秒后下次检查...

✅ 检查完成 - 2026-03-11 14:27:59
⏳ 等待 300秒后下次检查...

✅ 检查完成 - 2026-03-11 14:32:59
⏳ 等待 300秒后下次检查...

✅ 检查完成 - 2026-03-11 14:37:59
⏳ 等待 300秒后下次检查...

✅ 检查完成 - 2026-03-11 14:42:59
⏳ 等待 300秒后下次检查...

✅ 检查完成 - 2026-03-11 14:47:59
⏳ 等待 300秒后下次检查...

✅ 检查完成 - 2026-03-11 14:52:59
⏳ 等待 300秒后下次检查...

✅ 检查完成 - 2026-03-11 14:57:59
⏳ 等待 300秒后下次检查...

✅ 检查完成 - 2026-03-11 15:02:59
⏳ 等待 300秒后下次检查...

✅ 检查完成 - 2026-03-11 15:07:59
⏳ 等待 300秒后下次检查...

✅ 检查完成 - 2026-03-11 15:12:59
⏳ 等待 300秒后下次检查...

✅ 检查完成 - 2026-03-11 15:17:59
⏳ 等待 300秒后下次检查...

✅ 检查完成 - 2026-03-11 15:22:59
⏳ 等待 300秒后下次检查...

✅ 检查完成 - 2026-03-11 15:27:59
⏳ 等待 300秒后下次检查...

✅ 检查完成 - 2026-03-11 15:32:59
⏳ 等待 300秒后下次检查...

✅ 检查完成 - 2026-03-11 15:37:59
⏳ 等待 300秒后下次检查...

✅ 检查完成 - 2026-03-11 15:42:59
⏳ 等待 300秒后下次检查...

✅ 检查完成 - 2026-03-11 15:47:59
⏳ 等待 300秒后下次检查...

✅ 检查完成 - 2026-03-11 15:52:59
⏳ 等待 300秒后下次检查...

✅ 检查完成 - 2026-03-11 15:57:59
⏳ 等待 300秒后下次检查...

✅ 检查完成 - 2026-03-11 16:02:59
⏳ 等待 300秒后下次检查...

✅ 检查完成 - 2026-03-11 16:07:59
⏳ 等待 300秒后下次检查...

✅ 检查完成 - 2026-03-11 16:12:59
⏳ 等待 300秒后下次检查...

✅ 检查完成 - 2026-03-11 16:17:59
⏳ 等待 300秒后下次检查...

✅ 检查完成 - 2026-03-11 16:22:59
⏳ 等待 300秒后下次检查...

✅ 检查完成 - 2026-03-11 16:27:59
⏳ 等待 300秒后下次检查...

✅ 检查完成 - 2026-03-11 16:32:59
⏳ 等待 300秒后下次检查...

✅ 检查完成 - 2026-03-11 16:37:59
⏳ 等待 300秒后下次检查...

✅ 检查完成 - 2026-03-11 16:42:59
⏳ 等待 300秒后下次检查...

✅ 检查完成 - 2026-03-11 16:47:59
⏳ 等待 300秒后下次检查...

✅ 检查完成 - 2026-03-11 16:52:59
⏳ 等待 300秒后下次检查...

✅ 检查完成 - 2026-03-11 16:57:59
⏳ 等待 300秒后下次检查...

✅ 检查完成 - 2026-03-11 17:02:59
⏳ 等待 300秒后下次检查...

✅ 检查完成 - 2026-03-11 17:07:59
⏳ 等待 300秒后下次检查...

✅ 检查完成 - 2026-03-11 17:12:59
⏳ 等待 300秒后下次检查...

✅ 检查完成 - 2026-03-11 17:17:59
⏳ 等待 300秒后下次检查...

✅ 检查完成 - 2026-03-11 17:22:59
⏳ 等待 300秒后下次检查...

✅ 检查完成 - 2026-03-11 17:27:59
⏳ 等待 300秒后下次检查...

✅ 检查完成 - 2026-03-11 17:32:59
⏳ 等待 300秒后下次检查...

✅ 检查完成 - 2026-03-11 17:37:59
⏳ 等待 300秒后下次检查...

✅ 检查完成 - 2026-03-11 17:42:59
⏳ 等待 300秒后下次检查...

✅ 检查完成 - 2026-03-11 17:47:59
⏳ 等待 300秒后下次检查...

✅ 检查完成 - 2026-03-11 17:52:59
⏳ 等待 300秒后下次检查...

✅ 检查完成 - 2026-03-11 17:57:59
⏳ 等待 300秒后下次检查...

✅ 检查完成 - 2026-03-11 18:02:59
⏳ 等待 300秒后下次检查...

✅ 检查完成 - 2026-03-11 18:07:59
⏳ 等待 300秒后下次检查...

✅ 检查完成 - 2026-03-11 18:12:59
⏳ 等待 300秒后下次检查...

✅ 检查完成 - 2026-03-11 18:17:59
⏳ 等待 300秒后下次检查...

✅ 检查完成 - 2026-03-11 18:22:59
⏳ 等待 300秒后下次检查...

✅ 检查完成 - 2026-03-11 18:27:59
⏳ 等待 300秒后下次检查...

✅ 检查完成 - 2026-03-11 18:32:59
⏳ 等待 300秒后下次检查...

✅ 检查完成 - 2026-03-11 18:37:59
⏳ 等待 300秒后下次检查...

✅ 检查完成 - 2026-03-11 18:42:59
⏳ 等待 300秒后下次检查...

✅ 检查完成 - 2026-03-11 18:47:59
⏳ 等待 300秒后下次检查...

✅ 检查完成 - 2026-03-11 18:52:59
⏳ 等待 300秒后下次检查...

✅ 检查完成 - 2026-03-11 18:57:59
⏳ 等待 300秒后下次检查...

✅ 检查完成 - 2026-03-11 19:02:59
⏳ 等待 300秒后下次检查...

✅ 检查完成 - 2026-03-11 19:07:59
⏳ 等待 300秒后下次检查...

✅ 检查完成 - 2026-03-11 19:12:59
⏳ 等待 300秒后下次检查...

✅ 检查完成 - 2026-03-11 19:17:59
⏳ 等待 300秒后下次检查...

✅ 检查完成 - 2026-03-11 19:22:59
⏳ 等待 300秒后下次检查...

✅ 检查完成 - 2026-03-11 19:27:59
⏳ 等待 300秒后下次检查...

✅ 检查完成 - 2026-03-11 19:32:59
⏳ 等待 300秒后下次检查...

✅ 检查完成 - 2026-03-11 19:37:59
⏳ 等待 300秒后下次检查...

✅ 检查完成 - 2026-03-11 19:42:59
⏳ 等待 300秒后下次检查...

✅ 检查完成 - 2026-03-11 19:47:59
⏳ 等待 300秒后下次检查...

✅ 检查完成 - 2026-03-11 19:52:59
⏳ 等待 300秒后下次检查...

✅ 检查完成 - 2026-03-11 19:57:59
⏳ 等待 300秒后下次检查...

✅ 检查完成 - 2026-03-11 20:02:59
⏳ 等待 300秒后下次检查...

✅ 检查完成 - 2026-03-11 20:07:59
⏳ 等待 300秒后下次检查...

✅ 检查完成 - 2026-03-11 20:12:59
⏳ 等待 300秒后下次检查...

✅ 检查完成 - 2026-03-11 20:17:59
⏳ 等待 300秒后下次检查...

✅ 检查完成 - 2026-03-11 20:22:59
⏳ 等待 300秒后下次检查...

✅ 检查完成 - 2026-03-11 20:27:59
⏳ 等待 300秒后下次检查...

✅ 检查完成 - 2026-03-11 20:32:59
⏳ 等待 300秒后下次检查...

✅ 检查完成 - 2026-03-11 20:37:59
⏳ 等待 300秒后下次检查...

✅ 检查完成 - 2026-03-11 20:42:59
⏳ 等待 300秒后下次检查...

✅ 检查完成 - 2026-03-11 20:47:59
⏳ 等待 300秒后下次检查...

✅ 检查完成 - 2026-03-11 20:52:59
⏳ 等待 300秒后下次检查...

✅ 检查完成 - 2026-03-11 20:57:59
⏳ 等待 300秒后下次检查...

✅ 检查完成 - 2026-03-11 21:02:59
⏳ 等待 300秒后下次检查...

✅ 检查完成 - 2026-03-11 21:07:59
⏳ 等待 300秒后下次检查...

✅ 检查完成 - 2026-03-11 21:12:59
⏳ 等待 300秒后下次检查...

✅ 检查完成 - 2026-03-11 21:17:59
⏳ 等待 300秒后下次检查...

✅ 检查完成 - 2026-03-11 21:22:59
⏳ 等待 300秒后下次检查...

✅ 检查完成 - 2026-03-11 21:27:59
⏳ 等待 300秒后下次检查...

✅ 检查完成 - 2026-03-11 21:32:59
⏳ 等待 300秒后下次检查...

✅ 检查完成 - 2026-03-11 21:37:59
⏳ 等待 300秒后下次检查...

✅ 检查完成 - 2026-03-11 21:42:59
⏳ 等待 300秒后下次检查...

✅ 检查完成 - 2026-03-11 21:47:59
⏳ 等待 300秒后下次检查...

✅ 检查完成 - 2026-03-11 21:52:59
⏳ 等待 300秒后下次检查...

✅ 检查完成 - 2026-03-11 21:57:59
⏳ 等待 300秒后下次检查...

✅ 检查完成 - 2026-03-11 22:02:59
⏳ 等待 300秒后下次检查...

✅ 检查完成 - 2026-03-11 22:07:59
⏳ 等待 300秒后下次检查...

✅ 检查完成 - 2026-03-11 22:12:59
⏳ 等待 300秒后下次检查...

✅ 检查完成 - 2026-03-11 22:17:59
⏳ 等待 300秒后下次检查...

✅ 检查完成 - 2026-03-11 22:22:59
⏳ 等待 300秒后下次检查...

✅ 检查完成 - 2026-03-11 22:27:59
⏳ 等待 300秒后下次检查...

✅ 检查完成 - 2026-03-11 22:32:59
⏳ 等待 300秒后下次检查...

✅ 检查完成 - 2026-03-11 22:37:59
⏳ 等待 300秒后下次检查...

✅ 检查完成 - 2026-03-11 22:42:59
⏳ 等待 300秒后下次检查...

✅ 检查完成 - 2026-03-11 22:47:59
⏳ 等待 300秒后下次检查...

✅ 检查完成 - 2026-03-11 22:52:59
⏳ 等待 300秒后下次检查...

✅ 检查完成 - 2026-03-11 22:57:59
⏳ 等待 300秒后下次检查...

✅ 检查完成 - 2026-03-11 23:02:59
⏳ 等待 300秒后下次检查...

✅ 检查完成 - 2026-03-11 23:07:59
⏳ 等待 300秒后下次检查...

✅ 检查完成 - 2026-03-11 23:12:59
⏳ 等待 300秒后下次检查...

✅ 检查完成 - 2026-03-11 23:17:59
⏳ 等待 300秒后下次检查...

✅ 检查完成 - 2026-03-11 23:22:59
⏳ 等待 300秒后下次检查...

✅ 检查完成 - 2026-03-11 23:27:59
⏳ 等待 300秒后下次检查...

✅ 检查完成 - 2026-03-11 23:32:59
⏳ 等待 300秒后下次检查...

✅ 检查完成 - 2026-03-11 23:37:59
⏳ 等待 300秒后下次检查...

✅ 检查完成 - 2026-03-11 23:42:59
⏳ 等待 300秒后下次检查...

✅ 检查完成 - 2026-03-11 23:47:59
⏳ 等待 300秒后下次检查...

✅ 检查完成 - 2026-03-11 23:52:59
⏳ 等待 300秒后下次检查...

✅ 检查完成 - 2026-03-11 23:57:59
⏳ 等待 300秒后下次检查...

✅ 检查完成 - 2026-03-12 00:02:59
⏳ 等待 300秒后下次检查...

✅ 检查完成 - 2026-03-12 00:07:59
⏳ 等待 300秒后下次检查...

✅ 检查完成 - 2026-03-12 00:12:59
⏳ 等待 300秒后下次检查...

✅ 检查完成 - 2026-03-12 00:17:59
⏳ 等待 300秒后下次检查...

✅ 检查完成 - 2026-03-12 00:22:59
⏳ 等待 300秒后下次检查...

✅ 检查完成 - 2026-03-12 00:27:59
⏳ 等待 300秒后下次检查...

✅ 检查完成 - 2026-03-12 00:32:59
⏳ 等待 300秒后下次检查...

✅ 检查完成 - 2026-03-12 00:37:59
⏳ 等待 300秒后下次检查...

✅ 检查完成 - 2026-03-12 00:42:59
⏳ 等待 300秒后下次检查...

✅ 检查完成 - 2026-03-12 00:47:59
⏳ 等待 300秒后下次检查...

✅ 检查完成 - 2026-03-12 00:52:59
⏳ 等待 300秒后下次检查...

✅ 检查完成 - 2026-03-12 00:57:59
⏳ 等待 300秒后下次检查...

✅ 检查完成 - 2026-03-12 01:02:59
⏳ 等待 300秒后下次检查...

✅ 检查完成 - 2026-03-12 01:07:59
⏳ 等待 300秒后下次检查...

✅ 检查完成 - 2026-03-12 01:12:59
⏳ 等待 300秒后下次检查...

✅ 检查完成 - 2026-03-12 01:17:59
⏳ 等待 300秒后下次检查...

✅ 检查完成 - 2026-03-12 01:22:59
⏳ 等待 300秒后下次检查...

✅ 检查完成 - 2026-03-12 01:27:59
⏳ 等待 300秒后下次检查...

✅ 检查完成 - 2026-03-12 01:32:59
⏳ 等待 300秒后下次检查...

✅ 检查完成 - 2026-03-12 01:37:59
⏳ 等待 300秒后下次检查...

✅ 检查完成 - 2026-03-12 01:42:59
⏳ 等待 300秒后下次检查...

✅ 检查完成 - 2026-03-12 01:47:59
⏳ 等待 300秒后下次检查...

✅ 检查完成 - 2026-03-12 01:52:59
⏳ 等待 300秒后下次检查...

✅ 检查完成 - 2026-03-12 01:57:59
⏳ 等待 300秒后下次检查...

✅ 检查完成 - 2026-03-12 02:02:59
⏳ 等待 300秒后下次检查...

✅ 检查完成 - 2026-03-12 02:07:59
⏳ 等待 300秒后下次检查...

✅ 检查完成 - 2026-03-12 02:12:59
⏳ 等待 300秒后下次检查...

✅ 检查完成 - 2026-03-12 02:17:59
⏳ 等待 300秒后下次检查...

✅ 检查完成 - 2026-03-12 02:22:59
⏳ 等待 300秒后下次检查...

✅ 检查完成 - 2026-03-12 02:27:59
⏳ 等待 300秒后下次检查...

✅ 检查完成 - 2026-03-12 02:32:59
⏳ 等待 300秒后下次检查...

✅ 检查完成 - 2026-03-12 02:37:59
⏳ 等待 300秒后下次检查...

✅ 检查完成 - 2026-03-12 02:42:59
⏳ 等待 300秒后下次检查...

✅ 检查完成 - 2026-03-12 02:47:59
⏳ 等待 300秒后下次检查...

✅ 检查完成 - 2026-03-12 02:52:59
⏳ 等待 300秒后下次检查...

✅ 检查完成 - 2026-03-12 02:57:59
⏳ 等待 300秒后下次检查...

✅ 检查完成 - 2026-03-12 03:02:59
⏳ 等待 300秒后下次检查...

✅ 检查完成 - 2026-03-12 03:07:59
⏳ 等待 300秒后下次检查...

✅ 检查完成 - 2026-03-12 03:12:59
⏳ 等待 300秒后下次检查...

✅ 检查完成 - 2026-03-12 03:17:59
⏳ 等待 300秒后下次检查...

✅ 检查完成 - 2026-03-12 03:22:59
⏳ 等待 300秒后下次检查...

✅ 检查完成 - 2026-03-12 03:27:59
⏳ 等待 300秒后下次检查...

✅ 检查完成 - 2026-03-12 03:32:59
⏳ 等待 300秒后下次检查...

✅ 检查完成 - 2026-03-12 03:37:59
⏳ 等待 300秒后下次检查...

✅ 检查完成 - 2026-03-12 03:42:59
⏳ 等待 300秒后下次检查...

✅ 检查完成 - 2026-03-12 03:47:59
⏳ 等待 300秒后下次检查...

✅ 检查完成 - 2026-03-12 03:52:59
⏳ 等待 300秒后下次检查...

✅ 检查完成 - 2026-03-12 03:57:59
⏳ 等待 300秒后下次检查...

✅ 检查完成 - 2026-03-12 04:02:59
⏳ 等待 300秒后下次检查...

✅ 检查完成 - 2026-03-12 04:07:59
⏳ 等待 300秒后下次检查...

✅ 检查完成 - 2026-03-12 04:12:59
⏳ 等待 300秒后下次检查...

✅ 检查完成 - 2026-03-12 04:17:59
⏳ 等待 300秒后下次检查...

✅ 检查完成 - 2026-03-12 04:22:59
⏳ 等待 300秒后下次检查...

✅ 检查完成 - 2026-03-12 04:27:59
⏳ 等待 300秒后下次检查...

✅ 检查完成 - 2026-03-12 04:32:59
⏳ 等待 300秒后下次检查...

✅ 检查完成 - 2026-03-12 04:37:59
⏳ 等待 300秒后下次检查...

✅ 检查完成 - 2026-03-12 04:42:59
⏳ 等待 300秒后下次检查...

✅ 检查完成 - 2026-03-12 04:47:59
⏳ 等待 300秒后下次检查...

✅ 检查完成 - 2026-03-12 04:52:59
⏳ 等待 300秒后下次检查...

✅ 检查完成 - 2026-03-12 04:57:59
⏳ 等待 300秒后下次检查...

✅ 检查完成 - 2026-03-12 05:02:59
⏳ 等待 300秒后下次检查...

✅ 检查完成 - 2026-03-12 05:07:59
⏳ 等待 300秒后下次检查...

✅ 检查完成 - 2026-03-12 05:12:59
⏳ 等待 300秒后下次检查...

✅ 检查完成 - 2026-03-12 05:17:59
⏳ 等待 300秒后下次检查...

✅ 检查完成 - 2026-03-12 05:22:59
⏳ 等待 300秒后下次检查...

✅ 检查完成 - 2026-03-12 05:27:59
⏳ 等待 300秒后下次检查...

✅ 检查完成 - 2026-03-12 05:32:59
⏳ 等待 300秒后下次检查...

✅ 检查完成 - 2026-03-12 05:37:59
⏳ 等待 300秒后下次检查...

✅ 检查完成 - 2026-03-12 05:42:59
⏳ 等待 300秒后下次检查...

✅ 检查完成 - 2026-03-12 05:47:59
⏳ 等待 300秒后下次检查...

✅ 检查完成 - 2026-03-12 05:52:59
⏳ 等待 300秒后下次检查...

✅ 检查完成 - 2026-03-12 05:57:59
⏳ 等待 300秒后下次检查...

✅ 检查完成 - 2026-03-12 06:02:59
⏳ 等待 300秒后下次检查...

✅ 检查完成 - 2026-03-12 06:07:59
⏳ 等待 300秒后下次检查...

✅ 检查完成 - 2026-03-12 06:12:59
⏳ 等待 300秒后下次检查...

✅ 检查完成 - 2026-03-12 06:17:59
⏳ 等待 300秒后下次检查...

✅ 检查完成 - 2026-03-12 06:22:59
⏳ 等待 300秒后下次检查...

✅ 检查完成 - 2026-03-12 06:27:59
⏳ 等待 300秒后下次检查...

✅ 检查完成 - 2026-03-12 06:32:59
⏳ 等待 300秒后下次检查...

✅ 检查完成 - 2026-03-12 06:37:59
⏳ 等待 300秒后下次检查...

✅ 检查完成 - 2026-03-12 06:42:59
⏳ 等待 300秒后下次检查...

✅ 检查完成 - 2026-03-12 06:47:59
⏳ 等待 300秒后下次检查...

✅ 检查完成 - 2026-03-12 06:52:59
⏳ 等待 300秒后下次检查...

✅ 检查完成 - 2026-03-12 06:57:59
⏳ 等待 300秒后下次检查...

✅ 检查完成 - 2026-03-12 07:02:59
⏳ 等待 300秒后下次检查...

✅ 检查完成 - 2026-03-12 07:07:59
⏳ 等待 300秒后下次检查...

✅ 检查完成 - 2026-03-12 07:12:59
⏳ 等待 300秒后下次检查...

✅ 检查完成 - 2026-03-12 07:17:59
⏳ 等待 300秒后下次检查...

✅ 检查完成 - 2026-03-12 07:22:59
⏳ 等待 300秒后下次检查...

✅ 检查完成 - 2026-03-12 07:27:59
⏳ 等待 300秒后下次检查...

✅ 检查完成 - 2026-03-12 07:32:59
⏳ 等待 300秒后下次检查...

✅ 检查完成 - 2026-03-12 07:37:59
⏳ 等待 300秒后下次检查...

✅ 检查完成 - 2026-03-12 07:42:59
⏳ 等待 300秒后下次检查...

✅ 检查完成 - 2026-03-12 07:47:59
⏳ 等待 300秒后下次检查...

✅ 检查完成 - 2026-03-12 07:52:59
⏳ 等待 300秒后下次检查...

✅ 检查完成 - 2026-03-12 07:57:59
⏳ 等待 300秒后下次检查...

✅ 检查完成 - 2026-03-12 08:02:59
⏳ 等待 300秒后下次检查...

✅ 检查完成 - 2026-03-12 08:07:59
⏳ 等待 300秒后下次检查...

✅ 检查完成 - 2026-03-12 08:12:59
⏳ 等待 300秒后下次检查...

✅ 检查完成 - 2026-03-12 08:17:59
⏳ 等待 300秒后下次检查...

✅ 检查完成 - 2026-03-12 08:22:59
⏳ 等待 300秒后下次检查...

✅ 检查完成 - 2026-03-12 08:27:59
⏳ 等待 300秒后下次检查...

✅ 检查完成 - 2026-03-12 08:32:59
⏳ 等待 300秒后下次检查...

✅ 检查完成 - 2026-03-12 08:37:59
⏳ 等待 300秒后下次检查...

✅ 检查完成 - 2026-03-12 08:42:59
⏳ 等待 300秒后下次检查...

✅ 检查完成 - 2026-03-12 08:47:59
⏳ 等待 300秒后下次检查...

✅ 检查完成 - 2026-03-12 08:52:59
⏳ 等待 300秒后下次检查...

✅ 检查完成 - 2026-03-12 08:57:59
⏳ 等待 300秒后下次检查...

✅ 检查完成 - 2026-03-12 09:02:59
⏳ 等待 300秒后下次检查...

✅ 检查完成 - 2026-03-12 09:07:59
⏳ 等待 300秒后下次检查...

✅ 检查完成 - 2026-03-12 09:12:59
⏳ 等待 300秒后下次检查...

✅ 检查完成 - 2026-03-12 09:17:59
⏳ 等待 300秒后下次检查...

✅ 检查完成 - 2026-03-12 09:22:59
⏳ 等待 300秒后下次检查...

✅ 检查完成 - 2026-03-12 09:27:59
⏳ 等待 300秒后下次检查...

✅ 检查完成 - 2026-03-12 09:32:59
⏳ 等待 300秒后下次检查...

✅ 检查完成 - 2026-03-12 09:37:59
⏳ 等待 300秒后下次检查...

✅ 检查完成 - 2026-03-12 09:42:59
⏳ 等待 300秒后下次检查...

✅ 检查完成 - 2026-03-12 09:47:59
⏳ 等待 300秒后下次检查...

✅ 检查完成 - 2026-03-12 09:52:59
⏳ 等待 300秒后下次检查...

✅ 检查完成 - 2026-03-12 09:57:59
⏳ 等待 300秒后下次检查...

✅ 检查完成 - 2026-03-12 10:02:59
⏳ 等待 300秒后下次检查...

✅ 检查完成 - 2026-03-12 10:07:59
⏳ 等待 300秒后下次检查...

✅ 检查完成 - 2026-03-12 10:12:59
⏳ 等待 300秒后下次检查...

✅ 检查完成 - 2026-03-12 10:17:59
⏳ 等待 300秒后下次检查...

✅ 检查完成 - 2026-03-12 10:22:59
⏳ 等待 300秒后下次检查...

✅ 检查完成 - 2026-03-12 10:27:59
⏳ 等待 300秒后下次检查...

✅ 检查完成 - 2026-03-12 10:32:59
⏳ 等待 300秒后下次检查...

✅ 检查完成 - 2026-03-12 10:37:59
⏳ 等待 300秒后下次检查...

✅ 检查完成 - 2026-03-12 10:42:59
⏳ 等待 300秒后下次检查...

✅ 检查完成 - 2026-03-12 10:47:59
⏳ 等待 300秒后下次检查...

✅ 检查完成 - 2026-03-12 10:52:59
⏳ 等待 300秒后下次检查...

✅ 检查完成 - 2026-03-12 10:57:59
⏳ 等待 300秒后下次检查...

✅ 检查完成 - 2026-03-12 11:02:59
⏳ 等待 300秒后下次检查...

✅ 检查完成 - 2026-03-12 11:07:59
⏳ 等待 300秒后下次检查...

✅ 检查完成 - 2026-03-12 11:12:59
⏳ 等待 300秒后下次检查...

✅ 检查完成 - 2026-03-12 11:17:59
⏳ 等待 300秒后下次检查...

✅ 检查完成 - 2026-03-12 11:22:59
⏳ 等待 300秒后下次检查...

✅ 检查完成 - 2026-03-12 11:27:59
⏳ 等待 300秒后下次检查...

✅ 检查完成 - 2026-03-12 11:32:59
⏳ 等待 300秒后下次检查...

✅ 检查完成 - 2026-03-12 11:37:59
⏳ 等待 300秒后下次检查...

✅ 检查完成 - 2026-03-12 11:42:59
⏳ 等待 300秒后下次检查...

✅ 检查完成 - 2026-03-12 11:47:59
⏳ 等待 300秒后下次检查...

✅ 检查完成 - 2026-03-12 11:52:59
⏳ 等待 300秒后下次检查...

✅ 检查完成 - 2026-03-12 11:57:59
⏳ 等待 300秒后下次检查...

✅ 检查完成 - 2026-03-12 12:02:59
⏳ 等待 300秒后下次检查...

✅ 检查完成 - 2026-03-12 12:07:59
⏳ 等待 300秒后下次检查...

✅ 检查完成 - 2026-03-12 12:12:59
⏳ 等待 300秒后下次检查...

✅ 检查完成 - 2026-03-12 12:17:59
⏳ 等待 300秒后下次检查...

✅ 检查完成 - 2026-03-12 12:22:59
⏳ 等待 300秒后下次检查...

✅ 检查完成 - 2026-03-12 12:27:59
⏳ 等待 300秒后下次检查...

✅ 检查完成 - 2026-03-12 12:32:59
⏳ 等待 300秒后下次检查...

✅ 检查完成 - 2026-03-12 12:37:59
⏳ 等待 300秒后下次检查...

✅ 检查完成 - 2026-03-12 12:42:59
⏳ 等待 300秒后下次检查...

✅ 检查完成 - 2026-03-12 12:47:59
⏳ 等待 300秒后下次检查...

✅ 检查完成 - 2026-03-12 12:52:59
⏳ 等待 300秒后下次检查...

✅ 检查完成 - 2026-03-12 12:57:59
⏳ 等待 300秒后下次检查...

✅ 检查完成 - 2026-03-12 13:02:59
⏳ 等待 300秒后下次检查...

✅ 检查完成 - 2026-03-12 13:07:59
⏳ 等待 300秒后下次检查...

✅ 检查完成 - 2026-03-12 13:12:59
⏳ 等待 300秒后下次检查...

✅ 检查完成 - 2026-03-12 13:17:59
⏳ 等待 300秒后下次检查...

✅ 检查完成 - 2026-03-12 13:22:59
⏳ 等待 300秒后下次检查...

✅ 检查完成 - 2026-03-12 13:27:59
⏳ 等待 300秒后下次检查...

✅ 检查完成 - 2026-03-12 13:32:59
⏳ 等待 300秒后下次检查...

✅ 检查完成 - 2026-03-12 13:37:59
⏳ 等待 300秒后下次检查...

✅ 检查完成 - 2026-03-12 13:42:59
⏳ 等待 300秒后下次检查...

✅ 检查完成 - 2026-03-12 13:47:59
⏳ 等待 300秒后下次检查...

✅ 检查完成 - 2026-03-12 13:52:59
⏳ 等待 300秒后下次检查...

✅ 检查完成 - 2026-03-12 13:57:59
⏳ 等待 300秒后下次检查...

✅ 检查完成 - 2026-03-12 14:02:59
⏳ 等待 300秒后下次检查...

✅ 检查完成 - 2026-03-12 14:07:59
⏳ 等待 300秒后下次检查...

✅ 检查完成 - 2026-03-12 14:12:59
⏳ 等待 300秒后下次检查...

✅ 检查完成 - 2026-03-12 14:17:59
⏳ 等待 300秒后下次检查...

✅ 检查完成 - 2026-03-12 14:22:59
⏳ 等待 300秒后下次检查...

✅ 检查完成 - 2026-03-12 14:27:59
⏳ 等待 300秒后下次检查...

✅ 检查完成 - 2026-03-12 14:32:59
⏳ 等待 300秒后下次检查...

✅ 检查完成 - 2026-03-12 14:37:59
⏳ 等待 300秒后下次检查...

✅ 检查完成 - 2026-03-12 14:42:59
⏳ 等待 300秒后下次检查...

✅ 检查完成 - 2026-03-12 14:47:59
⏳ 等待 300秒后下次检查...

✅ 检查完成 - 2026-03-12 14:52:59
⏳ 等待 300秒后下次检查...

✅ 检查完成 - 2026-03-12 14:57:59
⏳ 等待 300秒后下次检查...

✅ 检查完成 - 2026-03-12 15:02:59
⏳ 等待 300秒后下次检查...

✅ 检查完成 - 2026-03-12 15:07:59
⏳ 等待 300秒后下次检查...

✅ 检查完成 - 2026-03-12 15:12:59
⏳ 等待 300秒后下次检查...

✅ 检查完成 - 2026-03-12 15:17:59
⏳ 等待 300秒后下次检查...

✅ 检查完成 - 2026-03-12 15:22:59
⏳ 等待 300秒后下次检查...

✅ 检查完成 - 2026-03-12 15:27:59
⏳ 等待 300秒后下次检查...

✅ 检查完成 - 2026-03-12 15:32:59
⏳ 等待 300秒后下次检查...

✅ 检查完成 - 2026-03-12 15:37:59
⏳ 等待 300秒后下次检查...

✅ 检查完成 - 2026-03-12 15:42:59
⏳ 等待 300秒后下次检查...

✅ 检查完成 - 2026-03-12 15:47:59
⏳ 等待 300秒后下次检查...

✅ 检查完成 - 2026-03-12 15:52:59
⏳ 等待 300秒后下次检查...

✅ 检查完成 - 2026-03-12 15:57:59
⏳ 等待 300秒后下次检查...

✅ 检查完成 - 2026-03-12 16:02:59
⏳ 等待 300秒后下次检查...

✅ 检查完成 - 2026-03-12 16:07:59
⏳ 等待 300秒后下次检查...

✅ 检查完成 - 2026-03-12 16:12:59
⏳ 等待 300秒后下次检查...

✅ 检查完成 - 2026-03-12 16:17:59
⏳ 等待 300秒后下次检查...

✅ 检查完成 - 2026-03-12 16:22:59
⏳ 等待 300秒后下次检查...

✅ 检查完成 - 2026-03-12 16:27:59
⏳ 等待 300秒后下次检查...

✅ 检查完成 - 2026-03-12 16:32:59
⏳ 等待 300秒后下次检查...

✅ 检查完成 - 2026-03-12 16:37:59
⏳ 等待 300秒后下次检查...

✅ 检查完成 - 2026-03-12 16:42:59
⏳ 等待 300秒后下次检查...

✅ 检查完成 - 2026-03-12 16:47:59
⏳ 等待 300秒后下次检查...

✅ 检查完成 - 2026-03-12 16:52:59
⏳ 等待 300秒后下次检查...

✅ 检查完成 - 2026-03-12 16:57:59
⏳ 等待 300秒后下次检查...

✅ 检查完成 - 2026-03-12 17:02:59
⏳ 等待 300秒后下次检查...

✅ 检查完成 - 2026-03-12 17:07:59
⏳ 等待 300秒后下次检查...

✅ 检查完成 - 2026-03-12 17:12:59
⏳ 等待 300秒后下次检查...

✅ 检查完成 - 2026-03-12 17:17:59
⏳ 等待 300秒后下次检查...

✅ 检查完成 - 2026-03-12 17:22:59
⏳ 等待 300秒后下次检查...

✅ 检查完成 - 2026-03-12 17:27:59
⏳ 等待 300秒后下次检查...

✅ 检查完成 - 2026-03-12 17:32:59
⏳ 等待 300秒后下次检查...

✅ 检查完成 - 2026-03-12 17:37:59
⏳ 等待 300秒后下次检查...

✅ 检查完成 - 2026-03-12 17:42:59
⏳ 等待 300秒后下次检查...

✅ 检查完成 - 2026-03-12 17:47:59
⏳ 等待 300秒后下次检查...

✅ 检查完成 - 2026-03-12 17:52:59
⏳ 等待 300秒后下次检查...

✅ 检查完成 - 2026-03-12 17:57:59
⏳ 等待 300秒后下次检查...

✅ 检查完成 - 2026-03-12 18:02:59
⏳ 等待 300秒后下次检查...

✅ 检查完成 - 2026-03-12 18:07:59
⏳ 等待 300秒后下次检查...

✅ 检查完成 - 2026-03-12 18:12:59
⏳ 等待 300秒后下次检查...

✅ 检查完成 - 2026-03-12 18:17:59
⏳ 等待 300秒后下次检查...

✅ 检查完成 - 2026-03-12 18:22:59
⏳ 等待 300秒后下次检查...

✅ 检查完成 - 2026-03-12 18:27:59
⏳ 等待 300秒后下次检查...

✅ 检查完成 - 2026-03-12 18:32:59
⏳ 等待 300秒后下次检查...

✅ 检查完成 - 2026-03-12 18:37:59
⏳ 等待 300秒后下次检查...

✅ 检查完成 - 2026-03-12 18:42:59
⏳ 等待 300秒后下次检查...

✅ 检查完成 - 2026-03-12 18:47:59
⏳ 等待 300秒后下次检查...

✅ 检查完成 - 2026-03-12 18:52:59
⏳ 等待 300秒后下次检查...

✅ 检查完成 - 2026-03-12 18:57:59
⏳ 等待 300秒后下次检查...

✅ 检查完成 - 2026-03-12 19:02:59
⏳ 等待 300秒后下次检查...

✅ 检查完成 - 2026-03-12 19:07:59
⏳ 等待 300秒后下次检查...

✅ 检查完成 - 2026-03-12 19:12:59
⏳ 等待 300秒后下次检查...

✅ 检查完成 - 2026-03-12 19:17:59
⏳ 等待 300秒后下次检查...

✅ 检查完成 - 2026-03-12 19:22:59
⏳ 等待 300秒后下次检查...

✅ 检查完成 - 2026-03-12 19:27:59
⏳ 等待 300秒后下次检查...

✅ 检查完成 - 2026-03-12 19:32:59
⏳ 等待 300秒后下次检查...

✅ 检查完成 - 2026-03-12 19:37:59
⏳ 等待 300秒后下次检查...

✅ 检查完成 - 2026-03-12 19:42:59
⏳ 等待 300秒后下次检查...

✅ 检查完成 - 2026-03-12 19:47:59
⏳ 等待 300秒后下次检查...

✅ 检查完成 - 2026-03-12 19:52:59
⏳ 等待 300秒后下次检查...

✅ 检查完成 - 2026-03-12 19:57:59
⏳ 等待 300秒后下次检查...

✅ 检查完成 - 2026-03-12 20:02:59
⏳ 等待 300秒后下次检查...

✅ 检查完成 - 2026-03-12 20:07:59
⏳ 等待 300秒后下次检查...

✅ 检查完成 - 2026-03-12 20:12:59
⏳ 等待 300秒后下次检查...

✅ 检查完成 - 2026-03-12 20:17:59
⏳ 等待 300秒后下次检查...

✅ 检查完成 - 2026-03-12 20:22:59
⏳ 等待 300秒后下次检查...

✅ 检查完成 - 2026-03-12 20:27:59
⏳ 等待 300秒后下次检查...

✅ 检查完成 - 2026-03-12 20:32:59
⏳ 等待 300秒后下次检查...

✅ 检查完成 - 2026-03-12 20:37:59
⏳ 等待 300秒后下次检查...
