Traceback (most recent call last):
  File "/home/admin/Ziwei/projects/dashboard_v3_framer.py", line 896, in <module>
    main()
  File "/home/admin/Ziwei/projects/dashboard_v3_framer.py", line 888, in main
    with socketserver.TCPServer(("", PORT), DashboardHandler) as httpd:
         ^^^^^^^^^^^^^^^^^^^^^^^^^^^^^^^^^^^^^^^^^^^^^^^^^^^^
  File "/usr/lib64/python3.11/socketserver.py", line 456, in __init__
    self.server_bind()
  File "/usr/lib64/python3.11/socketserver.py", line 472, in server_bind
    self.socket.bind(self.server_address)
OSError: [Errno 98] Address already in use
Traceback (most recent call last):
  File "/home/admin/Ziwei/projects/dashboard_v3_framer.py", line 896, in <module>
    main()
  File "/home/admin/Ziwei/projects/dashboard_v3_framer.py", line 888, in main
    with socketserver.TCPServer(("", PORT), DashboardHandler) as httpd:
         ^^^^^^^^^^^^^^^^^^^^^^^^^^^^^^^^^^^^^^^^^^^^^^^^^^^^
  File "/usr/lib64/python3.11/socketserver.py", line 456, in __init__
    self.server_bind()
  File "/usr/lib64/python3.11/socketserver.py", line 472, in server_bind
    self.socket.bind(self.server_address)
OSError: [Errno 98] Address already in use
Traceback (most recent call last):
  File "/home/admin/Ziwei/projects/dashboard_v3_framer.py", line 896, in <module>
    main()
  File "/home/admin/Ziwei/projects/dashboard_v3_framer.py", line 888, in main
    with socketserver.TCPServer(("", PORT), DashboardHandler) as httpd:
         ^^^^^^^^^^^^^^^^^^^^^^^^^^^^^^^^^^^^^^^^^^^^^^^^^^^^
  File "/usr/lib64/python3.11/socketserver.py", line 456, in __init__
    self.server_bind()
  File "/usr/lib64/python3.11/socketserver.py", line 472, in server_bind
    self.socket.bind(self.server_address)
OSError: [Errno 98] Address already in use
Traceback (most recent call last):
  File "/home/admin/Ziwei/projects/dashboard_v3_framer.py", line 896, in <module>
    main()
  File "/home/admin/Ziwei/projects/dashboard_v3_framer.py", line 888, in main
    with socketserver.TCPServer(("", PORT), DashboardHandler) as httpd:
         ^^^^^^^^^^^^^^^^^^^^^^^^^^^^^^^^^^^^^^^^^^^^^^^^^^^^
  File "/usr/lib64/python3.11/socketserver.py", line 456, in __init__
    self.server_bind()
  File "/usr/lib64/python3.11/socketserver.py", line 472, in server_bind
    self.socket.bind(self.server_address)
OSError: [Errno 98] Address already in use
Traceback (most recent call last):
  File "/home/admin/Ziwei/projects/dashboard_v3_framer.py", line 896, in <module>
    main()
  File "/home/admin/Ziwei/projects/dashboard_v3_framer.py", line 888, in main
    with socketserver.TCPServer(("", PORT), DashboardHandler) as httpd:
         ^^^^^^^^^^^^^^^^^^^^^^^^^^^^^^^^^^^^^^^^^^^^^^^^^^^^
  File "/usr/lib64/python3.11/socketserver.py", line 456, in __init__
    self.server_bind()
  File "/usr/lib64/python3.11/socketserver.py", line 472, in server_bind
    self.socket.bind(self.server_address)
OSError: [Errno 98] Address already in use
Traceback (most recent call last):
  File "/home/admin/Ziwei/projects/dashboard_v3_framer.py", line 896, in <module>
    main()
  File "/home/admin/Ziwei/projects/dashboard_v3_framer.py", line 888, in main
    with socketserver.TCPServer(("", PORT), DashboardHandler) as httpd:
         ^^^^^^^^^^^^^^^^^^^^^^^^^^^^^^^^^^^^^^^^^^^^^^^^^^^^
  File "/usr/lib64/python3.11/socketserver.py", line 456, in __init__
    self.server_bind()
  File "/usr/lib64/python3.11/socketserver.py", line 472, in server_bind
    self.socket.bind(self.server_address)
OSError: [Errno 98] Address already in use
Traceback (most recent call last):
  File "/home/admin/Ziwei/projects/dashboard_v3_framer.py", line 896, in <module>
    main()
  File "/home/admin/Ziwei/projects/dashboard_v3_framer.py", line 888, in main
    with socketserver.TCPServer(("", PORT), DashboardHandler) as httpd:
         ^^^^^^^^^^^^^^^^^^^^^^^^^^^^^^^^^^^^^^^^^^^^^^^^^^^^
  File "/usr/lib64/python3.11/socketserver.py", line 456, in __init__
    self.server_bind()
  File "/usr/lib64/python3.11/socketserver.py", line 472, in server_bind
    self.socket.bind(self.server_address)
OSError: [Errno 98] Address already in use
Traceback (most recent call last):
  File "/home/admin/Ziwei/projects/dashboard_v3_framer.py", line 896, in <module>
    main()
  File "/home/admin/Ziwei/projects/dashboard_v3_framer.py", line 888, in main
    with socketserver.TCPServer(("", PORT), DashboardHandler) as httpd:
         ^^^^^^^^^^^^^^^^^^^^^^^^^^^^^^^^^^^^^^^^^^^^^^^^^^^^
  File "/usr/lib64/python3.11/socketserver.py", line 456, in __init__
    self.server_bind()
  File "/usr/lib64/python3.11/socketserver.py", line 472, in server_bind
    self.socket.bind(self.server_address)
OSError: [Errno 98] Address already in use
Traceback (most recent call last):
  File "/home/admin/Ziwei/projects/dashboard_v3_framer.py", line 896, in <module>
    main()
  File "/home/admin/Ziwei/projects/dashboard_v3_framer.py", line 888, in main
    with socketserver.TCPServer(("", PORT), DashboardHandler) as httpd:
         ^^^^^^^^^^^^^^^^^^^^^^^^^^^^^^^^^^^^^^^^^^^^^^^^^^^^
  File "/usr/lib64/python3.11/socketserver.py", line 456, in __init__
    self.server_bind()
  File "/usr/lib64/python3.11/socketserver.py", line 472, in server_bind
    self.socket.bind(self.server_address)
OSError: [Errno 98] Address already in use
Traceback (most recent call last):
  File "/home/admin/Ziwei/projects/dashboard_v3_framer.py", line 896, in <module>
    main()
  File "/home/admin/Ziwei/projects/dashboard_v3_framer.py", line 888, in main
    with socketserver.TCPServer(("", PORT), DashboardHandler) as httpd:
         ^^^^^^^^^^^^^^^^^^^^^^^^^^^^^^^^^^^^^^^^^^^^^^^^^^^^
  File "/usr/lib64/python3.11/socketserver.py", line 456, in __init__
    self.server_bind()
  File "/usr/lib64/python3.11/socketserver.py", line 472, in server_bind
    self.socket.bind(self.server_address)
OSError: [Errno 98] Address already in use
Traceback (most recent call last):
  File "/home/admin/Ziwei/projects/dashboard_v3_framer.py", line 896, in <module>
    main()
  File "/home/admin/Ziwei/projects/dashboard_v3_framer.py", line 888, in main
    with socketserver.TCPServer(("", PORT), DashboardHandler) as httpd:
         ^^^^^^^^^^^^^^^^^^^^^^^^^^^^^^^^^^^^^^^^^^^^^^^^^^^^
  File "/usr/lib64/python3.11/socketserver.py", line 456, in __init__
    self.server_bind()
  File "/usr/lib64/python3.11/socketserver.py", line 472, in server_bind
    self.socket.bind(self.server_address)
OSError: [Errno 98] Address already in use
Traceback (most recent call last):
  File "/home/admin/Ziwei/projects/dashboard_v3_framer.py", line 896, in <module>
    main()
  File "/home/admin/Ziwei/projects/dashboard_v3_framer.py", line 888, in main
    with socketserver.TCPServer(("", PORT), DashboardHandler) as httpd:
         ^^^^^^^^^^^^^^^^^^^^^^^^^^^^^^^^^^^^^^^^^^^^^^^^^^^^
  File "/usr/lib64/python3.11/socketserver.py", line 456, in __init__
    self.server_bind()
  File "/usr/lib64/python3.11/socketserver.py", line 472, in server_bind
    self.socket.bind(self.server_address)
OSError: [Errno 98] Address already in use
----------------------------------------
Exception occurred during processing of request from ('127.0.0.1', 48978)
Traceback (most recent call last):
  File "/home/admin/Ziwei/projects/dashboard_v3_framer.py", line 855, in do_GET
    self.wfile.write(content.encode('utf-8'))
  File "/usr/lib64/python3.11/socketserver.py", line 834, in write
    self._sock.sendall(b)
BrokenPipeError: [Errno 32] Broken pipe

During handling of the above exception, another exception occurred:

Traceback (most recent call last):
  File "/usr/lib64/python3.11/socketserver.py", line 317, in _handle_request_noblock
    self.process_request(request, client_address)
  File "/usr/lib64/python3.11/socketserver.py", line 348, in process_request
    self.finish_request(request, client_address)
  File "/usr/lib64/python3.11/socketserver.py", line 361, in finish_request
    self.RequestHandlerClass(request, client_address, self)
  File "/usr/lib64/python3.11/socketserver.py", line 755, in __init__
    self.handle()
  File "/usr/lib64/python3.11/http/server.py", line 436, in handle
    self.handle_one_request()
  File "/usr/lib64/python3.11/http/server.py", line 424, in handle_one_request
    method()
  File "/home/admin/Ziwei/projects/dashboard_v3_framer.py", line 860, in do_GET
    self.end_headers()
  File "/usr/lib64/python3.11/http/server.py", line 538, in end_headers
    self.flush_headers()
  File "/usr/lib64/python3.11/http/server.py", line 542, in flush_headers
    self.wfile.write(b"".join(self._headers_buffer))
  File "/usr/lib64/python3.11/socketserver.py", line 834, in write
    self._sock.sendall(b)
BrokenPipeError: [Errno 32] Broken pipe
----------------------------------------
  File "/home/admin/Ziwei/projects/dashboard_v3_framer.py", line 644
    变现_projects = 5  # CRYPTO, SOCIAL, AI-CODE, DATA, FILE
                                                          ^
IndentationError: unindent does not match any outer indentation level
  File "/home/admin/Ziwei/projects/dashboard_v3_framer.py", line 644
    变现_projects = 5  # CRYPTO, SOCIAL, AI-CODE, DATA, FILE
                                                          ^
IndentationError: unindent does not match any outer indentation level
  File "/home/admin/Ziwei/projects/dashboard_v3_framer.py", line 644
    变现_projects = 5  # CRYPTO, SOCIAL, AI-CODE, DATA, FILE
                                                          ^
IndentationError: unindent does not match any outer indentation level
  File "/home/admin/Ziwei/projects/dashboard_v3_framer.py", line 644
    变现_projects = 5  # CRYPTO, SOCIAL, AI-CODE, DATA, FILE
                                                          ^
IndentationError: unindent does not match any outer indentation level
Traceback (most recent call last):
  File "/home/admin/Ziwei/projects/dashboard_v3_framer.py", line 1034, in <module>
    main()
  File "/home/admin/Ziwei/projects/dashboard_v3_framer.py", line 1026, in main
    with socketserver.TCPServer(("", PORT), DashboardHandler) as httpd:
         ^^^^^^^^^^^^^^^^^^^^^^^^^^^^^^^^^^^^^^^^^^^^^^^^^^^^
  File "/usr/lib64/python3.11/socketserver.py", line 456, in __init__
    self.server_bind()
  File "/usr/lib64/python3.11/socketserver.py", line 472, in server_bind
    self.socket.bind(self.server_address)
OSError: [Errno 98] Address already in use
Traceback (most recent call last):
  File "/home/admin/Ziwei/projects/dashboard_v3_framer.py", line 1034, in <module>
    main()
  File "/home/admin/Ziwei/projects/dashboard_v3_framer.py", line 1026, in main
    with socketserver.TCPServer(("", PORT), DashboardHandler) as httpd:
         ^^^^^^^^^^^^^^^^^^^^^^^^^^^^^^^^^^^^^^^^^^^^^^^^^^^^
  File "/usr/lib64/python3.11/socketserver.py", line 456, in __init__
    self.server_bind()
  File "/usr/lib64/python3.11/socketserver.py", line 472, in server_bind
    self.socket.bind(self.server_address)
OSError: [Errno 98] Address already in use
Traceback (most recent call last):
  File "/home/admin/Ziwei/projects/dashboard_v3_framer.py", line 1034, in <module>
    main()
  File "/home/admin/Ziwei/projects/dashboard_v3_framer.py", line 1026, in main
    with socketserver.TCPServer(("", PORT), DashboardHandler) as httpd:
         ^^^^^^^^^^^^^^^^^^^^^^^^^^^^^^^^^^^^^^^^^^^^^^^^^^^^
  File "/usr/lib64/python3.11/socketserver.py", line 456, in __init__
    self.server_bind()
  File "/usr/lib64/python3.11/socketserver.py", line 472, in server_bind
    self.socket.bind(self.server_address)
OSError: [Errno 98] Address already in use
Traceback (most recent call last):
  File "/home/admin/Ziwei/projects/dashboard_v3_framer.py", line 1034, in <module>
    main()
  File "/home/admin/Ziwei/projects/dashboard_v3_framer.py", line 1026, in main
    with socketserver.TCPServer(("", PORT), DashboardHandler) as httpd:
         ^^^^^^^^^^^^^^^^^^^^^^^^^^^^^^^^^^^^^^^^^^^^^^^^^^^^
  File "/usr/lib64/python3.11/socketserver.py", line 456, in __init__
    self.server_bind()
  File "/usr/lib64/python3.11/socketserver.py", line 472, in server_bind
    self.socket.bind(self.server_address)
OSError: [Errno 98] Address already in use
Traceback (most recent call last):
  File "/home/admin/Ziwei/projects/dashboard_v3_framer.py", line 1034, in <module>
    main()
  File "/home/admin/Ziwei/projects/dashboard_v3_framer.py", line 1026, in main
    with socketserver.TCPServer(("", PORT), DashboardHandler) as httpd:
         ^^^^^^^^^^^^^^^^^^^^^^^^^^^^^^^^^^^^^^^^^^^^^^^^^^^^
  File "/usr/lib64/python3.11/socketserver.py", line 456, in __init__
    self.server_bind()
  File "/usr/lib64/python3.11/socketserver.py", line 472, in server_bind
    self.socket.bind(self.server_address)
OSError: [Errno 98] Address already in use
Traceback (most recent call last):
  File "/home/admin/Ziwei/projects/dashboard_v3_framer.py", line 1034, in <module>
    main()
  File "/home/admin/Ziwei/projects/dashboard_v3_framer.py", line 1026, in main
    with socketserver.TCPServer(("", PORT), DashboardHandler) as httpd:
         ^^^^^^^^^^^^^^^^^^^^^^^^^^^^^^^^^^^^^^^^^^^^^^^^^^^^
  File "/usr/lib64/python3.11/socketserver.py", line 456, in __init__
    self.server_bind()
  File "/usr/lib64/python3.11/socketserver.py", line 472, in server_bind
    self.socket.bind(self.server_address)
OSError: [Errno 98] Address already in use
Traceback (most recent call last):
  File "/home/admin/Ziwei/projects/dashboard_v3_framer.py", line 1034, in <module>
    main()
  File "/home/admin/Ziwei/projects/dashboard_v3_framer.py", line 1026, in main
    with socketserver.TCPServer(("", PORT), DashboardHandler) as httpd:
         ^^^^^^^^^^^^^^^^^^^^^^^^^^^^^^^^^^^^^^^^^^^^^^^^^^^^
  File "/usr/lib64/python3.11/socketserver.py", line 456, in __init__
    self.server_bind()
  File "/usr/lib64/python3.11/socketserver.py", line 472, in server_bind
    self.socket.bind(self.server_address)
OSError: [Errno 98] Address already in use
Traceback (most recent call last):
  File "/home/admin/Ziwei/projects/dashboard_v3_framer.py", line 1034, in <module>
    main()
  File "/home/admin/Ziwei/projects/dashboard_v3_framer.py", line 1026, in main
    with socketserver.TCPServer(("", PORT), DashboardHandler) as httpd:
         ^^^^^^^^^^^^^^^^^^^^^^^^^^^^^^^^^^^^^^^^^^^^^^^^^^^^
  File "/usr/lib64/python3.11/socketserver.py", line 456, in __init__
    self.server_bind()
  File "/usr/lib64/python3.11/socketserver.py", line 472, in server_bind
    self.socket.bind(self.server_address)
OSError: [Errno 98] Address already in use
----------------------------------------
Exception occurred during processing of request from ('127.0.0.1', 54482)
Traceback (most recent call last):
  File "/home/admin/Ziwei/projects/dashboard_v3_framer.py", line 1178, in do_GET
    content = HTML_TEMPLATE.format(
              ^^^^^^^^^^^^^^^^^^^^^
KeyError: 'command'

During handling of the above exception, another exception occurred:

Traceback (most recent call last):
  File "/usr/lib64/python3.11/socketserver.py", line 317, in _handle_request_noblock
    self.process_request(request, client_address)
  File "/usr/lib64/python3.11/socketserver.py", line 348, in process_request
    self.finish_request(request, client_address)
  File "/usr/lib64/python3.11/socketserver.py", line 361, in finish_request
    self.RequestHandlerClass(request, client_address, self)
  File "/usr/lib64/python3.11/socketserver.py", line 755, in __init__
    self.handle()
  File "/usr/lib64/python3.11/http/server.py", line 436, in handle
    self.handle_one_request()
  File "/usr/lib64/python3.11/http/server.py", line 424, in handle_one_request
    method()
  File "/home/admin/Ziwei/projects/dashboard_v3_framer.py", line 1203, in do_GET
    self.wfile.write(f"Error: {e}".encode('utf-8'))
  File "/usr/lib64/python3.11/socketserver.py", line 834, in write
    self._sock.sendall(b)
BrokenPipeError: [Errno 32] Broken pipe
----------------------------------------
----------------------------------------
Exception occurred during processing of request from ('127.0.0.1', 54490)
Traceback (most recent call last):
  File "/home/admin/Ziwei/projects/dashboard_v3_framer.py", line 1178, in do_GET
    content = HTML_TEMPLATE.format(
              ^^^^^^^^^^^^^^^^^^^^^
KeyError: 'command'

During handling of the above exception, another exception occurred:

Traceback (most recent call last):
  File "/usr/lib64/python3.11/socketserver.py", line 317, in _handle_request_noblock
    self.process_request(request, client_address)
  File "/usr/lib64/python3.11/socketserver.py", line 348, in process_request
    self.finish_request(request, client_address)
  File "/usr/lib64/python3.11/socketserver.py", line 361, in finish_request
    self.RequestHandlerClass(request, client_address, self)
  File "/usr/lib64/python3.11/socketserver.py", line 755, in __init__
    self.handle()
  File "/usr/lib64/python3.11/http/server.py", line 436, in handle
    self.handle_one_request()
  File "/usr/lib64/python3.11/http/server.py", line 424, in handle_one_request
    method()
  File "/home/admin/Ziwei/projects/dashboard_v3_framer.py", line 1203, in do_GET
    self.wfile.write(f"Error: {e}".encode('utf-8'))
  File "/usr/lib64/python3.11/socketserver.py", line 834, in write
    self._sock.sendall(b)
BrokenPipeError: [Errno 32] Broken pipe
----------------------------------------
----------------------------------------
Exception occurred during processing of request from ('127.0.0.1', 54500)
Traceback (most recent call last):
  File "/home/admin/Ziwei/projects/dashboard_v3_framer.py", line 1178, in do_GET
    content = HTML_TEMPLATE.format(
              ^^^^^^^^^^^^^^^^^^^^^
KeyError: 'command'

During handling of the above exception, another exception occurred:

Traceback (most recent call last):
  File "/usr/lib64/python3.11/socketserver.py", line 317, in _handle_request_noblock
    self.process_request(request, client_address)
  File "/usr/lib64/python3.11/socketserver.py", line 348, in process_request
    self.finish_request(request, client_address)
  File "/usr/lib64/python3.11/socketserver.py", line 361, in finish_request
    self.RequestHandlerClass(request, client_address, self)
  File "/usr/lib64/python3.11/socketserver.py", line 755, in __init__
    self.handle()
  File "/usr/lib64/python3.11/http/server.py", line 436, in handle
    self.handle_one_request()
  File "/usr/lib64/python3.11/http/server.py", line 424, in handle_one_request
    method()
  File "/home/admin/Ziwei/projects/dashboard_v3_framer.py", line 1203, in do_GET
    self.wfile.write(f"Error: {e}".encode('utf-8'))
  File "/usr/lib64/python3.11/socketserver.py", line 834, in write
    self._sock.sendall(b)
BrokenPipeError: [Errno 32] Broken pipe
----------------------------------------
----------------------------------------
Exception occurred during processing of request from ('127.0.0.1', 58792)
Traceback (most recent call last):
  File "/home/admin/Ziwei/projects/dashboard_v3_framer.py", line 1178, in do_GET
    content = HTML_TEMPLATE.format(
              ^^^^^^^^^^^^^^^^^^^^^
KeyError: 'command'

During handling of the above exception, another exception occurred:

Traceback (most recent call last):
  File "/usr/lib64/python3.11/socketserver.py", line 317, in _handle_request_noblock
    self.process_request(request, client_address)
  File "/usr/lib64/python3.11/socketserver.py", line 348, in process_request
    self.finish_request(request, client_address)
  File "/usr/lib64/python3.11/socketserver.py", line 361, in finish_request
    self.RequestHandlerClass(request, client_address, self)
  File "/usr/lib64/python3.11/socketserver.py", line 755, in __init__
    self.handle()
  File "/usr/lib64/python3.11/http/server.py", line 436, in handle
    self.handle_one_request()
  File "/usr/lib64/python3.11/http/server.py", line 424, in handle_one_request
    method()
  File "/home/admin/Ziwei/projects/dashboard_v3_framer.py", line 1203, in do_GET
    self.wfile.write(f"Error: {e}".encode('utf-8'))
  File "/usr/lib64/python3.11/socketserver.py", line 834, in write
    self._sock.sendall(b)
BrokenPipeError: [Errno 32] Broken pipe
----------------------------------------
----------------------------------------
Exception occurred during processing of request from ('127.0.0.1', 58806)
Traceback (most recent call last):
  File "/home/admin/Ziwei/projects/dashboard_v3_framer.py", line 1178, in do_GET
    content = HTML_TEMPLATE.format(
              ^^^^^^^^^^^^^^^^^^^^^
KeyError: 'command'

During handling of the above exception, another exception occurred:

Traceback (most recent call last):
  File "/usr/lib64/python3.11/socketserver.py", line 317, in _handle_request_noblock
    self.process_request(request, client_address)
  File "/usr/lib64/python3.11/socketserver.py", line 348, in process_request
    self.finish_request(request, client_address)
  File "/usr/lib64/python3.11/socketserver.py", line 361, in finish_request
    self.RequestHandlerClass(request, client_address, self)
  File "/usr/lib64/python3.11/socketserver.py", line 755, in __init__
    self.handle()
  File "/usr/lib64/python3.11/http/server.py", line 436, in handle
    self.handle_one_request()
  File "/usr/lib64/python3.11/http/server.py", line 424, in handle_one_request
    method()
  File "/home/admin/Ziwei/projects/dashboard_v3_framer.py", line 1203, in do_GET
    self.wfile.write(f"Error: {e}".encode('utf-8'))
  File "/usr/lib64/python3.11/socketserver.py", line 834, in write
    self._sock.sendall(b)
BrokenPipeError: [Errno 32] Broken pipe
----------------------------------------
