[2026-03-04 01:03:27] ╔════════════════════════════════════════════════════════╗
[2026-03-04 01:03:27] ║          日志修剪 - 监控模式                            ║
[2026-03-04 01:03:27] ║          检查间隔：60秒                  ║
[2026-03-04 01:03:27] ║          阈值：995MB                   ║
[2026-03-04 01:03:27] ╚════════════════════════════════════════════════════════╝
[2026-03-04 01:03:27] 
[2026-03-04 01:03:27] 👁️  开始 24 小时监控... (Ctrl+C 停止)
[2026-03-04 01:03:27] 
[2026-03-04 01:03:27] 📊 当前日志大小：2.7MB
[2026-03-04 01:03:27] ✅ 日志大小正常 (< 995MB)
[2026-03-04 01:04:27] 📊 当前日志大小：2.7MB
[2026-03-04 01:04:27] ✅ 日志大小正常 (< 995MB)
[2026-03-04 01:05:25] ╔════════════════════════════════════════════════════════╗
[2026-03-04 01:05:25] ║          日志修剪 - 监控模式                            ║
[2026-03-04 01:05:25] ║          检查间隔：60秒                  ║
[2026-03-04 01:05:25] ║          阈值：995MB                   ║
[2026-03-04 01:05:25] ╚════════════════════════════════════════════════════════╝
[2026-03-04 01:05:25] 
[2026-03-04 01:05:25] 👁️  开始 24 小时监控... (Ctrl+C 停止)
[2026-03-04 01:05:25] 
[2026-03-04 01:05:25] 📊 当前日志大小：2.7MB
[2026-03-04 01:05:25] ✅ 日志大小正常 (< 995MB)
[2026-03-04 01:06:25] 📊 当前日志大小：2.7MB
[2026-03-04 01:06:25] ✅ 日志大小正常 (< 995MB)
[2026-03-04 01:06:33] ╔════════════════════════════════════════════════════════╗
[2026-03-04 01:06:33] ║          日志修剪 - 监控模式                            ║
[2026-03-04 01:06:33] ║          检查间隔：60秒                  ║
[2026-03-04 01:06:33] ║          阈值：995MB                   ║
[2026-03-04 01:06:33] ╚════════════════════════════════════════════════════════╝
[2026-03-04 01:06:33] 
[2026-03-04 01:06:33] 👁️  开始 24 小时监控... (Ctrl+C 停止)
[2026-03-04 01:06:33] 
[2026-03-04 01:06:33] 📊 当前日志大小：2.7MB
[2026-03-04 01:06:33] ✅ 日志大小正常 (< 995MB)
[2026-03-04 01:06:44] ╔════════════════════════════════════════════════════════╗
[2026-03-04 01:06:44] ║          日志修剪 - 监控模式                            ║
[2026-03-04 01:06:44] ║          检查间隔：60秒                  ║
[2026-03-04 01:06:44] ║          阈值：995MB                   ║
[2026-03-04 01:06:44] ╚════════════════════════════════════════════════════════╝
[2026-03-04 01:06:44] 
[2026-03-04 01:06:44] 👁️  开始 24 小时监控... (Ctrl+C 停止)
[2026-03-04 01:06:44] 
[2026-03-04 01:06:44] 📊 当前日志大小：2.7MB
[2026-03-04 01:06:44] ✅ 日志大小正常 (< 995MB)
[2026-03-04 01:06:58] ╔════════════════════════════════════════════════════════╗
[2026-03-04 01:06:58] ║          日志修剪 - 监控模式                            ║
[2026-03-04 01:06:58] ║          检查间隔：60秒                  ║
[2026-03-04 01:06:58] ║          阈值：995MB                   ║
[2026-03-04 01:06:58] ╚════════════════════════════════════════════════════════╝
[2026-03-04 01:06:58] 
[2026-03-04 01:06:58] 👁️  开始 24 小时监控... (Ctrl+C 停止)
[2026-03-04 01:06:58] 
[2026-03-04 01:06:58] 📊 当前日志大小：2.7MB
[2026-03-04 01:06:58] ✅ 日志大小正常 (< 995MB)
[2026-03-04 01:07:58] 📊 当前日志大小：2.7MB
[2026-03-04 01:07:58] ✅ 日志大小正常 (< 995MB)
[2026-03-04 01:08:58] 📊 当前日志大小：2.7MB
[2026-03-04 01:08:58] ✅ 日志大小正常 (< 995MB)
[2026-03-04 01:09:58] 📊 当前日志大小：2.7MB
[2026-03-04 01:09:58] ✅ 日志大小正常 (< 995MB)
[2026-03-04 01:10:05] ╔════════════════════════════════════════════════════════╗
[2026-03-04 01:10:05] ║          日志修剪 - 监控模式                            ║
[2026-03-04 01:10:05] ║          检查间隔：60秒                  ║
[2026-03-04 01:10:05] ║          阈值：995MB                   ║
[2026-03-04 01:10:05] ╚════════════════════════════════════════════════════════╝
[2026-03-04 01:10:05] 
[2026-03-04 01:10:05] 👁️  开始 24 小时监控... (Ctrl+C 停止)
[2026-03-04 01:10:05] 
[2026-03-04 01:10:05] 📊 当前日志大小：2.7MB
[2026-03-04 01:10:05] ✅ 日志大小正常 (< 995MB)
[2026-03-04 01:11:05] 📊 当前日志大小：2.7MB
[2026-03-04 01:11:05] ✅ 日志大小正常 (< 995MB)
[2026-03-04 01:12:05] 📊 当前日志大小：2.7MB
[2026-03-04 01:12:05] ✅ 日志大小正常 (< 995MB)
[2026-03-04 01:13:05] 📊 当前日志大小：2.7MB
[2026-03-04 01:13:05] ✅ 日志大小正常 (< 995MB)
[2026-03-04 01:13:41] ╔════════════════════════════════════════════════════════╗
[2026-03-04 01:13:41] ║          日志修剪 - 监控模式                            ║
[2026-03-04 01:13:41] ║          检查间隔：60秒                  ║
[2026-03-04 01:13:41] ║          阈值：995MB                   ║
[2026-03-04 01:13:41] ╚════════════════════════════════════════════════════════╝
[2026-03-04 01:13:41] 
[2026-03-04 01:13:41] 👁️  开始 24 小时监控... (Ctrl+C 停止)
[2026-03-04 01:13:41] 
[2026-03-04 01:13:41] 📊 当前日志大小：2.7MB
[2026-03-04 01:13:41] ✅ 日志大小正常 (< 995MB)
[2026-03-04 01:14:18] ╔════════════════════════════════════════════════════════╗
[2026-03-04 01:14:18] ║          日志修剪 - 监控模式                            ║
[2026-03-04 01:14:18] ║          检查间隔：60秒                  ║
[2026-03-04 01:14:18] ║          阈值：995MB                   ║
[2026-03-04 01:14:18] ╚════════════════════════════════════════════════════════╝
[2026-03-04 01:14:18] 
[2026-03-04 01:14:18] 👁️  开始 24 小时监控... (Ctrl+C 停止)
[2026-03-04 01:14:18] 
[2026-03-04 01:14:18] 📊 当前日志大小：2.7MB
[2026-03-04 01:14:18] ✅ 日志大小正常 (< 995MB)
[2026-03-04 01:15:18] 📊 当前日志大小：2.7MB
[2026-03-04 01:15:18] ✅ 日志大小正常 (< 995MB)
[2026-03-04 01:16:18] 📊 当前日志大小：2.7MB
[2026-03-04 01:16:18] ✅ 日志大小正常 (< 995MB)
[2026-03-04 01:17:18] 📊 当前日志大小：2.7MB
[2026-03-04 01:17:18] ✅ 日志大小正常 (< 995MB)
[2026-03-04 01:18:08] ╔════════════════════════════════════════════════════════╗
[2026-03-04 01:18:08] ║          日志修剪 - 监控模式                            ║
[2026-03-04 01:18:08] ║          检查间隔：60秒                  ║
[2026-03-04 01:18:08] ║          阈值：995MB                   ║
[2026-03-04 01:18:08] ╚════════════════════════════════════════════════════════╝
[2026-03-04 01:18:08] 
[2026-03-04 01:18:08] 👁️  开始 24 小时监控... (Ctrl+C 停止)
[2026-03-04 01:18:08] 
[2026-03-04 01:18:08] 📊 当前日志大小：2.7MB
[2026-03-04 01:18:08] ✅ 日志大小正常 (< 995MB)
[2026-03-04 01:19:08] 📊 当前日志大小：2.7MB
[2026-03-04 01:19:08] ✅ 日志大小正常 (< 995MB)
[2026-03-04 01:20:08] 📊 当前日志大小：2.7MB
[2026-03-04 01:20:08] ✅ 日志大小正常 (< 995MB)
[2026-03-04 01:21:08] 📊 当前日志大小：2.7MB
[2026-03-04 01:21:08] ✅ 日志大小正常 (< 995MB)
[2026-03-04 01:22:08] 📊 当前日志大小：2.7MB
[2026-03-04 01:22:08] ✅ 日志大小正常 (< 995MB)
[2026-03-04 01:23:08] 📊 当前日志大小：2.7MB
[2026-03-04 01:23:08] ✅ 日志大小正常 (< 995MB)
[2026-03-04 01:24:08] 📊 当前日志大小：2.7MB
[2026-03-04 01:24:08] ✅ 日志大小正常 (< 995MB)
[2026-03-04 01:25:08] 📊 当前日志大小：2.7MB
[2026-03-04 01:25:08] ✅ 日志大小正常 (< 995MB)
[2026-03-04 01:26:08] 📊 当前日志大小：2.7MB
[2026-03-04 01:26:08] ✅ 日志大小正常 (< 995MB)
[2026-03-04 01:27:08] 📊 检查 #10 - 当前大小：2.7MB
[2026-03-04 01:27:08] 📊 当前日志大小：2.7MB
[2026-03-04 01:27:08] ✅ 日志大小正常 (< 995MB)
[2026-03-04 01:28:08] 📊 当前日志大小：2.7MB
[2026-03-04 01:28:08] ✅ 日志大小正常 (< 995MB)
[2026-03-04 01:29:08] 📊 当前日志大小：2.7MB
[2026-03-04 01:29:08] ✅ 日志大小正常 (< 995MB)
[2026-03-04 01:30:08] 📊 当前日志大小：2.7MB
[2026-03-04 01:30:08] ✅ 日志大小正常 (< 995MB)
[2026-03-04 01:31:08] 📊 当前日志大小：2.7MB
[2026-03-04 01:31:08] ✅ 日志大小正常 (< 995MB)
[2026-03-04 01:32:08] 📊 当前日志大小：2.7MB
[2026-03-04 01:32:08] ✅ 日志大小正常 (< 995MB)
[2026-03-04 01:33:08] 📊 当前日志大小：2.7MB
[2026-03-04 01:33:08] ✅ 日志大小正常 (< 995MB)
[2026-03-04 01:34:08] 📊 当前日志大小：2.7MB
[2026-03-04 01:34:08] ✅ 日志大小正常 (< 995MB)
[2026-03-04 01:35:08] 📊 当前日志大小：2.7MB
[2026-03-04 01:35:08] ✅ 日志大小正常 (< 995MB)
[2026-03-04 01:36:08] 📊 当前日志大小：2.7MB
[2026-03-04 01:36:08] ✅ 日志大小正常 (< 995MB)
[2026-03-04 01:37:08] 📊 检查 #20 - 当前大小：2.7MB
[2026-03-04 01:37:08] 📊 当前日志大小：2.7MB
[2026-03-04 01:37:08] ✅ 日志大小正常 (< 995MB)
[2026-03-04 01:38:08] 📊 当前日志大小：2.7MB
[2026-03-04 01:38:08] ✅ 日志大小正常 (< 995MB)
[2026-03-04 01:39:08] 📊 当前日志大小：2.7MB
[2026-03-04 01:39:08] ✅ 日志大小正常 (< 995MB)
[2026-03-04 01:40:08] 📊 当前日志大小：2.7MB
[2026-03-04 01:40:08] ✅ 日志大小正常 (< 995MB)
[2026-03-04 01:41:08] 📊 当前日志大小：2.7MB
[2026-03-04 01:41:08] ✅ 日志大小正常 (< 995MB)
[2026-03-04 01:42:08] 📊 当前日志大小：2.7MB
[2026-03-04 01:42:08] ✅ 日志大小正常 (< 995MB)
[2026-03-04 01:43:08] 📊 当前日志大小：2.7MB
[2026-03-04 01:43:08] ✅ 日志大小正常 (< 995MB)
[2026-03-04 01:44:08] 📊 当前日志大小：2.7MB
[2026-03-04 01:44:08] ✅ 日志大小正常 (< 995MB)
[2026-03-04 01:45:08] 📊 当前日志大小：2.7MB
[2026-03-04 01:45:08] ✅ 日志大小正常 (< 995MB)
[2026-03-04 01:46:08] 📊 当前日志大小：2.7MB
[2026-03-04 01:46:08] ✅ 日志大小正常 (< 995MB)
[2026-03-04 01:47:08] 📊 检查 #30 - 当前大小：2.7MB
[2026-03-04 01:47:08] 📊 当前日志大小：2.7MB
[2026-03-04 01:47:08] ✅ 日志大小正常 (< 995MB)
[2026-03-04 01:48:08] 📊 当前日志大小：2.7MB
[2026-03-04 01:48:08] ✅ 日志大小正常 (< 995MB)
[2026-03-04 01:49:08] 📊 当前日志大小：2.7MB
[2026-03-04 01:49:08] ✅ 日志大小正常 (< 995MB)
[2026-03-04 01:50:08] 📊 当前日志大小：2.7MB
[2026-03-04 01:50:08] ✅ 日志大小正常 (< 995MB)
[2026-03-04 01:51:08] 📊 当前日志大小：2.7MB
[2026-03-04 01:51:08] ✅ 日志大小正常 (< 995MB)
[2026-03-04 01:52:08] 📊 当前日志大小：2.7MB
[2026-03-04 01:52:08] ✅ 日志大小正常 (< 995MB)
[2026-03-04 01:53:08] 📊 当前日志大小：2.7MB
[2026-03-04 01:53:08] ✅ 日志大小正常 (< 995MB)
[2026-03-04 01:54:08] 📊 当前日志大小：2.7MB
[2026-03-04 01:54:08] ✅ 日志大小正常 (< 995MB)
[2026-03-04 01:55:08] 📊 当前日志大小：2.7MB
[2026-03-04 01:55:08] ✅ 日志大小正常 (< 995MB)
[2026-03-04 01:56:08] 📊 当前日志大小：2.7MB
[2026-03-04 01:56:08] ✅ 日志大小正常 (< 995MB)
[2026-03-04 01:57:08] 📊 检查 #40 - 当前大小：2.7MB
[2026-03-04 01:57:08] 📊 当前日志大小：2.7MB
[2026-03-04 01:57:08] ✅ 日志大小正常 (< 995MB)
[2026-03-04 01:58:08] 📊 当前日志大小：2.7MB
[2026-03-04 01:58:08] ✅ 日志大小正常 (< 995MB)
[2026-03-04 01:59:08] 📊 当前日志大小：2.7MB
[2026-03-04 01:59:08] ✅ 日志大小正常 (< 995MB)
[2026-03-04 02:00:08] 📊 当前日志大小：2.73MB
[2026-03-04 02:00:08] ✅ 日志大小正常 (< 995MB)
[2026-03-04 02:01:08] 📊 当前日志大小：2.73MB
[2026-03-04 02:01:08] ✅ 日志大小正常 (< 995MB)
[2026-03-04 02:02:08] 📊 当前日志大小：2.73MB
[2026-03-04 02:02:08] ✅ 日志大小正常 (< 995MB)
[2026-03-04 02:03:08] 📊 当前日志大小：2.73MB
[2026-03-04 02:03:08] ✅ 日志大小正常 (< 995MB)
[2026-03-04 02:04:08] 📊 当前日志大小：2.73MB
[2026-03-04 02:04:08] ✅ 日志大小正常 (< 995MB)
[2026-03-04 02:05:08] 📊 当前日志大小：2.73MB
[2026-03-04 02:05:08] ✅ 日志大小正常 (< 995MB)
[2026-03-04 02:06:08] 📊 当前日志大小：2.73MB
[2026-03-04 02:06:08] ✅ 日志大小正常 (< 995MB)
[2026-03-04 02:07:08] 📊 检查 #50 - 当前大小：2.73MB
[2026-03-04 02:07:08] 📊 当前日志大小：2.73MB
[2026-03-04 02:07:08] ✅ 日志大小正常 (< 995MB)
[2026-03-04 02:08:08] 📊 当前日志大小：2.73MB
[2026-03-04 02:08:08] ✅ 日志大小正常 (< 995MB)
[2026-03-04 02:09:08] 📊 当前日志大小：2.73MB
[2026-03-04 02:09:08] ✅ 日志大小正常 (< 995MB)
[2026-03-04 02:10:08] 📊 当前日志大小：2.73MB
[2026-03-04 02:10:08] ✅ 日志大小正常 (< 995MB)
[2026-03-04 02:11:08] 📊 当前日志大小：2.73MB
[2026-03-04 02:11:08] ✅ 日志大小正常 (< 995MB)
[2026-03-04 02:12:08] 📊 当前日志大小：2.73MB
[2026-03-04 02:12:08] ✅ 日志大小正常 (< 995MB)
[2026-03-04 02:13:08] 📊 当前日志大小：2.73MB
[2026-03-04 02:13:08] ✅ 日志大小正常 (< 995MB)
[2026-03-04 02:14:08] 📊 当前日志大小：2.73MB
[2026-03-04 02:14:08] ✅ 日志大小正常 (< 995MB)
[2026-03-04 02:15:08] 📊 当前日志大小：2.73MB
[2026-03-04 02:15:08] ✅ 日志大小正常 (< 995MB)
[2026-03-04 02:16:08] 📊 当前日志大小：2.73MB
[2026-03-04 02:16:08] ✅ 日志大小正常 (< 995MB)
[2026-03-04 02:17:08] 📊 检查 #60 - 当前大小：2.73MB
[2026-03-04 02:17:08] 📊 当前日志大小：2.73MB
[2026-03-04 02:17:08] ✅ 日志大小正常 (< 995MB)
[2026-03-04 02:18:08] 📊 当前日志大小：2.73MB
[2026-03-04 02:18:08] ✅ 日志大小正常 (< 995MB)
[2026-03-04 02:19:08] 📊 当前日志大小：2.73MB
[2026-03-04 02:19:08] ✅ 日志大小正常 (< 995MB)
[2026-03-04 02:20:08] 📊 当前日志大小：2.73MB
[2026-03-04 02:20:08] ✅ 日志大小正常 (< 995MB)
[2026-03-04 02:21:08] 📊 当前日志大小：2.73MB
[2026-03-04 02:21:08] ✅ 日志大小正常 (< 995MB)
[2026-03-04 02:22:08] 📊 当前日志大小：2.73MB
[2026-03-04 02:22:08] ✅ 日志大小正常 (< 995MB)
[2026-03-04 02:23:08] 📊 当前日志大小：2.73MB
[2026-03-04 02:23:08] ✅ 日志大小正常 (< 995MB)
[2026-03-04 02:24:08] 📊 当前日志大小：2.73MB
[2026-03-04 02:24:08] ✅ 日志大小正常 (< 995MB)
[2026-03-04 02:25:08] 📊 当前日志大小：2.73MB
[2026-03-04 02:25:08] ✅ 日志大小正常 (< 995MB)
[2026-03-04 02:26:08] 📊 当前日志大小：2.73MB
[2026-03-04 02:26:08] ✅ 日志大小正常 (< 995MB)
[2026-03-04 02:27:08] 📊 检查 #70 - 当前大小：2.73MB
[2026-03-04 02:27:08] 📊 当前日志大小：2.73MB
[2026-03-04 02:27:08] ✅ 日志大小正常 (< 995MB)
[2026-03-04 02:28:08] 📊 当前日志大小：2.73MB
[2026-03-04 02:28:08] ✅ 日志大小正常 (< 995MB)
[2026-03-04 02:29:08] 📊 当前日志大小：2.73MB
[2026-03-04 02:29:08] ✅ 日志大小正常 (< 995MB)
[2026-03-04 02:30:08] 📊 当前日志大小：2.73MB
[2026-03-04 02:30:08] ✅ 日志大小正常 (< 995MB)
[2026-03-04 02:31:08] 📊 当前日志大小：2.73MB
[2026-03-04 02:31:08] ✅ 日志大小正常 (< 995MB)
[2026-03-04 02:32:08] 📊 当前日志大小：2.73MB
[2026-03-04 02:32:08] ✅ 日志大小正常 (< 995MB)
[2026-03-04 02:33:08] 📊 当前日志大小：2.73MB
[2026-03-04 02:33:08] ✅ 日志大小正常 (< 995MB)
[2026-03-04 02:34:08] 📊 当前日志大小：2.73MB
[2026-03-04 02:34:08] ✅ 日志大小正常 (< 995MB)
[2026-03-04 02:35:08] 📊 当前日志大小：2.73MB
[2026-03-04 02:35:08] ✅ 日志大小正常 (< 995MB)
[2026-03-04 02:36:08] 📊 当前日志大小：2.73MB
[2026-03-04 02:36:08] ✅ 日志大小正常 (< 995MB)
[2026-03-04 02:37:08] 📊 检查 #80 - 当前大小：2.73MB
[2026-03-04 02:37:08] 📊 当前日志大小：2.73MB
[2026-03-04 02:37:08] ✅ 日志大小正常 (< 995MB)
[2026-03-04 02:38:08] 📊 当前日志大小：2.73MB
[2026-03-04 02:38:08] ✅ 日志大小正常 (< 995MB)
[2026-03-04 02:39:08] 📊 当前日志大小：2.73MB
[2026-03-04 02:39:08] ✅ 日志大小正常 (< 995MB)
[2026-03-04 02:40:08] 📊 当前日志大小：2.73MB
[2026-03-04 02:40:08] ✅ 日志大小正常 (< 995MB)
[2026-03-04 02:41:08] 📊 当前日志大小：2.73MB
[2026-03-04 02:41:08] ✅ 日志大小正常 (< 995MB)
[2026-03-04 02:42:08] 📊 当前日志大小：2.73MB
[2026-03-04 02:42:08] ✅ 日志大小正常 (< 995MB)
[2026-03-04 02:43:08] 📊 当前日志大小：2.73MB
[2026-03-04 02:43:08] ✅ 日志大小正常 (< 995MB)
[2026-03-04 02:44:08] 📊 当前日志大小：2.73MB
[2026-03-04 02:44:08] ✅ 日志大小正常 (< 995MB)
[2026-03-04 02:45:08] 📊 当前日志大小：2.73MB
[2026-03-04 02:45:08] ✅ 日志大小正常 (< 995MB)
[2026-03-04 02:46:08] 📊 当前日志大小：2.73MB
[2026-03-04 02:46:08] ✅ 日志大小正常 (< 995MB)
[2026-03-04 02:47:08] 📊 检查 #90 - 当前大小：2.73MB
[2026-03-04 02:47:08] 📊 当前日志大小：2.73MB
[2026-03-04 02:47:08] ✅ 日志大小正常 (< 995MB)
[2026-03-04 02:48:08] 📊 当前日志大小：2.73MB
[2026-03-04 02:48:08] ✅ 日志大小正常 (< 995MB)
[2026-03-04 02:49:08] 📊 当前日志大小：2.73MB
[2026-03-04 02:49:08] ✅ 日志大小正常 (< 995MB)
[2026-03-04 02:50:08] 📊 当前日志大小：2.73MB
[2026-03-04 02:50:08] ✅ 日志大小正常 (< 995MB)
[2026-03-04 02:51:08] 📊 当前日志大小：2.73MB
[2026-03-04 02:51:08] ✅ 日志大小正常 (< 995MB)
[2026-03-04 02:52:08] 📊 当前日志大小：2.73MB
[2026-03-04 02:52:08] ✅ 日志大小正常 (< 995MB)
[2026-03-04 02:53:08] 📊 当前日志大小：2.73MB
[2026-03-04 02:53:08] ✅ 日志大小正常 (< 995MB)
[2026-03-04 02:54:08] 📊 当前日志大小：2.73MB
[2026-03-04 02:54:08] ✅ 日志大小正常 (< 995MB)
[2026-03-04 02:55:08] 📊 当前日志大小：2.73MB
[2026-03-04 02:55:08] ✅ 日志大小正常 (< 995MB)
[2026-03-04 02:56:08] 📊 当前日志大小：2.73MB
[2026-03-04 02:56:08] ✅ 日志大小正常 (< 995MB)
[2026-03-04 02:57:08] 📊 检查 #100 - 当前大小：2.73MB
[2026-03-04 02:57:08] 📊 当前日志大小：2.73MB
[2026-03-04 02:57:08] ✅ 日志大小正常 (< 995MB)
[2026-03-04 02:58:08] 📊 当前日志大小：2.73MB
[2026-03-04 02:58:08] ✅ 日志大小正常 (< 995MB)
[2026-03-04 02:59:08] 📊 当前日志大小：2.73MB
[2026-03-04 02:59:08] ✅ 日志大小正常 (< 995MB)
[2026-03-04 03:00:08] 📊 当前日志大小：2.77MB
[2026-03-04 03:00:08] ✅ 日志大小正常 (< 995MB)
[2026-03-04 03:01:08] 📊 当前日志大小：2.77MB
[2026-03-04 03:01:08] ✅ 日志大小正常 (< 995MB)
[2026-03-04 03:02:08] 📊 当前日志大小：2.77MB
[2026-03-04 03:02:08] ✅ 日志大小正常 (< 995MB)
[2026-03-04 03:03:08] 📊 当前日志大小：2.77MB
[2026-03-04 03:03:08] ✅ 日志大小正常 (< 995MB)
[2026-03-04 03:04:08] 📊 当前日志大小：2.77MB
[2026-03-04 03:04:08] ✅ 日志大小正常 (< 995MB)
[2026-03-04 03:05:08] 📊 当前日志大小：2.77MB
[2026-03-04 03:05:08] ✅ 日志大小正常 (< 995MB)
[2026-03-04 03:06:08] 📊 当前日志大小：2.77MB
[2026-03-04 03:06:08] ✅ 日志大小正常 (< 995MB)
[2026-03-04 03:07:08] 📊 检查 #110 - 当前大小：2.77MB
[2026-03-04 03:07:08] 📊 当前日志大小：2.77MB
[2026-03-04 03:07:08] ✅ 日志大小正常 (< 995MB)
[2026-03-04 03:08:08] 📊 当前日志大小：2.77MB
[2026-03-04 03:08:08] ✅ 日志大小正常 (< 995MB)
[2026-03-04 03:09:08] 📊 当前日志大小：2.77MB
[2026-03-04 03:09:08] ✅ 日志大小正常 (< 995MB)
[2026-03-04 03:10:08] 📊 当前日志大小：2.77MB
[2026-03-04 03:10:08] ✅ 日志大小正常 (< 995MB)
[2026-03-04 03:11:08] 📊 当前日志大小：2.77MB
[2026-03-04 03:11:08] ✅ 日志大小正常 (< 995MB)
[2026-03-04 03:12:08] 📊 当前日志大小：2.77MB
[2026-03-04 03:12:08] ✅ 日志大小正常 (< 995MB)
[2026-03-04 03:13:08] 📊 当前日志大小：2.77MB
[2026-03-04 03:13:08] ✅ 日志大小正常 (< 995MB)
[2026-03-04 03:14:08] 📊 当前日志大小：2.77MB
[2026-03-04 03:14:08] ✅ 日志大小正常 (< 995MB)
[2026-03-04 03:15:08] 📊 当前日志大小：2.77MB
[2026-03-04 03:15:08] ✅ 日志大小正常 (< 995MB)
[2026-03-04 03:16:08] 📊 当前日志大小：2.77MB
[2026-03-04 03:16:08] ✅ 日志大小正常 (< 995MB)
[2026-03-04 03:17:08] 📊 检查 #120 - 当前大小：2.77MB
[2026-03-04 03:17:08] 📊 当前日志大小：2.77MB
[2026-03-04 03:17:08] ✅ 日志大小正常 (< 995MB)
[2026-03-04 03:18:08] 📊 当前日志大小：2.77MB
[2026-03-04 03:18:08] ✅ 日志大小正常 (< 995MB)
[2026-03-04 03:19:08] 📊 当前日志大小：2.77MB
[2026-03-04 03:19:08] ✅ 日志大小正常 (< 995MB)
[2026-03-04 03:20:08] 📊 当前日志大小：2.77MB
[2026-03-04 03:20:08] ✅ 日志大小正常 (< 995MB)
[2026-03-04 03:21:08] 📊 当前日志大小：2.77MB
[2026-03-04 03:21:08] ✅ 日志大小正常 (< 995MB)
[2026-03-04 03:22:08] 📊 当前日志大小：2.77MB
[2026-03-04 03:22:08] ✅ 日志大小正常 (< 995MB)
[2026-03-04 03:23:08] 📊 当前日志大小：2.77MB
[2026-03-04 03:23:08] ✅ 日志大小正常 (< 995MB)
[2026-03-04 03:24:08] 📊 当前日志大小：2.77MB
[2026-03-04 03:24:08] ✅ 日志大小正常 (< 995MB)
[2026-03-04 03:25:08] 📊 当前日志大小：2.77MB
[2026-03-04 03:25:08] ✅ 日志大小正常 (< 995MB)
[2026-03-04 03:26:08] 📊 当前日志大小：2.77MB
[2026-03-04 03:26:08] ✅ 日志大小正常 (< 995MB)
[2026-03-04 03:27:08] 📊 检查 #130 - 当前大小：2.77MB
[2026-03-04 03:27:08] 📊 当前日志大小：2.77MB
[2026-03-04 03:27:08] ✅ 日志大小正常 (< 995MB)
[2026-03-04 03:28:08] 📊 当前日志大小：2.77MB
[2026-03-04 03:28:08] ✅ 日志大小正常 (< 995MB)
[2026-03-04 03:29:08] 📊 当前日志大小：2.77MB
[2026-03-04 03:29:08] ✅ 日志大小正常 (< 995MB)
[2026-03-04 03:30:08] 📊 当前日志大小：2.77MB
[2026-03-04 03:30:08] ✅ 日志大小正常 (< 995MB)
[2026-03-04 03:31:08] 📊 当前日志大小：2.77MB
[2026-03-04 03:31:08] ✅ 日志大小正常 (< 995MB)
[2026-03-04 03:32:08] 📊 当前日志大小：2.77MB
[2026-03-04 03:32:08] ✅ 日志大小正常 (< 995MB)
[2026-03-04 03:33:08] 📊 当前日志大小：2.77MB
[2026-03-04 03:33:08] ✅ 日志大小正常 (< 995MB)
[2026-03-04 03:34:08] 📊 当前日志大小：2.77MB
[2026-03-04 03:34:08] ✅ 日志大小正常 (< 995MB)
[2026-03-04 03:35:08] 📊 当前日志大小：2.77MB
[2026-03-04 03:35:08] ✅ 日志大小正常 (< 995MB)
[2026-03-04 03:36:08] 📊 当前日志大小：2.77MB
[2026-03-04 03:36:08] ✅ 日志大小正常 (< 995MB)
[2026-03-04 03:37:08] 📊 检查 #140 - 当前大小：2.77MB
[2026-03-04 03:37:08] 📊 当前日志大小：2.77MB
[2026-03-04 03:37:08] ✅ 日志大小正常 (< 995MB)
[2026-03-04 03:38:08] 📊 当前日志大小：2.77MB
[2026-03-04 03:38:08] ✅ 日志大小正常 (< 995MB)
[2026-03-04 03:39:08] 📊 当前日志大小：2.77MB
[2026-03-04 03:39:08] ✅ 日志大小正常 (< 995MB)
[2026-03-04 03:40:08] 📊 当前日志大小：2.77MB
[2026-03-04 03:40:08] ✅ 日志大小正常 (< 995MB)
[2026-03-04 03:41:08] 📊 当前日志大小：2.77MB
[2026-03-04 03:41:08] ✅ 日志大小正常 (< 995MB)
[2026-03-04 03:42:08] 📊 当前日志大小：2.77MB
[2026-03-04 03:42:08] ✅ 日志大小正常 (< 995MB)
[2026-03-04 03:43:08] 📊 当前日志大小：2.77MB
[2026-03-04 03:43:08] ✅ 日志大小正常 (< 995MB)
[2026-03-04 03:44:08] 📊 当前日志大小：2.77MB
[2026-03-04 03:44:08] ✅ 日志大小正常 (< 995MB)
[2026-03-04 03:45:08] 📊 当前日志大小：2.77MB
[2026-03-04 03:45:08] ✅ 日志大小正常 (< 995MB)
[2026-03-04 03:46:08] 📊 当前日志大小：2.77MB
[2026-03-04 03:46:08] ✅ 日志大小正常 (< 995MB)
[2026-03-04 03:47:08] 📊 检查 #150 - 当前大小：2.77MB
[2026-03-04 03:47:08] 📊 当前日志大小：2.77MB
[2026-03-04 03:47:08] ✅ 日志大小正常 (< 995MB)
[2026-03-04 03:48:08] 📊 当前日志大小：2.77MB
[2026-03-04 03:48:08] ✅ 日志大小正常 (< 995MB)
[2026-03-04 03:49:08] 📊 当前日志大小：2.77MB
[2026-03-04 03:49:08] ✅ 日志大小正常 (< 995MB)
[2026-03-04 03:50:08] 📊 当前日志大小：2.77MB
[2026-03-04 03:50:08] ✅ 日志大小正常 (< 995MB)
[2026-03-04 03:51:08] 📊 当前日志大小：2.77MB
[2026-03-04 03:51:08] ✅ 日志大小正常 (< 995MB)
[2026-03-04 03:52:08] 📊 当前日志大小：2.77MB
[2026-03-04 03:52:08] ✅ 日志大小正常 (< 995MB)
[2026-03-04 03:53:08] 📊 当前日志大小：2.77MB
[2026-03-04 03:53:08] ✅ 日志大小正常 (< 995MB)
[2026-03-04 03:54:08] 📊 当前日志大小：2.77MB
[2026-03-04 03:54:08] ✅ 日志大小正常 (< 995MB)
[2026-03-04 03:55:08] 📊 当前日志大小：2.77MB
[2026-03-04 03:55:08] ✅ 日志大小正常 (< 995MB)
[2026-03-04 03:56:08] 📊 当前日志大小：2.77MB
[2026-03-04 03:56:08] ✅ 日志大小正常 (< 995MB)
[2026-03-04 03:57:08] 📊 检查 #160 - 当前大小：2.77MB
[2026-03-04 03:57:08] 📊 当前日志大小：2.77MB
[2026-03-04 03:57:08] ✅ 日志大小正常 (< 995MB)
[2026-03-04 03:58:08] 📊 当前日志大小：2.77MB
[2026-03-04 03:58:08] ✅ 日志大小正常 (< 995MB)
[2026-03-04 03:59:08] 📊 当前日志大小：2.77MB
[2026-03-04 03:59:08] ✅ 日志大小正常 (< 995MB)
[2026-03-04 04:00:08] 📊 当前日志大小：2.8MB
[2026-03-04 04:00:08] ✅ 日志大小正常 (< 995MB)
[2026-03-04 04:01:08] 📊 当前日志大小：2.8MB
[2026-03-04 04:01:08] ✅ 日志大小正常 (< 995MB)
[2026-03-04 04:02:08] 📊 当前日志大小：2.8MB
[2026-03-04 04:02:08] ✅ 日志大小正常 (< 995MB)
[2026-03-04 04:03:08] 📊 当前日志大小：2.8MB
[2026-03-04 04:03:08] ✅ 日志大小正常 (< 995MB)
[2026-03-04 04:04:08] 📊 当前日志大小：2.8MB
[2026-03-04 04:04:08] ✅ 日志大小正常 (< 995MB)
[2026-03-04 04:05:08] 📊 当前日志大小：2.8MB
[2026-03-04 04:05:08] ✅ 日志大小正常 (< 995MB)
[2026-03-04 04:06:08] 📊 当前日志大小：2.8MB
[2026-03-04 04:06:08] ✅ 日志大小正常 (< 995MB)
