Traceback (most recent call last):
  File "/home/admin/Ziwei/projects/x402-trading-bot/soul_trader.py", line 232, in <module>
    main()
  File "/home/admin/Ziwei/projects/x402-trading-bot/soul_trader.py", line 189, in main
    start_intel_collector()
  File "/home/admin/Ziwei/projects/x402-trading-bot/soul_trader.py", line 65, in start_intel_collector
    sleep(2)
    ^^^^^
NameError: name 'sleep' is not defined
Traceback (most recent call last):
  File "/home/admin/Ziwei/projects/x402-trading-bot/soul_trader.py", line 232, in <module>
    main()
  File "/home/admin/Ziwei/projects/x402-trading-bot/soul_trader.py", line 189, in main
    start_intel_collector()
  File "/home/admin/Ziwei/projects/x402-trading-bot/soul_trader.py", line 65, in start_intel_collector
    sleep(2)
    ^^^^^
NameError: name 'sleep' is not defined
Traceback (most recent call last):
  File "/home/admin/Ziwei/projects/x402-trading-bot/soul_trader.py", line 232, in <module>
    main()
  File "/home/admin/Ziwei/projects/x402-trading-bot/soul_trader.py", line 189, in main
    start_intel_collector()
  File "/home/admin/Ziwei/projects/x402-trading-bot/soul_trader.py", line 65, in start_intel_collector
    sleep(2)
    ^^^^^
NameError: name 'sleep' is not defined
Traceback (most recent call last):
  File "/home/admin/Ziwei/projects/x402-trading-bot/soul_trader.py", line 232, in <module>
    main()
  File "/home/admin/Ziwei/projects/x402-trading-bot/soul_trader.py", line 189, in main
    start_intel_collector()
  File "/home/admin/Ziwei/projects/x402-trading-bot/soul_trader.py", line 65, in start_intel_collector
    sleep(2)
    ^^^^^
NameError: name 'sleep' is not defined
