2026-03-04 01:03:26,160 CRIT Supervisor is running as root.  Privileges were not dropped because no user is specified in the config file.  If you intend to run as root, you can set user=root in the config file to avoid this message.
2026-03-04 01:03:26,160 INFO Included extra file "/etc/supervisor/conf.d/ziwei.conf" during parsing
2026-03-04 01:03:26,166 INFO RPC interface 'supervisor' initialized
2026-03-04 01:03:26,166 INFO RPC interface 'supervisor' initialized
2026-03-04 01:03:26,166 CRIT Server 'unix_http_server' running without any HTTP authentication checking
2026-03-04 01:03:26,167 INFO daemonizing the supervisord process
2026-03-04 01:03:26,168 INFO supervisord started with pid 706710
2026-03-04 01:03:27,169 INFO spawned: 'ziwei-auto-sync' with pid 706719
2026-03-04 01:03:27,171 INFO spawned: 'ziwei-dashboard' with pid 706720
2026-03-04 01:03:27,172 INFO spawned: 'ziwei-log-trim' with pid 706721
2026-03-04 01:03:27,173 INFO spawned: 'ziwei-trading-bot' with pid 706722
2026-03-04 01:03:27,174 INFO spawned: 'ziwei-warroom' with pid 706723
2026-03-04 01:03:27,175 INFO spawned: 'ziwei-x402-api' with pid 706724
2026-03-04 01:03:27,301 WARN exited: ziwei-auto-sync (exit status 0; not expected)
2026-03-04 01:03:27,312 WARN exited: ziwei-x402-api (exit status 1; not expected)
2026-03-04 01:03:27,349 WARN exited: ziwei-dashboard (exit status 1; not expected)
2026-03-04 01:03:28,409 INFO spawned: 'ziwei-auto-sync' with pid 706731
2026-03-04 01:03:28,410 INFO spawned: 'ziwei-dashboard' with pid 706732
2026-03-04 01:03:28,410 INFO success: ziwei-log-trim entered RUNNING state, process has stayed up for > than 1 seconds (startsecs)
2026-03-04 01:03:28,410 INFO success: ziwei-trading-bot entered RUNNING state, process has stayed up for > than 1 seconds (startsecs)
2026-03-04 01:03:28,410 INFO success: ziwei-warroom entered RUNNING state, process has stayed up for > than 1 seconds (startsecs)
2026-03-04 01:03:28,411 INFO spawned: 'ziwei-x402-api' with pid 706733
2026-03-04 01:03:28,475 WARN exited: ziwei-auto-sync (exit status 0; not expected)
2026-03-04 01:03:28,487 WARN exited: ziwei-dashboard (exit status 1; not expected)
2026-03-04 01:03:28,494 WARN exited: ziwei-x402-api (exit status 1; not expected)
2026-03-04 01:03:30,714 INFO spawned: 'ziwei-auto-sync' with pid 706735
2026-03-04 01:03:30,716 INFO spawned: 'ziwei-dashboard' with pid 706736
2026-03-04 01:03:30,717 INFO spawned: 'ziwei-x402-api' with pid 706737
2026-03-04 01:03:30,774 WARN exited: ziwei-auto-sync (exit status 0; not expected)
2026-03-04 01:03:30,809 WARN exited: ziwei-x402-api (exit status 1; not expected)
2026-03-04 01:03:30,820 WARN exited: ziwei-dashboard (exit status 1; not expected)
2026-03-04 01:03:34,155 INFO spawned: 'ziwei-auto-sync' with pid 706749
2026-03-04 01:03:34,156 INFO spawned: 'ziwei-dashboard' with pid 706750
2026-03-04 01:03:34,157 INFO spawned: 'ziwei-x402-api' with pid 706751
2026-03-04 01:03:34,192 WARN exited: ziwei-auto-sync (exit status 0; not expected)
2026-03-04 01:03:34,192 INFO gave up: ziwei-auto-sync entered FATAL state, too many start retries too quickly
2026-03-04 01:03:34,226 WARN exited: ziwei-x402-api (exit status 1; not expected)
2026-03-04 01:03:34,232 INFO gave up: ziwei-x402-api entered FATAL state, too many start retries too quickly
2026-03-04 01:03:34,237 WARN exited: ziwei-dashboard (exit status 1; not expected)
2026-03-04 01:03:34,770 INFO gave up: ziwei-dashboard entered FATAL state, too many start retries too quickly
2026-03-04 01:04:34,520 CRIT Supervisor is running as root.  Privileges were not dropped because no user is specified in the config file.  If you intend to run as root, you can set user=root in the config file to avoid this message.
2026-03-04 01:04:34,520 INFO Included extra file "/etc/supervisor/conf.d/ziwei.conf" during parsing
2026-03-04 01:05:24,613 CRIT Supervisor is running as root.  Privileges were not dropped because no user is specified in the config file.  If you intend to run as root, you can set user=root in the config file to avoid this message.
2026-03-04 01:05:24,614 INFO Included extra file "/etc/supervisor/conf.d/ziwei.conf" during parsing
2026-03-04 01:05:24,619 INFO RPC interface 'supervisor' initialized
2026-03-04 01:05:24,919 INFO RPC interface 'supervisor' initialized
2026-03-04 01:05:24,920 CRIT Server 'unix_http_server' running without any HTTP authentication checking
2026-03-04 01:05:24,921 INFO daemonizing the supervisord process
2026-03-04 01:05:24,921 INFO supervisord started with pid 707070
2026-03-04 01:05:25,924 INFO spawned: 'ziwei-auto-sync' with pid 707072
2026-03-04 01:05:25,925 INFO spawned: 'ziwei-dashboard' with pid 707073
2026-03-04 01:05:25,926 INFO spawned: 'ziwei-log-trim' with pid 707074
2026-03-04 01:05:25,927 INFO spawned: 'ziwei-trading-bot' with pid 707075
2026-03-04 01:05:25,928 INFO spawned: 'ziwei-warroom' with pid 707076
2026-03-04 01:05:25,930 INFO spawned: 'ziwei-x402-api' with pid 707077
2026-03-04 01:05:25,978 WARN exited: ziwei-auto-sync (exit status 0; not expected)
2026-03-04 01:05:26,053 WARN exited: ziwei-x402-api (exit status 1; not expected)
2026-03-04 01:05:26,070 WARN exited: ziwei-dashboard (exit status 1; not expected)
2026-03-04 01:05:27,711 INFO spawned: 'ziwei-auto-sync' with pid 707079
2026-03-04 01:05:27,712 INFO spawned: 'ziwei-dashboard' with pid 707080
2026-03-04 01:05:27,712 INFO success: ziwei-log-trim entered RUNNING state, process has stayed up for > than 1 seconds (startsecs)
2026-03-04 01:05:27,712 INFO success: ziwei-trading-bot entered RUNNING state, process has stayed up for > than 1 seconds (startsecs)
2026-03-04 01:05:27,712 INFO success: ziwei-warroom entered RUNNING state, process has stayed up for > than 1 seconds (startsecs)
2026-03-04 01:05:27,713 INFO spawned: 'ziwei-x402-api' with pid 707081
2026-03-04 01:05:27,774 WARN exited: ziwei-auto-sync (exit status 0; not expected)
2026-03-04 01:05:27,784 WARN exited: ziwei-x402-api (exit status 1; not expected)
2026-03-04 01:05:27,797 WARN exited: ziwei-dashboard (exit status 1; not expected)
2026-03-04 01:05:30,135 INFO spawned: 'ziwei-auto-sync' with pid 707095
2026-03-04 01:05:30,136 INFO spawned: 'ziwei-dashboard' with pid 707096
2026-03-04 01:05:30,137 INFO spawned: 'ziwei-x402-api' with pid 707097
2026-03-04 01:05:30,205 WARN exited: ziwei-auto-sync (exit status 0; not expected)
2026-03-04 01:05:30,233 WARN exited: ziwei-x402-api (exit status 1; not expected)
2026-03-04 01:05:30,243 WARN exited: ziwei-dashboard (exit status 1; not expected)
2026-03-04 01:05:33,678 INFO spawned: 'ziwei-auto-sync' with pid 707109
2026-03-04 01:05:33,679 INFO spawned: 'ziwei-dashboard' with pid 707110
2026-03-04 01:05:33,680 INFO spawned: 'ziwei-x402-api' with pid 707111
2026-03-04 01:05:33,720 WARN exited: ziwei-auto-sync (exit status 0; not expected)
2026-03-04 01:05:33,750 INFO gave up: ziwei-auto-sync entered FATAL state, too many start retries too quickly
2026-03-04 01:05:33,750 WARN exited: ziwei-x402-api (exit status 1; not expected)
2026-03-04 01:05:33,750 INFO gave up: ziwei-x402-api entered FATAL state, too many start retries too quickly
2026-03-04 01:05:33,754 WARN exited: ziwei-dashboard (exit status 1; not expected)
2026-03-04 01:05:34,734 INFO gave up: ziwei-dashboard entered FATAL state, too many start retries too quickly
2026-03-04 01:06:33,514 WARN exited: ziwei-warroom (terminated by SIGKILL; not expected)
2026-03-04 01:06:33,526 INFO spawned: 'ziwei-warroom' with pid 707288
2026-03-04 01:06:33,526 WARN exited: ziwei-log-trim (terminated by SIGKILL; not expected)
2026-03-04 01:06:33,534 INFO spawned: 'ziwei-log-trim' with pid 707290
2026-03-04 01:06:33,534 WARN exited: ziwei-trading-bot (terminated by SIGKILL; not expected)
2026-03-04 01:06:33,563 INFO spawned: 'ziwei-trading-bot' with pid 707292
2026-03-04 01:06:35,140 INFO success: ziwei-log-trim entered RUNNING state, process has stayed up for > than 1 seconds (startsecs)
2026-03-04 01:06:35,140 INFO success: ziwei-trading-bot entered RUNNING state, process has stayed up for > than 1 seconds (startsecs)
2026-03-04 01:06:35,140 INFO success: ziwei-warroom entered RUNNING state, process has stayed up for > than 1 seconds (startsecs)
2026-03-04 01:06:44,505 WARN exited: ziwei-warroom (terminated by SIGKILL; not expected)
2026-03-04 01:06:44,512 INFO spawned: 'ziwei-warroom' with pid 707349
2026-03-04 01:06:44,512 WARN exited: ziwei-log-trim (terminated by SIGKILL; not expected)
2026-03-04 01:06:44,527 INFO spawned: 'ziwei-log-trim' with pid 707350
2026-03-04 01:06:44,527 WARN exited: ziwei-trading-bot (terminated by SIGKILL; not expected)
2026-03-04 01:06:44,562 INFO spawned: 'ziwei-trading-bot' with pid 707351
2026-03-04 01:06:46,084 INFO success: ziwei-log-trim entered RUNNING state, process has stayed up for > than 1 seconds (startsecs)
2026-03-04 01:06:46,085 INFO success: ziwei-trading-bot entered RUNNING state, process has stayed up for > than 1 seconds (startsecs)
2026-03-04 01:06:46,085 INFO success: ziwei-warroom entered RUNNING state, process has stayed up for > than 1 seconds (startsecs)
2026-03-04 01:06:57,734 INFO waiting for ziwei-log-trim to stop
2026-03-04 01:06:57,761 INFO waiting for ziwei-trading-bot to stop
2026-03-04 01:06:57,761 INFO waiting for ziwei-warroom to stop
2026-03-04 01:06:57,761 WARN stopped: ziwei-warroom (terminated by SIGTERM)
2026-03-04 01:06:57,761 WARN stopped: ziwei-log-trim (terminated by SIGTERM)
2026-03-04 01:06:57,764 WARN stopped: ziwei-trading-bot (terminated by SIGTERM)
2026-03-04 01:06:58,769 INFO spawned: 'ziwei-auto-sync' with pid 707387
2026-03-04 01:06:58,770 INFO spawned: 'ziwei-dashboard' with pid 707388
2026-03-04 01:06:58,771 INFO spawned: 'ziwei-log-trim' with pid 707389
2026-03-04 01:06:58,772 INFO spawned: 'ziwei-trading-bot' with pid 707390
2026-03-04 01:06:58,773 INFO spawned: 'ziwei-warroom' with pid 707391
2026-03-04 01:06:58,775 INFO spawned: 'ziwei-x402-api' with pid 707392
2026-03-04 01:06:58,843 WARN exited: ziwei-auto-sync (exit status 0; not expected)
2026-03-04 01:06:58,924 WARN exited: ziwei-x402-api (exit status 1; not expected)
2026-03-04 01:06:58,938 WARN exited: ziwei-dashboard (exit status 1; not expected)
2026-03-04 01:07:00,407 INFO spawned: 'ziwei-auto-sync' with pid 707395
2026-03-04 01:07:00,408 INFO spawned: 'ziwei-dashboard' with pid 707396
2026-03-04 01:07:00,409 INFO success: ziwei-log-trim entered RUNNING state, process has stayed up for > than 1 seconds (startsecs)
2026-03-04 01:07:00,409 INFO success: ziwei-trading-bot entered RUNNING state, process has stayed up for > than 1 seconds (startsecs)
2026-03-04 01:07:00,409 INFO success: ziwei-warroom entered RUNNING state, process has stayed up for > than 1 seconds (startsecs)
2026-03-04 01:07:00,410 INFO spawned: 'ziwei-x402-api' with pid 707397
2026-03-04 01:07:00,496 WARN exited: ziwei-auto-sync (exit status 0; not expected)
2026-03-04 01:07:00,550 WARN exited: ziwei-dashboard (exit status 1; not expected)
2026-03-04 01:07:00,550 WARN exited: ziwei-x402-api (exit status 1; not expected)
2026-03-04 01:07:02,651 INFO spawned: 'ziwei-auto-sync' with pid 707398
2026-03-04 01:07:02,652 INFO spawned: 'ziwei-dashboard' with pid 707399
2026-03-04 01:07:02,653 INFO spawned: 'ziwei-x402-api' with pid 707400
2026-03-04 01:07:02,686 WARN exited: ziwei-auto-sync (exit status 0; not expected)
2026-03-04 01:07:02,718 WARN exited: ziwei-x402-api (exit status 1; not expected)
2026-03-04 01:07:02,734 WARN exited: ziwei-dashboard (exit status 1; not expected)
2026-03-04 01:07:05,884 INFO spawned: 'ziwei-auto-sync' with pid 707415
2026-03-04 01:07:05,885 INFO spawned: 'ziwei-dashboard' with pid 707416
2026-03-04 01:07:05,886 INFO spawned: 'ziwei-x402-api' with pid 707417
2026-03-04 01:07:05,917 WARN exited: ziwei-auto-sync (exit status 0; not expected)
2026-03-04 01:07:05,917 INFO gave up: ziwei-auto-sync entered FATAL state, too many start retries too quickly
2026-03-04 01:07:05,961 WARN exited: ziwei-x402-api (exit status 1; not expected)
2026-03-04 01:07:05,963 INFO gave up: ziwei-x402-api entered FATAL state, too many start retries too quickly
2026-03-04 01:07:05,963 WARN exited: ziwei-dashboard (exit status 1; not expected)
2026-03-04 01:07:06,963 INFO gave up: ziwei-dashboard entered FATAL state, too many start retries too quickly
2026-03-04 01:10:04,882 INFO waiting for ziwei-log-trim to stop
2026-03-04 01:10:04,884 INFO waiting for ziwei-trading-bot to stop
2026-03-04 01:10:04,884 INFO waiting for ziwei-warroom to stop
2026-03-04 01:10:04,884 WARN stopped: ziwei-log-trim (terminated by SIGTERM)
2026-03-04 01:10:04,884 WARN stopped: ziwei-warroom (terminated by SIGTERM)
2026-03-04 01:10:04,893 WARN stopped: ziwei-trading-bot (terminated by SIGTERM)
2026-03-04 01:10:05,898 INFO spawned: 'ziwei-auto-sync' with pid 707805
2026-03-04 01:10:05,900 INFO spawned: 'ziwei-dashboard' with pid 707806
2026-03-04 01:10:05,901 INFO spawned: 'ziwei-log-trim' with pid 707807
2026-03-04 01:10:05,902 INFO spawned: 'ziwei-trading-bot' with pid 707808
2026-03-04 01:10:05,903 INFO spawned: 'ziwei-warroom' with pid 707809
2026-03-04 01:10:05,905 INFO spawned: 'ziwei-x402-api' with pid 707810
2026-03-04 01:10:07,092 INFO success: ziwei-auto-sync entered RUNNING state, process has stayed up for > than 1 seconds (startsecs)
2026-03-04 01:10:07,092 INFO success: ziwei-dashboard entered RUNNING state, process has stayed up for > than 1 seconds (startsecs)
2026-03-04 01:10:07,092 INFO success: ziwei-log-trim entered RUNNING state, process has stayed up for > than 1 seconds (startsecs)
2026-03-04 01:10:07,092 INFO success: ziwei-trading-bot entered RUNNING state, process has stayed up for > than 1 seconds (startsecs)
2026-03-04 01:10:07,092 INFO success: ziwei-warroom entered RUNNING state, process has stayed up for > than 1 seconds (startsecs)
2026-03-04 01:10:07,092 INFO success: ziwei-x402-api entered RUNNING state, process has stayed up for > than 1 seconds (startsecs)
2026-03-04 01:13:38,154 INFO waiting for ziwei-auto-sync, ziwei-dashboard, ziwei-log-trim, ziwei-trading-bot, ziwei-warroom, ziwei-x402-api to die
2026-03-04 01:13:38,164 WARN stopped: ziwei-x402-api (terminated by SIGTERM)
2026-03-04 01:13:38,165 WARN stopped: ziwei-warroom (terminated by SIGTERM)
2026-03-04 01:13:38,179 WARN stopped: ziwei-trading-bot (terminated by SIGTERM)
2026-03-04 01:13:38,182 WARN stopped: ziwei-log-trim (terminated by SIGTERM)
2026-03-04 01:13:38,184 WARN stopped: ziwei-dashboard (terminated by SIGTERM)
2026-03-04 01:13:38,184 WARN stopped: ziwei-auto-sync (terminated by SIGTERM)
2026-03-04 01:13:40,280 CRIT Supervisor is running as root.  Privileges were not dropped because no user is specified in the config file.  If you intend to run as root, you can set user=root in the config file to avoid this message.
2026-03-04 01:13:40,280 INFO Included extra file "/etc/supervisor/conf.d/ziwei.conf" during parsing
2026-03-04 01:13:40,287 INFO RPC interface 'supervisor' initialized
2026-03-04 01:13:40,287 INFO RPC interface 'supervisor' initialized
2026-03-04 01:13:40,287 CRIT Server 'unix_http_server' running without any HTTP authentication checking
2026-03-04 01:13:40,289 INFO daemonizing the supervisord process
2026-03-04 01:13:40,289 INFO supervisord started with pid 708413
2026-03-04 01:13:41,291 INFO spawned: 'ziwei-auto-sync' with pid 708415
2026-03-04 01:13:41,292 INFO spawned: 'ziwei-dashboard' with pid 708416
2026-03-04 01:13:41,294 INFO spawned: 'ziwei-log-trim' with pid 708417
2026-03-04 01:13:41,295 INFO spawned: 'ziwei-trading-bot' with pid 708418
2026-03-04 01:13:41,296 INFO spawned: 'ziwei-warroom' with pid 708419
2026-03-04 01:13:41,297 INFO spawned: 'ziwei-x402-api' with pid 708420
2026-03-04 01:13:41,379 WARN exited: ziwei-x402-api (exit status 1; not expected)
2026-03-04 01:13:42,323 INFO success: ziwei-auto-sync entered RUNNING state, process has stayed up for > than 1 seconds (startsecs)
2026-03-04 01:13:42,323 INFO success: ziwei-dashboard entered RUNNING state, process has stayed up for > than 1 seconds (startsecs)
2026-03-04 01:13:42,323 INFO success: ziwei-log-trim entered RUNNING state, process has stayed up for > than 1 seconds (startsecs)
2026-03-04 01:13:42,323 INFO success: ziwei-trading-bot entered RUNNING state, process has stayed up for > than 1 seconds (startsecs)
2026-03-04 01:13:42,323 INFO success: ziwei-warroom entered RUNNING state, process has stayed up for > than 1 seconds (startsecs)
2026-03-04 01:13:42,386 INFO spawned: 'ziwei-x402-api' with pid 708422
2026-03-04 01:13:42,443 WARN exited: ziwei-x402-api (exit status 1; not expected)
2026-03-04 01:13:44,886 INFO spawned: 'ziwei-x402-api' with pid 708431
2026-03-04 01:13:44,972 WARN exited: ziwei-x402-api (exit status 1; not expected)
2026-03-04 01:13:48,243 INFO spawned: 'ziwei-x402-api' with pid 708439
2026-03-04 01:13:48,297 WARN exited: ziwei-x402-api (exit status 1; not expected)
2026-03-04 01:13:49,000 INFO gave up: ziwei-x402-api entered FATAL state, too many start retries too quickly
2026-03-04 01:14:09,752 INFO spawned: 'ziwei-x402-api' with pid 708509
2026-03-04 01:14:09,804 WARN exited: ziwei-x402-api (exit status 1; not expected)
2026-03-04 01:14:10,806 INFO spawned: 'ziwei-x402-api' with pid 708510
2026-03-04 01:14:10,863 WARN exited: ziwei-x402-api (exit status 1; not expected)
2026-03-04 01:14:12,866 INFO spawned: 'ziwei-x402-api' with pid 708518
2026-03-04 01:14:12,927 WARN exited: ziwei-x402-api (exit status 1; not expected)
2026-03-04 01:14:15,931 INFO spawned: 'ziwei-x402-api' with pid 708528
2026-03-04 01:14:15,989 WARN exited: ziwei-x402-api (exit status 1; not expected)
2026-03-04 01:14:16,990 INFO gave up: ziwei-x402-api entered FATAL state, too many start retries too quickly
2026-03-04 01:14:17,314 INFO waiting for ziwei-auto-sync to stop
2026-03-04 01:14:17,314 INFO waiting for ziwei-dashboard to stop
2026-03-04 01:14:17,314 INFO waiting for ziwei-log-trim to stop
2026-03-04 01:14:17,314 INFO waiting for ziwei-trading-bot to stop
2026-03-04 01:14:17,314 INFO waiting for ziwei-warroom to stop
2026-03-04 01:14:17,316 WARN stopped: ziwei-auto-sync (terminated by SIGTERM)
2026-03-04 01:14:17,316 WARN stopped: ziwei-dashboard (terminated by SIGTERM)
2026-03-04 01:14:17,316 WARN stopped: ziwei-log-trim (terminated by SIGTERM)
2026-03-04 01:14:17,317 WARN stopped: ziwei-warroom (terminated by SIGTERM)
2026-03-04 01:14:18,327 WARN stopped: ziwei-trading-bot (terminated by SIGTERM)
2026-03-04 01:14:18,331 INFO spawned: 'ziwei-auto-sync' with pid 708538
2026-03-04 01:14:18,333 INFO spawned: 'ziwei-dashboard' with pid 708539
2026-03-04 01:14:18,334 INFO spawned: 'ziwei-log-trim' with pid 708540
2026-03-04 01:14:18,335 INFO spawned: 'ziwei-trading-bot' with pid 708541
2026-03-04 01:14:18,336 INFO spawned: 'ziwei-warroom' with pid 708542
2026-03-04 01:14:18,337 INFO spawned: 'ziwei-x402-api' with pid 708543
2026-03-04 01:14:18,468 WARN exited: ziwei-x402-api (exit status 1; not expected)
2026-03-04 01:14:19,335 INFO success: ziwei-auto-sync entered RUNNING state, process has stayed up for > than 1 seconds (startsecs)
2026-03-04 01:14:19,336 INFO success: ziwei-dashboard entered RUNNING state, process has stayed up for > than 1 seconds (startsecs)
2026-03-04 01:14:19,336 INFO success: ziwei-log-trim entered RUNNING state, process has stayed up for > than 1 seconds (startsecs)
2026-03-04 01:14:19,336 INFO success: ziwei-trading-bot entered RUNNING state, process has stayed up for > than 1 seconds (startsecs)
2026-03-04 01:14:19,336 INFO success: ziwei-warroom entered RUNNING state, process has stayed up for > than 1 seconds (startsecs)
2026-03-04 01:14:19,859 INFO spawned: 'ziwei-x402-api' with pid 708552
2026-03-04 01:14:19,936 WARN exited: ziwei-x402-api (exit status 1; not expected)
2026-03-04 01:14:22,121 INFO spawned: 'ziwei-x402-api' with pid 708558
2026-03-04 01:14:22,190 WARN exited: ziwei-x402-api (exit status 1; not expected)
2026-03-04 01:14:25,623 INFO spawned: 'ziwei-x402-api' with pid 708569
2026-03-04 01:14:25,687 WARN exited: ziwei-x402-api (exit status 1; not expected)
2026-03-04 01:14:26,338 INFO gave up: ziwei-x402-api entered FATAL state, too many start retries too quickly
2026-03-04 01:14:46,500 INFO spawned: 'ziwei-x402-api' with pid 708641
2026-03-04 01:14:47,559 INFO success: ziwei-x402-api entered RUNNING state, process has stayed up for > than 1 seconds (startsecs)
2026-03-04 01:18:05,725 INFO waiting for ziwei-auto-sync, ziwei-dashboard, ziwei-log-trim, ziwei-trading-bot, ziwei-warroom, ziwei-x402-api to die
2026-03-04 01:18:05,727 WARN stopped: ziwei-x402-api (terminated by SIGTERM)
2026-03-04 01:18:05,728 WARN stopped: ziwei-warroom (terminated by SIGTERM)
2026-03-04 01:18:05,739 WARN stopped: ziwei-trading-bot (terminated by SIGTERM)
2026-03-04 01:18:05,740 WARN stopped: ziwei-log-trim (terminated by SIGTERM)
2026-03-04 01:18:05,741 WARN stopped: ziwei-dashboard (terminated by SIGTERM)
2026-03-04 01:18:05,741 WARN stopped: ziwei-auto-sync (terminated by SIGTERM)
2026-03-04 01:18:07,817 CRIT Supervisor is running as root.  Privileges were not dropped because no user is specified in the config file.  If you intend to run as root, you can set user=root in the config file to avoid this message.
2026-03-04 01:18:07,818 INFO Included extra file "/etc/supervisor/conf.d/ziwei.conf" during parsing
2026-03-04 01:18:07,825 INFO RPC interface 'supervisor' initialized
2026-03-04 01:18:07,826 INFO RPC interface 'supervisor' initialized
2026-03-04 01:18:07,826 CRIT Server 'unix_http_server' running without any HTTP authentication checking
2026-03-04 01:18:07,827 INFO daemonizing the supervisord process
2026-03-04 01:18:07,827 INFO supervisord started with pid 709196
2026-03-04 01:18:08,303 INFO spawned: 'ziwei-auto-sync' with pid 709198
2026-03-04 01:18:08,304 INFO spawned: 'ziwei-dashboard' with pid 709199
2026-03-04 01:18:08,305 INFO spawned: 'ziwei-log-trim' with pid 709200
2026-03-04 01:18:08,306 INFO spawned: 'ziwei-trading-bot' with pid 709201
2026-03-04 01:18:08,308 INFO spawned: 'ziwei-warroom' with pid 709202
2026-03-04 01:18:08,309 INFO spawned: 'ziwei-x402-api' with pid 709203
2026-03-04 01:18:08,404 WARN exited: ziwei-x402-api (exit status 1; not expected)
2026-03-04 01:18:09,625 INFO success: ziwei-auto-sync entered RUNNING state, process has stayed up for > than 1 seconds (startsecs)
2026-03-04 01:18:09,625 INFO success: ziwei-dashboard entered RUNNING state, process has stayed up for > than 1 seconds (startsecs)
2026-03-04 01:18:09,625 INFO success: ziwei-log-trim entered RUNNING state, process has stayed up for > than 1 seconds (startsecs)
2026-03-04 01:18:09,625 INFO success: ziwei-trading-bot entered RUNNING state, process has stayed up for > than 1 seconds (startsecs)
2026-03-04 01:18:09,625 INFO success: ziwei-warroom entered RUNNING state, process has stayed up for > than 1 seconds (startsecs)
2026-03-04 01:18:09,626 INFO spawned: 'ziwei-x402-api' with pid 709212
2026-03-04 01:18:09,690 WARN exited: ziwei-x402-api (exit status 1; not expected)
2026-03-04 01:18:12,534 INFO spawned: 'ziwei-x402-api' with pid 709220
2026-03-04 01:18:12,621 WARN exited: ziwei-x402-api (exit status 1; not expected)
2026-03-04 01:18:15,908 INFO spawned: 'ziwei-x402-api' with pid 709242
2026-03-04 01:18:15,961 WARN exited: ziwei-x402-api (exit status 1; not expected)
2026-03-04 01:18:16,638 INFO gave up: ziwei-x402-api entered FATAL state, too many start retries too quickly
2026-03-04 01:18:26,688 INFO spawned: 'ziwei-x402-api' with pid 709270
2026-03-04 01:18:26,739 WARN exited: ziwei-x402-api (exit status 1; not expected)
2026-03-04 01:18:27,742 INFO spawned: 'ziwei-x402-api' with pid 709271
2026-03-04 01:18:27,800 WARN exited: ziwei-x402-api (exit status 1; not expected)
2026-03-04 01:18:29,803 INFO spawned: 'ziwei-x402-api' with pid 709280
2026-03-04 01:18:29,873 WARN exited: ziwei-x402-api (exit status 1; not expected)
2026-03-04 01:18:32,878 INFO spawned: 'ziwei-x402-api' with pid 709289
2026-03-04 01:18:32,935 WARN exited: ziwei-x402-api (exit status 1; not expected)
2026-03-04 01:18:33,936 INFO gave up: ziwei-x402-api entered FATAL state, too many start retries too quickly
2026-03-04 01:18:50,936 INFO spawned: 'ziwei-x402-api' with pid 709346
2026-03-04 01:18:50,989 WARN exited: ziwei-x402-api (exit status 1; not expected)
2026-03-04 01:18:51,992 INFO spawned: 'ziwei-x402-api' with pid 709352
2026-03-04 01:18:52,051 WARN exited: ziwei-x402-api (exit status 1; not expected)
2026-03-04 01:18:54,055 INFO spawned: 'ziwei-x402-api' with pid 709353
2026-03-04 01:18:54,112 WARN exited: ziwei-x402-api (exit status 1; not expected)
2026-03-04 01:18:57,116 INFO spawned: 'ziwei-x402-api' with pid 709365
2026-03-04 01:18:57,177 WARN exited: ziwei-x402-api (exit status 1; not expected)
2026-03-04 01:18:58,177 INFO gave up: ziwei-x402-api entered FATAL state, too many start retries too quickly
2026-03-04 01:19:26,176 INFO spawned: 'ziwei-x402-api' with pid 709450
2026-03-04 01:19:26,237 WARN exited: ziwei-x402-api (exit status 1; not expected)
2026-03-04 01:19:27,238 INFO spawned: 'ziwei-x402-api' with pid 709457
2026-03-04 01:19:27,299 WARN exited: ziwei-x402-api (exit status 1; not expected)
2026-03-04 01:19:29,303 INFO spawned: 'ziwei-x402-api' with pid 709460
2026-03-04 01:19:29,360 WARN exited: ziwei-x402-api (exit status 1; not expected)
2026-03-04 01:19:32,364 INFO spawned: 'ziwei-x402-api' with pid 709476
2026-03-04 01:19:32,433 WARN exited: ziwei-x402-api (exit status 1; not expected)
2026-03-04 01:19:33,434 INFO gave up: ziwei-x402-api entered FATAL state, too many start retries too quickly
2026-03-04 01:19:38,876 INFO spawned: 'ziwei-x402-api' with pid 709495
2026-03-04 01:19:38,946 WARN exited: ziwei-x402-api (exit status 1; not expected)
2026-03-04 01:19:39,948 INFO spawned: 'ziwei-x402-api' with pid 709501
2026-03-04 01:19:40,006 WARN exited: ziwei-x402-api (exit status 1; not expected)
2026-03-04 01:19:42,560 INFO spawned: 'ziwei-x402-api' with pid 709502
2026-03-04 01:19:42,620 WARN exited: ziwei-x402-api (exit status 1; not expected)
2026-03-04 01:19:45,624 INFO spawned: 'ziwei-x402-api' with pid 709513
2026-03-04 01:19:45,694 WARN exited: ziwei-x402-api (exit status 1; not expected)
2026-03-04 01:19:45,694 INFO gave up: ziwei-x402-api entered FATAL state, too many start retries too quickly
2026-03-04 01:21:17,309 INFO spawned: 'ziwei-x402-api' with pid 709765
2026-03-04 01:21:17,367 WARN exited: ziwei-x402-api (exit status 1; not expected)
2026-03-04 01:21:18,370 INFO spawned: 'ziwei-x402-api' with pid 709766
2026-03-04 01:21:18,428 WARN exited: ziwei-x402-api (exit status 1; not expected)
2026-03-04 01:21:20,450 INFO spawned: 'ziwei-x402-api' with pid 709778
2026-03-04 01:21:20,567 WARN exited: ziwei-x402-api (exit status 1; not expected)
2026-03-04 01:21:23,572 INFO spawned: 'ziwei-x402-api' with pid 709784
2026-03-04 01:21:23,630 WARN exited: ziwei-x402-api (exit status 1; not expected)
2026-03-04 01:21:24,631 INFO gave up: ziwei-x402-api entered FATAL state, too many start retries too quickly
2026-03-04 01:21:41,412 INFO spawned: 'ziwei-x402-api' with pid 709848
2026-03-04 01:21:41,468 WARN exited: ziwei-x402-api (exit status 1; not expected)
2026-03-04 01:21:42,470 INFO spawned: 'ziwei-x402-api' with pid 709849
2026-03-04 01:21:42,527 WARN exited: ziwei-x402-api (exit status 1; not expected)
2026-03-04 01:21:44,530 INFO spawned: 'ziwei-x402-api' with pid 709861
2026-03-04 01:21:44,588 WARN exited: ziwei-x402-api (exit status 1; not expected)
2026-03-04 01:21:47,600 INFO spawned: 'ziwei-x402-api' with pid 709872
2026-03-04 01:21:47,697 WARN exited: ziwei-x402-api (exit status 1; not expected)
2026-03-04 01:21:47,697 INFO gave up: ziwei-x402-api entered FATAL state, too many start retries too quickly
2026-03-04 01:22:16,893 INFO spawned: 'ziwei-x402-api' with pid 709958
2026-03-04 01:22:17,947 INFO success: ziwei-x402-api entered RUNNING state, process has stayed up for > than 1 seconds (startsecs)
2026-03-04 01:25:57,541 ERRO Web interface error:Traceback (most recent call last):
  File "/usr/local/lib/python3.11/site-packages/supervisor/rpcinterface.py", line 716, in _readProcessLog
    return as_string(readFile(logfile, int(offset), int(length)))
           ^^^^^^^^^^^^^^^^^^^^^^^^^^^^^^^^^^^^^^^^^^^^^^^^^^^^^^
  File "/usr/local/lib/python3.11/site-packages/supervisor/compat.py", line 60, in as_string
    return s.decode(encoding)
           ^^^^^^^^^^^^^^^^^^
UnicodeDecodeError: 'utf-8' codec can't decode byte 0x95 in position 0: invalid start byte

During handling of the above exception, another exception occurred:

Traceback (most recent call last):
  File "/usr/local/lib/python3.11/site-packages/supervisor/web.py", line 50, in more
    response = self.callback()
               ^^^^^^^^^^^^^^^
  File "/usr/local/lib/python3.11/site-packages/supervisor/web.py", line 173, in __call__
    body = self.render()
           ^^^^^^^^^^^^^
  File "/usr/local/lib/python3.11/site-packages/supervisor/web.py", line 210, in render
    tail = rpcinterface.readProcessStdoutLog(processname,
           ^^^^^^^^^^^^^^^^^^^^^^^^^^^^^^^^^^^^^^^^^^^^^^
  File "/usr/local/lib/python3.11/site-packages/supervisor/rpcinterface.py", line 730, in readProcessStdoutLog
    return self._readProcessLog(name, offset, length, 'stdout')
           ^^^^^^^^^^^^^^^^^^^^^^^^^^^^^^^^^^^^^^^^^^^^^^^^^^^^
  File "/usr/local/lib/python3.11/site-packages/supervisor/rpcinterface.py", line 719, in _readProcessLog
    raise RPCError(getattr(Faults, why))
                   ^^^^^^^^^^^^^^^^^^^^
AttributeError: type object 'Faults' has no attribute 'utf-8'
2026-03-04 01:28:50,542 ERRO Web interface error:Traceback (most recent call last):
  File "/usr/local/lib/python3.11/site-packages/supervisor/rpcinterface.py", line 716, in _readProcessLog
    return as_string(readFile(logfile, int(offset), int(length)))
           ^^^^^^^^^^^^^^^^^^^^^^^^^^^^^^^^^^^^^^^^^^^^^^^^^^^^^^
  File "/usr/local/lib/python3.11/site-packages/supervisor/compat.py", line 60, in as_string
    return s.decode(encoding)
           ^^^^^^^^^^^^^^^^^^
UnicodeDecodeError: 'utf-8' codec can't decode byte 0x86 in position 0: invalid start byte

During handling of the above exception, another exception occurred:

Traceback (most recent call last):
  File "/usr/local/lib/python3.11/site-packages/supervisor/web.py", line 50, in more
    response = self.callback()
               ^^^^^^^^^^^^^^^
  File "/usr/local/lib/python3.11/site-packages/supervisor/web.py", line 173, in __call__
    body = self.render()
           ^^^^^^^^^^^^^
  File "/usr/local/lib/python3.11/site-packages/supervisor/web.py", line 210, in render
    tail = rpcinterface.readProcessStdoutLog(processname,
           ^^^^^^^^^^^^^^^^^^^^^^^^^^^^^^^^^^^^^^^^^^^^^^
  File "/usr/local/lib/python3.11/site-packages/supervisor/rpcinterface.py", line 730, in readProcessStdoutLog
    return self._readProcessLog(name, offset, length, 'stdout')
           ^^^^^^^^^^^^^^^^^^^^^^^^^^^^^^^^^^^^^^^^^^^^^^^^^^^^
  File "/usr/local/lib/python3.11/site-packages/supervisor/rpcinterface.py", line 719, in _readProcessLog
    raise RPCError(getattr(Faults, why))
                   ^^^^^^^^^^^^^^^^^^^^
AttributeError: type object 'Faults' has no attribute 'utf-8'
2026-03-04 01:52:41,005 INFO spawned: 'ziwei-soul-trader' with pid 715116
2026-03-04 01:52:42,036 INFO success: ziwei-soul-trader entered RUNNING state, process has stayed up for > than 1 seconds (startsecs)
2026-03-04 01:58:36,164 INFO waiting for ziwei-trading-bot to stop
2026-03-04 01:58:36,168 WARN stopped: ziwei-trading-bot (terminated by SIGTERM)
2026-03-04 02:06:05,465 INFO waiting for ziwei-soul-trader to stop
2026-03-04 02:06:05,466 WARN stopped: ziwei-soul-trader (terminated by SIGTERM)
2026-03-04 02:06:05,467 INFO spawned: 'ziwei-soul-trader' with pid 717591
2026-03-04 02:06:06,497 INFO success: ziwei-soul-trader entered RUNNING state, process has stayed up for > than 1 seconds (startsecs)
2026-03-04 02:09:08,699 INFO waiting for ziwei-soul-trader to stop
2026-03-04 02:09:08,700 WARN stopped: ziwei-soul-trader (terminated by SIGTERM)
2026-03-04 02:09:08,702 INFO spawned: 'ziwei-soul-trader' with pid 718208
2026-03-04 02:09:09,732 INFO success: ziwei-soul-trader entered RUNNING state, process has stayed up for > than 1 seconds (startsecs)
2026-03-04 07:21:24,357 WARN exited: ziwei-auto-sync (terminated by SIGTERM; not expected)
2026-03-04 07:21:25,374 INFO spawned: 'ziwei-auto-sync' with pid 772225
2026-03-04 07:21:26,432 INFO success: ziwei-auto-sync entered RUNNING state, process has stayed up for > than 1 seconds (startsecs)
2026-03-04 07:21:29,093 WARN exited: ziwei-auto-sync (terminated by SIGKILL; not expected)
2026-03-04 07:21:30,096 INFO spawned: 'ziwei-auto-sync' with pid 772242
2026-03-04 07:21:31,128 INFO success: ziwei-auto-sync entered RUNNING state, process has stayed up for > than 1 seconds (startsecs)
2026-03-04 07:21:34,045 WARN exited: ziwei-auto-sync (terminated by SIGKILL; not expected)
2026-03-04 07:21:34,048 INFO spawned: 'ziwei-auto-sync' with pid 772264
2026-03-04 07:21:34,048 WARN exited: ziwei-log-trim (terminated by SIGKILL; not expected)
2026-03-04 07:21:34,049 WARN exited: ziwei-warroom (terminated by SIGKILL; not expected)
2026-03-04 07:21:34,081 INFO spawned: 'ziwei-log-trim' with pid 772268
2026-03-04 07:21:34,083 INFO spawned: 'ziwei-warroom' with pid 772269
2026-03-04 07:21:35,215 INFO success: ziwei-auto-sync entered RUNNING state, process has stayed up for > than 1 seconds (startsecs)
2026-03-04 07:21:35,215 INFO success: ziwei-log-trim entered RUNNING state, process has stayed up for > than 1 seconds (startsecs)
2026-03-04 07:21:35,215 INFO success: ziwei-warroom entered RUNNING state, process has stayed up for > than 1 seconds (startsecs)
2026-03-04 10:11:26,733 WARN exited: ziwei-auto-sync (terminated by SIGKILL; not expected)
2026-03-04 10:11:27,777 INFO spawned: 'ziwei-auto-sync' with pid 799246
2026-03-04 10:11:28,810 INFO success: ziwei-auto-sync entered RUNNING state, process has stayed up for > than 1 seconds (startsecs)
2026-03-04 10:11:42,748 WARN exited: ziwei-log-trim (terminated by SIGKILL; not expected)
2026-03-04 10:11:42,748 WARN exited: ziwei-warroom (terminated by SIGKILL; not expected)
2026-03-04 10:11:42,748 WARN exited: ziwei-auto-sync (terminated by SIGKILL; not expected)
2026-03-04 10:11:43,297 INFO spawned: 'ziwei-auto-sync' with pid 799301
2026-03-04 10:11:43,298 INFO spawned: 'ziwei-log-trim' with pid 799302
2026-03-04 10:11:43,299 INFO spawned: 'ziwei-warroom' with pid 799303
2026-03-04 10:11:44,411 INFO success: ziwei-auto-sync entered RUNNING state, process has stayed up for > than 1 seconds (startsecs)
2026-03-04 10:11:44,411 INFO success: ziwei-log-trim entered RUNNING state, process has stayed up for > than 1 seconds (startsecs)
2026-03-04 10:11:44,411 INFO success: ziwei-warroom entered RUNNING state, process has stayed up for > than 1 seconds (startsecs)
2026-03-04 10:14:58,323 WARN exited: ziwei-dashboard (terminated by SIGTERM; not expected)
2026-03-04 10:14:59,325 INFO spawned: 'ziwei-dashboard' with pid 799891
2026-03-04 10:14:59,339 WARN exited: ziwei-dashboard (exit status 1; not expected)
2026-03-04 10:15:00,341 INFO spawned: 'ziwei-dashboard' with pid 799892
2026-03-04 10:15:00,355 WARN exited: ziwei-dashboard (exit status 1; not expected)
2026-03-04 10:15:02,357 INFO spawned: 'ziwei-dashboard' with pid 799893
2026-03-04 10:15:02,371 WARN exited: ziwei-dashboard (exit status 1; not expected)
2026-03-04 10:15:05,375 INFO spawned: 'ziwei-dashboard' with pid 799912
2026-03-04 10:15:05,389 WARN exited: ziwei-dashboard (exit status 1; not expected)
2026-03-04 10:15:06,391 INFO gave up: ziwei-dashboard entered FATAL state, too many start retries too quickly
2026-03-04 10:18:15,565 INFO spawned: 'ziwei-dashboard' with pid 800498
2026-03-04 10:18:15,633 WARN exited: ziwei-dashboard (exit status 1; not expected)
2026-03-04 10:18:16,634 INFO spawned: 'ziwei-dashboard' with pid 800505
2026-03-04 10:18:16,701 WARN exited: ziwei-dashboard (exit status 1; not expected)
2026-03-04 10:18:18,727 INFO spawned: 'ziwei-dashboard' with pid 800515
2026-03-04 10:18:18,797 WARN exited: ziwei-dashboard (exit status 1; not expected)
2026-03-04 10:18:21,801 INFO spawned: 'ziwei-dashboard' with pid 800524
2026-03-04 10:18:21,869 WARN exited: ziwei-dashboard (exit status 1; not expected)
2026-03-04 10:18:22,870 INFO gave up: ziwei-dashboard entered FATAL state, too many start retries too quickly
2026-03-04 10:18:27,667 INFO spawned: 'ziwei-dashboard' with pid 800550
2026-03-04 10:18:27,734 WARN exited: ziwei-dashboard (exit status 1; not expected)
2026-03-04 10:18:28,735 INFO spawned: 'ziwei-dashboard' with pid 800551
2026-03-04 10:18:28,803 WARN exited: ziwei-dashboard (exit status 1; not expected)
2026-03-04 10:18:30,807 INFO spawned: 'ziwei-dashboard' with pid 800555
2026-03-04 10:18:30,874 WARN exited: ziwei-dashboard (exit status 1; not expected)
2026-03-04 10:18:33,878 INFO spawned: 'ziwei-dashboard' with pid 800568
2026-03-04 10:18:33,946 WARN exited: ziwei-dashboard (exit status 1; not expected)
2026-03-04 10:18:34,947 INFO gave up: ziwei-dashboard entered FATAL state, too many start retries too quickly
2026-03-04 10:18:54,085 INFO spawned: 'ziwei-dashboard' with pid 800631
2026-03-04 10:18:55,136 INFO success: ziwei-dashboard entered RUNNING state, process has stayed up for > than 1 seconds (startsecs)
2026-03-04 10:24:09,543 WARN exited: ziwei-dashboard (terminated by SIGTERM; not expected)
2026-03-04 10:24:10,545 INFO spawned: 'ziwei-dashboard' with pid 801530
2026-03-04 10:24:11,686 INFO success: ziwei-dashboard entered RUNNING state, process has stayed up for > than 1 seconds (startsecs)
2026-03-04 10:24:42,164 WARN exited: ziwei-dashboard (terminated by SIGKILL; not expected)
2026-03-04 10:24:43,166 INFO spawned: 'ziwei-dashboard' with pid 801628
2026-03-04 10:24:44,414 INFO success: ziwei-dashboard entered RUNNING state, process has stayed up for > than 1 seconds (startsecs)
2026-03-04 10:24:55,362 WARN exited: ziwei-dashboard (terminated by SIGKILL; not expected)
2026-03-04 10:24:56,364 INFO spawned: 'ziwei-dashboard' with pid 801689
2026-03-04 10:24:57,424 INFO success: ziwei-dashboard entered RUNNING state, process has stayed up for > than 1 seconds (startsecs)
2026-03-04 10:34:57,448 WARN exited: ziwei-dashboard (terminated by SIGTERM; not expected)
2026-03-04 10:34:58,450 INFO spawned: 'ziwei-dashboard' with pid 803484
2026-03-04 10:34:59,532 INFO success: ziwei-dashboard entered RUNNING state, process has stayed up for > than 1 seconds (startsecs)
2026-03-04 10:35:40,940 WARN exited: ziwei-dashboard (terminated by SIGKILL; not expected)
2026-03-04 10:35:41,941 INFO spawned: 'ziwei-dashboard' with pid 803620
2026-03-04 10:35:43,002 INFO success: ziwei-dashboard entered RUNNING state, process has stayed up for > than 1 seconds (startsecs)
2026-03-04 10:53:33,119 WARN exited: ziwei-dashboard (terminated by SIGTERM; not expected)
2026-03-04 10:53:34,121 INFO spawned: 'ziwei-dashboard' with pid 806556
2026-03-04 10:53:35,181 INFO success: ziwei-dashboard entered RUNNING state, process has stayed up for > than 1 seconds (startsecs)
2026-03-04 11:37:58,385 WARN exited: ziwei-dashboard (terminated by SIGKILL; not expected)
2026-03-04 11:37:59,388 INFO spawned: 'ziwei-dashboard' with pid 813884
2026-03-04 11:38:00,448 INFO success: ziwei-dashboard entered RUNNING state, process has stayed up for > than 1 seconds (startsecs)
2026-03-04 11:44:06,371 WARN exited: ziwei-dashboard (terminated by SIGKILL; not expected)
2026-03-04 11:44:07,373 INFO spawned: 'ziwei-dashboard' with pid 814996
2026-03-04 11:44:08,433 INFO success: ziwei-dashboard entered RUNNING state, process has stayed up for > than 1 seconds (startsecs)
2026-03-04 11:46:16,379 WARN exited: ziwei-dashboard (terminated by SIGKILL; not expected)
2026-03-04 11:46:17,382 INFO spawned: 'ziwei-dashboard' with pid 815391
2026-03-04 11:46:17,445 WARN exited: ziwei-dashboard (exit status 1; not expected)
2026-03-04 11:46:18,447 INFO spawned: 'ziwei-dashboard' with pid 815392
2026-03-04 11:46:18,516 WARN exited: ziwei-dashboard (exit status 1; not expected)
2026-03-04 11:46:20,519 INFO spawned: 'ziwei-dashboard' with pid 815396
2026-03-04 11:46:20,589 WARN exited: ziwei-dashboard (exit status 1; not expected)
2026-03-04 11:46:23,593 INFO spawned: 'ziwei-dashboard' with pid 815404
2026-03-04 11:46:23,775 WARN exited: ziwei-dashboard (exit status 1; not expected)
2026-03-04 11:46:24,776 INFO gave up: ziwei-dashboard entered FATAL state, too many start retries too quickly
2026-03-04 16:44:53,334 CRIT Handling XML-RPC request with data "<?xml version='1.0'?>\n<methodCall>\n<methodName>supervisor.readProcessStdoutLog</methodName>\n<params>\n<param>\n<value><string>ziwei-dashboard</string></value>\n</param>\n<param>\n<value><int>-100</int></value>\n</param>\n<param>\n<value><int>0</int></value>\n</param>\n</params>\n</methodCall>\n" raised an unexpected exception: Traceback (most recent call last):
  File "/usr/local/lib/python3.11/site-packages/supervisor/rpcinterface.py", line 716, in _readProcessLog
    return as_string(readFile(logfile, int(offset), int(length)))
           ^^^^^^^^^^^^^^^^^^^^^^^^^^^^^^^^^^^^^^^^^^^^^^^^^^^^^^
  File "/usr/local/lib/python3.11/site-packages/supervisor/compat.py", line 60, in as_string
    return s.decode(encoding)
           ^^^^^^^^^^^^^^^^^^
UnicodeDecodeError: 'utf-8' codec can't decode byte 0xb0 in position 0: invalid start byte

During handling of the above exception, another exception occurred:

Traceback (most recent call last):
  File "/usr/local/lib/python3.11/site-packages/supervisor/xmlrpc.py", line 410, in continue_request
    value = self.call(method, params)
            ^^^^^^^^^^^^^^^^^^^^^^^^^
  File "/usr/local/lib/python3.11/site-packages/supervisor/xmlrpc.py", line 446, in call
    return traverse(self.rpcinterface, method, params)
           ^^^^^^^^^^^^^^^^^^^^^^^^^^^^^^^^^^^^^^^^^^^
  File "/usr/local/lib/python3.11/site-packages/supervisor/xmlrpc.py", line 469, in traverse
    return func(*params)
           ^^^^^^^^^^^^^
  File "/usr/local/lib/python3.11/site-packages/supervisor/rpcinterface.py", line 730, in readProcessStdoutLog
    return self._readProcessLog(name, offset, length, 'stdout')
           ^^^^^^^^^^^^^^^^^^^^^^^^^^^^^^^^^^^^^^^^^^^^^^^^^^^^
  File "/usr/local/lib/python3.11/site-packages/supervisor/rpcinterface.py", line 719, in _readProcessLog
    raise RPCError(getattr(Faults, why))
                   ^^^^^^^^^^^^^^^^^^^^
AttributeError: type object 'Faults' has no attribute 'utf-8'

2026-03-04 16:47:18,226 INFO spawned: 'ziwei-dashboard' with pid 858659
2026-03-04 16:47:19,290 INFO success: ziwei-dashboard entered RUNNING state, process has stayed up for > than 1 seconds (startsecs)
2026-03-04 17:30:18,852 INFO waiting for ziwei-dashboard to stop
2026-03-04 17:30:18,853 WARN stopped: ziwei-dashboard (terminated by SIGTERM)
2026-03-04 17:30:18,855 INFO spawned: 'ziwei-dashboard' with pid 865750
2026-03-04 17:30:19,921 INFO success: ziwei-dashboard entered RUNNING state, process has stayed up for > than 1 seconds (startsecs)
2026-03-04 17:35:33,725 WARN exited: ziwei-warroom (terminated by SIGKILL; not expected)
2026-03-04 17:35:34,726 INFO spawned: 'ziwei-warroom' with pid 866936
2026-03-04 17:35:35,768 INFO success: ziwei-warroom entered RUNNING state, process has stayed up for > than 1 seconds (startsecs)
2026-03-04 17:37:14,253 WARN exited: ziwei-log-trim (terminated by SIGKILL; not expected)
2026-03-04 17:37:15,255 INFO spawned: 'ziwei-log-trim' with pid 867380
2026-03-04 17:37:16,278 INFO success: ziwei-log-trim entered RUNNING state, process has stayed up for > than 1 seconds (startsecs)
2026-03-04 18:25:31,484 INFO waiting for ziwei-dashboard to stop
2026-03-04 18:25:31,485 WARN stopped: ziwei-dashboard (terminated by SIGTERM)
2026-03-04 18:25:31,487 INFO spawned: 'ziwei-dashboard' with pid 875141
2026-03-04 18:25:32,547 INFO success: ziwei-dashboard entered RUNNING state, process has stayed up for > than 1 seconds (startsecs)
2026-03-04 18:26:47,213 INFO waiting for ziwei-dashboard to stop
2026-03-04 18:26:47,214 WARN stopped: ziwei-dashboard (terminated by SIGTERM)
2026-03-04 18:26:47,216 INFO spawned: 'ziwei-dashboard' with pid 875385
2026-03-04 18:26:48,270 INFO success: ziwei-dashboard entered RUNNING state, process has stayed up for > than 1 seconds (startsecs)
2026-03-04 18:27:13,625 INFO waiting for ziwei-dashboard to stop
2026-03-04 18:27:13,626 WARN stopped: ziwei-dashboard (terminated by SIGTERM)
2026-03-04 18:27:13,628 INFO spawned: 'ziwei-dashboard' with pid 875475
2026-03-04 18:27:14,681 INFO success: ziwei-dashboard entered RUNNING state, process has stayed up for > than 1 seconds (startsecs)
2026-03-04 18:27:44,417 INFO waiting for ziwei-dashboard to stop
2026-03-04 18:27:44,418 WARN stopped: ziwei-dashboard (terminated by SIGTERM)
2026-03-04 18:27:44,420 INFO spawned: 'ziwei-dashboard' with pid 875601
2026-03-04 18:27:45,483 INFO success: ziwei-dashboard entered RUNNING state, process has stayed up for > than 1 seconds (startsecs)
2026-03-04 18:28:28,064 INFO waiting for ziwei-dashboard to stop
2026-03-04 18:28:28,065 WARN stopped: ziwei-dashboard (terminated by SIGTERM)
2026-03-04 18:28:28,067 INFO spawned: 'ziwei-dashboard' with pid 875756
2026-03-04 18:28:29,128 INFO success: ziwei-dashboard entered RUNNING state, process has stayed up for > than 1 seconds (startsecs)
2026-03-04 18:29:26,664 INFO waiting for ziwei-dashboard to stop
2026-03-04 18:29:26,665 WARN stopped: ziwei-dashboard (terminated by SIGTERM)
2026-03-04 18:29:26,667 INFO spawned: 'ziwei-dashboard' with pid 875968
2026-03-04 18:29:27,727 INFO success: ziwei-dashboard entered RUNNING state, process has stayed up for > than 1 seconds (startsecs)
2026-03-04 18:30:17,600 INFO waiting for ziwei-dashboard to stop
2026-03-04 18:30:17,601 WARN stopped: ziwei-dashboard (terminated by SIGTERM)
2026-03-04 18:30:17,603 INFO spawned: 'ziwei-dashboard' with pid 876109
2026-03-04 18:30:18,655 INFO success: ziwei-dashboard entered RUNNING state, process has stayed up for > than 1 seconds (startsecs)
2026-03-04 19:23:26,440 INFO waiting for ziwei-dashboard to stop
2026-03-04 19:23:26,441 WARN stopped: ziwei-dashboard (terminated by SIGTERM)
2026-03-04 19:23:26,442 INFO spawned: 'ziwei-dashboard' with pid 884566
2026-03-04 19:23:27,500 INFO success: ziwei-dashboard entered RUNNING state, process has stayed up for > than 1 seconds (startsecs)
2026-03-04 19:24:58,543 INFO waiting for ziwei-dashboard to stop
2026-03-04 19:24:58,546 WARN stopped: ziwei-dashboard (terminated by SIGTERM)
2026-03-04 19:24:58,548 INFO spawned: 'ziwei-dashboard' with pid 884842
2026-03-04 19:24:59,618 INFO success: ziwei-dashboard entered RUNNING state, process has stayed up for > than 1 seconds (startsecs)
2026-03-04 19:30:58,708 INFO waiting for ziwei-dashboard to stop
2026-03-04 19:30:58,709 WARN stopped: ziwei-dashboard (terminated by SIGTERM)
2026-03-04 19:30:58,711 INFO spawned: 'ziwei-dashboard' with pid 885914
2026-03-04 19:30:59,764 INFO success: ziwei-dashboard entered RUNNING state, process has stayed up for > than 1 seconds (startsecs)
2026-03-04 19:32:07,998 INFO waiting for ziwei-dashboard to stop
2026-03-04 19:32:07,999 WARN stopped: ziwei-dashboard (terminated by SIGTERM)
2026-03-04 19:32:08,003 INFO spawned: 'ziwei-dashboard' with pid 886122
2026-03-04 19:32:09,062 INFO success: ziwei-dashboard entered RUNNING state, process has stayed up for > than 1 seconds (startsecs)
2026-03-04 19:32:58,158 INFO waiting for ziwei-dashboard to stop
2026-03-04 19:32:58,161 WARN stopped: ziwei-dashboard (terminated by SIGTERM)
2026-03-04 19:32:58,163 INFO spawned: 'ziwei-dashboard' with pid 886290
2026-03-04 19:32:59,219 INFO success: ziwei-dashboard entered RUNNING state, process has stayed up for > than 1 seconds (startsecs)
2026-03-04 19:34:02,855 INFO waiting for ziwei-dashboard to stop
2026-03-04 19:34:02,856 WARN stopped: ziwei-dashboard (terminated by SIGTERM)
2026-03-04 19:34:02,859 INFO spawned: 'ziwei-dashboard' with pid 886486
2026-03-04 19:34:03,917 INFO success: ziwei-dashboard entered RUNNING state, process has stayed up for > than 1 seconds (startsecs)
2026-03-04 19:35:33,419 INFO waiting for ziwei-dashboard to stop
2026-03-04 19:35:33,430 WARN stopped: ziwei-dashboard (terminated by SIGTERM)
2026-03-04 19:35:33,432 INFO spawned: 'ziwei-dashboard' with pid 886811
2026-03-04 19:35:34,487 INFO success: ziwei-dashboard entered RUNNING state, process has stayed up for > than 1 seconds (startsecs)
2026-03-04 19:54:33,793 INFO waiting for ziwei-dashboard to stop
2026-03-04 19:54:33,801 WARN stopped: ziwei-dashboard (terminated by SIGTERM)
2026-03-04 19:55:00,479 INFO spawned: 'ziwei-dashboard' with pid 889899
2026-03-04 19:55:00,541 WARN exited: ziwei-dashboard (exit status 1; not expected)
2026-03-04 19:55:01,543 INFO spawned: 'ziwei-dashboard' with pid 889907
2026-03-04 19:55:01,627 WARN exited: ziwei-dashboard (exit status 1; not expected)
2026-03-04 19:55:03,630 INFO spawned: 'ziwei-dashboard' with pid 889914
2026-03-04 19:55:03,698 WARN exited: ziwei-dashboard (exit status 1; not expected)
2026-03-04 19:55:06,722 INFO spawned: 'ziwei-dashboard' with pid 889920
2026-03-04 19:55:06,791 WARN exited: ziwei-dashboard (exit status 1; not expected)
2026-03-04 19:55:06,791 INFO gave up: ziwei-dashboard entered FATAL state, too many start retries too quickly
2026-03-04 19:55:37,175 INFO spawned: 'ziwei-dashboard' with pid 890026
2026-03-04 19:55:38,227 INFO success: ziwei-dashboard entered RUNNING state, process has stayed up for > than 1 seconds (startsecs)
2026-03-04 20:17:32,718 INFO waiting for ziwei-dashboard to stop
2026-03-04 20:17:32,719 WARN stopped: ziwei-dashboard (terminated by SIGTERM)
2026-03-04 20:18:25,179 INFO spawned: 'ziwei-dashboard' with pid 893670
2026-03-04 20:18:25,306 WARN exited: ziwei-dashboard (exit status 1; not expected)
2026-03-04 20:18:26,339 INFO spawned: 'ziwei-dashboard' with pid 893677
2026-03-04 20:18:26,404 WARN exited: ziwei-dashboard (exit status 1; not expected)
2026-03-04 20:18:28,407 INFO spawned: 'ziwei-dashboard' with pid 893678
2026-03-04 20:18:28,474 WARN exited: ziwei-dashboard (exit status 1; not expected)
2026-03-04 20:18:31,477 INFO spawned: 'ziwei-dashboard' with pid 893686
2026-03-04 20:18:31,548 WARN exited: ziwei-dashboard (exit status 1; not expected)
2026-03-04 20:18:32,023 INFO gave up: ziwei-dashboard entered FATAL state, too many start retries too quickly
2026-03-04 20:19:05,243 INFO spawned: 'ziwei-dashboard' with pid 893778
2026-03-04 20:19:06,301 INFO success: ziwei-dashboard entered RUNNING state, process has stayed up for > than 1 seconds (startsecs)
2026-03-04 20:20:23,608 INFO waiting for ziwei-dashboard to stop
2026-03-04 20:20:23,609 WARN stopped: ziwei-dashboard (terminated by SIGTERM)
2026-03-04 20:21:07,513 INFO spawned: 'ziwei-dashboard' with pid 894156
2026-03-04 20:21:08,575 INFO success: ziwei-dashboard entered RUNNING state, process has stayed up for > than 1 seconds (startsecs)
2026-03-04 20:23:07,401 INFO waiting for ziwei-dashboard to stop
2026-03-04 20:23:07,402 WARN stopped: ziwei-dashboard (terminated by SIGTERM)
2026-03-04 20:23:07,404 INFO spawned: 'ziwei-dashboard' with pid 894498
2026-03-04 20:23:08,460 INFO success: ziwei-dashboard entered RUNNING state, process has stayed up for > than 1 seconds (startsecs)
2026-03-05 06:32:24,762 WARN exited: ziwei-dashboard (terminated by SIGTERM; not expected)
2026-03-05 06:32:25,764 INFO spawned: 'ziwei-dashboard' with pid 992184
2026-03-05 06:32:26,841 INFO success: ziwei-dashboard entered RUNNING state, process has stayed up for > than 1 seconds (startsecs)
2026-03-05 06:40:32,529 WARN exited: ziwei-dashboard (terminated by SIGTERM; not expected)
2026-03-05 06:40:33,532 INFO spawned: 'ziwei-dashboard' with pid 993559
2026-03-05 06:40:34,621 INFO success: ziwei-dashboard entered RUNNING state, process has stayed up for > than 1 seconds (startsecs)
2026-03-05 06:45:06,501 WARN exited: ziwei-dashboard (terminated by SIGTERM; not expected)
2026-03-05 06:45:07,358 INFO spawned: 'ziwei-dashboard' with pid 994379
2026-03-05 06:45:08,417 INFO success: ziwei-dashboard entered RUNNING state, process has stayed up for > than 1 seconds (startsecs)
2026-03-05 06:49:42,326 WARN exited: ziwei-dashboard (terminated by SIGTERM; not expected)
2026-03-05 06:49:43,328 INFO spawned: 'ziwei-dashboard' with pid 995135
2026-03-05 06:49:44,389 INFO success: ziwei-dashboard entered RUNNING state, process has stayed up for > than 1 seconds (startsecs)
2026-03-05 07:08:40,108 WARN exited: ziwei-dashboard (terminated by SIGTERM; not expected)
2026-03-05 07:08:41,110 INFO spawned: 'ziwei-dashboard' with pid 997975
2026-03-05 07:08:42,197 INFO success: ziwei-dashboard entered RUNNING state, process has stayed up for > than 1 seconds (startsecs)
2026-03-05 07:11:46,923 WARN exited: ziwei-dashboard (terminated by SIGTERM; not expected)
2026-03-05 07:11:47,925 INFO spawned: 'ziwei-dashboard' with pid 998479
2026-03-05 07:11:49,003 INFO success: ziwei-dashboard entered RUNNING state, process has stayed up for > than 1 seconds (startsecs)
2026-03-05 07:20:38,951 WARN exited: ziwei-dashboard (terminated by SIGTERM; not expected)
2026-03-05 07:20:39,971 INFO spawned: 'ziwei-dashboard' with pid 999848
2026-03-05 07:20:41,037 INFO success: ziwei-dashboard entered RUNNING state, process has stayed up for > than 1 seconds (startsecs)
2026-03-05 07:20:58,730 WARN exited: ziwei-dashboard (terminated by SIGTERM; not expected)
2026-03-05 07:20:59,732 INFO spawned: 'ziwei-dashboard' with pid 999915
2026-03-05 07:21:00,840 INFO success: ziwei-dashboard entered RUNNING state, process has stayed up for > than 1 seconds (startsecs)
2026-03-05 07:21:36,321 WARN exited: ziwei-dashboard (terminated by SIGTERM; not expected)
2026-03-05 07:21:37,323 INFO spawned: 'ziwei-dashboard' with pid 1000028
2026-03-05 07:21:38,381 INFO success: ziwei-dashboard entered RUNNING state, process has stayed up for > than 1 seconds (startsecs)
2026-03-05 07:21:47,896 WARN exited: ziwei-dashboard (terminated by SIGKILL; not expected)
2026-03-05 07:21:48,898 INFO spawned: 'ziwei-dashboard' with pid 1000084
2026-03-05 07:21:49,956 INFO success: ziwei-dashboard entered RUNNING state, process has stayed up for > than 1 seconds (startsecs)
2026-03-05 07:21:55,259 WARN exited: ziwei-dashboard (terminated by SIGKILL; not expected)
2026-03-05 07:21:56,262 INFO spawned: 'ziwei-dashboard' with pid 1000110
2026-03-05 07:21:57,319 INFO success: ziwei-dashboard entered RUNNING state, process has stayed up for > than 1 seconds (startsecs)
2026-03-05 07:22:36,919 WARN exited: ziwei-dashboard (terminated by SIGKILL; not expected)
2026-03-05 07:22:37,921 INFO spawned: 'ziwei-dashboard' with pid 1000253
2026-03-05 07:22:38,982 INFO success: ziwei-dashboard entered RUNNING state, process has stayed up for > than 1 seconds (startsecs)
2026-03-05 07:22:49,340 WARN exited: ziwei-dashboard (terminated by SIGKILL; not expected)
2026-03-05 07:22:50,343 INFO spawned: 'ziwei-dashboard' with pid 1000305
2026-03-05 07:22:51,402 INFO success: ziwei-dashboard entered RUNNING state, process has stayed up for > than 1 seconds (startsecs)
2026-03-05 07:29:31,567 WARN exited: ziwei-dashboard (terminated by SIGTERM; not expected)
2026-03-05 07:29:32,569 INFO spawned: 'ziwei-dashboard' with pid 1001352
2026-03-05 07:29:33,666 INFO success: ziwei-dashboard entered RUNNING state, process has stayed up for > than 1 seconds (startsecs)
2026-03-05 07:30:14,960 WARN exited: ziwei-dashboard (terminated by SIGTERM; not expected)
2026-03-05 07:30:15,963 INFO spawned: 'ziwei-dashboard' with pid 1001483
2026-03-05 07:30:16,029 WARN exited: ziwei-dashboard (exit status 1; not expected)
2026-03-05 07:30:17,031 INFO spawned: 'ziwei-dashboard' with pid 1001484
2026-03-05 07:30:17,097 WARN exited: ziwei-dashboard (exit status 1; not expected)
2026-03-05 07:30:19,100 INFO spawned: 'ziwei-dashboard' with pid 1001487
2026-03-05 07:30:19,167 WARN exited: ziwei-dashboard (exit status 1; not expected)
2026-03-05 07:30:22,581 INFO spawned: 'ziwei-dashboard' with pid 1001517
2026-03-05 07:30:22,653 WARN exited: ziwei-dashboard (exit status 1; not expected)
2026-03-05 07:30:23,653 INFO gave up: ziwei-dashboard entered FATAL state, too many start retries too quickly
2026-03-05 07:45:17,865 WARN exited: ziwei-soul-trader (terminated by SIGKILL; not expected)
2026-03-05 07:45:18,881 INFO spawned: 'ziwei-soul-trader' with pid 1004005
2026-03-05 07:45:19,912 INFO success: ziwei-soul-trader entered RUNNING state, process has stayed up for > than 1 seconds (startsecs)
2026-03-05 13:13:47,085 INFO spawned: 'ziwei-dashboard' with pid 1047800
2026-03-05 13:13:47,097 WARN exited: ziwei-dashboard (exit status 2; not expected)
2026-03-05 13:13:48,100 INFO spawned: 'ziwei-dashboard' with pid 1047801
2026-03-05 13:13:48,113 WARN exited: ziwei-dashboard (exit status 2; not expected)
2026-03-05 13:13:50,118 INFO spawned: 'ziwei-dashboard' with pid 1047803
2026-03-05 13:13:50,131 WARN exited: ziwei-dashboard (exit status 2; not expected)
2026-03-05 13:13:53,135 INFO spawned: 'ziwei-dashboard' with pid 1047813
2026-03-05 13:13:53,148 WARN exited: ziwei-dashboard (exit status 2; not expected)
2026-03-05 13:13:53,148 INFO gave up: ziwei-dashboard entered FATAL state, too many start retries too quickly
2026-03-05 13:14:41,166 INFO spawned: 'ziwei-dashboard' with pid 1048132
2026-03-05 13:14:41,232 WARN exited: ziwei-dashboard (exit status 1; not expected)
2026-03-05 13:14:42,234 INFO spawned: 'ziwei-dashboard' with pid 1048135
2026-03-05 13:14:42,301 WARN exited: ziwei-dashboard (exit status 1; not expected)
2026-03-05 13:14:44,305 INFO spawned: 'ziwei-dashboard' with pid 1048136
2026-03-05 13:14:44,373 WARN exited: ziwei-dashboard (exit status 1; not expected)
2026-03-05 13:14:47,378 INFO spawned: 'ziwei-dashboard' with pid 1048151
2026-03-05 13:14:47,447 WARN exited: ziwei-dashboard (exit status 1; not expected)
2026-03-05 13:14:48,448 INFO gave up: ziwei-dashboard entered FATAL state, too many start retries too quickly
2026-03-05 13:15:31,336 INFO spawned: 'ziwei-dashboard' with pid 1048250
2026-03-05 13:15:32,390 INFO success: ziwei-dashboard entered RUNNING state, process has stayed up for > than 1 seconds (startsecs)
2026-03-05 16:36:37,238 INFO waiting for ziwei-dashboard to stop
2026-03-05 16:36:37,239 WARN stopped: ziwei-dashboard (terminated by SIGTERM)
2026-03-05 16:36:37,241 INFO spawned: 'ziwei-dashboard' with pid 1080249
2026-03-05 16:36:38,294 INFO success: ziwei-dashboard entered RUNNING state, process has stayed up for > than 1 seconds (startsecs)
2026-03-05 16:47:52,267 INFO waiting for ziwei-dashboard to stop
2026-03-05 16:47:52,268 WARN stopped: ziwei-dashboard (terminated by SIGTERM)
2026-03-05 16:47:52,271 INFO spawned: 'ziwei-dashboard' with pid 1082048
2026-03-05 16:47:53,333 INFO success: ziwei-dashboard entered RUNNING state, process has stayed up for > than 1 seconds (startsecs)
2026-03-05 16:59:13,046 INFO waiting for ziwei-dashboard to stop
2026-03-05 16:59:13,047 WARN stopped: ziwei-dashboard (terminated by SIGTERM)
2026-03-05 16:59:13,049 INFO spawned: 'ziwei-dashboard' with pid 1083750
2026-03-05 16:59:14,118 INFO success: ziwei-dashboard entered RUNNING state, process has stayed up for > than 1 seconds (startsecs)
2026-03-05 19:35:09,640 INFO waiting for ziwei-dashboard to stop
2026-03-05 19:35:09,641 WARN stopped: ziwei-dashboard (terminated by SIGTERM)
2026-03-05 19:35:09,643 INFO spawned: 'ziwei-dashboard' with pid 1107297
2026-03-05 19:35:10,698 INFO success: ziwei-dashboard entered RUNNING state, process has stayed up for > than 1 seconds (startsecs)
2026-03-05 19:50:42,371 INFO waiting for ziwei-dashboard to stop
2026-03-05 19:50:42,372 WARN stopped: ziwei-dashboard (terminated by SIGTERM)
2026-03-05 19:50:42,374 INFO spawned: 'ziwei-dashboard' with pid 1109560
2026-03-05 19:50:43,436 INFO success: ziwei-dashboard entered RUNNING state, process has stayed up for > than 1 seconds (startsecs)
2026-03-05 20:50:27,163 INFO waiting for ziwei-dashboard to stop
2026-03-05 20:50:27,164 WARN stopped: ziwei-dashboard (terminated by SIGTERM)
2026-03-05 20:50:27,166 INFO spawned: 'ziwei-dashboard' with pid 1118183
2026-03-05 20:50:28,229 INFO success: ziwei-dashboard entered RUNNING state, process has stayed up for > than 1 seconds (startsecs)
