[2026-03-04 01:03:27.430734] 🚀 全球战情室 v2.0 启动 - 24小时监控开始
📧 警报邮箱: 19922307306@189.cn
📊 监控范围: 全球加密货币市场 + A股/港股全市场
🛡️ 去重机制: 已启用 (双发封顶 + 内容指纹)
🔍 监控全市场价格变化...
[2026-03-04 01:03:28.455727] ❌ 邮件发送失败: 'NoneType' object has no attribute 'encode'
[2026-03-04 01:03:29.263523] ❌ 邮件发送失败: 'NoneType' object has no attribute 'encode'
[2026-03-04 01:03:30.018873] ❌ 邮件发送失败: 'NoneType' object has no attribute 'encode'
🔍 监控全市场股票机会...
[2026-03-04 01:03:30.713653] ❌ 邮件发送失败: 'NoneType' object has no attribute 'encode'
[2026-03-04 01:03:31.509814] ❌ 邮件发送失败: 'NoneType' object has no attribute 'encode'
[2026-03-04 01:03:32.275219] ❌ 邮件发送失败: 'NoneType' object has no attribute 'encode'
[2026-03-04 01:03:34.770092] ❌ 邮件发送失败: 'NoneType' object has no attribute 'encode'
[2026-03-04 01:03:35.467274] ❌ 邮件发送失败: 'NoneType' object has no attribute 'encode'
🔍 监控全平台社交媒体热点...
[2026-03-04 01:03:36.250614] ❌ 邮件发送失败: 'NoneType' object has no attribute 'encode'
[2026-03-04 01:03:37.050520] ❌ 邮件发送失败: 'NoneType' object has no attribute 'encode'
[2026-03-04 01:03:37.050572] ⏳ 等待5分钟进行下一轮监控...
[2026-03-04 01:05:26.084216] 🚀 全球战情室 v2.0 启动 - 24小时监控开始
📧 警报邮箱: 19922307306@189.cn
📊 监控范围: 全球加密货币市场 + A股/港股全市场
🛡️ 去重机制: 已启用 (双发封顶 + 内容指纹)
🔍 监控全市场价格变化...
[2026-03-04 01:05:26.920475] ❌ 邮件发送失败: 'NoneType' object has no attribute 'encode'
[2026-03-04 01:05:27.709942] ❌ 邮件发送失败: 'NoneType' object has no attribute 'encode'
[2026-03-04 01:05:28.456674] ❌ 邮件发送失败: 'NoneType' object has no attribute 'encode'
🔍 监控全市场股票机会...
[2026-03-04 01:05:29.270016] ❌ 邮件发送失败: 'NoneType' object has no attribute 'encode'
[2026-03-04 01:05:30.133930] ❌ 邮件发送失败: 'NoneType' object has no attribute 'encode'
[2026-03-04 01:05:30.847541] ❌ 邮件发送失败: 'NoneType' object has no attribute 'encode'
[2026-03-04 01:05:31.761165] ❌ 邮件发送失败: 'NoneType' object has no attribute 'encode'
[2026-03-04 01:05:32.676138] ❌ 邮件发送失败: 'NoneType' object has no attribute 'encode'
🔍 监控全平台社交媒体热点...
[2026-03-04 01:05:34.734655] ❌ 邮件发送失败: 'NoneType' object has no attribute 'encode'
[2026-03-04 01:05:35.485532] ❌ 邮件发送失败: 'NoneType' object has no attribute 'encode'
[2026-03-04 01:05:35.485583] ⏳ 等待5分钟进行下一轮监控...
[2026-03-04 01:06:33.637113] 🚀 全球战情室 v2.0 启动 - 24小时监控开始
📧 警报邮箱: 19922307306@189.cn
📊 监控范围: 全球加密货币市场 + A股/港股全市场
🛡️ 去重机制: 已启用 (双发封顶 + 内容指纹)
🔍 监控全市场价格变化...
[2026-03-04 01:06:34.410863] ❌ 邮件发送失败: 'NoneType' object has no attribute 'encode'
[2026-03-04 01:06:35.140747] ❌ 邮件发送失败: 'NoneType' object has no attribute 'encode'
[2026-03-04 01:06:35.949905] ❌ 邮件发送失败: 'NoneType' object has no attribute 'encode'
🔍 监控全市场股票机会...
[2026-03-04 01:06:36.826582] ❌ 邮件发送失败: 'NoneType' object has no attribute 'encode'
[2026-03-04 01:06:37.625955] ❌ 邮件发送失败: 'NoneType' object has no attribute 'encode'
[2026-03-04 01:06:38.341649] ❌ 邮件发送失败: 'NoneType' object has no attribute 'encode'
[2026-03-04 01:06:39.073298] ❌ 邮件发送失败: 'NoneType' object has no attribute 'encode'
[2026-03-04 01:06:39.805776] ❌ 邮件发送失败: 'NoneType' object has no attribute 'encode'
🔍 监控全平台社交媒体热点...
[2026-03-04 01:06:40.576067] ❌ 邮件发送失败: 'NoneType' object has no attribute 'encode'
[2026-03-04 01:06:41.419215] ❌ 邮件发送失败: 'NoneType' object has no attribute 'encode'
[2026-03-04 01:06:41.419252] ⏳ 等待5分钟进行下一轮监控...
[2026-03-04 01:06:44.607051] 🚀 全球战情室 v2.0 启动 - 24小时监控开始
📧 警报邮箱: 19922307306@189.cn
📊 监控范围: 全球加密货币市场 + A股/港股全市场
🛡️ 去重机制: 已启用 (双发封顶 + 内容指纹)
🔍 监控全市场价格变化...
[2026-03-04 01:06:45.380563] ❌ 邮件发送失败: 'NoneType' object has no attribute 'encode'
[2026-03-04 01:06:46.084755] ❌ 邮件发送失败: 'NoneType' object has no attribute 'encode'
[2026-03-04 01:06:46.882858] ❌ 邮件发送失败: 'NoneType' object has no attribute 'encode'
🔍 监控全市场股票机会...
[2026-03-04 01:06:47.576311] ❌ 邮件发送失败: 'NoneType' object has no attribute 'encode'
[2026-03-04 01:06:48.305993] ❌ 邮件发送失败: 'NoneType' object has no attribute 'encode'
[2026-03-04 01:06:49.025120] ❌ 邮件发送失败: 'NoneType' object has no attribute 'encode'
[2026-03-04 01:06:49.925016] ❌ 邮件发送失败: 'NoneType' object has no attribute 'encode'
[2026-03-04 01:06:50.734729] ❌ 邮件发送失败: 'NoneType' object has no attribute 'encode'
🔍 监控全平台社交媒体热点...
[2026-03-04 01:06:51.619941] ❌ 邮件发送失败: 'NoneType' object has no attribute 'encode'
[2026-03-04 01:06:52.361752] ❌ 邮件发送失败: 'NoneType' object has no attribute 'encode'
[2026-03-04 01:06:52.361805] ⏳ 等待5分钟进行下一轮监控...
[2026-03-04 01:06:58.931409] 🚀 全球战情室 v2.0 启动 - 24小时监控开始
📧 警报邮箱: 19922307306@189.cn
📊 监控范围: 全球加密货币市场 + A股/港股全市场
🛡️ 去重机制: 已启用 (双发封顶 + 内容指纹)
🔍 监控全市场价格变化...
[2026-03-04 01:06:59.635968] ❌ 邮件发送失败: 'NoneType' object has no attribute 'encode'
[2026-03-04 01:07:00.406401] ❌ 邮件发送失败: 'NoneType' object has no attribute 'encode'
[2026-03-04 01:07:01.194237] ❌ 邮件发送失败: 'NoneType' object has no attribute 'encode'
🔍 监控全市场股票机会...
[2026-03-04 01:07:01.941324] ❌ 邮件发送失败: 'NoneType' object has no attribute 'encode'
[2026-03-04 01:07:02.650585] ❌ 邮件发送失败: 'NoneType' object has no attribute 'encode'
[2026-03-04 01:07:03.376241] ❌ 邮件发送失败: 'NoneType' object has no attribute 'encode'
[2026-03-04 01:07:04.109602] ❌ 邮件发送失败: 'NoneType' object has no attribute 'encode'
[2026-03-04 01:07:04.882059] ❌ 邮件发送失败: 'NoneType' object has no attribute 'encode'
🔍 监控全平台社交媒体热点...
[2026-03-04 01:07:07.254658] ❌ 邮件发送失败: 'NoneType' object has no attribute 'encode'
[2026-03-04 01:07:07.976498] ❌ 邮件发送失败: 'NoneType' object has no attribute 'encode'
[2026-03-04 01:07:07.976549] ⏳ 等待5分钟进行下一轮监控...
[2026-03-04 01:10:06.090302] 🚀 全球战情室 v2.0 启动 - 24小时监控开始
📧 警报邮箱: 19922307306@189.cn
📊 监控范围: 全球加密货币市场 + A股/港股全市场
🛡️ 去重机制: 已启用 (双发封顶 + 内容指纹)
🔍 监控全市场价格变化...
[2026-03-04 01:10:09.092454] ❌ 邮件发送失败: 'NoneType' object has no attribute 'encode'
[2026-03-04 01:10:09.995038] ❌ 邮件发送失败: 'NoneType' object has no attribute 'encode'
[2026-03-04 01:10:10.844889] ❌ 邮件发送失败: 'NoneType' object has no attribute 'encode'
🔍 监控全市场股票机会...
[2026-03-04 01:10:11.556674] ❌ 邮件发送失败: 'NoneType' object has no attribute 'encode'
[2026-03-04 01:10:14.582776] ❌ 邮件发送失败: 'NoneType' object has no attribute 'encode'
[2026-03-04 01:10:15.532881] ❌ 邮件发送失败: 'NoneType' object has no attribute 'encode'
[2026-03-04 01:10:16.249388] ❌ 邮件发送失败: 'NoneType' object has no attribute 'encode'
[2026-03-04 01:10:16.994082] ❌ 邮件发送失败: 'NoneType' object has no attribute 'encode'
🔍 监控全平台社交媒体热点...
[2026-03-04 01:10:19.279789] ❌ 邮件发送失败: 'NoneType' object has no attribute 'encode'
[2026-03-04 01:10:20.007833] ❌ 邮件发送失败: 'NoneType' object has no attribute 'encode'
[2026-03-04 01:10:20.007882] ⏳ 等待5分钟进行下一轮监控...
[2026-03-04 01:13:41.488315] 🚀 全球战情室 v2.0 启动 - 24小时监控开始
📧 警报邮箱: 19922307306@189.cn
📊 监控范围: 全球加密货币市场 + A股/港股全市场
🛡️ 去重机制: 已启用 (双发封顶 + 内容指纹)
🔍 监控全市场价格变化...
[2026-03-04 01:13:42.322626] ❌ 邮件发送失败: 'NoneType' object has no attribute 'encode'
[2026-03-04 01:13:43.047203] ❌ 邮件发送失败: 'NoneType' object has no attribute 'encode'
[2026-03-04 01:13:44.884014] ❌ 邮件发送失败: 'NoneType' object has no attribute 'encode'
🔍 监控全市场股票机会...
[2026-03-04 01:13:45.807842] ❌ 邮件发送失败: 'NoneType' object has no attribute 'encode'
[2026-03-04 01:13:46.710586] ❌ 邮件发送失败: 'NoneType' object has no attribute 'encode'
[2026-03-04 01:13:47.532843] ❌ 邮件发送失败: 'NoneType' object has no attribute 'encode'
[2026-03-04 01:13:48.241598] ❌ 邮件发送失败: 'NoneType' object has no attribute 'encode'
[2026-03-04 01:13:48.999859] ❌ 邮件发送失败: 'NoneType' object has no attribute 'encode'
🔍 监控全平台社交媒体热点...
[2026-03-04 01:13:49.859467] ❌ 邮件发送失败: 'NoneType' object has no attribute 'encode'
[2026-03-04 01:13:50.709933] ❌ 邮件发送失败: 'NoneType' object has no attribute 'encode'
[2026-03-04 01:13:50.709992] ⏳ 等待5分钟进行下一轮监控...
[2026-03-04 01:14:18.575356] 🚀 全球战情室 v2.0 启动 - 24小时监控开始
📧 警报邮箱: 19922307306@189.cn
📊 监控范围: 全球加密货币市场 + A股/港股全市场
🛡️ 去重机制: 已启用 (双发封顶 + 内容指纹)
🔍 监控全市场价格变化...
[2026-03-04 01:14:19.331405] ❌ 邮件发送失败: 'NoneType' object has no attribute 'encode'
[2026-03-04 01:14:20.376540] ❌ 邮件发送失败: 'NoneType' object has no attribute 'encode'
[2026-03-04 01:14:21.119212] ❌ 邮件发送失败: 'NoneType' object has no attribute 'encode'
🔍 监控全市场股票机会...
[2026-03-04 01:14:23.389866] ❌ 邮件发送失败: 'NoneType' object has no attribute 'encode'
[2026-03-04 01:14:24.111131] ❌ 邮件发送失败: 'NoneType' object has no attribute 'encode'
[2026-03-04 01:14:24.883072] ❌ 邮件发送失败: 'NoneType' object has no attribute 'encode'
[2026-03-04 01:14:25.621394] ❌ 邮件发送失败: 'NoneType' object has no attribute 'encode'
[2026-03-04 01:14:26.338123] ❌ 邮件发送失败: 'NoneType' object has no attribute 'encode'
🔍 监控全平台社交媒体热点...
[2026-03-04 01:14:27.153162] ❌ 邮件发送失败: 'NoneType' object has no attribute 'encode'
[2026-03-04 01:14:27.905623] ❌ 邮件发送失败: 'NoneType' object has no attribute 'encode'
[2026-03-04 01:14:27.905674] ⏳ 等待5分钟进行下一轮监控...
[2026-03-04 01:18:08.506825] 🚀 全球战情室 v2.0 启动 - 24小时监控开始
📧 警报邮箱: 19922307306@189.cn
📊 监控范围: 全球加密货币市场 + A股/港股全市场
🛡️ 去重机制: 已启用 (双发封顶 + 内容指纹)
🔍 监控全市场价格变化...
[2026-03-04 01:18:09.285162] ❌ 邮件发送失败: 'NoneType' object has no attribute 'encode'
[2026-03-04 01:18:10.092455] ❌ 邮件发送失败: 'NoneType' object has no attribute 'encode'
[2026-03-04 01:18:12.781141] ❌ 邮件发送失败: 'NoneType' object has no attribute 'encode'
🔍 监控全市场股票机会...
[2026-03-04 01:18:13.572668] ❌ 邮件发送失败: 'NoneType' object has no attribute 'encode'
[2026-03-04 01:18:14.379091] ❌ 邮件发送失败: 'NoneType' object has no attribute 'encode'
[2026-03-04 01:18:15.190737] ❌ 邮件发送失败: 'NoneType' object has no attribute 'encode'
[2026-03-04 01:18:15.906818] ❌ 邮件发送失败: 'NoneType' object has no attribute 'encode'
[2026-03-04 01:18:16.637406] ❌ 邮件发送失败: 'NoneType' object has no attribute 'encode'
🔍 监控全平台社交媒体热点...
[2026-03-04 01:18:17.342660] ❌ 邮件发送失败: 'NoneType' object has no attribute 'encode'
[2026-03-04 01:18:18.041304] ❌ 邮件发送失败: 'NoneType' object has no attribute 'encode'
[2026-03-04 01:18:18.041349] ⏳ 等待5分钟进行下一轮监控...
🔍 监控全市场价格变化...
[2026-03-04 01:23:18.847266] ❌ 邮件发送失败: 'NoneType' object has no attribute 'encode'
[2026-03-04 01:23:19.586436] ❌ 邮件发送失败: 'NoneType' object has no attribute 'encode'
[2026-03-04 01:23:20.399565] ❌ 邮件发送失败: 'NoneType' object has no attribute 'encode'
🔍 监控全市场股票机会...
[2026-03-04 01:23:21.120534] ❌ 邮件发送失败: 'NoneType' object has no attribute 'encode'
[2026-03-04 01:23:21.924125] ❌ 邮件发送失败: 'NoneType' object has no attribute 'encode'
[2026-03-04 01:23:22.708854] ❌ 邮件发送失败: 'NoneType' object has no attribute 'encode'
[2026-03-04 01:23:23.493682] ❌ 邮件发送失败: 'NoneType' object has no attribute 'encode'
🔍 监控全平台社交媒体热点...
[2026-03-04 01:23:24.289670] ❌ 邮件发送失败: 'NoneType' object has no attribute 'encode'
[2026-03-04 01:23:25.019659] ❌ 邮件发送失败: 'NoneType' object has no attribute 'encode'
[2026-03-04 01:23:25.019718] ⏳ 等待5分钟进行下一轮监控...
🔍 监控全市场价格变化...
[2026-03-04 01:28:25.020073] ⏸️ 警报已达到24小时上限，跳过发送: crypto_BTC
[2026-03-04 01:28:25.020094] ⏸️ 跳过发送重复警报: 【全球战情室】🚨 加密货币暴涨暴跌警报: BTC +35.5%
[2026-03-04 01:28:25.020115] ⏸️ 警报已达到24小时上限，跳过发送: crypto_SOL
[2026-03-04 01:28:25.020119] ⏸️ 跳过发送重复警报: 【全球战情室】🚨 加密货币暴涨暴跌警报: SOL +42.1%
[2026-03-04 01:28:25.020134] ⏸️ 警报已达到24小时上限，跳过发送: crypto_IGNIS
[2026-03-04 01:28:25.020138] ⏸️ 跳过发送重复警报: 【全球战情室】🚨 加密货币暴涨暴跌警报: IGNIS +150.0%
🔍 监控全市场股票机会...
[2026-03-04 01:28:25.020165] ⏸️ 警报已达到24小时上限，跳过发送: stock_000001.SZ
[2026-03-04 01:28:25.020181] ⏸️ 警报已达到24小时上限，跳过发送: stock_0700.HK
[2026-03-04 01:28:25.020195] ⏸️ 警报已达到24小时上限，跳过发送: stock_600519.SH
[2026-03-04 01:28:25.020211] ⏸️ 警报已达到24小时上限，跳过发送: stock_new_688999.SH
🔍 监控全平台社交媒体热点...
[2026-03-04 01:28:25.020250] ⏸️ 警报已达到24小时上限，跳过发送: social_AI_+_DeFi_融合
[2026-03-04 01:28:25.020266] ⏸️ 警报已达到24小时上限，跳过发送: social_比特币ETF获批
[2026-03-04 01:28:25.020271] ⏳ 等待5分钟进行下一轮监控...
🔍 监控全市场价格变化...
[2026-03-04 01:33:25.020624] ⏸️ 警报已达到24小时上限，跳过发送: crypto_BTC
[2026-03-04 01:33:25.020645] ⏸️ 跳过发送重复警报: 【全球战情室】🚨 加密货币暴涨暴跌警报: BTC +35.5%
[2026-03-04 01:33:25.020667] ⏸️ 警报已达到24小时上限，跳过发送: crypto_SOL
[2026-03-04 01:33:25.020671] ⏸️ 跳过发送重复警报: 【全球战情室】🚨 加密货币暴涨暴跌警报: SOL +42.1%
[2026-03-04 01:33:25.020689] ⏸️ 警报已达到24小时上限，跳过发送: crypto_IGNIS
[2026-03-04 01:33:25.020692] ⏸️ 跳过发送重复警报: 【全球战情室】🚨 加密货币暴涨暴跌警报: IGNIS +150.0%
🔍 监控全市场股票机会...
[2026-03-04 01:33:25.020722] ⏸️ 警报已达到24小时上限，跳过发送: stock_000001.SZ
[2026-03-04 01:33:25.020738] ⏸️ 警报已达到24小时上限，跳过发送: stock_0700.HK
[2026-03-04 01:33:25.020752] ⏸️ 警报已达到24小时上限，跳过发送: stock_600519.SH
[2026-03-04 01:33:25.020768] ⏸️ 警报已达到24小时上限，跳过发送: stock_new_688999.SH
🔍 监控全平台社交媒体热点...
[2026-03-04 01:33:25.020806] ⏸️ 警报已达到24小时上限，跳过发送: social_AI_+_DeFi_融合
[2026-03-04 01:33:25.020823] ⏸️ 警报已达到24小时上限，跳过发送: social_比特币ETF获批
[2026-03-04 01:33:25.020829] ⏳ 等待5分钟进行下一轮监控...
🔍 监控全市场价格变化...
[2026-03-04 01:38:25.021337] ⏸️ 警报已达到24小时上限，跳过发送: crypto_BTC
[2026-03-04 01:38:25.021361] ⏸️ 跳过发送重复警报: 【全球战情室】🚨 加密货币暴涨暴跌警报: BTC +35.5%
[2026-03-04 01:38:25.021381] ⏸️ 警报已达到24小时上限，跳过发送: crypto_SOL
[2026-03-04 01:38:25.021385] ⏸️ 跳过发送重复警报: 【全球战情室】🚨 加密货币暴涨暴跌警报: SOL +42.1%
[2026-03-04 01:38:25.021401] ⏸️ 警报已达到24小时上限，跳过发送: crypto_IGNIS
[2026-03-04 01:38:25.021405] ⏸️ 跳过发送重复警报: 【全球战情室】🚨 加密货币暴涨暴跌警报: IGNIS +150.0%
🔍 监控全市场股票机会...
[2026-03-04 01:38:25.021433] ⏸️ 警报已达到24小时上限，跳过发送: stock_000001.SZ
[2026-03-04 01:38:25.021461] ⏸️ 警报已达到24小时上限，跳过发送: stock_0700.HK
[2026-03-04 01:38:25.021477] ⏸️ 警报已达到24小时上限，跳过发送: stock_600519.SH
[2026-03-04 01:38:25.021493] ⏸️ 警报已达到24小时上限，跳过发送: stock_new_688999.SH
🔍 监控全平台社交媒体热点...
[2026-03-04 01:38:25.021530] ⏸️ 警报已达到24小时上限，跳过发送: social_AI_+_DeFi_融合
[2026-03-04 01:38:25.021548] ⏸️ 警报已达到24小时上限，跳过发送: social_比特币ETF获批
[2026-03-04 01:38:25.021553] ⏳ 等待5分钟进行下一轮监控...
🔍 监控全市场价格变化...
[2026-03-04 01:43:25.021818] ⏸️ 警报已达到24小时上限，跳过发送: crypto_BTC
[2026-03-04 01:43:25.021836] ⏸️ 跳过发送重复警报: 【全球战情室】🚨 加密货币暴涨暴跌警报: BTC +35.5%
[2026-03-04 01:43:25.021857] ⏸️ 警报已达到24小时上限，跳过发送: crypto_SOL
[2026-03-04 01:43:25.021861] ⏸️ 跳过发送重复警报: 【全球战情室】🚨 加密货币暴涨暴跌警报: SOL +42.1%
[2026-03-04 01:43:25.021879] ⏸️ 警报已达到24小时上限，跳过发送: crypto_IGNIS
[2026-03-04 01:43:25.021884] ⏸️ 跳过发送重复警报: 【全球战情室】🚨 加密货币暴涨暴跌警报: IGNIS +150.0%
🔍 监控全市场股票机会...
[2026-03-04 01:43:25.021920] ⏸️ 警报已达到24小时上限，跳过发送: stock_000001.SZ
[2026-03-04 01:43:25.021938] ⏸️ 警报已达到24小时上限，跳过发送: stock_0700.HK
[2026-03-04 01:43:25.021953] ⏸️ 警报已达到24小时上限，跳过发送: stock_600519.SH
[2026-03-04 01:43:25.021969] ⏸️ 警报已达到24小时上限，跳过发送: stock_new_688999.SH
🔍 监控全平台社交媒体热点...
[2026-03-04 01:43:25.022006] ⏸️ 警报已达到24小时上限，跳过发送: social_AI_+_DeFi_融合
[2026-03-04 01:43:25.022022] ⏸️ 警报已达到24小时上限，跳过发送: social_比特币ETF获批
[2026-03-04 01:43:25.022027] ⏳ 等待5分钟进行下一轮监控...
🔍 监控全市场价格变化...
[2026-03-04 01:48:25.030645] ⏸️ 警报已达到24小时上限，跳过发送: crypto_BTC
[2026-03-04 01:48:25.030661] ⏸️ 跳过发送重复警报: 【全球战情室】🚨 加密货币暴涨暴跌警报: BTC +35.5%
[2026-03-04 01:48:25.030680] ⏸️ 警报已达到24小时上限，跳过发送: crypto_SOL
[2026-03-04 01:48:25.030683] ⏸️ 跳过发送重复警报: 【全球战情室】🚨 加密货币暴涨暴跌警报: SOL +42.1%
[2026-03-04 01:48:25.030696] ⏸️ 警报已达到24小时上限，跳过发送: crypto_IGNIS
[2026-03-04 01:48:25.030699] ⏸️ 跳过发送重复警报: 【全球战情室】🚨 加密货币暴涨暴跌警报: IGNIS +150.0%
🔍 监控全市场股票机会...
[2026-03-04 01:48:25.030726] ⏸️ 警报已达到24小时上限，跳过发送: stock_000001.SZ
[2026-03-04 01:48:25.030739] ⏸️ 警报已达到24小时上限，跳过发送: stock_0700.HK
[2026-03-04 01:48:25.030752] ⏸️ 警报已达到24小时上限，跳过发送: stock_600519.SH
[2026-03-04 01:48:25.030766] ⏸️ 警报已达到24小时上限，跳过发送: stock_new_688999.SH
🔍 监控全平台社交媒体热点...
[2026-03-04 01:48:25.030798] ⏸️ 警报已达到24小时上限，跳过发送: social_AI_+_DeFi_融合
[2026-03-04 01:48:25.030814] ⏸️ 警报已达到24小时上限，跳过发送: social_比特币ETF获批
[2026-03-04 01:48:25.030818] ⏳ 等待5分钟进行下一轮监控...
🔍 监控全市场价格变化...
[2026-03-04 01:53:25.030994] ⏸️ 警报已达到24小时上限，跳过发送: crypto_BTC
[2026-03-04 01:53:25.031006] ⏸️ 跳过发送重复警报: 【全球战情室】🚨 加密货币暴涨暴跌警报: BTC +35.5%
[2026-03-04 01:53:25.031025] ⏸️ 警报已达到24小时上限，跳过发送: crypto_SOL
[2026-03-04 01:53:25.031029] ⏸️ 跳过发送重复警报: 【全球战情室】🚨 加密货币暴涨暴跌警报: SOL +42.1%
[2026-03-04 01:53:25.031044] ⏸️ 警报已达到24小时上限，跳过发送: crypto_IGNIS
[2026-03-04 01:53:25.031048] ⏸️ 跳过发送重复警报: 【全球战情室】🚨 加密货币暴涨暴跌警报: IGNIS +150.0%
🔍 监控全市场股票机会...
[2026-03-04 01:53:25.031073] ⏸️ 警报已达到24小时上限，跳过发送: stock_000001.SZ
[2026-03-04 01:53:25.031088] ⏸️ 警报已达到24小时上限，跳过发送: stock_0700.HK
[2026-03-04 01:53:25.031102] ⏸️ 警报已达到24小时上限，跳过发送: stock_600519.SH
[2026-03-04 01:53:25.031117] ⏸️ 警报已达到24小时上限，跳过发送: stock_new_688999.SH
🔍 监控全平台社交媒体热点...
[2026-03-04 01:53:25.031148] ⏸️ 警报已达到24小时上限，跳过发送: social_AI_+_DeFi_融合
[2026-03-04 01:53:25.031165] ⏸️ 警报已达到24小时上限，跳过发送: social_比特币ETF获批
[2026-03-04 01:53:25.031170] ⏳ 等待5分钟进行下一轮监控...
🔍 监控全市场价格变化...
[2026-03-04 01:58:25.031389] ⏸️ 警报已达到24小时上限，跳过发送: crypto_BTC
[2026-03-04 01:58:25.031401] ⏸️ 跳过发送重复警报: 【全球战情室】🚨 加密货币暴涨暴跌警报: BTC +35.5%
[2026-03-04 01:58:25.031419] ⏸️ 警报已达到24小时上限，跳过发送: crypto_SOL
[2026-03-04 01:58:25.031423] ⏸️ 跳过发送重复警报: 【全球战情室】🚨 加密货币暴涨暴跌警报: SOL +42.1%
[2026-03-04 01:58:25.031436] ⏸️ 警报已达到24小时上限，跳过发送: crypto_IGNIS
[2026-03-04 01:58:25.031439] ⏸️ 跳过发送重复警报: 【全球战情室】🚨 加密货币暴涨暴跌警报: IGNIS +150.0%
🔍 监控全市场股票机会...
[2026-03-04 01:58:25.031480] ⏸️ 警报已达到24小时上限，跳过发送: stock_000001.SZ
[2026-03-04 01:58:25.031493] ⏸️ 警报已达到24小时上限，跳过发送: stock_0700.HK
[2026-03-04 01:58:25.031506] ⏸️ 警报已达到24小时上限，跳过发送: stock_600519.SH
[2026-03-04 01:58:25.031520] ⏸️ 警报已达到24小时上限，跳过发送: stock_new_688999.SH
🔍 监控全平台社交媒体热点...
[2026-03-04 01:58:25.031549] ⏸️ 警报已达到24小时上限，跳过发送: social_AI_+_DeFi_融合
[2026-03-04 01:58:25.031564] ⏸️ 警报已达到24小时上限，跳过发送: social_比特币ETF获批
[2026-03-04 01:58:25.031568] ⏳ 等待5分钟进行下一轮监控...
🔍 监控全市场价格变化...
[2026-03-04 02:03:25.031762] ⏸️ 警报已达到24小时上限，跳过发送: crypto_BTC
[2026-03-04 02:03:25.031777] ⏸️ 跳过发送重复警报: 【全球战情室】🚨 加密货币暴涨暴跌警报: BTC +35.5%
[2026-03-04 02:03:25.031797] ⏸️ 警报已达到24小时上限，跳过发送: crypto_SOL
[2026-03-04 02:03:25.031801] ⏸️ 跳过发送重复警报: 【全球战情室】🚨 加密货币暴涨暴跌警报: SOL +42.1%
[2026-03-04 02:03:25.031817] ⏸️ 警报已达到24小时上限，跳过发送: crypto_IGNIS
[2026-03-04 02:03:25.031820] ⏸️ 跳过发送重复警报: 【全球战情室】🚨 加密货币暴涨暴跌警报: IGNIS +150.0%
🔍 监控全市场股票机会...
[2026-03-04 02:03:25.031847] ⏸️ 警报已达到24小时上限，跳过发送: stock_000001.SZ
[2026-03-04 02:03:25.031862] ⏸️ 警报已达到24小时上限，跳过发送: stock_0700.HK
[2026-03-04 02:03:25.031878] ⏸️ 警报已达到24小时上限，跳过发送: stock_600519.SH
[2026-03-04 02:03:25.031892] ⏸️ 警报已达到24小时上限，跳过发送: stock_new_688999.SH
🔍 监控全平台社交媒体热点...
[2026-03-04 02:03:25.031932] ⏸️ 警报已达到24小时上限，跳过发送: social_AI_+_DeFi_融合
[2026-03-04 02:03:25.031952] ⏸️ 警报已达到24小时上限，跳过发送: social_比特币ETF获批
[2026-03-04 02:03:25.031956] ⏳ 等待5分钟进行下一轮监控...
🔍 监控全市场价格变化...
[2026-03-04 02:08:25.032138] ⏸️ 警报已达到24小时上限，跳过发送: crypto_BTC
[2026-03-04 02:08:25.032151] ⏸️ 跳过发送重复警报: 【全球战情室】🚨 加密货币暴涨暴跌警报: BTC +35.5%
[2026-03-04 02:08:25.032172] ⏸️ 警报已达到24小时上限，跳过发送: crypto_SOL
[2026-03-04 02:08:25.032178] ⏸️ 跳过发送重复警报: 【全球战情室】🚨 加密货币暴涨暴跌警报: SOL +42.1%
[2026-03-04 02:08:25.032196] ⏸️ 警报已达到24小时上限，跳过发送: crypto_IGNIS
[2026-03-04 02:08:25.032202] ⏸️ 跳过发送重复警报: 【全球战情室】🚨 加密货币暴涨暴跌警报: IGNIS +150.0%
🔍 监控全市场股票机会...
[2026-03-04 02:08:25.032240] ⏸️ 警报已达到24小时上限，跳过发送: stock_000001.SZ
[2026-03-04 02:08:25.032256] ⏸️ 警报已达到24小时上限，跳过发送: stock_0700.HK
[2026-03-04 02:08:25.032270] ⏸️ 警报已达到24小时上限，跳过发送: stock_600519.SH
[2026-03-04 02:08:25.032286] ⏸️ 警报已达到24小时上限，跳过发送: stock_new_688999.SH
🔍 监控全平台社交媒体热点...
[2026-03-04 02:08:25.032317] ⏸️ 警报已达到24小时上限，跳过发送: social_AI_+_DeFi_融合
[2026-03-04 02:08:25.032334] ⏸️ 警报已达到24小时上限，跳过发送: social_比特币ETF获批
[2026-03-04 02:08:25.032339] ⏳ 等待5分钟进行下一轮监控...
🔍 监控全市场价格变化...
[2026-03-04 02:13:25.032547] ⏸️ 警报已达到24小时上限，跳过发送: crypto_BTC
[2026-03-04 02:13:25.032561] ⏸️ 跳过发送重复警报: 【全球战情室】🚨 加密货币暴涨暴跌警报: BTC +35.5%
[2026-03-04 02:13:25.032582] ⏸️ 警报已达到24小时上限，跳过发送: crypto_SOL
[2026-03-04 02:13:25.032586] ⏸️ 跳过发送重复警报: 【全球战情室】🚨 加密货币暴涨暴跌警报: SOL +42.1%
[2026-03-04 02:13:25.032601] ⏸️ 警报已达到24小时上限，跳过发送: crypto_IGNIS
[2026-03-04 02:13:25.032605] ⏸️ 跳过发送重复警报: 【全球战情室】🚨 加密货币暴涨暴跌警报: IGNIS +150.0%
🔍 监控全市场股票机会...
[2026-03-04 02:13:25.032633] ⏸️ 警报已达到24小时上限，跳过发送: stock_000001.SZ
[2026-03-04 02:13:25.032647] ⏸️ 警报已达到24小时上限，跳过发送: stock_0700.HK
[2026-03-04 02:13:25.032661] ⏸️ 警报已达到24小时上限，跳过发送: stock_600519.SH
[2026-03-04 02:13:25.032676] ⏸️ 警报已达到24小时上限，跳过发送: stock_new_688999.SH
🔍 监控全平台社交媒体热点...
[2026-03-04 02:13:25.032707] ⏸️ 警报已达到24小时上限，跳过发送: social_AI_+_DeFi_融合
[2026-03-04 02:13:25.032723] ⏸️ 警报已达到24小时上限，跳过发送: social_比特币ETF获批
[2026-03-04 02:13:25.032729] ⏳ 等待5分钟进行下一轮监控...
🔍 监控全市场价格变化...
[2026-03-04 02:18:25.032908] ⏸️ 警报已达到24小时上限，跳过发送: crypto_BTC
[2026-03-04 02:18:25.032921] ⏸️ 跳过发送重复警报: 【全球战情室】🚨 加密货币暴涨暴跌警报: BTC +35.5%
[2026-03-04 02:18:25.032939] ⏸️ 警报已达到24小时上限，跳过发送: crypto_SOL
[2026-03-04 02:18:25.032943] ⏸️ 跳过发送重复警报: 【全球战情室】🚨 加密货币暴涨暴跌警报: SOL +42.1%
[2026-03-04 02:18:25.032959] ⏸️ 警报已达到24小时上限，跳过发送: crypto_IGNIS
[2026-03-04 02:18:25.032962] ⏸️ 跳过发送重复警报: 【全球战情室】🚨 加密货币暴涨暴跌警报: IGNIS +150.0%
🔍 监控全市场股票机会...
[2026-03-04 02:18:25.032988] ⏸️ 警报已达到24小时上限，跳过发送: stock_000001.SZ
[2026-03-04 02:18:25.033003] ⏸️ 警报已达到24小时上限，跳过发送: stock_0700.HK
[2026-03-04 02:18:25.033017] ⏸️ 警报已达到24小时上限，跳过发送: stock_600519.SH
[2026-03-04 02:18:25.033032] ⏸️ 警报已达到24小时上限，跳过发送: stock_new_688999.SH
🔍 监控全平台社交媒体热点...
[2026-03-04 02:18:25.033063] ⏸️ 警报已达到24小时上限，跳过发送: social_AI_+_DeFi_融合
[2026-03-04 02:18:25.033079] ⏸️ 警报已达到24小时上限，跳过发送: social_比特币ETF获批
[2026-03-04 02:18:25.033084] ⏳ 等待5分钟进行下一轮监控...
🔍 监控全市场价格变化...
[2026-03-04 02:23:25.033286] ⏸️ 警报已达到24小时上限，跳过发送: crypto_BTC
[2026-03-04 02:23:25.033301] ⏸️ 跳过发送重复警报: 【全球战情室】🚨 加密货币暴涨暴跌警报: BTC +35.5%
[2026-03-04 02:23:25.033320] ⏸️ 警报已达到24小时上限，跳过发送: crypto_SOL
[2026-03-04 02:23:25.033324] ⏸️ 跳过发送重复警报: 【全球战情室】🚨 加密货币暴涨暴跌警报: SOL +42.1%
[2026-03-04 02:23:25.033339] ⏸️ 警报已达到24小时上限，跳过发送: crypto_IGNIS
[2026-03-04 02:23:25.033342] ⏸️ 跳过发送重复警报: 【全球战情室】🚨 加密货币暴涨暴跌警报: IGNIS +150.0%
🔍 监控全市场股票机会...
[2026-03-04 02:23:25.033367] ⏸️ 警报已达到24小时上限，跳过发送: stock_000001.SZ
[2026-03-04 02:23:25.033381] ⏸️ 警报已达到24小时上限，跳过发送: stock_0700.HK
[2026-03-04 02:23:25.033396] ⏸️ 警报已达到24小时上限，跳过发送: stock_600519.SH
[2026-03-04 02:23:25.033411] ⏸️ 警报已达到24小时上限，跳过发送: stock_new_688999.SH
🔍 监控全平台社交媒体热点...
[2026-03-04 02:23:25.033440] ⏸️ 警报已达到24小时上限，跳过发送: social_AI_+_DeFi_融合
[2026-03-04 02:23:25.033469] ⏸️ 警报已达到24小时上限，跳过发送: social_比特币ETF获批
[2026-03-04 02:23:25.033474] ⏳ 等待5分钟进行下一轮监控...
🔍 监控全市场价格变化...
[2026-03-04 02:28:25.033693] ⏸️ 警报已达到24小时上限，跳过发送: crypto_BTC
[2026-03-04 02:28:25.033708] ⏸️ 跳过发送重复警报: 【全球战情室】🚨 加密货币暴涨暴跌警报: BTC +35.5%
[2026-03-04 02:28:25.033730] ⏸️ 警报已达到24小时上限，跳过发送: crypto_SOL
[2026-03-04 02:28:25.033734] ⏸️ 跳过发送重复警报: 【全球战情室】🚨 加密货币暴涨暴跌警报: SOL +42.1%
[2026-03-04 02:28:25.033749] ⏸️ 警报已达到24小时上限，跳过发送: crypto_IGNIS
[2026-03-04 02:28:25.033753] ⏸️ 跳过发送重复警报: 【全球战情室】🚨 加密货币暴涨暴跌警报: IGNIS +150.0%
🔍 监控全市场股票机会...
[2026-03-04 02:28:25.033781] ⏸️ 警报已达到24小时上限，跳过发送: stock_000001.SZ
[2026-03-04 02:28:25.033797] ⏸️ 警报已达到24小时上限，跳过发送: stock_0700.HK
[2026-03-04 02:28:25.033811] ⏸️ 警报已达到24小时上限，跳过发送: stock_600519.SH
[2026-03-04 02:28:25.033826] ⏸️ 警报已达到24小时上限，跳过发送: stock_new_688999.SH
🔍 监控全平台社交媒体热点...
[2026-03-04 02:28:25.033858] ⏸️ 警报已达到24小时上限，跳过发送: social_AI_+_DeFi_融合
[2026-03-04 02:28:25.033876] ⏸️ 警报已达到24小时上限，跳过发送: social_比特币ETF获批
[2026-03-04 02:28:25.033881] ⏳ 等待5分钟进行下一轮监控...
🔍 监控全市场价格变化...
[2026-03-04 02:33:25.034227] ⏸️ 警报已达到24小时上限，跳过发送: crypto_BTC
[2026-03-04 02:33:25.034261] ⏸️ 跳过发送重复警报: 【全球战情室】🚨 加密货币暴涨暴跌警报: BTC +35.5%
[2026-03-04 02:33:25.034283] ⏸️ 警报已达到24小时上限，跳过发送: crypto_SOL
[2026-03-04 02:33:25.034287] ⏸️ 跳过发送重复警报: 【全球战情室】🚨 加密货币暴涨暴跌警报: SOL +42.1%
[2026-03-04 02:33:25.034302] ⏸️ 警报已达到24小时上限，跳过发送: crypto_IGNIS
[2026-03-04 02:33:25.034306] ⏸️ 跳过发送重复警报: 【全球战情室】🚨 加密货币暴涨暴跌警报: IGNIS +150.0%
🔍 监控全市场股票机会...
[2026-03-04 02:33:25.034337] ⏸️ 警报已达到24小时上限，跳过发送: stock_000001.SZ
[2026-03-04 02:33:25.034352] ⏸️ 警报已达到24小时上限，跳过发送: stock_0700.HK
[2026-03-04 02:33:25.034365] ⏸️ 警报已达到24小时上限，跳过发送: stock_600519.SH
[2026-03-04 02:33:25.034383] ⏸️ 警报已达到24小时上限，跳过发送: stock_new_688999.SH
🔍 监控全平台社交媒体热点...
[2026-03-04 02:33:25.034418] ⏸️ 警报已达到24小时上限，跳过发送: social_AI_+_DeFi_融合
[2026-03-04 02:33:25.034471] ⏸️ 警报已达到24小时上限，跳过发送: social_比特币ETF获批
[2026-03-04 02:33:25.034476] ⏳ 等待5分钟进行下一轮监控...
🔍 监控全市场价格变化...
[2026-03-04 02:38:25.034669] ⏸️ 警报已达到24小时上限，跳过发送: crypto_BTC
[2026-03-04 02:38:25.034684] ⏸️ 跳过发送重复警报: 【全球战情室】🚨 加密货币暴涨暴跌警报: BTC +35.5%
[2026-03-04 02:38:25.034705] ⏸️ 警报已达到24小时上限，跳过发送: crypto_SOL
[2026-03-04 02:38:25.034709] ⏸️ 跳过发送重复警报: 【全球战情室】🚨 加密货币暴涨暴跌警报: SOL +42.1%
[2026-03-04 02:38:25.034724] ⏸️ 警报已达到24小时上限，跳过发送: crypto_IGNIS
[2026-03-04 02:38:25.034727] ⏸️ 跳过发送重复警报: 【全球战情室】🚨 加密货币暴涨暴跌警报: IGNIS +150.0%
🔍 监控全市场股票机会...
[2026-03-04 02:38:25.034756] ⏸️ 警报已达到24小时上限，跳过发送: stock_000001.SZ
[2026-03-04 02:38:25.034772] ⏸️ 警报已达到24小时上限，跳过发送: stock_0700.HK
[2026-03-04 02:38:25.034786] ⏸️ 警报已达到24小时上限，跳过发送: stock_600519.SH
[2026-03-04 02:38:25.034800] ⏸️ 警报已达到24小时上限，跳过发送: stock_new_688999.SH
🔍 监控全平台社交媒体热点...
[2026-03-04 02:38:25.034833] ⏸️ 警报已达到24小时上限，跳过发送: social_AI_+_DeFi_融合
[2026-03-04 02:38:25.034851] ⏸️ 警报已达到24小时上限，跳过发送: social_比特币ETF获批
[2026-03-04 02:38:25.034856] ⏳ 等待5分钟进行下一轮监控...
🔍 监控全市场价格变化...
[2026-03-04 02:43:25.035047] ⏸️ 警报已达到24小时上限，跳过发送: crypto_BTC
[2026-03-04 02:43:25.035062] ⏸️ 跳过发送重复警报: 【全球战情室】🚨 加密货币暴涨暴跌警报: BTC +35.5%
[2026-03-04 02:43:25.035081] ⏸️ 警报已达到24小时上限，跳过发送: crypto_SOL
[2026-03-04 02:43:25.035085] ⏸️ 跳过发送重复警报: 【全球战情室】🚨 加密货币暴涨暴跌警报: SOL +42.1%
[2026-03-04 02:43:25.035100] ⏸️ 警报已达到24小时上限，跳过发送: crypto_IGNIS
[2026-03-04 02:43:25.035103] ⏸️ 跳过发送重复警报: 【全球战情室】🚨 加密货币暴涨暴跌警报: IGNIS +150.0%
🔍 监控全市场股票机会...
[2026-03-04 02:43:25.035128] ⏸️ 警报已达到24小时上限，跳过发送: stock_000001.SZ
[2026-03-04 02:43:25.035144] ⏸️ 警报已达到24小时上限，跳过发送: stock_0700.HK
[2026-03-04 02:43:25.035158] ⏸️ 警报已达到24小时上限，跳过发送: stock_600519.SH
[2026-03-04 02:43:25.035172] ⏸️ 警报已达到24小时上限，跳过发送: stock_new_688999.SH
🔍 监控全平台社交媒体热点...
[2026-03-04 02:43:25.035203] ⏸️ 警报已达到24小时上限，跳过发送: social_AI_+_DeFi_融合
[2026-03-04 02:43:25.035219] ⏸️ 警报已达到24小时上限，跳过发送: social_比特币ETF获批
[2026-03-04 02:43:25.035224] ⏳ 等待5分钟进行下一轮监控...
🔍 监控全市场价格变化...
[2026-03-04 02:48:25.035410] ⏸️ 警报已达到24小时上限，跳过发送: crypto_BTC
[2026-03-04 02:48:25.035421] ⏸️ 跳过发送重复警报: 【全球战情室】🚨 加密货币暴涨暴跌警报: BTC +35.5%
[2026-03-04 02:48:25.035438] ⏸️ 警报已达到24小时上限，跳过发送: crypto_SOL
[2026-03-04 02:48:25.035455] ⏸️ 跳过发送重复警报: 【全球战情室】🚨 加密货币暴涨暴跌警报: SOL +42.1%
[2026-03-04 02:48:25.035469] ⏸️ 警报已达到24小时上限，跳过发送: crypto_IGNIS
[2026-03-04 02:48:25.035473] ⏸️ 跳过发送重复警报: 【全球战情室】🚨 加密货币暴涨暴跌警报: IGNIS +150.0%
🔍 监控全市场股票机会...
[2026-03-04 02:48:25.035495] ⏸️ 警报已达到24小时上限，跳过发送: stock_000001.SZ
[2026-03-04 02:48:25.035508] ⏸️ 警报已达到24小时上限，跳过发送: stock_0700.HK
[2026-03-04 02:48:25.035520] ⏸️ 警报已达到24小时上限，跳过发送: stock_600519.SH
[2026-03-04 02:48:25.035533] ⏸️ 警报已达到24小时上限，跳过发送: stock_new_688999.SH
🔍 监控全平台社交媒体热点...
[2026-03-04 02:48:25.035559] ⏸️ 警报已达到24小时上限，跳过发送: social_AI_+_DeFi_融合
[2026-03-04 02:48:25.035574] ⏸️ 警报已达到24小时上限，跳过发送: social_比特币ETF获批
[2026-03-04 02:48:25.035578] ⏳ 等待5分钟进行下一轮监控...
🔍 监控全市场价格变化...
[2026-03-04 02:53:25.035877] ⏸️ 警报已达到24小时上限，跳过发送: crypto_BTC
[2026-03-04 02:53:25.035899] ⏸️ 跳过发送重复警报: 【全球战情室】🚨 加密货币暴涨暴跌警报: BTC +35.5%
[2026-03-04 02:53:25.035920] ⏸️ 警报已达到24小时上限，跳过发送: crypto_SOL
[2026-03-04 02:53:25.035925] ⏸️ 跳过发送重复警报: 【全球战情室】🚨 加密货币暴涨暴跌警报: SOL +42.1%
[2026-03-04 02:53:25.035941] ⏸️ 警报已达到24小时上限，跳过发送: crypto_IGNIS
[2026-03-04 02:53:25.035944] ⏸️ 跳过发送重复警报: 【全球战情室】🚨 加密货币暴涨暴跌警报: IGNIS +150.0%
🔍 监控全市场股票机会...
[2026-03-04 02:53:25.035973] ⏸️ 警报已达到24小时上限，跳过发送: stock_000001.SZ
[2026-03-04 02:53:25.035988] ⏸️ 警报已达到24小时上限，跳过发送: stock_0700.HK
[2026-03-04 02:53:25.036003] ⏸️ 警报已达到24小时上限，跳过发送: stock_600519.SH
[2026-03-04 02:53:25.036021] ⏸️ 警报已达到24小时上限，跳过发送: stock_new_688999.SH
🔍 监控全平台社交媒体热点...
[2026-03-04 02:53:25.036058] ⏸️ 警报已达到24小时上限，跳过发送: social_AI_+_DeFi_融合
[2026-03-04 02:53:25.036085] ⏸️ 警报已达到24小时上限，跳过发送: social_比特币ETF获批
[2026-03-04 02:53:25.036092] ⏳ 等待5分钟进行下一轮监控...
🔍 监控全市场价格变化...
[2026-03-04 02:58:25.036295] ⏸️ 警报已达到24小时上限，跳过发送: crypto_BTC
[2026-03-04 02:58:25.036310] ⏸️ 跳过发送重复警报: 【全球战情室】🚨 加密货币暴涨暴跌警报: BTC +35.5%
[2026-03-04 02:58:25.036331] ⏸️ 警报已达到24小时上限，跳过发送: crypto_SOL
[2026-03-04 02:58:25.036335] ⏸️ 跳过发送重复警报: 【全球战情室】🚨 加密货币暴涨暴跌警报: SOL +42.1%
[2026-03-04 02:58:25.036350] ⏸️ 警报已达到24小时上限，跳过发送: crypto_IGNIS
[2026-03-04 02:58:25.036353] ⏸️ 跳过发送重复警报: 【全球战情室】🚨 加密货币暴涨暴跌警报: IGNIS +150.0%
🔍 监控全市场股票机会...
[2026-03-04 02:58:25.036392] ⏸️ 警报已达到24小时上限，跳过发送: stock_000001.SZ
[2026-03-04 02:58:25.036407] ⏸️ 警报已达到24小时上限，跳过发送: stock_0700.HK
[2026-03-04 02:58:25.036428] ⏸️ 警报已达到24小时上限，跳过发送: stock_600519.SH
[2026-03-04 02:58:25.036461] ⏸️ 警报已达到24小时上限，跳过发送: stock_new_688999.SH
🔍 监控全平台社交媒体热点...
[2026-03-04 02:58:25.036496] ⏸️ 警报已达到24小时上限，跳过发送: social_AI_+_DeFi_融合
[2026-03-04 02:58:25.036512] ⏸️ 警报已达到24小时上限，跳过发送: social_比特币ETF获批
[2026-03-04 02:58:25.036517] ⏳ 等待5分钟进行下一轮监控...
🔍 监控全市场价格变化...
[2026-03-04 03:03:25.036747] ⏸️ 警报已达到24小时上限，跳过发送: crypto_BTC
[2026-03-04 03:03:25.036765] ⏸️ 跳过发送重复警报: 【全球战情室】🚨 加密货币暴涨暴跌警报: BTC +35.5%
[2026-03-04 03:03:25.036784] ⏸️ 警报已达到24小时上限，跳过发送: crypto_SOL
[2026-03-04 03:03:25.036788] ⏸️ 跳过发送重复警报: 【全球战情室】🚨 加密货币暴涨暴跌警报: SOL +42.1%
[2026-03-04 03:03:25.036802] ⏸️ 警报已达到24小时上限，跳过发送: crypto_IGNIS
[2026-03-04 03:03:25.036806] ⏸️ 跳过发送重复警报: 【全球战情室】🚨 加密货币暴涨暴跌警报: IGNIS +150.0%
🔍 监控全市场股票机会...
[2026-03-04 03:03:25.036835] ⏸️ 警报已达到24小时上限，跳过发送: stock_000001.SZ
[2026-03-04 03:03:25.036851] ⏸️ 警报已达到24小时上限，跳过发送: stock_0700.HK
[2026-03-04 03:03:25.036866] ⏸️ 警报已达到24小时上限，跳过发送: stock_600519.SH
[2026-03-04 03:03:25.036881] ⏸️ 警报已达到24小时上限，跳过发送: stock_new_688999.SH
🔍 监控全平台社交媒体热点...
[2026-03-04 03:03:25.036913] ⏸️ 警报已达到24小时上限，跳过发送: social_AI_+_DeFi_融合
[2026-03-04 03:03:25.036929] ⏸️ 警报已达到24小时上限，跳过发送: social_比特币ETF获批
[2026-03-04 03:03:25.036934] ⏳ 等待5分钟进行下一轮监控...
🔍 监控全市场价格变化...
[2026-03-04 03:08:25.037148] ⏸️ 警报已达到24小时上限，跳过发送: crypto_BTC
[2026-03-04 03:08:25.037162] ⏸️ 跳过发送重复警报: 【全球战情室】🚨 加密货币暴涨暴跌警报: BTC +35.5%
[2026-03-04 03:08:25.037182] ⏸️ 警报已达到24小时上限，跳过发送: crypto_SOL
[2026-03-04 03:08:25.037186] ⏸️ 跳过发送重复警报: 【全球战情室】🚨 加密货币暴涨暴跌警报: SOL +42.1%
[2026-03-04 03:08:25.037201] ⏸️ 警报已达到24小时上限，跳过发送: crypto_IGNIS
[2026-03-04 03:08:25.037205] ⏸️ 跳过发送重复警报: 【全球战情室】🚨 加密货币暴涨暴跌警报: IGNIS +150.0%
🔍 监控全市场股票机会...
[2026-03-04 03:08:25.037232] ⏸️ 警报已达到24小时上限，跳过发送: stock_000001.SZ
[2026-03-04 03:08:25.037248] ⏸️ 警报已达到24小时上限，跳过发送: stock_0700.HK
[2026-03-04 03:08:25.037262] ⏸️ 警报已达到24小时上限，跳过发送: stock_600519.SH
[2026-03-04 03:08:25.037278] ⏸️ 警报已达到24小时上限，跳过发送: stock_new_688999.SH
🔍 监控全平台社交媒体热点...
[2026-03-04 03:08:25.037307] ⏸️ 警报已达到24小时上限，跳过发送: social_AI_+_DeFi_融合
[2026-03-04 03:08:25.037324] ⏸️ 警报已达到24小时上限，跳过发送: social_比特币ETF获批
[2026-03-04 03:08:25.037341] ⏳ 等待5分钟进行下一轮监控...
🔍 监控全市场价格变化...
[2026-03-04 03:13:25.037634] ⏸️ 警报已达到24小时上限，跳过发送: crypto_BTC
[2026-03-04 03:13:25.037653] ⏸️ 跳过发送重复警报: 【全球战情室】🚨 加密货币暴涨暴跌警报: BTC +35.5%
[2026-03-04 03:13:25.037674] ⏸️ 警报已达到24小时上限，跳过发送: crypto_SOL
[2026-03-04 03:13:25.037677] ⏸️ 跳过发送重复警报: 【全球战情室】🚨 加密货币暴涨暴跌警报: SOL +42.1%
[2026-03-04 03:13:25.037692] ⏸️ 警报已达到24小时上限，跳过发送: crypto_IGNIS
[2026-03-04 03:13:25.037695] ⏸️ 跳过发送重复警报: 【全球战情室】🚨 加密货币暴涨暴跌警报: IGNIS +150.0%
🔍 监控全市场股票机会...
[2026-03-04 03:13:25.037723] ⏸️ 警报已达到24小时上限，跳过发送: stock_000001.SZ
[2026-03-04 03:13:25.037738] ⏸️ 警报已达到24小时上限，跳过发送: stock_0700.HK
[2026-03-04 03:13:25.037752] ⏸️ 警报已达到24小时上限，跳过发送: stock_600519.SH
[2026-03-04 03:13:25.037775] ⏸️ 警报已达到24小时上限，跳过发送: stock_new_688999.SH
🔍 监控全平台社交媒体热点...
[2026-03-04 03:13:25.037807] ⏸️ 警报已达到24小时上限，跳过发送: social_AI_+_DeFi_融合
[2026-03-04 03:13:25.037824] ⏸️ 警报已达到24小时上限，跳过发送: social_比特币ETF获批
[2026-03-04 03:13:25.037828] ⏳ 等待5分钟进行下一轮监控...
🔍 监控全市场价格变化...
[2026-03-04 03:18:25.038046] ⏸️ 警报已达到24小时上限，跳过发送: crypto_BTC
[2026-03-04 03:18:25.038062] ⏸️ 跳过发送重复警报: 【全球战情室】🚨 加密货币暴涨暴跌警报: BTC +35.5%
[2026-03-04 03:18:25.038085] ⏸️ 警报已达到24小时上限，跳过发送: crypto_SOL
[2026-03-04 03:18:25.038091] ⏸️ 跳过发送重复警报: 【全球战情室】🚨 加密货币暴涨暴跌警报: SOL +42.1%
[2026-03-04 03:18:25.038110] ⏸️ 警报已达到24小时上限，跳过发送: crypto_IGNIS
[2026-03-04 03:18:25.038115] ⏸️ 跳过发送重复警报: 【全球战情室】🚨 加密货币暴涨暴跌警报: IGNIS +150.0%
🔍 监控全市场股票机会...
[2026-03-04 03:18:25.038146] ⏸️ 警报已达到24小时上限，跳过发送: stock_000001.SZ
[2026-03-04 03:18:25.038162] ⏸️ 警报已达到24小时上限，跳过发送: stock_0700.HK
[2026-03-04 03:18:25.038176] ⏸️ 警报已达到24小时上限，跳过发送: stock_600519.SH
[2026-03-04 03:18:25.038192] ⏸️ 警报已达到24小时上限，跳过发送: stock_new_688999.SH
🔍 监控全平台社交媒体热点...
[2026-03-04 03:18:25.038224] ⏸️ 警报已达到24小时上限，跳过发送: social_AI_+_DeFi_融合
[2026-03-04 03:18:25.038241] ⏸️ 警报已达到24小时上限，跳过发送: social_比特币ETF获批
[2026-03-04 03:18:25.038246] ⏳ 等待5分钟进行下一轮监控...
🔍 监控全市场价格变化...
[2026-03-04 03:23:25.038501] ⏸️ 警报已达到24小时上限，跳过发送: crypto_BTC
[2026-03-04 03:23:25.038520] ⏸️ 跳过发送重复警报: 【全球战情室】🚨 加密货币暴涨暴跌警报: BTC +35.5%
[2026-03-04 03:23:25.038542] ⏸️ 警报已达到24小时上限，跳过发送: crypto_SOL
[2026-03-04 03:23:25.038546] ⏸️ 跳过发送重复警报: 【全球战情室】🚨 加密货币暴涨暴跌警报: SOL +42.1%
[2026-03-04 03:23:25.038561] ⏸️ 警报已达到24小时上限，跳过发送: crypto_IGNIS
[2026-03-04 03:23:25.038565] ⏸️ 跳过发送重复警报: 【全球战情室】🚨 加密货币暴涨暴跌警报: IGNIS +150.0%
🔍 监控全市场股票机会...
[2026-03-04 03:23:25.038595] ⏸️ 警报已达到24小时上限，跳过发送: stock_000001.SZ
[2026-03-04 03:23:25.038610] ⏸️ 警报已达到24小时上限，跳过发送: stock_0700.HK
[2026-03-04 03:23:25.038624] ⏸️ 警报已达到24小时上限，跳过发送: stock_600519.SH
[2026-03-04 03:23:25.038640] ⏸️ 警报已达到24小时上限，跳过发送: stock_new_688999.SH
🔍 监控全平台社交媒体热点...
[2026-03-04 03:23:25.038671] ⏸️ 警报已达到24小时上限，跳过发送: social_AI_+_DeFi_融合
[2026-03-04 03:23:25.038688] ⏸️ 警报已达到24小时上限，跳过发送: social_比特币ETF获批
[2026-03-04 03:23:25.038692] ⏳ 等待5分钟进行下一轮监控...
🔍 监控全市场价格变化...
[2026-03-04 03:28:25.039012] ⏸️ 警报已达到24小时上限，跳过发送: crypto_BTC
[2026-03-04 03:28:25.039039] ⏸️ 跳过发送重复警报: 【全球战情室】🚨 加密货币暴涨暴跌警报: BTC +35.5%
[2026-03-04 03:28:25.039060] ⏸️ 警报已达到24小时上限，跳过发送: crypto_SOL
[2026-03-04 03:28:25.039064] ⏸️ 跳过发送重复警报: 【全球战情室】🚨 加密货币暴涨暴跌警报: SOL +42.1%
[2026-03-04 03:28:25.039080] ⏸️ 警报已达到24小时上限，跳过发送: crypto_IGNIS
[2026-03-04 03:28:25.039083] ⏸️ 跳过发送重复警报: 【全球战情室】🚨 加密货币暴涨暴跌警报: IGNIS +150.0%
🔍 监控全市场股票机会...
[2026-03-04 03:28:25.039113] ⏸️ 警报已达到24小时上限，跳过发送: stock_000001.SZ
[2026-03-04 03:28:25.039128] ⏸️ 警报已达到24小时上限，跳过发送: stock_0700.HK
[2026-03-04 03:28:25.039142] ⏸️ 警报已达到24小时上限，跳过发送: stock_600519.SH
[2026-03-04 03:28:25.039161] ⏸️ 警报已达到24小时上限，跳过发送: stock_new_688999.SH
🔍 监控全平台社交媒体热点...
[2026-03-04 03:28:25.039195] ⏸️ 警报已达到24小时上限，跳过发送: social_AI_+_DeFi_融合
[2026-03-04 03:28:25.039212] ⏸️ 警报已达到24小时上限，跳过发送: social_比特币ETF获批
[2026-03-04 03:28:25.039217] ⏳ 等待5分钟进行下一轮监控...
🔍 监控全市场价格变化...
[2026-03-04 03:33:25.039580] ⏸️ 警报已达到24小时上限，跳过发送: crypto_BTC
[2026-03-04 03:33:25.039608] ⏸️ 跳过发送重复警报: 【全球战情室】🚨 加密货币暴涨暴跌警报: BTC +35.5%
[2026-03-04 03:33:25.039629] ⏸️ 警报已达到24小时上限，跳过发送: crypto_SOL
[2026-03-04 03:33:25.039633] ⏸️ 跳过发送重复警报: 【全球战情室】🚨 加密货币暴涨暴跌警报: SOL +42.1%
[2026-03-04 03:33:25.039648] ⏸️ 警报已达到24小时上限，跳过发送: crypto_IGNIS
[2026-03-04 03:33:25.039652] ⏸️ 跳过发送重复警报: 【全球战情室】🚨 加密货币暴涨暴跌警报: IGNIS +150.0%
🔍 监控全市场股票机会...
[2026-03-04 03:33:25.039680] ⏸️ 警报已达到24小时上限，跳过发送: stock_000001.SZ
[2026-03-04 03:33:25.039698] ⏸️ 警报已达到24小时上限，跳过发送: stock_0700.HK
[2026-03-04 03:33:25.039712] ⏸️ 警报已达到24小时上限，跳过发送: stock_600519.SH
[2026-03-04 03:33:25.039729] ⏸️ 警报已达到24小时上限，跳过发送: stock_new_688999.SH
🔍 监控全平台社交媒体热点...
[2026-03-04 03:33:25.039766] ⏸️ 警报已达到24小时上限，跳过发送: social_AI_+_DeFi_融合
[2026-03-04 03:33:25.039787] ⏸️ 警报已达到24小时上限，跳过发送: social_比特币ETF获批
[2026-03-04 03:33:25.039793] ⏳ 等待5分钟进行下一轮监控...
🔍 监控全市场价格变化...
[2026-03-04 03:38:25.040030] ⏸️ 警报已达到24小时上限，跳过发送: crypto_BTC
[2026-03-04 03:38:25.040046] ⏸️ 跳过发送重复警报: 【全球战情室】🚨 加密货币暴涨暴跌警报: BTC +35.5%
[2026-03-04 03:38:25.040066] ⏸️ 警报已达到24小时上限，跳过发送: crypto_SOL
[2026-03-04 03:38:25.040070] ⏸️ 跳过发送重复警报: 【全球战情室】🚨 加密货币暴涨暴跌警报: SOL +42.1%
[2026-03-04 03:38:25.040086] ⏸️ 警报已达到24小时上限，跳过发送: crypto_IGNIS
[2026-03-04 03:38:25.040089] ⏸️ 跳过发送重复警报: 【全球战情室】🚨 加密货币暴涨暴跌警报: IGNIS +150.0%
🔍 监控全市场股票机会...
[2026-03-04 03:38:25.040117] ⏸️ 警报已达到24小时上限，跳过发送: stock_000001.SZ
[2026-03-04 03:38:25.040133] ⏸️ 警报已达到24小时上限，跳过发送: stock_0700.HK
[2026-03-04 03:38:25.040147] ⏸️ 警报已达到24小时上限，跳过发送: stock_600519.SH
[2026-03-04 03:38:25.040163] ⏸️ 警报已达到24小时上限，跳过发送: stock_new_688999.SH
🔍 监控全平台社交媒体热点...
[2026-03-04 03:38:25.040194] ⏸️ 警报已达到24小时上限，跳过发送: social_AI_+_DeFi_融合
[2026-03-04 03:38:25.040210] ⏸️ 警报已达到24小时上限，跳过发送: social_比特币ETF获批
[2026-03-04 03:38:25.040215] ⏳ 等待5分钟进行下一轮监控...
🔍 监控全市场价格变化...
[2026-03-04 03:43:25.040436] ⏸️ 警报已达到24小时上限，跳过发送: crypto_BTC
[2026-03-04 03:43:25.040462] ⏸️ 跳过发送重复警报: 【全球战情室】🚨 加密货币暴涨暴跌警报: BTC +35.5%
[2026-03-04 03:43:25.040485] ⏸️ 警报已达到24小时上限，跳过发送: crypto_SOL
[2026-03-04 03:43:25.040489] ⏸️ 跳过发送重复警报: 【全球战情室】🚨 加密货币暴涨暴跌警报: SOL +42.1%
[2026-03-04 03:43:25.040504] ⏸️ 警报已达到24小时上限，跳过发送: crypto_IGNIS
[2026-03-04 03:43:25.040508] ⏸️ 跳过发送重复警报: 【全球战情室】🚨 加密货币暴涨暴跌警报: IGNIS +150.0%
🔍 监控全市场股票机会...
[2026-03-04 03:43:25.040534] ⏸️ 警报已达到24小时上限，跳过发送: stock_000001.SZ
[2026-03-04 03:43:25.040553] ⏸️ 警报已达到24小时上限，跳过发送: stock_0700.HK
[2026-03-04 03:43:25.040567] ⏸️ 警报已达到24小时上限，跳过发送: stock_600519.SH
[2026-03-04 03:43:25.040581] ⏸️ 警报已达到24小时上限，跳过发送: stock_new_688999.SH
🔍 监控全平台社交媒体热点...
[2026-03-04 03:43:25.040612] ⏸️ 警报已达到24小时上限，跳过发送: social_AI_+_DeFi_融合
[2026-03-04 03:43:25.040629] ⏸️ 警报已达到24小时上限，跳过发送: social_比特币ETF获批
[2026-03-04 03:43:25.040634] ⏳ 等待5分钟进行下一轮监控...
🔍 监控全市场价格变化...
[2026-03-04 03:48:25.040933] ⏸️ 警报已达到24小时上限，跳过发送: crypto_BTC
[2026-03-04 03:48:25.040959] ⏸️ 跳过发送重复警报: 【全球战情室】🚨 加密货币暴涨暴跌警报: BTC +35.5%
[2026-03-04 03:48:25.040979] ⏸️ 警报已达到24小时上限，跳过发送: crypto_SOL
[2026-03-04 03:48:25.040982] ⏸️ 跳过发送重复警报: 【全球战情室】🚨 加密货币暴涨暴跌警报: SOL +42.1%
[2026-03-04 03:48:25.041002] ⏸️ 警报已达到24小时上限，跳过发送: crypto_IGNIS
[2026-03-04 03:48:25.041006] ⏸️ 跳过发送重复警报: 【全球战情室】🚨 加密货币暴涨暴跌警报: IGNIS +150.0%
🔍 监控全市场股票机会...
[2026-03-04 03:48:25.041032] ⏸️ 警报已达到24小时上限，跳过发送: stock_000001.SZ
[2026-03-04 03:48:25.041047] ⏸️ 警报已达到24小时上限，跳过发送: stock_0700.HK
[2026-03-04 03:48:25.041061] ⏸️ 警报已达到24小时上限，跳过发送: stock_600519.SH
[2026-03-04 03:48:25.041079] ⏸️ 警报已达到24小时上限，跳过发送: stock_new_688999.SH
🔍 监控全平台社交媒体热点...
[2026-03-04 03:48:25.041116] ⏸️ 警报已达到24小时上限，跳过发送: social_AI_+_DeFi_融合
[2026-03-04 03:48:25.041132] ⏸️ 警报已达到24小时上限，跳过发送: social_比特币ETF获批
[2026-03-04 03:48:25.041137] ⏳ 等待5分钟进行下一轮监控...
🔍 监控全市场价格变化...
[2026-03-04 03:53:25.041463] ⏸️ 警报已达到24小时上限，跳过发送: crypto_BTC
[2026-03-04 03:53:25.041487] ⏸️ 跳过发送重复警报: 【全球战情室】🚨 加密货币暴涨暴跌警报: BTC +35.5%
[2026-03-04 03:53:25.041509] ⏸️ 警报已达到24小时上限，跳过发送: crypto_SOL
[2026-03-04 03:53:25.041513] ⏸️ 跳过发送重复警报: 【全球战情室】🚨 加密货币暴涨暴跌警报: SOL +42.1%
[2026-03-04 03:53:25.041528] ⏸️ 警报已达到24小时上限，跳过发送: crypto_IGNIS
[2026-03-04 03:53:25.041531] ⏸️ 跳过发送重复警报: 【全球战情室】🚨 加密货币暴涨暴跌警报: IGNIS +150.0%
🔍 监控全市场股票机会...
[2026-03-04 03:53:25.041560] ⏸️ 警报已达到24小时上限，跳过发送: stock_000001.SZ
[2026-03-04 03:53:25.041575] ⏸️ 警报已达到24小时上限，跳过发送: stock_0700.HK
[2026-03-04 03:53:25.041588] ⏸️ 警报已达到24小时上限，跳过发送: stock_600519.SH
[2026-03-04 03:53:25.041970] ⏸️ 警报已达到24小时上限，跳过发送: stock_new_688999.SH
🔍 监控全平台社交媒体热点...
[2026-03-04 03:53:25.042012] ⏸️ 警报已达到24小时上限，跳过发送: social_AI_+_DeFi_融合
[2026-03-04 03:53:25.042029] ⏸️ 警报已达到24小时上限，跳过发送: social_比特币ETF获批
[2026-03-04 03:53:25.042034] ⏳ 等待5分钟进行下一轮监控...
🔍 监控全市场价格变化...
[2026-03-04 03:58:25.042374] ⏸️ 警报已达到24小时上限，跳过发送: crypto_BTC
[2026-03-04 03:58:25.042395] ⏸️ 跳过发送重复警报: 【全球战情室】🚨 加密货币暴涨暴跌警报: BTC +35.5%
[2026-03-04 03:58:25.042416] ⏸️ 警报已达到24小时上限，跳过发送: crypto_SOL
[2026-03-04 03:58:25.042420] ⏸️ 跳过发送重复警报: 【全球战情室】🚨 加密货币暴涨暴跌警报: SOL +42.1%
[2026-03-04 03:58:25.042435] ⏸️ 警报已达到24小时上限，跳过发送: crypto_IGNIS
[2026-03-04 03:58:25.042439] ⏸️ 跳过发送重复警报: 【全球战情室】🚨 加密货币暴涨暴跌警报: IGNIS +150.0%
🔍 监控全市场股票机会...
[2026-03-04 03:58:25.042478] ⏸️ 警报已达到24小时上限，跳过发送: stock_000001.SZ
[2026-03-04 03:58:25.042494] ⏸️ 警报已达到24小时上限，跳过发送: stock_0700.HK
[2026-03-04 03:58:25.042508] ⏸️ 警报已达到24小时上限，跳过发送: stock_600519.SH
[2026-03-04 03:58:25.042525] ⏸️ 警报已达到24小时上限，跳过发送: stock_new_688999.SH
🔍 监控全平台社交媒体热点...
[2026-03-04 03:58:25.042559] ⏸️ 警报已达到24小时上限，跳过发送: social_AI_+_DeFi_融合
[2026-03-04 03:58:25.042575] ⏸️ 警报已达到24小时上限，跳过发送: social_比特币ETF获批
[2026-03-04 03:58:25.042580] ⏳ 等待5分钟进行下一轮监控...
🔍 监控全市场价格变化...
[2026-03-04 04:03:25.042848] ⏸️ 警报已达到24小时上限，跳过发送: crypto_BTC
[2026-03-04 04:03:25.042866] ⏸️ 跳过发送重复警报: 【全球战情室】🚨 加密货币暴涨暴跌警报: BTC +35.5%
[2026-03-04 04:03:25.042885] ⏸️ 警报已达到24小时上限，跳过发送: crypto_SOL
[2026-03-04 04:03:25.042889] ⏸️ 跳过发送重复警报: 【全球战情室】🚨 加密货币暴涨暴跌警报: SOL +42.1%
[2026-03-04 04:03:25.042904] ⏸️ 警报已达到24小时上限，跳过发送: crypto_IGNIS
[2026-03-04 04:03:25.042907] ⏸️ 跳过发送重复警报: 【全球战情室】🚨 加密货币暴涨暴跌警报: IGNIS +150.0%
🔍 监控全市场股票机会...
[2026-03-04 04:03:25.042935] ⏸️ 警报已达到24小时上限，跳过发送: stock_000001.SZ
[2026-03-04 04:03:25.042950] ⏸️ 警报已达到24小时上限，跳过发送: stock_0700.HK
[2026-03-04 04:03:25.042963] ⏸️ 警报已达到24小时上限，跳过发送: stock_600519.SH
[2026-03-04 04:03:25.042978] ⏸️ 警报已达到24小时上限，跳过发送: stock_new_688999.SH
🔍 监控全平台社交媒体热点...
[2026-03-04 04:03:25.043016] ⏸️ 警报已达到24小时上限，跳过发送: social_AI_+_DeFi_融合
[2026-03-04 04:03:25.043032] ⏸️ 警报已达到24小时上限，跳过发送: social_比特币ETF获批
[2026-03-04 04:03:25.043038] ⏳ 等待5分钟进行下一轮监控...
