======================================================================
🚀 紫微智控 x402 API - 生产模式
======================================================================
📍 服务地址: http://localhost:5002
💰 支付方式: x402 (USDC on Base)
📊 统计接口: http://localhost:5002/api/v1/stats
🏥 健康检查: http://localhost:5002/health
🔑 API Key: ✅ 已配置
======================================================================
======================================================================
🚀 紫微智控 x402 API - 生产模式
======================================================================
📍 服务地址: http://localhost:5002
💰 支付方式: x402 (USDC on Base)
📊 统计接口: http://localhost:5002/api/v1/stats
🏥 健康检查: http://localhost:5002/health
🔑 API Key: ✅ 已配置
======================================================================
======================================================================
🚀 紫微智控 x402 API - 生产模式
======================================================================
📍 服务地址: http://localhost:5002
💰 支付方式: x402 (USDC on Base)
📊 统计接口: http://localhost:5002/api/v1/stats
🏥 健康检查: http://localhost:5002/health
🔑 API Key: ✅ 已配置
======================================================================
