Traceback (most recent call last):
  File "/home/admin/Ziwei/projects/x402-api/app_production.py", line 287, in <module>
    start_server()
  File "/home/admin/Ziwei/projects/x402-api/app_production.py", line 266, in start_server
    with socketserver.TCPServer(("", PORT), X402APIHandler) as httpd:
         ^^^^^^^^^^^^^^^^^^^^^^^^^^^^^^^^^^^^^^^^^^^^^^^^^^
  File "/usr/lib64/python3.11/socketserver.py", line 456, in __init__
    self.server_bind()
  File "/usr/lib64/python3.11/socketserver.py", line 472, in server_bind
    self.socket.bind(self.server_address)
OSError: [Errno 98] Address already in use
Traceback (most recent call last):
  File "/home/admin/Ziwei/projects/x402-api/app_production.py", line 287, in <module>
    start_server()
  File "/home/admin/Ziwei/projects/x402-api/app_production.py", line 266, in start_server
    with socketserver.TCPServer(("", PORT), X402APIHandler) as httpd:
         ^^^^^^^^^^^^^^^^^^^^^^^^^^^^^^^^^^^^^^^^^^^^^^^^^^
  File "/usr/lib64/python3.11/socketserver.py", line 456, in __init__
    self.server_bind()
  File "/usr/lib64/python3.11/socketserver.py", line 472, in server_bind
    self.socket.bind(self.server_address)
OSError: [Errno 98] Address already in use
Traceback (most recent call last):
  File "/home/admin/Ziwei/projects/x402-api/app_production.py", line 287, in <module>
    start_server()
  File "/home/admin/Ziwei/projects/x402-api/app_production.py", line 266, in start_server
    with socketserver.TCPServer(("", PORT), X402APIHandler) as httpd:
         ^^^^^^^^^^^^^^^^^^^^^^^^^^^^^^^^^^^^^^^^^^^^^^^^^^
  File "/usr/lib64/python3.11/socketserver.py", line 456, in __init__
    self.server_bind()
  File "/usr/lib64/python3.11/socketserver.py", line 472, in server_bind
    self.socket.bind(self.server_address)
OSError: [Errno 98] Address already in use
Traceback (most recent call last):
  File "/home/admin/Ziwei/projects/x402-api/app_production.py", line 287, in <module>
    start_server()
  File "/home/admin/Ziwei/projects/x402-api/app_production.py", line 266, in start_server
    with socketserver.TCPServer(("", PORT), X402APIHandler) as httpd:
         ^^^^^^^^^^^^^^^^^^^^^^^^^^^^^^^^^^^^^^^^^^^^^^^^^^
  File "/usr/lib64/python3.11/socketserver.py", line 456, in __init__
    self.server_bind()
  File "/usr/lib64/python3.11/socketserver.py", line 472, in server_bind
    self.socket.bind(self.server_address)
OSError: [Errno 98] Address already in use
Traceback (most recent call last):
  File "/home/admin/Ziwei/projects/x402-api/app_production.py", line 287, in <module>
    start_server()
  File "/home/admin/Ziwei/projects/x402-api/app_production.py", line 266, in start_server
    with socketserver.TCPServer(("", PORT), X402APIHandler) as httpd:
         ^^^^^^^^^^^^^^^^^^^^^^^^^^^^^^^^^^^^^^^^^^^^^^^^^^
  File "/usr/lib64/python3.11/socketserver.py", line 456, in __init__
    self.server_bind()
  File "/usr/lib64/python3.11/socketserver.py", line 472, in server_bind
    self.socket.bind(self.server_address)
OSError: [Errno 98] Address already in use
Traceback (most recent call last):
  File "/home/admin/Ziwei/projects/x402-api/app_production.py", line 287, in <module>
    start_server()
  File "/home/admin/Ziwei/projects/x402-api/app_production.py", line 266, in start_server
    with socketserver.TCPServer(("", PORT), X402APIHandler) as httpd:
         ^^^^^^^^^^^^^^^^^^^^^^^^^^^^^^^^^^^^^^^^^^^^^^^^^^
  File "/usr/lib64/python3.11/socketserver.py", line 456, in __init__
    self.server_bind()
  File "/usr/lib64/python3.11/socketserver.py", line 472, in server_bind
    self.socket.bind(self.server_address)
OSError: [Errno 98] Address already in use
Traceback (most recent call last):
  File "/home/admin/Ziwei/projects/x402-api/app_production.py", line 287, in <module>
    start_server()
  File "/home/admin/Ziwei/projects/x402-api/app_production.py", line 266, in start_server
    with socketserver.TCPServer(("", PORT), X402APIHandler) as httpd:
         ^^^^^^^^^^^^^^^^^^^^^^^^^^^^^^^^^^^^^^^^^^^^^^^^^^
  File "/usr/lib64/python3.11/socketserver.py", line 456, in __init__
    self.server_bind()
  File "/usr/lib64/python3.11/socketserver.py", line 472, in server_bind
    self.socket.bind(self.server_address)
OSError: [Errno 98] Address already in use
Traceback (most recent call last):
  File "/home/admin/Ziwei/projects/x402-api/app_production.py", line 287, in <module>
    start_server()
  File "/home/admin/Ziwei/projects/x402-api/app_production.py", line 266, in start_server
    with socketserver.TCPServer(("", PORT), X402APIHandler) as httpd:
         ^^^^^^^^^^^^^^^^^^^^^^^^^^^^^^^^^^^^^^^^^^^^^^^^^^
  File "/usr/lib64/python3.11/socketserver.py", line 456, in __init__
    self.server_bind()
  File "/usr/lib64/python3.11/socketserver.py", line 472, in server_bind
    self.socket.bind(self.server_address)
OSError: [Errno 98] Address already in use
Traceback (most recent call last):
  File "/home/admin/Ziwei/projects/x402-api/app_production.py", line 287, in <module>
    start_server()
  File "/home/admin/Ziwei/projects/x402-api/app_production.py", line 266, in start_server
    with socketserver.TCPServer(("", PORT), X402APIHandler) as httpd:
         ^^^^^^^^^^^^^^^^^^^^^^^^^^^^^^^^^^^^^^^^^^^^^^^^^^
  File "/usr/lib64/python3.11/socketserver.py", line 456, in __init__
    self.server_bind()
  File "/usr/lib64/python3.11/socketserver.py", line 472, in server_bind
    self.socket.bind(self.server_address)
OSError: [Errno 98] Address already in use
Traceback (most recent call last):
  File "/home/admin/Ziwei/projects/x402-api/app_production.py", line 287, in <module>
    start_server()
  File "/home/admin/Ziwei/projects/x402-api/app_production.py", line 266, in start_server
    with socketserver.TCPServer(("", PORT), X402APIHandler) as httpd:
         ^^^^^^^^^^^^^^^^^^^^^^^^^^^^^^^^^^^^^^^^^^^^^^^^^^
  File "/usr/lib64/python3.11/socketserver.py", line 456, in __init__
    self.server_bind()
  File "/usr/lib64/python3.11/socketserver.py", line 472, in server_bind
    self.socket.bind(self.server_address)
OSError: [Errno 98] Address already in use
Traceback (most recent call last):
  File "/home/admin/Ziwei/projects/x402-api/app_production.py", line 287, in <module>
    start_server()
  File "/home/admin/Ziwei/projects/x402-api/app_production.py", line 266, in start_server
    with socketserver.TCPServer(("", PORT), X402APIHandler) as httpd:
         ^^^^^^^^^^^^^^^^^^^^^^^^^^^^^^^^^^^^^^^^^^^^^^^^^^
  File "/usr/lib64/python3.11/socketserver.py", line 456, in __init__
    self.server_bind()
  File "/usr/lib64/python3.11/socketserver.py", line 472, in server_bind
    self.socket.bind(self.server_address)
OSError: [Errno 98] Address already in use
Traceback (most recent call last):
  File "/home/admin/Ziwei/projects/x402-api/app_production.py", line 287, in <module>
    start_server()
  File "/home/admin/Ziwei/projects/x402-api/app_production.py", line 266, in start_server
    with socketserver.TCPServer(("", PORT), X402APIHandler) as httpd:
         ^^^^^^^^^^^^^^^^^^^^^^^^^^^^^^^^^^^^^^^^^^^^^^^^^^
  File "/usr/lib64/python3.11/socketserver.py", line 456, in __init__
    self.server_bind()
  File "/usr/lib64/python3.11/socketserver.py", line 472, in server_bind
    self.socket.bind(self.server_address)
OSError: [Errno 98] Address already in use
Traceback (most recent call last):
  File "/home/admin/Ziwei/projects/x402-api/app_production.py", line 287, in <module>
    start_server()
  File "/home/admin/Ziwei/projects/x402-api/app_production.py", line 266, in start_server
    with socketserver.TCPServer(("", PORT), X402APIHandler) as httpd:
         ^^^^^^^^^^^^^^^^^^^^^^^^^^^^^^^^^^^^^^^^^^^^^^^^^^
  File "/usr/lib64/python3.11/socketserver.py", line 456, in __init__
    self.server_bind()
  File "/usr/lib64/python3.11/socketserver.py", line 472, in server_bind
    self.socket.bind(self.server_address)
OSError: [Errno 98] Address already in use
Traceback (most recent call last):
  File "/home/admin/Ziwei/projects/x402-api/app_production.py", line 287, in <module>
    start_server()
  File "/home/admin/Ziwei/projects/x402-api/app_production.py", line 266, in start_server
    with socketserver.TCPServer(("", PORT), X402APIHandler) as httpd:
         ^^^^^^^^^^^^^^^^^^^^^^^^^^^^^^^^^^^^^^^^^^^^^^^^^^
  File "/usr/lib64/python3.11/socketserver.py", line 456, in __init__
    self.server_bind()
  File "/usr/lib64/python3.11/socketserver.py", line 472, in server_bind
    self.socket.bind(self.server_address)
OSError: [Errno 98] Address already in use
Traceback (most recent call last):
  File "/home/admin/Ziwei/projects/x402-api/app_production.py", line 287, in <module>
    start_server()
  File "/home/admin/Ziwei/projects/x402-api/app_production.py", line 266, in start_server
    with socketserver.TCPServer(("", PORT), X402APIHandler) as httpd:
         ^^^^^^^^^^^^^^^^^^^^^^^^^^^^^^^^^^^^^^^^^^^^^^^^^^
  File "/usr/lib64/python3.11/socketserver.py", line 456, in __init__
    self.server_bind()
  File "/usr/lib64/python3.11/socketserver.py", line 472, in server_bind
    self.socket.bind(self.server_address)
OSError: [Errno 98] Address already in use
Traceback (most recent call last):
  File "/home/admin/Ziwei/projects/x402-api/app_production.py", line 287, in <module>
    start_server()
  File "/home/admin/Ziwei/projects/x402-api/app_production.py", line 266, in start_server
    with socketserver.TCPServer(("", PORT), X402APIHandler) as httpd:
         ^^^^^^^^^^^^^^^^^^^^^^^^^^^^^^^^^^^^^^^^^^^^^^^^^^
  File "/usr/lib64/python3.11/socketserver.py", line 456, in __init__
    self.server_bind()
  File "/usr/lib64/python3.11/socketserver.py", line 472, in server_bind
    self.socket.bind(self.server_address)
OSError: [Errno 98] Address already in use
Traceback (most recent call last):
  File "/home/admin/Ziwei/projects/x402-api/app_production.py", line 287, in <module>
    start_server()
  File "/home/admin/Ziwei/projects/x402-api/app_production.py", line 266, in start_server
    with socketserver.TCPServer(("", PORT), X402APIHandler) as httpd:
         ^^^^^^^^^^^^^^^^^^^^^^^^^^^^^^^^^^^^^^^^^^^^^^^^^^
  File "/usr/lib64/python3.11/socketserver.py", line 456, in __init__
    self.server_bind()
  File "/usr/lib64/python3.11/socketserver.py", line 472, in server_bind
    self.socket.bind(self.server_address)
OSError: [Errno 98] Address already in use
Traceback (most recent call last):
  File "/home/admin/Ziwei/projects/x402-api/app_production.py", line 287, in <module>
    start_server()
  File "/home/admin/Ziwei/projects/x402-api/app_production.py", line 266, in start_server
    with socketserver.TCPServer(("", PORT), X402APIHandler) as httpd:
         ^^^^^^^^^^^^^^^^^^^^^^^^^^^^^^^^^^^^^^^^^^^^^^^^^^
  File "/usr/lib64/python3.11/socketserver.py", line 456, in __init__
    self.server_bind()
  File "/usr/lib64/python3.11/socketserver.py", line 472, in server_bind
    self.socket.bind(self.server_address)
OSError: [Errno 98] Address already in use
Traceback (most recent call last):
  File "/home/admin/Ziwei/projects/x402-api/app_production.py", line 287, in <module>
    start_server()
  File "/home/admin/Ziwei/projects/x402-api/app_production.py", line 266, in start_server
    with socketserver.TCPServer(("", PORT), X402APIHandler) as httpd:
         ^^^^^^^^^^^^^^^^^^^^^^^^^^^^^^^^^^^^^^^^^^^^^^^^^^
  File "/usr/lib64/python3.11/socketserver.py", line 456, in __init__
    self.server_bind()
  File "/usr/lib64/python3.11/socketserver.py", line 472, in server_bind
    self.socket.bind(self.server_address)
OSError: [Errno 98] Address already in use
Traceback (most recent call last):
  File "/home/admin/Ziwei/projects/x402-api/app_production.py", line 287, in <module>
    start_server()
  File "/home/admin/Ziwei/projects/x402-api/app_production.py", line 266, in start_server
    with socketserver.TCPServer(("", PORT), X402APIHandler) as httpd:
         ^^^^^^^^^^^^^^^^^^^^^^^^^^^^^^^^^^^^^^^^^^^^^^^^^^
  File "/usr/lib64/python3.11/socketserver.py", line 456, in __init__
    self.server_bind()
  File "/usr/lib64/python3.11/socketserver.py", line 472, in server_bind
    self.socket.bind(self.server_address)
OSError: [Errno 98] Address already in use
Traceback (most recent call last):
  File "/home/admin/Ziwei/projects/x402-api/app_production.py", line 287, in <module>
    start_server()
  File "/home/admin/Ziwei/projects/x402-api/app_production.py", line 266, in start_server
    with socketserver.TCPServer(("", PORT), X402APIHandler) as httpd:
         ^^^^^^^^^^^^^^^^^^^^^^^^^^^^^^^^^^^^^^^^^^^^^^^^^^
  File "/usr/lib64/python3.11/socketserver.py", line 456, in __init__
    self.server_bind()
  File "/usr/lib64/python3.11/socketserver.py", line 472, in server_bind
    self.socket.bind(self.server_address)
OSError: [Errno 98] Address already in use
Traceback (most recent call last):
  File "/home/admin/Ziwei/projects/x402-api/app_production.py", line 287, in <module>
    start_server()
  File "/home/admin/Ziwei/projects/x402-api/app_production.py", line 266, in start_server
    with socketserver.TCPServer(("", PORT), X402APIHandler) as httpd:
         ^^^^^^^^^^^^^^^^^^^^^^^^^^^^^^^^^^^^^^^^^^^^^^^^^^
  File "/usr/lib64/python3.11/socketserver.py", line 456, in __init__
    self.server_bind()
  File "/usr/lib64/python3.11/socketserver.py", line 472, in server_bind
    self.socket.bind(self.server_address)
OSError: [Errno 98] Address already in use
Traceback (most recent call last):
  File "/home/admin/Ziwei/projects/x402-api/app_production.py", line 287, in <module>
    start_server()
  File "/home/admin/Ziwei/projects/x402-api/app_production.py", line 266, in start_server
    with socketserver.TCPServer(("", PORT), X402APIHandler) as httpd:
         ^^^^^^^^^^^^^^^^^^^^^^^^^^^^^^^^^^^^^^^^^^^^^^^^^^
  File "/usr/lib64/python3.11/socketserver.py", line 456, in __init__
    self.server_bind()
  File "/usr/lib64/python3.11/socketserver.py", line 472, in server_bind
    self.socket.bind(self.server_address)
OSError: [Errno 98] Address already in use
Traceback (most recent call last):
  File "/home/admin/Ziwei/projects/x402-api/app_production.py", line 287, in <module>
    start_server()
  File "/home/admin/Ziwei/projects/x402-api/app_production.py", line 266, in start_server
    with socketserver.TCPServer(("", PORT), X402APIHandler) as httpd:
         ^^^^^^^^^^^^^^^^^^^^^^^^^^^^^^^^^^^^^^^^^^^^^^^^^^
  File "/usr/lib64/python3.11/socketserver.py", line 456, in __init__
    self.server_bind()
  File "/usr/lib64/python3.11/socketserver.py", line 472, in server_bind
    self.socket.bind(self.server_address)
OSError: [Errno 98] Address already in use
Traceback (most recent call last):
  File "/home/admin/Ziwei/projects/x402-api/app_production.py", line 287, in <module>
    start_server()
  File "/home/admin/Ziwei/projects/x402-api/app_production.py", line 266, in start_server
    with socketserver.TCPServer(("", PORT), X402APIHandler) as httpd:
         ^^^^^^^^^^^^^^^^^^^^^^^^^^^^^^^^^^^^^^^^^^^^^^^^^^
  File "/usr/lib64/python3.11/socketserver.py", line 456, in __init__
    self.server_bind()
  File "/usr/lib64/python3.11/socketserver.py", line 472, in server_bind
    self.socket.bind(self.server_address)
OSError: [Errno 98] Address already in use
Traceback (most recent call last):
  File "/home/admin/Ziwei/projects/x402-api/app_production.py", line 287, in <module>
    start_server()
  File "/home/admin/Ziwei/projects/x402-api/app_production.py", line 266, in start_server
    with socketserver.TCPServer(("", PORT), X402APIHandler) as httpd:
         ^^^^^^^^^^^^^^^^^^^^^^^^^^^^^^^^^^^^^^^^^^^^^^^^^^
  File "/usr/lib64/python3.11/socketserver.py", line 456, in __init__
    self.server_bind()
  File "/usr/lib64/python3.11/socketserver.py", line 472, in server_bind
    self.socket.bind(self.server_address)
OSError: [Errno 98] Address already in use
Traceback (most recent call last):
  File "/home/admin/Ziwei/projects/x402-api/app_production.py", line 287, in <module>
    start_server()
  File "/home/admin/Ziwei/projects/x402-api/app_production.py", line 266, in start_server
    with socketserver.TCPServer(("", PORT), X402APIHandler) as httpd:
         ^^^^^^^^^^^^^^^^^^^^^^^^^^^^^^^^^^^^^^^^^^^^^^^^^^
  File "/usr/lib64/python3.11/socketserver.py", line 456, in __init__
    self.server_bind()
  File "/usr/lib64/python3.11/socketserver.py", line 472, in server_bind
    self.socket.bind(self.server_address)
OSError: [Errno 98] Address already in use
Traceback (most recent call last):
  File "/home/admin/Ziwei/projects/x402-api/app_production.py", line 287, in <module>
    start_server()
  File "/home/admin/Ziwei/projects/x402-api/app_production.py", line 266, in start_server
    with socketserver.TCPServer(("", PORT), X402APIHandler) as httpd:
         ^^^^^^^^^^^^^^^^^^^^^^^^^^^^^^^^^^^^^^^^^^^^^^^^^^
  File "/usr/lib64/python3.11/socketserver.py", line 456, in __init__
    self.server_bind()
  File "/usr/lib64/python3.11/socketserver.py", line 472, in server_bind
    self.socket.bind(self.server_address)
OSError: [Errno 98] Address already in use
Traceback (most recent call last):
  File "/home/admin/Ziwei/projects/x402-api/app_production.py", line 287, in <module>
    start_server()
  File "/home/admin/Ziwei/projects/x402-api/app_production.py", line 266, in start_server
    with socketserver.TCPServer(("", PORT), X402APIHandler) as httpd:
         ^^^^^^^^^^^^^^^^^^^^^^^^^^^^^^^^^^^^^^^^^^^^^^^^^^
  File "/usr/lib64/python3.11/socketserver.py", line 456, in __init__
    self.server_bind()
  File "/usr/lib64/python3.11/socketserver.py", line 472, in server_bind
    self.socket.bind(self.server_address)
OSError: [Errno 98] Address already in use
Traceback (most recent call last):
  File "/home/admin/Ziwei/projects/x402-api/app_production.py", line 287, in <module>
    start_server()
  File "/home/admin/Ziwei/projects/x402-api/app_production.py", line 266, in start_server
    with socketserver.TCPServer(("", PORT), X402APIHandler) as httpd:
         ^^^^^^^^^^^^^^^^^^^^^^^^^^^^^^^^^^^^^^^^^^^^^^^^^^
  File "/usr/lib64/python3.11/socketserver.py", line 456, in __init__
    self.server_bind()
  File "/usr/lib64/python3.11/socketserver.py", line 472, in server_bind
    self.socket.bind(self.server_address)
OSError: [Errno 98] Address already in use
Traceback (most recent call last):
  File "/home/admin/Ziwei/projects/x402-api/app_production.py", line 287, in <module>
    start_server()
  File "/home/admin/Ziwei/projects/x402-api/app_production.py", line 266, in start_server
    with socketserver.TCPServer(("", PORT), X402APIHandler) as httpd:
         ^^^^^^^^^^^^^^^^^^^^^^^^^^^^^^^^^^^^^^^^^^^^^^^^^^
  File "/usr/lib64/python3.11/socketserver.py", line 456, in __init__
    self.server_bind()
  File "/usr/lib64/python3.11/socketserver.py", line 472, in server_bind
    self.socket.bind(self.server_address)
OSError: [Errno 98] Address already in use
Traceback (most recent call last):
  File "/home/admin/Ziwei/projects/x402-api/app_production.py", line 287, in <module>
    start_server()
  File "/home/admin/Ziwei/projects/x402-api/app_production.py", line 266, in start_server
    with socketserver.TCPServer(("", PORT), X402APIHandler) as httpd:
         ^^^^^^^^^^^^^^^^^^^^^^^^^^^^^^^^^^^^^^^^^^^^^^^^^^
  File "/usr/lib64/python3.11/socketserver.py", line 456, in __init__
    self.server_bind()
  File "/usr/lib64/python3.11/socketserver.py", line 472, in server_bind
    self.socket.bind(self.server_address)
OSError: [Errno 98] Address already in use
Traceback (most recent call last):
  File "/home/admin/Ziwei/projects/x402-api/app_production.py", line 287, in <module>
    start_server()
  File "/home/admin/Ziwei/projects/x402-api/app_production.py", line 266, in start_server
    with socketserver.TCPServer(("", PORT), X402APIHandler) as httpd:
         ^^^^^^^^^^^^^^^^^^^^^^^^^^^^^^^^^^^^^^^^^^^^^^^^^^
  File "/usr/lib64/python3.11/socketserver.py", line 456, in __init__
    self.server_bind()
  File "/usr/lib64/python3.11/socketserver.py", line 472, in server_bind
    self.socket.bind(self.server_address)
OSError: [Errno 98] Address already in use
Traceback (most recent call last):
  File "/home/admin/Ziwei/projects/x402-api/app_production.py", line 287, in <module>
    start_server()
  File "/home/admin/Ziwei/projects/x402-api/app_production.py", line 266, in start_server
    with socketserver.TCPServer(("", PORT), X402APIHandler) as httpd:
         ^^^^^^^^^^^^^^^^^^^^^^^^^^^^^^^^^^^^^^^^^^^^^^^^^^
  File "/usr/lib64/python3.11/socketserver.py", line 456, in __init__
    self.server_bind()
  File "/usr/lib64/python3.11/socketserver.py", line 472, in server_bind
    self.socket.bind(self.server_address)
OSError: [Errno 98] Address already in use
Traceback (most recent call last):
  File "/home/admin/Ziwei/projects/x402-api/app_production.py", line 287, in <module>
    start_server()
  File "/home/admin/Ziwei/projects/x402-api/app_production.py", line 266, in start_server
    with socketserver.TCPServer(("", PORT), X402APIHandler) as httpd:
         ^^^^^^^^^^^^^^^^^^^^^^^^^^^^^^^^^^^^^^^^^^^^^^^^^^
  File "/usr/lib64/python3.11/socketserver.py", line 456, in __init__
    self.server_bind()
  File "/usr/lib64/python3.11/socketserver.py", line 472, in server_bind
    self.socket.bind(self.server_address)
OSError: [Errno 98] Address already in use
Traceback (most recent call last):
  File "/home/admin/Ziwei/projects/x402-api/app_production.py", line 287, in <module>
    start_server()
  File "/home/admin/Ziwei/projects/x402-api/app_production.py", line 266, in start_server
    with socketserver.TCPServer(("", PORT), X402APIHandler) as httpd:
         ^^^^^^^^^^^^^^^^^^^^^^^^^^^^^^^^^^^^^^^^^^^^^^^^^^
  File "/usr/lib64/python3.11/socketserver.py", line 456, in __init__
    self.server_bind()
  File "/usr/lib64/python3.11/socketserver.py", line 472, in server_bind
    self.socket.bind(self.server_address)
OSError: [Errno 98] Address already in use
Traceback (most recent call last):
  File "/home/admin/Ziwei/projects/x402-api/app_production.py", line 287, in <module>
    start_server()
  File "/home/admin/Ziwei/projects/x402-api/app_production.py", line 266, in start_server
    with socketserver.TCPServer(("", PORT), X402APIHandler) as httpd:
         ^^^^^^^^^^^^^^^^^^^^^^^^^^^^^^^^^^^^^^^^^^^^^^^^^^
  File "/usr/lib64/python3.11/socketserver.py", line 456, in __init__
    self.server_bind()
  File "/usr/lib64/python3.11/socketserver.py", line 472, in server_bind
    self.socket.bind(self.server_address)
OSError: [Errno 98] Address already in use
Traceback (most recent call last):
  File "/home/admin/Ziwei/projects/x402-api/app_production.py", line 287, in <module>
    start_server()
  File "/home/admin/Ziwei/projects/x402-api/app_production.py", line 266, in start_server
    with socketserver.TCPServer(("", PORT), X402APIHandler) as httpd:
         ^^^^^^^^^^^^^^^^^^^^^^^^^^^^^^^^^^^^^^^^^^^^^^^^^^
  File "/usr/lib64/python3.11/socketserver.py", line 456, in __init__
    self.server_bind()
  File "/usr/lib64/python3.11/socketserver.py", line 472, in server_bind
    self.socket.bind(self.server_address)
OSError: [Errno 98] Address already in use
Traceback (most recent call last):
  File "/home/admin/Ziwei/projects/x402-api/app_production.py", line 287, in <module>
    start_server()
  File "/home/admin/Ziwei/projects/x402-api/app_production.py", line 266, in start_server
    with socketserver.TCPServer(("", PORT), X402APIHandler) as httpd:
         ^^^^^^^^^^^^^^^^^^^^^^^^^^^^^^^^^^^^^^^^^^^^^^^^^^
  File "/usr/lib64/python3.11/socketserver.py", line 456, in __init__
    self.server_bind()
  File "/usr/lib64/python3.11/socketserver.py", line 472, in server_bind
    self.socket.bind(self.server_address)
OSError: [Errno 98] Address already in use
Traceback (most recent call last):
  File "/home/admin/Ziwei/projects/x402-api/app_production.py", line 287, in <module>
    start_server()
  File "/home/admin/Ziwei/projects/x402-api/app_production.py", line 266, in start_server
    with socketserver.TCPServer(("", PORT), X402APIHandler) as httpd:
         ^^^^^^^^^^^^^^^^^^^^^^^^^^^^^^^^^^^^^^^^^^^^^^^^^^
  File "/usr/lib64/python3.11/socketserver.py", line 456, in __init__
    self.server_bind()
  File "/usr/lib64/python3.11/socketserver.py", line 472, in server_bind
    self.socket.bind(self.server_address)
OSError: [Errno 98] Address already in use
Traceback (most recent call last):
  File "/home/admin/Ziwei/projects/x402-api/app_production.py", line 287, in <module>
    start_server()
  File "/home/admin/Ziwei/projects/x402-api/app_production.py", line 266, in start_server
    with socketserver.TCPServer(("", PORT), X402APIHandler) as httpd:
         ^^^^^^^^^^^^^^^^^^^^^^^^^^^^^^^^^^^^^^^^^^^^^^^^^^
  File "/usr/lib64/python3.11/socketserver.py", line 456, in __init__
    self.server_bind()
  File "/usr/lib64/python3.11/socketserver.py", line 472, in server_bind
    self.socket.bind(self.server_address)
OSError: [Errno 98] Address already in use
Traceback (most recent call last):
  File "/home/admin/Ziwei/projects/x402-api/app_production.py", line 287, in <module>
    start_server()
  File "/home/admin/Ziwei/projects/x402-api/app_production.py", line 266, in start_server
    with socketserver.TCPServer(("", PORT), X402APIHandler) as httpd:
         ^^^^^^^^^^^^^^^^^^^^^^^^^^^^^^^^^^^^^^^^^^^^^^^^^^
  File "/usr/lib64/python3.11/socketserver.py", line 456, in __init__
    self.server_bind()
  File "/usr/lib64/python3.11/socketserver.py", line 472, in server_bind
    self.socket.bind(self.server_address)
OSError: [Errno 98] Address already in use
Traceback (most recent call last):
  File "/home/admin/Ziwei/projects/x402-api/app_production.py", line 287, in <module>
    start_server()
  File "/home/admin/Ziwei/projects/x402-api/app_production.py", line 266, in start_server
    with socketserver.TCPServer(("", PORT), X402APIHandler) as httpd:
         ^^^^^^^^^^^^^^^^^^^^^^^^^^^^^^^^^^^^^^^^^^^^^^^^^^
  File "/usr/lib64/python3.11/socketserver.py", line 456, in __init__
    self.server_bind()
  File "/usr/lib64/python3.11/socketserver.py", line 472, in server_bind
    self.socket.bind(self.server_address)
OSError: [Errno 98] Address already in use
Traceback (most recent call last):
  File "/home/admin/Ziwei/projects/x402-api/app_production.py", line 287, in <module>
    start_server()
  File "/home/admin/Ziwei/projects/x402-api/app_production.py", line 266, in start_server
    with socketserver.TCPServer(("", PORT), X402APIHandler) as httpd:
         ^^^^^^^^^^^^^^^^^^^^^^^^^^^^^^^^^^^^^^^^^^^^^^^^^^
  File "/usr/lib64/python3.11/socketserver.py", line 456, in __init__
    self.server_bind()
  File "/usr/lib64/python3.11/socketserver.py", line 472, in server_bind
    self.socket.bind(self.server_address)
OSError: [Errno 98] Address already in use
Traceback (most recent call last):
  File "/home/admin/Ziwei/projects/x402-api/app_production.py", line 288, in <module>
    start_server()
  File "/home/admin/Ziwei/projects/x402-api/app_production.py", line 267, in start_server
    with socketserver.TCPServer(("", PORT), X402APIHandler) as httpd:
         ^^^^^^^^^^^^^^^^^^^^^^^^^^^^^^^^^^^^^^^^^^^^^^^^^^
  File "/usr/lib64/python3.11/socketserver.py", line 456, in __init__
    self.server_bind()
  File "/usr/lib64/python3.11/socketserver.py", line 472, in server_bind
    self.socket.bind(self.server_address)
OSError: [Errno 98] Address already in use
Traceback (most recent call last):
  File "/home/admin/Ziwei/projects/x402-api/app_production.py", line 288, in <module>
    start_server()
  File "/home/admin/Ziwei/projects/x402-api/app_production.py", line 267, in start_server
    with socketserver.TCPServer(("", PORT), X402APIHandler) as httpd:
         ^^^^^^^^^^^^^^^^^^^^^^^^^^^^^^^^^^^^^^^^^^^^^^^^^^
  File "/usr/lib64/python3.11/socketserver.py", line 456, in __init__
    self.server_bind()
  File "/usr/lib64/python3.11/socketserver.py", line 472, in server_bind
    self.socket.bind(self.server_address)
OSError: [Errno 98] Address already in use
Traceback (most recent call last):
  File "/home/admin/Ziwei/projects/x402-api/app_production.py", line 288, in <module>
    start_server()
  File "/home/admin/Ziwei/projects/x402-api/app_production.py", line 267, in start_server
    with socketserver.TCPServer(("", PORT), X402APIHandler) as httpd:
         ^^^^^^^^^^^^^^^^^^^^^^^^^^^^^^^^^^^^^^^^^^^^^^^^^^
  File "/usr/lib64/python3.11/socketserver.py", line 456, in __init__
    self.server_bind()
  File "/usr/lib64/python3.11/socketserver.py", line 472, in server_bind
    self.socket.bind(self.server_address)
OSError: [Errno 98] Address already in use
Traceback (most recent call last):
  File "/home/admin/Ziwei/projects/x402-api/app_production.py", line 288, in <module>
    start_server()
  File "/home/admin/Ziwei/projects/x402-api/app_production.py", line 267, in start_server
    with socketserver.TCPServer(("", PORT), X402APIHandler) as httpd:
         ^^^^^^^^^^^^^^^^^^^^^^^^^^^^^^^^^^^^^^^^^^^^^^^^^^
  File "/usr/lib64/python3.11/socketserver.py", line 456, in __init__
    self.server_bind()
  File "/usr/lib64/python3.11/socketserver.py", line 472, in server_bind
    self.socket.bind(self.server_address)
OSError: [Errno 98] Address already in use
Traceback (most recent call last):
  File "/home/admin/Ziwei/projects/x402-api/app_production.py", line 288, in <module>
    start_server()
  File "/home/admin/Ziwei/projects/x402-api/app_production.py", line 267, in start_server
    with socketserver.TCPServer(("", PORT), X402APIHandler) as httpd:
         ^^^^^^^^^^^^^^^^^^^^^^^^^^^^^^^^^^^^^^^^^^^^^^^^^^
  File "/usr/lib64/python3.11/socketserver.py", line 456, in __init__
    self.server_bind()
  File "/usr/lib64/python3.11/socketserver.py", line 472, in server_bind
    self.socket.bind(self.server_address)
OSError: [Errno 98] Address already in use
Traceback (most recent call last):
  File "/home/admin/Ziwei/projects/x402-api/app_production.py", line 288, in <module>
    start_server()
  File "/home/admin/Ziwei/projects/x402-api/app_production.py", line 267, in start_server
    with socketserver.TCPServer(("", PORT), X402APIHandler) as httpd:
         ^^^^^^^^^^^^^^^^^^^^^^^^^^^^^^^^^^^^^^^^^^^^^^^^^^
  File "/usr/lib64/python3.11/socketserver.py", line 456, in __init__
    self.server_bind()
  File "/usr/lib64/python3.11/socketserver.py", line 472, in server_bind
    self.socket.bind(self.server_address)
OSError: [Errno 98] Address already in use
Traceback (most recent call last):
  File "/home/admin/Ziwei/projects/x402-api/app_production.py", line 288, in <module>
    start_server()
  File "/home/admin/Ziwei/projects/x402-api/app_production.py", line 267, in start_server
    with socketserver.TCPServer(("", PORT), X402APIHandler) as httpd:
         ^^^^^^^^^^^^^^^^^^^^^^^^^^^^^^^^^^^^^^^^^^^^^^^^^^
  File "/usr/lib64/python3.11/socketserver.py", line 456, in __init__
    self.server_bind()
  File "/usr/lib64/python3.11/socketserver.py", line 472, in server_bind
    self.socket.bind(self.server_address)
OSError: [Errno 98] Address already in use
Traceback (most recent call last):
  File "/home/admin/Ziwei/projects/x402-api/app_production.py", line 288, in <module>
    start_server()
  File "/home/admin/Ziwei/projects/x402-api/app_production.py", line 267, in start_server
    with socketserver.TCPServer(("", PORT), X402APIHandler) as httpd:
         ^^^^^^^^^^^^^^^^^^^^^^^^^^^^^^^^^^^^^^^^^^^^^^^^^^
  File "/usr/lib64/python3.11/socketserver.py", line 456, in __init__
    self.server_bind()
  File "/usr/lib64/python3.11/socketserver.py", line 472, in server_bind
    self.socket.bind(self.server_address)
OSError: [Errno 98] Address already in use
----------------------------------------
Exception occurred during processing of request from ('8.213.149.224', 40374)
Traceback (most recent call last):
  File "/usr/lib64/python3.11/socketserver.py", line 317, in _handle_request_noblock
    self.process_request(request, client_address)
  File "/usr/lib64/python3.11/socketserver.py", line 348, in process_request
    self.finish_request(request, client_address)
  File "/usr/lib64/python3.11/socketserver.py", line 361, in finish_request
    self.RequestHandlerClass(request, client_address, self)
  File "/usr/lib64/python3.11/socketserver.py", line 755, in __init__
    self.handle()
  File "/usr/lib64/python3.11/http/server.py", line 436, in handle
    self.handle_one_request()
  File "/usr/lib64/python3.11/http/server.py", line 424, in handle_one_request
    method()
  File "/home/admin/Ziwei/projects/x402-api/security.py", line 440, in wrapped_do_GET
    return original_do_GET(self)
           ^^^^^^^^^^^^^^^^^^^^^
  File "/home/admin/Ziwei/projects/x402-api/app_production.py", line 180, in do_GET
    security_stats = security_manager.get_stats()
                     ^^^^^^^^^^^^^^^^^^^^^^^^^^^^
  File "/home/admin/Ziwei/projects/x402-api/security.py", line 341, in get_stats
    "attacks_last_hour": len([log for log in self.attack_log if log["timestamp"] > (now - 3600)]),
                             ^^^^^^^^^^^^^^^^^^^^^^^^^^^^^^^^^^^^^^^^^^^^^^^^^^^^^^^^^^^^^^^^^^^
  File "/home/admin/Ziwei/projects/x402-api/security.py", line 341, in <listcomp>
    "attacks_last_hour": len([log for log in self.attack_log if log["timestamp"] > (now - 3600)]),
                                                                ^^^^^^^^^^^^^^^^^^^^^^^^^^^^^^^
TypeError: '>' not supported between instances of 'str' and 'float'
----------------------------------------
----------------------------------------
Exception occurred during processing of request from ('8.213.149.224', 40380)
Traceback (most recent call last):
  File "/usr/lib64/python3.11/socketserver.py", line 317, in _handle_request_noblock
    self.process_request(request, client_address)
  File "/usr/lib64/python3.11/socketserver.py", line 348, in process_request
    self.finish_request(request, client_address)
  File "/usr/lib64/python3.11/socketserver.py", line 361, in finish_request
    self.RequestHandlerClass(request, client_address, self)
  File "/usr/lib64/python3.11/socketserver.py", line 755, in __init__
    self.handle()
  File "/usr/lib64/python3.11/http/server.py", line 436, in handle
    self.handle_one_request()
  File "/usr/lib64/python3.11/http/server.py", line 424, in handle_one_request
    method()
  File "/home/admin/Ziwei/projects/x402-api/security.py", line 440, in wrapped_do_GET
    return original_do_GET(self)
           ^^^^^^^^^^^^^^^^^^^^^
  File "/home/admin/Ziwei/projects/x402-api/app_production.py", line 180, in do_GET
    security_stats = security_manager.get_stats()
                     ^^^^^^^^^^^^^^^^^^^^^^^^^^^^
  File "/home/admin/Ziwei/projects/x402-api/security.py", line 341, in get_stats
    "attacks_last_hour": len([log for log in self.attack_log if log["timestamp"] > (now - 3600)]),
                             ^^^^^^^^^^^^^^^^^^^^^^^^^^^^^^^^^^^^^^^^^^^^^^^^^^^^^^^^^^^^^^^^^^^
  File "/home/admin/Ziwei/projects/x402-api/security.py", line 341, in <listcomp>
    "attacks_last_hour": len([log for log in self.attack_log if log["timestamp"] > (now - 3600)]),
                                                                ^^^^^^^^^^^^^^^^^^^^^^^^^^^^^^^
TypeError: '>' not supported between instances of 'str' and 'float'
----------------------------------------
----------------------------------------
Exception occurred during processing of request from ('8.213.149.224', 40382)
Traceback (most recent call last):
  File "/usr/lib64/python3.11/socketserver.py", line 317, in _handle_request_noblock
    self.process_request(request, client_address)
  File "/usr/lib64/python3.11/socketserver.py", line 348, in process_request
    self.finish_request(request, client_address)
  File "/usr/lib64/python3.11/socketserver.py", line 361, in finish_request
    self.RequestHandlerClass(request, client_address, self)
  File "/usr/lib64/python3.11/socketserver.py", line 755, in __init__
    self.handle()
  File "/usr/lib64/python3.11/http/server.py", line 436, in handle
    self.handle_one_request()
  File "/usr/lib64/python3.11/http/server.py", line 424, in handle_one_request
    method()
  File "/home/admin/Ziwei/projects/x402-api/security.py", line 440, in wrapped_do_GET
    return original_do_GET(self)
           ^^^^^^^^^^^^^^^^^^^^^
  File "/home/admin/Ziwei/projects/x402-api/app_production.py", line 180, in do_GET
    security_stats = security_manager.get_stats()
                     ^^^^^^^^^^^^^^^^^^^^^^^^^^^^
  File "/home/admin/Ziwei/projects/x402-api/security.py", line 341, in get_stats
    "attacks_last_hour": len([log for log in self.attack_log if log["timestamp"] > (now - 3600)]),
                             ^^^^^^^^^^^^^^^^^^^^^^^^^^^^^^^^^^^^^^^^^^^^^^^^^^^^^^^^^^^^^^^^^^^
  File "/home/admin/Ziwei/projects/x402-api/security.py", line 341, in <listcomp>
    "attacks_last_hour": len([log for log in self.attack_log if log["timestamp"] > (now - 3600)]),
                                                                ^^^^^^^^^^^^^^^^^^^^^^^^^^^^^^^
TypeError: '>' not supported between instances of 'str' and 'float'
----------------------------------------
