----------------------------------------
Exception occurred during processing of request from ('127.0.0.1', 48358)
Traceback (most recent call last):
  File "/usr/lib64/python3.11/socketserver.py", line 317, in _handle_request_noblock
    self.process_request(request, client_address)
  File "/usr/lib64/python3.11/socketserver.py", line 348, in process_request
    self.finish_request(request, client_address)
  File "/usr/lib64/python3.11/socketserver.py", line 361, in finish_request
    self.RequestHandlerClass(request, client_address, self)
  File "/usr/lib64/python3.11/socketserver.py", line 755, in __init__
    self.handle()
  File "/usr/lib64/python3.11/http/server.py", line 436, in handle
    self.handle_one_request()
  File "/usr/lib64/python3.11/http/server.py", line 424, in handle_one_request
    method()
  File "/home/admin/Ziwei/projects/x402-api/app_production.py", line 166, in do_GET
    self.send_json_response({
  File "/home/admin/Ziwei/projects/x402-api/app_production.py", line 157, in send_json_response
    self.wfile.write(json.dumps(data, ensure_ascii=False).encode('utf-8'))
  File "/usr/lib64/python3.11/socketserver.py", line 834, in write
    self._sock.sendall(b)
BrokenPipeError: [Errno 32] Broken pipe
----------------------------------------
