[2026-03-07 09:49:32] ╔═══════════════════════════════════════════════════════════╗
[2026-03-07 09:49:32] ║       x402 API 自动监控启动                                ║
[2026-03-07 09:49:32] ╚═══════════════════════════════════════════════════════════╝
[2026-03-07 09:49:32] ✅ 已清空错误日志
[2026-03-07 09:49:32] ✅ 磁盘使用率正常：65%
[2026-03-07 09:49:32] ✅ 内存使用率正常：60%
[2026-03-07 09:49:32] 
[2026-03-07 09:49:32] 【检查服务状态】
[2026-03-07 09:49:32] ✅ x402 API (端口5002) 运行中 (PID: 119562)
[2026-03-07 09:49:32] ✅ API Key Server (端口8090) 运行中 (PID: 123005)
[2026-03-07 09:49:32] ❌ User Dashboard (端口8091) 未运行，正在重启...
[2026-03-07 09:49:36] ✅ User Dashboard 重启成功
[2026-03-07 09:49:36] ✅ Main Dashboard (端口8081) 运行中 (PID: 734)
[2026-03-07 09:49:36] 
[2026-03-07 09:49:36] 【检查 Nginx】
[2026-03-07 09:49:36] ✅ Nginx 运行中
[2026-03-07 09:49:36] 
[2026-03-07 09:49:36] 【监控完成】
[2026-03-07 09:50:01] ╔═══════════════════════════════════════════════════════════╗
[2026-03-07 09:50:01] ║       x402 API 自动监控启动                                ║
[2026-03-07 09:50:01] ╚═══════════════════════════════════════════════════════════╝
[2026-03-07 09:50:02] ✅ 磁盘使用率正常：65%
[2026-03-07 09:50:02] ✅ 内存使用率正常：57%
[2026-03-07 09:50:02] 
[2026-03-07 09:50:02] 【检查服务状态】
[2026-03-07 09:50:02] ✅ x402 API (端口5002) 运行中 (PID: 119562)
[2026-03-07 09:50:02] ✅ API Key Server (端口8090) 运行中 (PID: 123005)
[2026-03-07 09:50:02] ✅ User Dashboard (端口8091) 运行中 (PID: 125302)
[2026-03-07 09:50:02] ✅ Main Dashboard (端口8081) 运行中 (PID: 734)
[2026-03-07 09:50:02] 
[2026-03-07 09:50:02] 【检查 Nginx】
[2026-03-07 09:50:02] ✅ Nginx 运行中
[2026-03-07 09:50:02] 
[2026-03-07 09:50:02] 【监控完成】
[2026-03-07 09:51:01] ╔═══════════════════════════════════════════════════════════╗
[2026-03-07 09:51:01] ║       x402 API 自动监控启动                                ║
[2026-03-07 09:51:01] ╚═══════════════════════════════════════════════════════════╝
[2026-03-07 09:51:01] ✅ 磁盘使用率正常：65%
[2026-03-07 09:51:01] ✅ 内存使用率正常：69%
[2026-03-07 09:51:01] 
[2026-03-07 09:51:01] 【检查服务状态】
[2026-03-07 09:51:01] ✅ x402 API (端口5002) 运行中 (PID: 119562)
[2026-03-07 09:51:01] ✅ API Key Server (端口8090) 运行中 (PID: 123005)
[2026-03-07 09:51:01] ✅ User Dashboard (端口8091) 运行中 (PID: 125302)
[2026-03-07 09:51:01] ✅ Main Dashboard (端口8081) 运行中 (PID: 734)
[2026-03-07 09:51:01] 
[2026-03-07 09:51:01] 【检查 Nginx】
[2026-03-07 09:51:01] ✅ Nginx 运行中
[2026-03-07 09:51:01] 
[2026-03-07 09:51:01] 【监控完成】
[2026-03-07 09:52:01] ╔═══════════════════════════════════════════════════════════╗
[2026-03-07 09:52:01] ║       x402 API 自动监控启动                                ║
[2026-03-07 09:52:01] ╚═══════════════════════════════════════════════════════════╝
[2026-03-07 09:52:01] ✅ 磁盘使用率正常：65%
[2026-03-07 09:52:01] ✅ 内存使用率正常：64%
[2026-03-07 09:52:01] 
[2026-03-07 09:52:01] 【检查服务状态】
[2026-03-07 09:52:01] ✅ x402 API (端口5002) 运行中 (PID: 119562)
[2026-03-07 09:52:01] ✅ API Key Server (端口8090) 运行中 (PID: 123005)
[2026-03-07 09:52:01] ✅ User Dashboard (端口8091) 运行中 (PID: 125302)
[2026-03-07 09:52:01] ✅ Main Dashboard (端口8081) 运行中 (PID: 734)
[2026-03-07 09:52:01] 
[2026-03-07 09:52:01] 【检查 Nginx】
[2026-03-07 09:52:01] ✅ Nginx 运行中
[2026-03-07 09:52:01] 
[2026-03-07 09:52:01] 【监控完成】
[2026-03-07 09:53:01] ╔═══════════════════════════════════════════════════════════╗
[2026-03-07 09:53:01] ║       x402 API 自动监控启动                                ║
[2026-03-07 09:53:01] ╚═══════════════════════════════════════════════════════════╝
[2026-03-07 09:53:01] ✅ 磁盘使用率正常：65%
[2026-03-07 09:53:01] ✅ 内存使用率正常：61%
[2026-03-07 09:53:01] 
[2026-03-07 09:53:01] 【检查服务状态】
[2026-03-07 09:53:01] ✅ x402 API (端口5002) 运行中 (PID: 119562)
[2026-03-07 09:53:01] ✅ API Key Server (端口8090) 运行中 (PID: 123005)
[2026-03-07 09:53:01] ✅ User Dashboard (端口8091) 运行中 (PID: 125302)
[2026-03-07 09:53:01] ✅ Main Dashboard (端口8081) 运行中 (PID: 734)
[2026-03-07 09:53:01] 
[2026-03-07 09:53:01] 【检查 Nginx】
[2026-03-07 09:53:01] ✅ Nginx 运行中
[2026-03-07 09:53:01] 
[2026-03-07 09:53:01] 【监控完成】
[2026-03-07 09:54:01] ╔═══════════════════════════════════════════════════════════╗
[2026-03-07 09:54:01] ║       x402 API 自动监控启动                                ║
[2026-03-07 09:54:01] ╚═══════════════════════════════════════════════════════════╝
[2026-03-07 09:54:01] ✅ 磁盘使用率正常：65%
[2026-03-07 09:54:01] ✅ 内存使用率正常：57%
[2026-03-07 09:54:01] 
[2026-03-07 09:54:01] 【检查服务状态】
[2026-03-07 09:54:02] ✅ x402 API (端口5002) 运行中 (PID: 119562)
[2026-03-07 09:54:02] ✅ API Key Server (端口8090) 运行中 (PID: 123005)
[2026-03-07 09:54:02] ✅ User Dashboard (端口8091) 运行中 (PID: 125302)
[2026-03-07 09:54:02] ✅ Main Dashboard (端口8081) 运行中 (PID: 734)
[2026-03-07 09:54:02] 
[2026-03-07 09:54:02] 【检查 Nginx】
[2026-03-07 09:54:02] ✅ Nginx 运行中
[2026-03-07 09:54:02] 
[2026-03-07 09:54:02] 【监控完成】
[2026-03-07 09:55:01] ╔═══════════════════════════════════════════════════════════╗
[2026-03-07 09:55:01] ║       x402 API 自动监控启动                                ║
[2026-03-07 09:55:01] ╚═══════════════════════════════════════════════════════════╝
[2026-03-07 09:55:01] ✅ 磁盘使用率正常：65%
[2026-03-07 09:55:01] ✅ 内存使用率正常：56%
[2026-03-07 09:55:01] 
[2026-03-07 09:55:01] 【检查服务状态】
[2026-03-07 09:55:01] ✅ x402 API (端口5002) 运行中 (PID: 119562)
[2026-03-07 09:55:01] ✅ API Key Server (端口8090) 运行中 (PID: 123005)
[2026-03-07 09:55:01] ✅ User Dashboard (端口8091) 运行中 (PID: 125302)
[2026-03-07 09:55:01] ✅ Main Dashboard (端口8081) 运行中 (PID: 734)
[2026-03-07 09:55:01] 
[2026-03-07 09:55:01] 【检查 Nginx】
[2026-03-07 09:55:01] ✅ Nginx 运行中
[2026-03-07 09:55:01] 
[2026-03-07 09:55:01] 【监控完成】
[2026-03-07 09:56:01] ╔═══════════════════════════════════════════════════════════╗
[2026-03-07 09:56:01] ║       x402 API 自动监控启动                                ║
[2026-03-07 09:56:01] ╚═══════════════════════════════════════════════════════════╝
[2026-03-07 09:56:01] ✅ 磁盘使用率正常：65%
[2026-03-07 09:56:01] ✅ 内存使用率正常：57%
[2026-03-07 09:56:01] 
[2026-03-07 09:56:01] 【检查服务状态】
[2026-03-07 09:56:01] ✅ x402 API (端口5002) 运行中 (PID: 119562)
[2026-03-07 09:56:01] ✅ API Key Server (端口8090) 运行中 (PID: 123005)
[2026-03-07 09:56:01] ✅ User Dashboard (端口8091) 运行中 (PID: 125302)
[2026-03-07 09:56:01] ✅ Main Dashboard (端口8081) 运行中 (PID: 734)
[2026-03-07 09:56:01] 
[2026-03-07 09:56:01] 【检查 Nginx】
[2026-03-07 09:56:01] ✅ Nginx 运行中
[2026-03-07 09:56:01] 
[2026-03-07 09:56:01] 【监控完成】
[2026-03-07 09:57:01] ╔═══════════════════════════════════════════════════════════╗
[2026-03-07 09:57:01] ║       x402 API 自动监控启动                                ║
[2026-03-07 09:57:01] ╚═══════════════════════════════════════════════════════════╝
[2026-03-07 09:57:01] ✅ 磁盘使用率正常：65%
[2026-03-07 09:57:01] ✅ 内存使用率正常：57%
[2026-03-07 09:57:01] 
[2026-03-07 09:57:01] 【检查服务状态】
[2026-03-07 09:57:01] ✅ x402 API (端口5002) 运行中 (PID: 119562)
[2026-03-07 09:57:01] ✅ API Key Server (端口8090) 运行中 (PID: 123005)
[2026-03-07 09:57:01] ✅ User Dashboard (端口8091) 运行中 (PID: 125302)
[2026-03-07 09:57:01] ✅ Main Dashboard (端口8081) 运行中 (PID: 734)
[2026-03-07 09:57:01] 
[2026-03-07 09:57:01] 【检查 Nginx】
[2026-03-07 09:57:01] ✅ Nginx 运行中
[2026-03-07 09:57:01] 
[2026-03-07 09:57:01] 【监控完成】
[2026-03-07 09:58:01] ╔═══════════════════════════════════════════════════════════╗
[2026-03-07 09:58:01] ║       x402 API 自动监控启动                                ║
[2026-03-07 09:58:01] ╚═══════════════════════════════════════════════════════════╝
[2026-03-07 09:58:01] ✅ 磁盘使用率正常：65%
[2026-03-07 09:58:01] ✅ 内存使用率正常：57%
[2026-03-07 09:58:01] 
[2026-03-07 09:58:01] 【检查服务状态】
[2026-03-07 09:58:01] ✅ x402 API (端口5002) 运行中 (PID: 119562)
[2026-03-07 09:58:01] ✅ API Key Server (端口8090) 运行中 (PID: 123005)
[2026-03-07 09:58:01] ✅ User Dashboard (端口8091) 运行中 (PID: 125302)
[2026-03-07 09:58:01] ✅ Main Dashboard (端口8081) 运行中 (PID: 734)
[2026-03-07 09:58:01] 
[2026-03-07 09:58:01] 【检查 Nginx】
[2026-03-07 09:58:01] ✅ Nginx 运行中
[2026-03-07 09:58:01] 
[2026-03-07 09:58:01] 【监控完成】
[2026-03-07 09:59:01] ╔═══════════════════════════════════════════════════════════╗
[2026-03-07 09:59:01] ║       x402 API 自动监控启动                                ║
[2026-03-07 09:59:01] ╚═══════════════════════════════════════════════════════════╝
[2026-03-07 09:59:01] ✅ 磁盘使用率正常：65%
[2026-03-07 09:59:01] ✅ 内存使用率正常：57%
[2026-03-07 09:59:01] 
[2026-03-07 09:59:01] 【检查服务状态】
[2026-03-07 09:59:01] ✅ x402 API (端口5002) 运行中 (PID: 119562)
[2026-03-07 09:59:02] ✅ API Key Server (端口8090) 运行中 (PID: 123005)
[2026-03-07 09:59:02] ✅ User Dashboard (端口8091) 运行中 (PID: 125302)
[2026-03-07 09:59:02] ✅ Main Dashboard (端口8081) 运行中 (PID: 734)
[2026-03-07 09:59:02] 
[2026-03-07 09:59:02] 【检查 Nginx】
[2026-03-07 09:59:02] ✅ Nginx 运行中
[2026-03-07 09:59:02] 
[2026-03-07 09:59:02] 【监控完成】
[2026-03-07 10:00:01] ╔═══════════════════════════════════════════════════════════╗
[2026-03-07 10:00:01] ║       x402 API 自动监控启动                                ║
[2026-03-07 10:00:01] ╚═══════════════════════════════════════════════════════════╝
[2026-03-07 10:00:01] ✅ 磁盘使用率正常：65%
[2026-03-07 10:00:01] ✅ 内存使用率正常：69%
[2026-03-07 10:00:01] 
[2026-03-07 10:00:01] 【检查服务状态】
[2026-03-07 10:00:01] ✅ x402 API (端口5002) 运行中 (PID: 119562)
[2026-03-07 10:00:01] ✅ API Key Server (端口8090) 运行中 (PID: 123005)
[2026-03-07 10:00:01] ✅ User Dashboard (端口8091) 运行中 (PID: 125302)
[2026-03-07 10:00:01] ✅ Main Dashboard (端口8081) 运行中 (PID: 734)
[2026-03-07 10:00:01] 
[2026-03-07 10:00:01] 【检查 Nginx】
[2026-03-07 10:00:01] ✅ Nginx 运行中
[2026-03-07 10:00:01] 
[2026-03-07 10:00:01] 【监控完成】
[2026-03-07 10:01:01] ╔═══════════════════════════════════════════════════════════╗
[2026-03-07 10:01:01] ║       x402 API 自动监控启动                                ║
[2026-03-07 10:01:01] ╚═══════════════════════════════════════════════════════════╝
[2026-03-07 10:01:01] ✅ 磁盘使用率正常：65%
[2026-03-07 10:01:01] ✅ 内存使用率正常：67%
[2026-03-07 10:01:01] 
[2026-03-07 10:01:01] 【检查服务状态】
[2026-03-07 10:01:01] ✅ x402 API (端口5002) 运行中 (PID: 119562)
[2026-03-07 10:01:01] ✅ API Key Server (端口8090) 运行中 (PID: 123005)
[2026-03-07 10:01:01] ✅ User Dashboard (端口8091) 运行中 (PID: 125302)
[2026-03-07 10:01:01] ✅ Main Dashboard (端口8081) 运行中 (PID: 734)
[2026-03-07 10:01:01] 
[2026-03-07 10:01:01] 【检查 Nginx】
[2026-03-07 10:01:01] ✅ Nginx 运行中
[2026-03-07 10:01:01] 
[2026-03-07 10:01:01] 【监控完成】
[2026-03-07 10:02:01] ╔═══════════════════════════════════════════════════════════╗
[2026-03-07 10:02:01] ║       x402 API 自动监控启动                                ║
[2026-03-07 10:02:01] ╚═══════════════════════════════════════════════════════════╝
[2026-03-07 10:02:01] ✅ 磁盘使用率正常：65%
[2026-03-07 10:02:01] ✅ 内存使用率正常：61%
[2026-03-07 10:02:01] 
[2026-03-07 10:02:01] 【检查服务状态】
[2026-03-07 10:02:01] ✅ x402 API (端口5002) 运行中 (PID: 119562)
[2026-03-07 10:02:01] ✅ API Key Server (端口8090) 运行中 (PID: 123005)
[2026-03-07 10:02:01] ✅ User Dashboard (端口8091) 运行中 (PID: 125302)
[2026-03-07 10:02:01] ✅ Main Dashboard (端口8081) 运行中 (PID: 734)
[2026-03-07 10:02:01] 
[2026-03-07 10:02:01] 【检查 Nginx】
[2026-03-07 10:02:01] ✅ Nginx 运行中
[2026-03-07 10:02:01] 
[2026-03-07 10:02:01] 【监控完成】
[2026-03-07 10:03:01] ╔═══════════════════════════════════════════════════════════╗
[2026-03-07 10:03:01] ║       x402 API 自动监控启动                                ║
[2026-03-07 10:03:01] ╚═══════════════════════════════════════════════════════════╝
[2026-03-07 10:03:01] ✅ 磁盘使用率正常：65%
[2026-03-07 10:03:01] ✅ 内存使用率正常：56%
[2026-03-07 10:03:01] 
[2026-03-07 10:03:01] 【检查服务状态】
[2026-03-07 10:03:01] ✅ x402 API (端口5002) 运行中 (PID: 119562)
[2026-03-07 10:03:01] ❌ API Key Server (端口8090) 未运行，正在重启...
[2026-03-07 10:03:04] ✅ API Key Server 重启成功
[2026-03-07 10:03:05] ✅ User Dashboard (端口8091) 运行中 (PID: 125302)
[2026-03-07 10:03:05] ✅ Main Dashboard (端口8081) 运行中 (PID: 734)
[2026-03-07 10:03:05] 
[2026-03-07 10:03:05] 【检查 Nginx】
[2026-03-07 10:03:05] ✅ Nginx 运行中
[2026-03-07 10:03:05] 
[2026-03-07 10:03:05] 【监控完成】
[2026-03-07 10:04:01] ╔═══════════════════════════════════════════════════════════╗
[2026-03-07 10:04:01] ║       x402 API 自动监控启动                                ║
[2026-03-07 10:04:01] ╚═══════════════════════════════════════════════════════════╝
[2026-03-07 10:04:01] ✅ 磁盘使用率正常：65%
[2026-03-07 10:04:01] ✅ 内存使用率正常：57%
[2026-03-07 10:04:01] 
[2026-03-07 10:04:01] 【检查服务状态】
[2026-03-07 10:04:01] ✅ x402 API (端口5002) 运行中 (PID: 119562)
[2026-03-07 10:04:01] ✅ API Key Server (端口8090) 运行中 (PID: 128104)
[2026-03-07 10:04:01] ✅ User Dashboard (端口8091) 运行中 (PID: 125302)
[2026-03-07 10:04:01] ✅ Main Dashboard (端口8081) 运行中 (PID: 734)
[2026-03-07 10:04:01] 
[2026-03-07 10:04:01] 【检查 Nginx】
[2026-03-07 10:04:01] ✅ Nginx 运行中
[2026-03-07 10:04:01] 
[2026-03-07 10:04:01] 【监控完成】
[2026-03-07 10:05:01] ╔═══════════════════════════════════════════════════════════╗
[2026-03-07 10:05:01] ║       x402 API 自动监控启动                                ║
[2026-03-07 10:05:01] ╚═══════════════════════════════════════════════════════════╝
[2026-03-07 10:05:01] ✅ 磁盘使用率正常：65%
[2026-03-07 10:05:01] ✅ 内存使用率正常：57%
[2026-03-07 10:05:01] 
[2026-03-07 10:05:01] 【检查服务状态】
[2026-03-07 10:05:01] ✅ x402 API (端口5002) 运行中 (PID: 119562)
[2026-03-07 10:05:01] ✅ API Key Server (端口8090) 运行中 (PID: 128104)
[2026-03-07 10:05:01] ✅ User Dashboard (端口8091) 运行中 (PID: 125302)
[2026-03-07 10:05:01] ✅ Main Dashboard (端口8081) 运行中 (PID: 734)
[2026-03-07 10:05:01] 
[2026-03-07 10:05:01] 【检查 Nginx】
[2026-03-07 10:05:01] ✅ Nginx 运行中
[2026-03-07 10:05:01] 
[2026-03-07 10:05:01] 【监控完成】
[2026-03-07 10:06:01] ╔═══════════════════════════════════════════════════════════╗
[2026-03-07 10:06:01] ║       x402 API 自动监控启动                                ║
[2026-03-07 10:06:01] ╚═══════════════════════════════════════════════════════════╝
[2026-03-07 10:06:01] ✅ 磁盘使用率正常：65%
[2026-03-07 10:06:01] ✅ 内存使用率正常：57%
[2026-03-07 10:06:01] 
[2026-03-07 10:06:01] 【检查服务状态】
[2026-03-07 10:06:01] ✅ x402 API (端口5002) 运行中 (PID: 119562)
[2026-03-07 10:06:01] ✅ API Key Server (端口8090) 运行中 (PID: 128104)
[2026-03-07 10:06:01] ✅ User Dashboard (端口8091) 运行中 (PID: 125302)
[2026-03-07 10:06:01] ✅ Main Dashboard (端口8081) 运行中 (PID: 734)
[2026-03-07 10:06:01] 
[2026-03-07 10:06:01] 【检查 Nginx】
[2026-03-07 10:06:01] ✅ Nginx 运行中
[2026-03-07 10:06:01] 
[2026-03-07 10:06:01] 【监控完成】
[2026-03-07 10:07:01] ╔═══════════════════════════════════════════════════════════╗
[2026-03-07 10:07:01] ║       x402 API 自动监控启动                                ║
[2026-03-07 10:07:01] ╚═══════════════════════════════════════════════════════════╝
[2026-03-07 10:07:01] ✅ 磁盘使用率正常：65%
[2026-03-07 10:07:01] ✅ 内存使用率正常：57%
[2026-03-07 10:07:01] 
[2026-03-07 10:07:01] 【检查服务状态】
[2026-03-07 10:07:01] ✅ x402 API (端口5002) 运行中 (PID: 119562)
[2026-03-07 10:07:01] ✅ API Key Server (端口8090) 运行中 (PID: 128104)
[2026-03-07 10:07:01] ✅ User Dashboard (端口8091) 运行中 (PID: 125302)
[2026-03-07 10:07:01] ✅ Main Dashboard (端口8081) 运行中 (PID: 734)
[2026-03-07 10:07:01] 
[2026-03-07 10:07:01] 【检查 Nginx】
[2026-03-07 10:07:01] ✅ Nginx 运行中
[2026-03-07 10:07:01] 
[2026-03-07 10:07:01] 【监控完成】
[2026-03-07 10:08:01] ╔═══════════════════════════════════════════════════════════╗
[2026-03-07 10:08:01] ║       x402 API 自动监控启动                                ║
[2026-03-07 10:08:01] ╚═══════════════════════════════════════════════════════════╝
[2026-03-07 10:08:01] ✅ 磁盘使用率正常：65%
[2026-03-07 10:08:01] ✅ 内存使用率正常：57%
[2026-03-07 10:08:01] 
[2026-03-07 10:08:01] 【检查服务状态】
[2026-03-07 10:08:01] ✅ x402 API (端口5002) 运行中 (PID: 119562)
[2026-03-07 10:08:01] ✅ API Key Server (端口8090) 运行中 (PID: 128104)
[2026-03-07 10:08:01] ✅ User Dashboard (端口8091) 运行中 (PID: 125302)
[2026-03-07 10:08:02] ✅ Main Dashboard (端口8081) 运行中 (PID: 734)
[2026-03-07 10:08:02] 
[2026-03-07 10:08:02] 【检查 Nginx】
[2026-03-07 10:08:02] ✅ Nginx 运行中
[2026-03-07 10:08:02] 
[2026-03-07 10:08:02] 【监控完成】
[2026-03-07 10:09:01] ╔═══════════════════════════════════════════════════════════╗
[2026-03-07 10:09:01] ║       x402 API 自动监控启动                                ║
[2026-03-07 10:09:01] ╚═══════════════════════════════════════════════════════════╝
[2026-03-07 10:09:01] ✅ 磁盘使用率正常：65%
[2026-03-07 10:09:01] ✅ 内存使用率正常：69%
[2026-03-07 10:09:01] 
[2026-03-07 10:09:01] 【检查服务状态】
[2026-03-07 10:09:01] ✅ x402 API (端口5002) 运行中 (PID: 119562)
[2026-03-07 10:09:01] ✅ API Key Server (端口8090) 运行中 (PID: 128104)
[2026-03-07 10:09:01] ✅ User Dashboard (端口8091) 运行中 (PID: 125302)
[2026-03-07 10:09:01] ✅ Main Dashboard (端口8081) 运行中 (PID: 734)
[2026-03-07 10:09:01] 
[2026-03-07 10:09:01] 【检查 Nginx】
[2026-03-07 10:09:01] ✅ Nginx 运行中
[2026-03-07 10:09:01] 
[2026-03-07 10:09:01] 【监控完成】
[2026-03-07 10:10:01] ╔═══════════════════════════════════════════════════════════╗
[2026-03-07 10:10:01] ║       x402 API 自动监控启动                                ║
[2026-03-07 10:10:01] ╚═══════════════════════════════════════════════════════════╝
[2026-03-07 10:10:01] ✅ 磁盘使用率正常：65%
[2026-03-07 10:10:01] ✅ 内存使用率正常：64%
[2026-03-07 10:10:01] 
[2026-03-07 10:10:01] 【检查服务状态】
[2026-03-07 10:10:01] ✅ x402 API (端口5002) 运行中 (PID: 119562)
[2026-03-07 10:10:01] ✅ API Key Server (端口8090) 运行中 (PID: 128104)
[2026-03-07 10:10:01] ✅ User Dashboard (端口8091) 运行中 (PID: 125302)
[2026-03-07 10:10:01] ✅ Main Dashboard (端口8081) 运行中 (PID: 734)
[2026-03-07 10:10:01] 
[2026-03-07 10:10:01] 【检查 Nginx】
[2026-03-07 10:10:01] ✅ Nginx 运行中
[2026-03-07 10:10:01] 
[2026-03-07 10:10:01] 【监控完成】
[2026-03-07 10:11:01] ╔═══════════════════════════════════════════════════════════╗
[2026-03-07 10:11:01] ║       x402 API 自动监控启动                                ║
[2026-03-07 10:11:01] ╚═══════════════════════════════════════════════════════════╝
[2026-03-07 10:11:01] ✅ 磁盘使用率正常：65%
[2026-03-07 10:11:01] ✅ 内存使用率正常：61%
[2026-03-07 10:11:01] 
[2026-03-07 10:11:01] 【检查服务状态】
[2026-03-07 10:11:01] ✅ x402 API (端口5002) 运行中 (PID: 119562)
[2026-03-07 10:11:01] ✅ API Key Server (端口8090) 运行中 (PID: 128104)
[2026-03-07 10:11:01] ✅ User Dashboard (端口8091) 运行中 (PID: 125302)
[2026-03-07 10:11:01] ✅ Main Dashboard (端口8081) 运行中 (PID: 734)
[2026-03-07 10:11:01] 
[2026-03-07 10:11:01] 【检查 Nginx】
[2026-03-07 10:11:01] ✅ Nginx 运行中
[2026-03-07 10:11:01] 
[2026-03-07 10:11:01] 【监控完成】
[2026-03-07 10:12:01] ╔═══════════════════════════════════════════════════════════╗
[2026-03-07 10:12:01] ║       x402 API 自动监控启动                                ║
[2026-03-07 10:12:01] ╚═══════════════════════════════════════════════════════════╝
[2026-03-07 10:12:01] ✅ 磁盘使用率正常：65%
[2026-03-07 10:12:01] ✅ 内存使用率正常：57%
[2026-03-07 10:12:01] 
[2026-03-07 10:12:01] 【检查服务状态】
[2026-03-07 10:12:01] ✅ x402 API (端口5002) 运行中 (PID: 119562)
[2026-03-07 10:12:01] ✅ API Key Server (端口8090) 运行中 (PID: 128104)
[2026-03-07 10:12:01] ✅ User Dashboard (端口8091) 运行中 (PID: 125302)
[2026-03-07 10:12:01] ✅ Main Dashboard (端口8081) 运行中 (PID: 734)
[2026-03-07 10:12:01] 
[2026-03-07 10:12:01] 【检查 Nginx】
[2026-03-07 10:12:01] ✅ Nginx 运行中
[2026-03-07 10:12:01] 
[2026-03-07 10:12:01] 【监控完成】
[2026-03-07 10:13:01] ╔═══════════════════════════════════════════════════════════╗
[2026-03-07 10:13:01] ║       x402 API 自动监控启动                                ║
[2026-03-07 10:13:01] ╚═══════════════════════════════════════════════════════════╝
[2026-03-07 10:13:01] ✅ 磁盘使用率正常：65%
[2026-03-07 10:13:02] ✅ 内存使用率正常：57%
[2026-03-07 10:13:02] 
[2026-03-07 10:13:02] 【检查服务状态】
[2026-03-07 10:13:02] ✅ x402 API (端口5002) 运行中 (PID: 119562)
[2026-03-07 10:13:02] ✅ API Key Server (端口8090) 运行中 (PID: 128104)
[2026-03-07 10:13:02] ✅ User Dashboard (端口8091) 运行中 (PID: 125302)
[2026-03-07 10:13:02] ✅ Main Dashboard (端口8081) 运行中 (PID: 734)
[2026-03-07 10:13:02] 
[2026-03-07 10:13:02] 【检查 Nginx】
[2026-03-07 10:13:02] ✅ Nginx 运行中
[2026-03-07 10:13:02] 
[2026-03-07 10:13:02] 【监控完成】
[2026-03-07 10:14:01] ╔═══════════════════════════════════════════════════════════╗
[2026-03-07 10:14:01] ║       x402 API 自动监控启动                                ║
[2026-03-07 10:14:01] ╚═══════════════════════════════════════════════════════════╝
[2026-03-07 10:14:01] ✅ 磁盘使用率正常：65%
[2026-03-07 10:14:01] ✅ 内存使用率正常：55%
[2026-03-07 10:14:01] 
[2026-03-07 10:14:01] 【检查服务状态】
[2026-03-07 10:14:01] ✅ x402 API (端口5002) 运行中 (PID: 119562)
[2026-03-07 10:14:01] ✅ API Key Server (端口8090) 运行中 (PID: 128104)
[2026-03-07 10:14:01] ✅ User Dashboard (端口8091) 运行中 (PID: 125302)
[2026-03-07 10:14:01] ✅ Main Dashboard (端口8081) 运行中 (PID: 734)
[2026-03-07 10:14:01] 
[2026-03-07 10:14:01] 【检查 Nginx】
[2026-03-07 10:14:01] ✅ Nginx 运行中
[2026-03-07 10:14:01] 
[2026-03-07 10:14:01] 【监控完成】
[2026-03-07 10:15:01] ╔═══════════════════════════════════════════════════════════╗
[2026-03-07 10:15:01] ║       x402 API 自动监控启动                                ║
[2026-03-07 10:15:01] ╚═══════════════════════════════════════════════════════════╝
[2026-03-07 10:15:01] ✅ 磁盘使用率正常：65%
[2026-03-07 10:15:01] ✅ 内存使用率正常：55%
[2026-03-07 10:15:01] 
[2026-03-07 10:15:01] 【检查服务状态】
[2026-03-07 10:15:01] ✅ x402 API (端口5002) 运行中 (PID: 119562)
[2026-03-07 10:15:01] ✅ API Key Server (端口8090) 运行中 (PID: 128104)
[2026-03-07 10:15:01] ✅ User Dashboard (端口8091) 运行中 (PID: 125302)
[2026-03-07 10:15:01] ✅ Main Dashboard (端口8081) 运行中 (PID: 734)
[2026-03-07 10:15:01] 
[2026-03-07 10:15:01] 【检查 Nginx】
[2026-03-07 10:15:01] ✅ Nginx 运行中
[2026-03-07 10:15:01] 
[2026-03-07 10:15:01] 【监控完成】
[2026-03-07 10:16:01] ╔═══════════════════════════════════════════════════════════╗
[2026-03-07 10:16:01] ║       x402 API 自动监控启动                                ║
[2026-03-07 10:16:01] ╚═══════════════════════════════════════════════════════════╝
[2026-03-07 10:16:01] ✅ 磁盘使用率正常：65%
[2026-03-07 10:16:01] ✅ 内存使用率正常：55%
[2026-03-07 10:16:01] 
[2026-03-07 10:16:01] 【检查服务状态】
[2026-03-07 10:16:01] ✅ x402 API (端口5002) 运行中 (PID: 119562)
[2026-03-07 10:16:01] ✅ API Key Server (端口8090) 运行中 (PID: 128104)
[2026-03-07 10:16:01] ✅ User Dashboard (端口8091) 运行中 (PID: 125302)
[2026-03-07 10:16:01] ✅ Main Dashboard (端口8081) 运行中 (PID: 734)
[2026-03-07 10:16:01] 
[2026-03-07 10:16:01] 【检查 Nginx】
[2026-03-07 10:16:01] ✅ Nginx 运行中
[2026-03-07 10:16:01] 
[2026-03-07 10:16:01] 【监控完成】
[2026-03-07 10:17:01] ╔═══════════════════════════════════════════════════════════╗
[2026-03-07 10:17:01] ║       x402 API 自动监控启动                                ║
[2026-03-07 10:17:01] ╚═══════════════════════════════════════════════════════════╝
[2026-03-07 10:17:01] ✅ 磁盘使用率正常：65%
[2026-03-07 10:17:01] ✅ 内存使用率正常：56%
[2026-03-07 10:17:01] 
[2026-03-07 10:17:01] 【检查服务状态】
[2026-03-07 10:17:01] ✅ x402 API (端口5002) 运行中 (PID: 119562)
[2026-03-07 10:17:01] ✅ API Key Server (端口8090) 运行中 (PID: 128104)
[2026-03-07 10:17:01] ✅ User Dashboard (端口8091) 运行中 (PID: 125302)
[2026-03-07 10:17:01] ✅ Main Dashboard (端口8081) 运行中 (PID: 734)
[2026-03-07 10:17:01] 
[2026-03-07 10:17:01] 【检查 Nginx】
[2026-03-07 10:17:01] ✅ Nginx 运行中
[2026-03-07 10:17:01] 
[2026-03-07 10:17:01] 【监控完成】
[2026-03-07 10:18:01] ╔═══════════════════════════════════════════════════════════╗
[2026-03-07 10:18:01] ║       x402 API 自动监控启动                                ║
[2026-03-07 10:18:01] ╚═══════════════════════════════════════════════════════════╝
[2026-03-07 10:18:01] ✅ 磁盘使用率正常：65%
[2026-03-07 10:18:01] ✅ 内存使用率正常：56%
[2026-03-07 10:18:01] 
[2026-03-07 10:18:01] 【检查服务状态】
[2026-03-07 10:18:02] ✅ x402 API (端口5002) 运行中 (PID: 119562)
[2026-03-07 10:18:02] ✅ API Key Server (端口8090) 运行中 (PID: 128104)
[2026-03-07 10:18:02] ✅ User Dashboard (端口8091) 运行中 (PID: 125302)
[2026-03-07 10:18:02] ✅ Main Dashboard (端口8081) 运行中 (PID: 734)
[2026-03-07 10:18:02] 
[2026-03-07 10:18:02] 【检查 Nginx】
[2026-03-07 10:18:02] ✅ Nginx 运行中
[2026-03-07 10:18:02] 
[2026-03-07 10:18:02] 【监控完成】
[2026-03-07 10:19:01] ╔═══════════════════════════════════════════════════════════╗
[2026-03-07 10:19:01] ║       x402 API 自动监控启动                                ║
[2026-03-07 10:19:01] ╚═══════════════════════════════════════════════════════════╝
[2026-03-07 10:19:01] ✅ 磁盘使用率正常：65%
[2026-03-07 10:19:01] ✅ 内存使用率正常：63%
[2026-03-07 10:19:01] 
[2026-03-07 10:19:01] 【检查服务状态】
[2026-03-07 10:19:01] ✅ x402 API (端口5002) 运行中 (PID: 119562)
[2026-03-07 10:19:01] ✅ API Key Server (端口8090) 运行中 (PID: 128104)
[2026-03-07 10:19:01] ✅ User Dashboard (端口8091) 运行中 (PID: 125302)
[2026-03-07 10:19:01] ✅ Main Dashboard (端口8081) 运行中 (PID: 734)
[2026-03-07 10:19:01] 
[2026-03-07 10:19:01] 【检查 Nginx】
[2026-03-07 10:19:01] ✅ Nginx 运行中
[2026-03-07 10:19:01] 
[2026-03-07 10:19:01] 【监控完成】
[2026-03-07 10:20:01] ╔═══════════════════════════════════════════════════════════╗
[2026-03-07 10:20:01] ║       x402 API 自动监控启动                                ║
[2026-03-07 10:20:01] ╚═══════════════════════════════════════════════════════════╝
[2026-03-07 10:20:01] ✅ 磁盘使用率正常：66%
[2026-03-07 10:20:01] ✅ 内存使用率正常：61%
[2026-03-07 10:20:01] 
[2026-03-07 10:20:01] 【检查服务状态】
[2026-03-07 10:20:01] ✅ x402 API (端口5002) 运行中 (PID: 119562)
[2026-03-07 10:20:01] ✅ API Key Server (端口8090) 运行中 (PID: 128104)
[2026-03-07 10:20:01] ✅ User Dashboard (端口8091) 运行中 (PID: 125302)
[2026-03-07 10:20:01] ✅ Main Dashboard (端口8081) 运行中 (PID: 734)
[2026-03-07 10:20:01] 
[2026-03-07 10:20:01] 【检查 Nginx】
[2026-03-07 10:20:01] ✅ Nginx 运行中
[2026-03-07 10:20:01] 
[2026-03-07 10:20:01] 【监控完成】
[2026-03-07 10:21:01] ╔═══════════════════════════════════════════════════════════╗
[2026-03-07 10:21:01] ║       x402 API 自动监控启动                                ║
[2026-03-07 10:21:01] ╚═══════════════════════════════════════════════════════════╝
[2026-03-07 10:21:01] ✅ 磁盘使用率正常：67%
[2026-03-07 10:21:01] ✅ 内存使用率正常：54%
[2026-03-07 10:21:01] 
[2026-03-07 10:21:01] 【检查服务状态】
[2026-03-07 10:21:01] ✅ x402 API (端口5002) 运行中 (PID: 119562)
[2026-03-07 10:21:01] ✅ API Key Server (端口8090) 运行中 (PID: 128104)
[2026-03-07 10:21:01] ✅ User Dashboard (端口8091) 运行中 (PID: 125302)
[2026-03-07 10:21:02] ✅ Main Dashboard (端口8081) 运行中 (PID: 734)
[2026-03-07 10:21:02] 
[2026-03-07 10:21:02] 【检查 Nginx】
[2026-03-07 10:21:02] ✅ Nginx 运行中
[2026-03-07 10:21:02] 
[2026-03-07 10:21:02] 【监控完成】
[2026-03-07 10:22:01] ╔═══════════════════════════════════════════════════════════╗
[2026-03-07 10:22:01] ║       x402 API 自动监控启动                                ║
[2026-03-07 10:22:01] ╚═══════════════════════════════════════════════════════════╝
[2026-03-07 10:22:01] ✅ 磁盘使用率正常：67%
[2026-03-07 10:22:01] ✅ 内存使用率正常：54%
[2026-03-07 10:22:01] 
[2026-03-07 10:22:01] 【检查服务状态】
[2026-03-07 10:22:01] ✅ x402 API (端口5002) 运行中 (PID: 119562)
[2026-03-07 10:22:01] ✅ API Key Server (端口8090) 运行中 (PID: 128104)
[2026-03-07 10:22:01] ✅ User Dashboard (端口8091) 运行中 (PID: 125302)
[2026-03-07 10:22:01] ✅ Main Dashboard (端口8081) 运行中 (PID: 734)
[2026-03-07 10:22:01] 
[2026-03-07 10:22:01] 【检查 Nginx】
[2026-03-07 10:22:01] ✅ Nginx 运行中
[2026-03-07 10:22:01] 
[2026-03-07 10:22:01] 【监控完成】
[2026-03-07 10:23:01] ╔═══════════════════════════════════════════════════════════╗
[2026-03-07 10:23:01] ║       x402 API 自动监控启动                                ║
[2026-03-07 10:23:01] ╚═══════════════════════════════════════════════════════════╝
[2026-03-07 10:23:01] ✅ 磁盘使用率正常：67%
[2026-03-07 10:23:01] ✅ 内存使用率正常：54%
[2026-03-07 10:23:01] 
[2026-03-07 10:23:01] 【检查服务状态】
[2026-03-07 10:23:01] ✅ x402 API (端口5002) 运行中 (PID: 119562)
[2026-03-07 10:23:01] ✅ API Key Server (端口8090) 运行中 (PID: 128104)
[2026-03-07 10:23:01] ✅ User Dashboard (端口8091) 运行中 (PID: 125302)
[2026-03-07 10:23:01] ✅ Main Dashboard (端口8081) 运行中 (PID: 734)
[2026-03-07 10:23:01] 
[2026-03-07 10:23:01] 【检查 Nginx】
[2026-03-07 10:23:01] ✅ Nginx 运行中
[2026-03-07 10:23:01] 
[2026-03-07 10:23:01] 【监控完成】
[2026-03-07 10:24:01] ╔═══════════════════════════════════════════════════════════╗
[2026-03-07 10:24:01] ║       x402 API 自动监控启动                                ║
[2026-03-07 10:24:01] ╚═══════════════════════════════════════════════════════════╝
[2026-03-07 10:24:01] ✅ 磁盘使用率正常：67%
[2026-03-07 10:24:01] ✅ 内存使用率正常：54%
[2026-03-07 10:24:01] 
[2026-03-07 10:24:01] 【检查服务状态】
[2026-03-07 10:24:01] ✅ x402 API (端口5002) 运行中 (PID: 119562)
[2026-03-07 10:24:01] ✅ API Key Server (端口8090) 运行中 (PID: 128104)
[2026-03-07 10:24:01] ✅ User Dashboard (端口8091) 运行中 (PID: 125302)
[2026-03-07 10:24:01] ✅ Main Dashboard (端口8081) 运行中 (PID: 734)
[2026-03-07 10:24:01] 
[2026-03-07 10:24:01] 【检查 Nginx】
[2026-03-07 10:24:01] ✅ Nginx 运行中
[2026-03-07 10:24:01] 
[2026-03-07 10:24:01] 【监控完成】
[2026-03-07 10:25:01] ╔═══════════════════════════════════════════════════════════╗
[2026-03-07 10:25:01] ║       x402 API 自动监控启动                                ║
[2026-03-07 10:25:01] ╚═══════════════════════════════════════════════════════════╝
[2026-03-07 10:25:01] ✅ 磁盘使用率正常：67%
[2026-03-07 10:25:01] ✅ 内存使用率正常：59%
[2026-03-07 10:25:01] 
[2026-03-07 10:25:01] 【检查服务状态】
[2026-03-07 10:25:01] ✅ x402 API (端口5002) 运行中 (PID: 119562)
[2026-03-07 10:25:01] ✅ API Key Server (端口8090) 运行中 (PID: 128104)
[2026-03-07 10:25:01] ✅ User Dashboard (端口8091) 运行中 (PID: 125302)
[2026-03-07 10:25:01] ✅ Main Dashboard (端口8081) 运行中 (PID: 734)
[2026-03-07 10:25:01] 
[2026-03-07 10:25:01] 【检查 Nginx】
[2026-03-07 10:25:01] ✅ Nginx 运行中
[2026-03-07 10:25:01] 
[2026-03-07 10:25:01] 【监控完成】
[2026-03-07 10:26:01] ╔═══════════════════════════════════════════════════════════╗
[2026-03-07 10:26:01] ║       x402 API 自动监控启动                                ║
[2026-03-07 10:26:01] ╚═══════════════════════════════════════════════════════════╝
[2026-03-07 10:26:01] ✅ 磁盘使用率正常：67%
[2026-03-07 10:26:01] ✅ 内存使用率正常：47%
[2026-03-07 10:26:01] 
[2026-03-07 10:26:01] 【检查服务状态】
[2026-03-07 10:26:01] ✅ x402 API (端口5002) 运行中 (PID: 119562)
[2026-03-07 10:26:02] ✅ API Key Server (端口8090) 运行中 (PID: 128104)
[2026-03-07 10:26:02] ✅ User Dashboard (端口8091) 运行中 (PID: 125302)
[2026-03-07 10:26:02] ✅ Main Dashboard (端口8081) 运行中 (PID: 734)
[2026-03-07 10:26:02] 
[2026-03-07 10:26:02] 【检查 Nginx】
[2026-03-07 10:26:02] ✅ Nginx 运行中
[2026-03-07 10:26:02] 
[2026-03-07 10:26:02] 【监控完成】
[2026-03-07 10:27:01] ╔═══════════════════════════════════════════════════════════╗
[2026-03-07 10:27:01] ║       x402 API 自动监控启动                                ║
[2026-03-07 10:27:01] ╚═══════════════════════════════════════════════════════════╝
[2026-03-07 10:27:01] ✅ 磁盘使用率正常：67%
[2026-03-07 10:27:01] ✅ 内存使用率正常：53%
[2026-03-07 10:27:01] 
[2026-03-07 10:27:01] 【检查服务状态】
[2026-03-07 10:27:01] ✅ x402 API (端口5002) 运行中 (PID: 119562)
[2026-03-07 10:27:01] ✅ API Key Server (端口8090) 运行中 (PID: 128104)
[2026-03-07 10:27:01] ✅ User Dashboard (端口8091) 运行中 (PID: 125302)
[2026-03-07 10:27:01] ✅ Main Dashboard (端口8081) 运行中 (PID: 734)
[2026-03-07 10:27:01] 
[2026-03-07 10:27:01] 【检查 Nginx】
[2026-03-07 10:27:01] ✅ Nginx 运行中
[2026-03-07 10:27:01] 
[2026-03-07 10:27:01] 【监控完成】
[2026-03-07 10:28:01] ╔═══════════════════════════════════════════════════════════╗
[2026-03-07 10:28:01] ║       x402 API 自动监控启动                                ║
[2026-03-07 10:28:01] ╚═══════════════════════════════════════════════════════════╝
[2026-03-07 10:28:01] ✅ 磁盘使用率正常：67%
[2026-03-07 10:28:01] ✅ 内存使用率正常：51%
[2026-03-07 10:28:01] 
[2026-03-07 10:28:01] 【检查服务状态】
[2026-03-07 10:28:01] ✅ x402 API (端口5002) 运行中 (PID: 119562)
[2026-03-07 10:28:01] ✅ API Key Server (端口8090) 运行中 (PID: 128104)
[2026-03-07 10:28:01] ✅ User Dashboard (端口8091) 运行中 (PID: 125302)
[2026-03-07 10:28:01] ✅ Main Dashboard (端口8081) 运行中 (PID: 734)
[2026-03-07 10:28:01] 
[2026-03-07 10:28:01] 【检查 Nginx】
[2026-03-07 10:28:01] ✅ Nginx 运行中
[2026-03-07 10:28:01] 
[2026-03-07 10:28:01] 【监控完成】
[2026-03-07 10:29:01] ╔═══════════════════════════════════════════════════════════╗
[2026-03-07 10:29:01] ║       x402 API 自动监控启动                                ║
[2026-03-07 10:29:01] ╚═══════════════════════════════════════════════════════════╝
[2026-03-07 10:29:01] ✅ 磁盘使用率正常：67%
[2026-03-07 10:29:01] ✅ 内存使用率正常：48%
[2026-03-07 10:29:01] 
[2026-03-07 10:29:01] 【检查服务状态】
[2026-03-07 10:29:01] ✅ x402 API (端口5002) 运行中 (PID: 119562)
[2026-03-07 10:29:01] ✅ API Key Server (端口8090) 运行中 (PID: 128104)
[2026-03-07 10:29:01] ✅ User Dashboard (端口8091) 运行中 (PID: 125302)
[2026-03-07 10:29:01] ✅ Main Dashboard (端口8081) 运行中 (PID: 734)
[2026-03-07 10:29:01] 
[2026-03-07 10:29:01] 【检查 Nginx】
[2026-03-07 10:29:01] ✅ Nginx 运行中
[2026-03-07 10:29:01] 
[2026-03-07 10:29:01] 【监控完成】
[2026-03-07 10:30:01] ╔═══════════════════════════════════════════════════════════╗
[2026-03-07 10:30:01] ║       x402 API 自动监控启动                                ║
[2026-03-07 10:30:01] ╚═══════════════════════════════════════════════════════════╝
[2026-03-07 10:30:01] ✅ 磁盘使用率正常：67%
[2026-03-07 10:30:01] ✅ 内存使用率正常：48%
[2026-03-07 10:30:01] 
[2026-03-07 10:30:01] 【检查服务状态】
[2026-03-07 10:30:01] ✅ x402 API (端口5002) 运行中 (PID: 119562)
[2026-03-07 10:30:01] ✅ API Key Server (端口8090) 运行中 (PID: 128104)
[2026-03-07 10:30:01] ✅ User Dashboard (端口8091) 运行中 (PID: 125302)
[2026-03-07 10:30:02] ✅ Main Dashboard (端口8081) 运行中 (PID: 734)
[2026-03-07 10:30:02] 
[2026-03-07 10:30:02] 【检查 Nginx】
[2026-03-07 10:30:02] ✅ Nginx 运行中
[2026-03-07 10:30:02] 
[2026-03-07 10:30:02] 【监控完成】
[2026-03-07 10:31:01] ╔═══════════════════════════════════════════════════════════╗
[2026-03-07 10:31:01] ║       x402 API 自动监控启动                                ║
[2026-03-07 10:31:01] ╚═══════════════════════════════════════════════════════════╝
[2026-03-07 10:31:01] ✅ 磁盘使用率正常：67%
[2026-03-07 10:31:01] ✅ 内存使用率正常：48%
[2026-03-07 10:31:01] 
[2026-03-07 10:31:01] 【检查服务状态】
[2026-03-07 10:31:01] ✅ x402 API (端口5002) 运行中 (PID: 119562)
[2026-03-07 10:31:01] ✅ API Key Server (端口8090) 运行中 (PID: 128104)
[2026-03-07 10:31:01] ✅ User Dashboard (端口8091) 运行中 (PID: 125302)
[2026-03-07 10:31:01] ✅ Main Dashboard (端口8081) 运行中 (PID: 734)
[2026-03-07 10:31:01] 
[2026-03-07 10:31:01] 【检查 Nginx】
[2026-03-07 10:31:01] ✅ Nginx 运行中
[2026-03-07 10:31:01] 
[2026-03-07 10:31:01] 【监控完成】
[2026-03-07 10:32:01] ╔═══════════════════════════════════════════════════════════╗
[2026-03-07 10:32:01] ║       x402 API 自动监控启动                                ║
[2026-03-07 10:32:01] ╚═══════════════════════════════════════════════════════════╝
[2026-03-07 10:32:01] ✅ 磁盘使用率正常：67%
[2026-03-07 10:32:01] ✅ 内存使用率正常：48%
[2026-03-07 10:32:01] 
[2026-03-07 10:32:01] 【检查服务状态】
[2026-03-07 10:32:01] ✅ x402 API (端口5002) 运行中 (PID: 119562)
[2026-03-07 10:32:01] ✅ API Key Server (端口8090) 运行中 (PID: 128104)
[2026-03-07 10:32:01] ✅ User Dashboard (端口8091) 运行中 (PID: 125302)
[2026-03-07 10:32:01] ✅ Main Dashboard (端口8081) 运行中 (PID: 734)
[2026-03-07 10:32:01] 
[2026-03-07 10:32:01] 【检查 Nginx】
[2026-03-07 10:32:01] ✅ Nginx 运行中
[2026-03-07 10:32:01] 
[2026-03-07 10:32:01] 【监控完成】
[2026-03-07 10:33:01] ╔═══════════════════════════════════════════════════════════╗
[2026-03-07 10:33:01] ║       x402 API 自动监控启动                                ║
[2026-03-07 10:33:01] ╚═══════════════════════════════════════════════════════════╝
[2026-03-07 10:33:01] ✅ 磁盘使用率正常：67%
[2026-03-07 10:33:01] ✅ 内存使用率正常：48%
[2026-03-07 10:33:01] 
[2026-03-07 10:33:01] 【检查服务状态】
[2026-03-07 10:33:01] ✅ x402 API (端口5002) 运行中 (PID: 119562)
[2026-03-07 10:33:01] ✅ API Key Server (端口8090) 运行中 (PID: 128104)
[2026-03-07 10:33:01] ✅ User Dashboard (端口8091) 运行中 (PID: 125302)
[2026-03-07 10:33:01] ✅ Main Dashboard (端口8081) 运行中 (PID: 734)
[2026-03-07 10:33:01] 
[2026-03-07 10:33:01] 【检查 Nginx】
[2026-03-07 10:33:01] ✅ Nginx 运行中
[2026-03-07 10:33:01] 
[2026-03-07 10:33:01] 【监控完成】
[2026-03-07 10:34:01] ╔═══════════════════════════════════════════════════════════╗
[2026-03-07 10:34:01] ║       x402 API 自动监控启动                                ║
[2026-03-07 10:34:01] ╚═══════════════════════════════════════════════════════════╝
[2026-03-07 10:34:01] ✅ 磁盘使用率正常：67%
[2026-03-07 10:34:01] ✅ 内存使用率正常：48%
[2026-03-07 10:34:01] 
[2026-03-07 10:34:01] 【检查服务状态】
[2026-03-07 10:34:01] ✅ x402 API (端口5002) 运行中 (PID: 119562)
[2026-03-07 10:34:01] ✅ API Key Server (端口8090) 运行中 (PID: 128104)
[2026-03-07 10:34:01] ✅ User Dashboard (端口8091) 运行中 (PID: 125302)
[2026-03-07 10:34:01] ✅ Main Dashboard (端口8081) 运行中 (PID: 734)
[2026-03-07 10:34:01] 
[2026-03-07 10:34:01] 【检查 Nginx】
[2026-03-07 10:34:01] ✅ Nginx 运行中
[2026-03-07 10:34:01] 
[2026-03-07 10:34:01] 【监控完成】
