======================================================================
📧 x402 交易机器人 - 每日测试报告
======================================================================

📊 生成测试报告...
📝 创建邮件内容...
📧 发送邮件...
❌ 邮件发送失败: (535, b'Error: authentication failed')
💾 报告已保存: /home/admin/Ziwei/projects/x402-trading-bot/daily_report_2026-03-03.json

======================================================================
❌ 报告发送失败
======================================================================
======================================================================
📧 x402 交易机器人 - 每日测试报告
======================================================================

📊 生成测试报告...
📝 创建邮件内容...
📧 发送邮件...
❌ 邮件发送失败: (535, b'Error: authentication failed')
💾 报告已保存: /home/admin/Ziwei/projects/x402-trading-bot/daily_report_2026-03-04.json

======================================================================
❌ 报告发送失败
======================================================================
======================================================================
📧 x402 交易机器人 - 每日测试报告
======================================================================

📊 生成测试报告...
📝 创建邮件内容...
📧 发送邮件...
❌ 邮件发送失败: (535, b'Error: authentication failed')
💾 报告已保存: /home/admin/Ziwei/projects/x402-trading-bot/daily_report_2026-03-05.json

======================================================================
❌ 报告发送失败
======================================================================
======================================================================
📧 x402 交易机器人 - 每日测试报告
======================================================================

📊 生成测试报告...
📝 创建邮件内容...
📧 发送邮件...
❌ 邮件发送失败: (535, b'Error: authentication failed')
💾 报告已保存: /home/admin/Ziwei/projects/x402-trading-bot/daily_report_2026-03-06.json

======================================================================
❌ 报告发送失败
======================================================================
======================================================================
📧 x402 交易机器人 - 每日测试报告
======================================================================

📊 生成测试报告...
📝 创建邮件内容...
📧 发送邮件...
❌ 邮件发送失败: (535, b'Error: authentication failed')
💾 报告已保存: /home/admin/Ziwei/projects/x402-trading-bot/daily_report_2026-03-07.json

======================================================================
❌ 报告发送失败
======================================================================
======================================================================
📧 x402 交易机器人 - 每日测试报告
======================================================================

📊 生成测试报告...
📝 创建邮件内容...
📧 发送邮件...
❌ 邮件发送失败: (535, b'Error: authentication failed')
💾 报告已保存: /home/admin/Ziwei/projects/x402-trading-bot/daily_report_2026-03-08.json

======================================================================
❌ 报告发送失败
======================================================================
======================================================================
📧 x402 交易机器人 - 每日测试报告
======================================================================

📊 生成测试报告...
📝 创建邮件内容...
📧 发送邮件...
❌ 邮件发送失败: (535, b'Error: authentication failed')
💾 报告已保存: /home/admin/Ziwei/projects/x402-trading-bot/daily_report_2026-03-09.json

======================================================================
❌ 报告发送失败
======================================================================
======================================================================
📧 x402 交易机器人 - 每日测试报告
======================================================================

📊 生成测试报告...
📝 创建邮件内容...
📧 发送邮件...
❌ 邮件发送失败: (535, b'Error: authentication failed')
💾 报告已保存: /home/admin/Ziwei/projects/x402-trading-bot/daily_report_2026-03-10.json

======================================================================
❌ 报告发送失败
======================================================================
