======================================================================
🤖 x402 交易机器人 - 测试模式启动
======================================================================

⚠️  警告：这是测试模式，真实资金不会动用！

📊 配置检查:
----------------------------------------------------------------------
  测试模式: ✅ 开启
  模拟下单: ✅ 开启
  API Key: ✅ 已配置
  API Secret: ✅ 已配置

💰 资金配置:
  初始资金: $10.0 USDT (虚拟)
  止损: -10.0%
  止盈: 5.0%
  最大仓位: 20.0%

======================================================================
🚀 启动测试...
======================================================================

📡 连接 Binance...
✅ 已连接到 binance
✅ 连接成功

💵 Binance 账户 USDT 余额: $0.00
💵 测试虚拟资金: $10.00

🔄 开始监控市场...

📋 交易对:
  - VIRTUAL/USDT
  - PAYAI/USDT
  - PING/USDT

📊 监控中... (按 Ctrl+C 停止)

✅ 已连接到 binance

🤖 交易机器人启动中...
   交易所: binance
   测试模式: 开启
   模拟模式: 开启
   最大仓位: 20.0%
   止损: -10.0%
   止盈: 5.0%

🔄 开始交易循环...
⚠️  可用余额不足 ($10)，跳过本轮
⚠️  可用余额不足 ($10)，跳过本轮
⚠️  可用余额不足 ($10)，跳过本轮
⚠️  可用余额不足 ($10)，跳过本轮
⚠️  可用余额不足 ($10)，跳过本轮
⚠️  可用余额不足 ($10)，跳过本轮
⚠️  可用余额不足 ($10)，跳过本轮
⚠️  可用余额不足 ($10)，跳过本轮
⚠️  可用余额不足 ($10)，跳过本轮
⚠️  可用余额不足 ($10)，跳过本轮
⚠️  可用余额不足 ($10)，跳过本轮
⚠️  可用余额不足 ($10)，跳过本轮
⚠️  可用余额不足 ($10)，跳过本轮
⚠️  可用余额不足 ($10)，跳过本轮
⚠️  可用余额不足 ($10)，跳过本轮
⚠️  可用余额不足 ($10)，跳过本轮
⚠️  可用余额不足 ($10)，跳过本轮
⚠️  可用余额不足 ($10)，跳过本轮
⚠️  可用余额不足 ($10)，跳过本轮
⚠️  可用余额不足 ($10)，跳过本轮
⚠️  可用余额不足 ($10)，跳过本轮
⚠️  可用余额不足 ($10)，跳过本轮
⚠️  可用余额不足 ($10)，跳过本轮
⚠️  可用余额不足 ($10)，跳过本轮
⚠️  可用余额不足 ($10)，跳过本轮
⚠️  可用余额不足 ($10)，跳过本轮
⚠️  可用余额不足 ($10)，跳过本轮
⚠️  可用余额不足 ($10)，跳过本轮
⚠️  可用余额不足 ($10)，跳过本轮
⚠️  可用余额不足 ($10)，跳过本轮
⚠️  可用余额不足 ($10)，跳过本轮
⚠️  可用余额不足 ($10)，跳过本轮
⚠️  可用余额不足 ($10)，跳过本轮
⚠️  可用余额不足 ($10)，跳过本轮
⚠️  可用余额不足 ($10)，跳过本轮
⚠️  可用余额不足 ($10)，跳过本轮
⚠️  可用余额不足 ($10)，跳过本轮
⚠️  可用余额不足 ($10)，跳过本轮
⚠️  可用余额不足 ($10)，跳过本轮
⚠️  可用余额不足 ($10)，跳过本轮
⚠️  可用余额不足 ($10)，跳过本轮
⚠️  可用余额不足 ($10)，跳过本轮
⚠️  可用余额不足 ($10)，跳过本轮
⚠️  可用余额不足 ($10)，跳过本轮
⚠️  可用余额不足 ($10)，跳过本轮
⚠️  可用余额不足 ($10)，跳过本轮
⚠️  可用余额不足 ($10)，跳过本轮
⚠️  可用余额不足 ($10)，跳过本轮
⚠️  可用余额不足 ($10)，跳过本轮
⚠️  可用余额不足 ($10)，跳过本轮
⚠️  可用余额不足 ($10)，跳过本轮
⚠️  可用余额不足 ($10)，跳过本轮
⚠️  可用余额不足 ($10)，跳过本轮
⚠️  可用余额不足 ($10)，跳过本轮
⚠️  可用余额不足 ($10)，跳过本轮
⚠️  可用余额不足 ($10)，跳过本轮
⚠️  可用余额不足 ($10)，跳过本轮
⚠️  可用余额不足 ($10)，跳过本轮
⚠️  可用余额不足 ($10)，跳过本轮
⚠️  可用余额不足 ($10)，跳过本轮
⚠️  可用余额不足 ($10)，跳过本轮
⚠️  可用余额不足 ($10)，跳过本轮
⚠️  可用余额不足 ($10)，跳过本轮
⚠️  可用余额不足 ($10)，跳过本轮
⚠️  可用余额不足 ($10)，跳过本轮
⚠️  可用余额不足 ($10)，跳过本轮
⚠️  可用余额不足 ($10)，跳过本轮
⚠️  可用余额不足 ($10)，跳过本轮
⚠️  可用余额不足 ($10)，跳过本轮
⚠️  可用余额不足 ($10)，跳过本轮
⚠️  可用余额不足 ($10)，跳过本轮
⚠️  可用余额不足 ($10)，跳过本轮
⚠️  可用余额不足 ($10)，跳过本轮
⚠️  可用余额不足 ($10)，跳过本轮
⚠️  可用余额不足 ($10)，跳过本轮
⚠️  可用余额不足 ($10)，跳过本轮
⚠️  可用余额不足 ($10)，跳过本轮
⚠️  可用余额不足 ($10)，跳过本轮
⚠️  可用余额不足 ($10)，跳过本轮
⚠️  可用余额不足 ($10)，跳过本轮
⚠️  可用余额不足 ($10)，跳过本轮
⚠️  可用余额不足 ($10)，跳过本轮
⚠️  可用余额不足 ($10)，跳过本轮
⚠️  可用余额不足 ($10)，跳过本轮
⚠️  可用余额不足 ($10)，跳过本轮
⚠️  可用余额不足 ($10)，跳过本轮
⚠️  可用余额不足 ($10)，跳过本轮
⚠️  可用余额不足 ($10)，跳过本轮
⚠️  可用余额不足 ($10)，跳过本轮
⚠️  可用余额不足 ($10)，跳过本轮
⚠️  可用余额不足 ($10)，跳过本轮
⚠️  可用余额不足 ($10)，跳过本轮
⚠️  可用余额不足 ($10)，跳过本轮
⚠️  可用余额不足 ($10)，跳过本轮
⚠️  可用余额不足 ($10)，跳过本轮
⚠️  可用余额不足 ($10)，跳过本轮
⚠️  可用余额不足 ($10)，跳过本轮
⚠️  可用余额不足 ($10)，跳过本轮
⚠️  可用余额不足 ($10)，跳过本轮
⚠️  可用余额不足 ($10)，跳过本轮
⚠️  可用余额不足 ($10)，跳过本轮
⚠️  可用余额不足 ($10)，跳过本轮
⚠️  可用余额不足 ($10)，跳过本轮
⚠️  可用余额不足 ($10)，跳过本轮
⚠️  可用余额不足 ($10)，跳过本轮
⚠️  可用余额不足 ($10)，跳过本轮
⚠️  可用余额不足 ($10)，跳过本轮
⚠️  可用余额不足 ($10)，跳过本轮
⚠️  可用余额不足 ($10)，跳过本轮
⚠️  可用余额不足 ($10)，跳过本轮
⚠️  可用余额不足 ($10)，跳过本轮
⚠️  可用余额不足 ($10)，跳过本轮
⚠️  可用余额不足 ($10)，跳过本轮
⚠️  可用余额不足 ($10)，跳过本轮
⚠️  可用余额不足 ($10)，跳过本轮
⚠️  可用余额不足 ($10)，跳过本轮
⚠️  可用余额不足 ($10)，跳过本轮
⚠️  可用余额不足 ($10)，跳过本轮
⚠️  可用余额不足 ($10)，跳过本轮
⚠️  可用余额不足 ($10)，跳过本轮
⚠️  可用余额不足 ($10)，跳过本轮
⚠️  可用余额不足 ($10)，跳过本轮
⚠️  可用余额不足 ($10)，跳过本轮
⚠️  可用余额不足 ($10)，跳过本轮
⚠️  可用余额不足 ($10)，跳过本轮
⚠️  可用余额不足 ($10)，跳过本轮
⚠️  可用余额不足 ($10)，跳过本轮
⚠️  可用余额不足 ($10)，跳过本轮
⚠️  可用余额不足 ($10)，跳过本轮
⚠️  可用余额不足 ($10)，跳过本轮
⚠️  可用余额不足 ($10)，跳过本轮
⚠️  可用余额不足 ($10)，跳过本轮
⚠️  可用余额不足 ($10)，跳过本轮
⚠️  可用余额不足 ($10)，跳过本轮
⚠️  可用余额不足 ($10)，跳过本轮
⚠️  可用余额不足 ($10)，跳过本轮
⚠️  可用余额不足 ($10)，跳过本轮
⚠️  可用余额不足 ($10)，跳过本轮
⚠️  可用余额不足 ($10)，跳过本轮
⚠️  可用余额不足 ($10)，跳过本轮
⚠️  可用余额不足 ($10)，跳过本轮
⚠️  可用余额不足 ($10)，跳过本轮
⚠️  可用余额不足 ($10)，跳过本轮
⚠️  可用余额不足 ($10)，跳过本轮
⚠️  可用余额不足 ($10)，跳过本轮
⚠️  可用余额不足 ($10)，跳过本轮
⚠️  可用余额不足 ($10)，跳过本轮
⚠️  可用余额不足 ($10)，跳过本轮
⚠️  可用余额不足 ($10)，跳过本轮
⚠️  可用余额不足 ($10)，跳过本轮
⚠️  可用余额不足 ($10)，跳过本轮
⚠️  可用余额不足 ($10)，跳过本轮
⚠️  可用余额不足 ($10)，跳过本轮
⚠️  可用余额不足 ($10)，跳过本轮
⚠️  可用余额不足 ($10)，跳过本轮
⚠️  可用余额不足 ($10)，跳过本轮
⚠️  可用余额不足 ($10)，跳过本轮
⚠️  可用余额不足 ($10)，跳过本轮
⚠️  可用余额不足 ($10)，跳过本轮
⚠️  可用余额不足 ($10)，跳过本轮
⚠️  可用余额不足 ($10)，跳过本轮
⚠️  可用余额不足 ($10)，跳过本轮
⚠️  可用余额不足 ($10)，跳过本轮
⚠️  可用余额不足 ($10)，跳过本轮
⚠️  可用余额不足 ($10)，跳过本轮
⚠️  可用余额不足 ($10)，跳过本轮
⚠️  可用余额不足 ($10)，跳过本轮
⚠️  可用余额不足 ($10)，跳过本轮
⚠️  可用余额不足 ($10)，跳过本轮
⚠️  可用余额不足 ($10)，跳过本轮
⚠️  可用余额不足 ($10)，跳过本轮
⚠️  可用余额不足 ($10)，跳过本轮
⚠️  可用余额不足 ($10)，跳过本轮
⚠️  可用余额不足 ($10)，跳过本轮
⚠️  可用余额不足 ($10)，跳过本轮
⚠️  可用余额不足 ($10)，跳过本轮
⚠️  可用余额不足 ($10)，跳过本轮
⚠️  可用余额不足 ($10)，跳过本轮
⚠️  可用余额不足 ($10)，跳过本轮
⚠️  可用余额不足 ($10)，跳过本轮
⚠️  可用余额不足 ($10)，跳过本轮
⚠️  可用余额不足 ($10)，跳过本轮
⚠️  可用余额不足 ($10)，跳过本轮
⚠️  可用余额不足 ($10)，跳过本轮
⚠️  可用余额不足 ($10)，跳过本轮
⚠️  可用余额不足 ($10)，跳过本轮
⚠️  可用余额不足 ($10)，跳过本轮
⚠️  可用余额不足 ($10)，跳过本轮
⚠️  可用余额不足 ($10)，跳过本轮
⚠️  可用余额不足 ($10)，跳过本轮
⚠️  可用余额不足 ($10)，跳过本轮
⚠️  可用余额不足 ($10)，跳过本轮
⚠️  可用余额不足 ($10)，跳过本轮
⚠️  可用余额不足 ($10)，跳过本轮
⚠️  可用余额不足 ($10)，跳过本轮
⚠️  可用余额不足 ($10)，跳过本轮
⚠️  可用余额不足 ($10)，跳过本轮
⚠️  可用余额不足 ($10)，跳过本轮
⚠️  可用余额不足 ($10)，跳过本轮
⚠️  可用余额不足 ($10)，跳过本轮
⚠️  可用余额不足 ($10)，跳过本轮
⚠️  可用余额不足 ($10)，跳过本轮
⚠️  可用余额不足 ($10)，跳过本轮
⚠️  可用余额不足 ($10)，跳过本轮
⚠️  可用余额不足 ($10)，跳过本轮
⚠️  可用余额不足 ($10)，跳过本轮
⚠️  可用余额不足 ($10)，跳过本轮
⚠️  可用余额不足 ($10)，跳过本轮
⚠️  可用余额不足 ($10)，跳过本轮
⚠️  可用余额不足 ($10)，跳过本轮
⚠️  可用余额不足 ($10)，跳过本轮
⚠️  可用余额不足 ($10)，跳过本轮
⚠️  可用余额不足 ($10)，跳过本轮
⚠️  可用余额不足 ($10)，跳过本轮
⚠️  可用余额不足 ($10)，跳过本轮
⚠️  可用余额不足 ($10)，跳过本轮
⚠️  可用余额不足 ($10)，跳过本轮
⚠️  可用余额不足 ($10)，跳过本轮
⚠️  可用余额不足 ($10)，跳过本轮
⚠️  可用余额不足 ($10)，跳过本轮
⚠️  可用余额不足 ($10)，跳过本轮
⚠️  可用余额不足 ($10)，跳过本轮
⚠️  可用余额不足 ($10)，跳过本轮
⚠️  可用余额不足 ($10)，跳过本轮
⚠️  可用余额不足 ($10)，跳过本轮
⚠️  可用余额不足 ($10)，跳过本轮
⚠️  可用余额不足 ($10)，跳过本轮
⚠️  可用余额不足 ($10)，跳过本轮
⚠️  可用余额不足 ($10)，跳过本轮
⚠️  可用余额不足 ($10)，跳过本轮
⚠️  可用余额不足 ($10)，跳过本轮
⚠️  可用余额不足 ($10)，跳过本轮
⚠️  可用余额不足 ($10)，跳过本轮
⚠️  可用余额不足 ($10)，跳过本轮
⚠️  可用余额不足 ($10)，跳过本轮
⚠️  可用余额不足 ($10)，跳过本轮
⚠️  可用余额不足 ($10)，跳过本轮
⚠️  可用余额不足 ($10)，跳过本轮
⚠️  可用余额不足 ($10)，跳过本轮
⚠️  可用余额不足 ($10)，跳过本轮
⚠️  可用余额不足 ($10)，跳过本轮
⚠️  可用余额不足 ($10)，跳过本轮
⚠️  可用余额不足 ($10)，跳过本轮
⚠️  可用余额不足 ($10)，跳过本轮
⚠️  可用余额不足 ($10)，跳过本轮
⚠️  可用余额不足 ($10)，跳过本轮
⚠️  可用余额不足 ($10)，跳过本轮
⚠️  可用余额不足 ($10)，跳过本轮
⚠️  可用余额不足 ($10)，跳过本轮
⚠️  可用余额不足 ($10)，跳过本轮
⚠️  可用余额不足 ($10)，跳过本轮
⚠️  可用余额不足 ($10)，跳过本轮
⚠️  可用余额不足 ($10)，跳过本轮
⚠️  可用余额不足 ($10)，跳过本轮
⚠️  可用余额不足 ($10)，跳过本轮
⚠️  可用余额不足 ($10)，跳过本轮
⚠️  可用余额不足 ($10)，跳过本轮
⚠️  可用余额不足 ($10)，跳过本轮
⚠️  可用余额不足 ($10)，跳过本轮
⚠️  可用余额不足 ($10)，跳过本轮
⚠️  可用余额不足 ($10)，跳过本轮
⚠️  可用余额不足 ($10)，跳过本轮
⚠️  可用余额不足 ($10)，跳过本轮
⚠️  可用余额不足 ($10)，跳过本轮
⚠️  可用余额不足 ($10)，跳过本轮
⚠️  可用余额不足 ($10)，跳过本轮
⚠️  可用余额不足 ($10)，跳过本轮
⚠️  可用余额不足 ($10)，跳过本轮
⚠️  可用余额不足 ($10)，跳过本轮
⚠️  可用余额不足 ($10)，跳过本轮
⚠️  可用余额不足 ($10)，跳过本轮
⚠️  可用余额不足 ($10)，跳过本轮
⚠️  可用余额不足 ($10)，跳过本轮
⚠️  可用余额不足 ($10)，跳过本轮
⚠️  可用余额不足 ($10)，跳过本轮
⚠️  可用余额不足 ($10)，跳过本轮
⚠️  可用余额不足 ($10)，跳过本轮
⚠️  可用余额不足 ($10)，跳过本轮
⚠️  可用余额不足 ($10)，跳过本轮
⚠️  可用余额不足 ($10)，跳过本轮
⚠️  可用余额不足 ($10)，跳过本轮
⚠️  可用余额不足 ($10)，跳过本轮
⚠️  可用余额不足 ($10)，跳过本轮
⚠️  可用余额不足 ($10)，跳过本轮
⚠️  可用余额不足 ($10)，跳过本轮
⚠️  可用余额不足 ($10)，跳过本轮
⚠️  可用余额不足 ($10)，跳过本轮
⚠️  可用余额不足 ($10)，跳过本轮
⚠️  可用余额不足 ($10)，跳过本轮
⚠️  可用余额不足 ($10)，跳过本轮
⚠️  可用余额不足 ($10)，跳过本轮
⚠️  可用余额不足 ($10)，跳过本轮
⚠️  可用余额不足 ($10)，跳过本轮
⚠️  可用余额不足 ($10)，跳过本轮
⚠️  可用余额不足 ($10)，跳过本轮
⚠️  可用余额不足 ($10)，跳过本轮
⚠️  可用余额不足 ($10)，跳过本轮
⚠️  可用余额不足 ($10)，跳过本轮
⚠️  可用余额不足 ($10)，跳过本轮
⚠️  可用余额不足 ($10)，跳过本轮
⚠️  可用余额不足 ($10)，跳过本轮
⚠️  可用余额不足 ($10)，跳过本轮
⚠️  可用余额不足 ($10)，跳过本轮
⚠️  可用余额不足 ($10)，跳过本轮
⚠️  可用余额不足 ($10)，跳过本轮
⚠️  可用余额不足 ($10)，跳过本轮
⚠️  可用余额不足 ($10)，跳过本轮
⚠️  可用余额不足 ($10)，跳过本轮
⚠️  可用余额不足 ($10)，跳过本轮
⚠️  可用余额不足 ($10)，跳过本轮
⚠️  可用余额不足 ($10)，跳过本轮
⚠️  可用余额不足 ($10)，跳过本轮
⚠️  可用余额不足 ($10)，跳过本轮
⚠️  可用余额不足 ($10)，跳过本轮
⚠️  可用余额不足 ($10)，跳过本轮
⚠️  可用余额不足 ($10)，跳过本轮
⚠️  可用余额不足 ($10)，跳过本轮
⚠️  可用余额不足 ($10)，跳过本轮
⚠️  可用余额不足 ($10)，跳过本轮
⚠️  可用余额不足 ($10)，跳过本轮
⚠️  可用余额不足 ($10)，跳过本轮
⚠️  可用余额不足 ($10)，跳过本轮
⚠️  可用余额不足 ($10)，跳过本轮
⚠️  可用余额不足 ($10)，跳过本轮
⚠️  可用余额不足 ($10)，跳过本轮
⚠️  可用余额不足 ($10)，跳过本轮
⚠️  可用余额不足 ($10)，跳过本轮
⚠️  可用余额不足 ($10)，跳过本轮
⚠️  可用余额不足 ($10)，跳过本轮
⚠️  可用余额不足 ($10)，跳过本轮
⚠️  可用余额不足 ($10)，跳过本轮
⚠️  可用余额不足 ($10)，跳过本轮
⚠️  可用余额不足 ($10)，跳过本轮
⚠️  可用余额不足 ($10)，跳过本轮
⚠️  可用余额不足 ($10)，跳过本轮
⚠️  可用余额不足 ($10)，跳过本轮
⚠️  可用余额不足 ($10)，跳过本轮
⚠️  可用余额不足 ($10)，跳过本轮
⚠️  可用余额不足 ($10)，跳过本轮
⚠️  可用余额不足 ($10)，跳过本轮
⚠️  可用余额不足 ($10)，跳过本轮
⚠️  可用余额不足 ($10)，跳过本轮
⚠️  可用余额不足 ($10)，跳过本轮
⚠️  可用余额不足 ($10)，跳过本轮
⚠️  可用余额不足 ($10)，跳过本轮
⚠️  可用余额不足 ($10)，跳过本轮
⚠️  可用余额不足 ($10)，跳过本轮
⚠️  可用余额不足 ($10)，跳过本轮
⚠️  可用余额不足 ($10)，跳过本轮
⚠️  可用余额不足 ($10)，跳过本轮
⚠️  可用余额不足 ($10)，跳过本轮
⚠️  可用余额不足 ($10)，跳过本轮
⚠️  可用余额不足 ($10)，跳过本轮
⚠️  可用余额不足 ($10)，跳过本轮
⚠️  可用余额不足 ($10)，跳过本轮
⚠️  可用余额不足 ($10)，跳过本轮
⚠️  可用余额不足 ($10)，跳过本轮
⚠️  可用余额不足 ($10)，跳过本轮
⚠️  可用余额不足 ($10)，跳过本轮
⚠️  可用余额不足 ($10)，跳过本轮
⚠️  可用余额不足 ($10)，跳过本轮
⚠️  可用余额不足 ($10)，跳过本轮
⚠️  可用余额不足 ($10)，跳过本轮
⚠️  可用余额不足 ($10)，跳过本轮
⚠️  可用余额不足 ($10)，跳过本轮
⚠️  可用余额不足 ($10)，跳过本轮
⚠️  可用余额不足 ($10)，跳过本轮
⚠️  可用余额不足 ($10)，跳过本轮
⚠️  可用余额不足 ($10)，跳过本轮
⚠️  可用余额不足 ($10)，跳过本轮
⚠️  可用余额不足 ($10)，跳过本轮
⚠️  可用余额不足 ($10)，跳过本轮
⚠️  可用余额不足 ($10)，跳过本轮
⚠️  可用余额不足 ($10)，跳过本轮
⚠️  可用余额不足 ($10)，跳过本轮
⚠️  可用余额不足 ($10)，跳过本轮
⚠️  可用余额不足 ($10)，跳过本轮
⚠️  可用余额不足 ($10)，跳过本轮
⚠️  可用余额不足 ($10)，跳过本轮
⚠️  可用余额不足 ($10)，跳过本轮
⚠️  可用余额不足 ($10)，跳过本轮
⚠️  可用余额不足 ($10)，跳过本轮
⚠️  可用余额不足 ($10)，跳过本轮
⚠️  可用余额不足 ($10)，跳过本轮
⚠️  可用余额不足 ($10)，跳过本轮
⚠️  可用余额不足 ($10)，跳过本轮
⚠️  可用余额不足 ($10)，跳过本轮
⚠️  可用余额不足 ($10)，跳过本轮
⚠️  可用余额不足 ($10)，跳过本轮
⚠️  可用余额不足 ($10)，跳过本轮
⚠️  可用余额不足 ($10)，跳过本轮
⚠️  可用余额不足 ($10)，跳过本轮
⚠️  可用余额不足 ($10)，跳过本轮
⚠️  可用余额不足 ($10)，跳过本轮
⚠️  可用余额不足 ($10)，跳过本轮
⚠️  可用余额不足 ($10)，跳过本轮
⚠️  可用余额不足 ($10)，跳过本轮
⚠️  可用余额不足 ($10)，跳过本轮
⚠️  可用余额不足 ($10)，跳过本轮
⚠️  可用余额不足 ($10)，跳过本轮
⚠️  可用余额不足 ($10)，跳过本轮
⚠️  可用余额不足 ($10)，跳过本轮
⚠️  可用余额不足 ($10)，跳过本轮
⚠️  可用余额不足 ($10)，跳过本轮
⚠️  可用余额不足 ($10)，跳过本轮
⚠️  可用余额不足 ($10)，跳过本轮
⚠️  可用余额不足 ($10)，跳过本轮
⚠️  可用余额不足 ($10)，跳过本轮
⚠️  可用余额不足 ($10)，跳过本轮
⚠️  可用余额不足 ($10)，跳过本轮
⚠️  可用余额不足 ($10)，跳过本轮
⚠️  可用余额不足 ($10)，跳过本轮
⚠️  可用余额不足 ($10)，跳过本轮
⚠️  可用余额不足 ($10)，跳过本轮
⚠️  可用余额不足 ($10)，跳过本轮
⚠️  可用余额不足 ($10)，跳过本轮
⚠️  可用余额不足 ($10)，跳过本轮
⚠️  可用余额不足 ($10)，跳过本轮
⚠️  可用余额不足 ($10)，跳过本轮
⚠️  可用余额不足 ($10)，跳过本轮
⚠️  可用余额不足 ($10)，跳过本轮
⚠️  可用余额不足 ($10)，跳过本轮
⚠️  可用余额不足 ($10)，跳过本轮
⚠️  可用余额不足 ($10)，跳过本轮
⚠️  可用余额不足 ($10)，跳过本轮
⚠️  可用余额不足 ($10)，跳过本轮
⚠️  可用余额不足 ($10)，跳过本轮
⚠️  可用余额不足 ($10)，跳过本轮
⚠️  可用余额不足 ($10)，跳过本轮
⚠️  可用余额不足 ($10)，跳过本轮
⚠️  可用余额不足 ($10)，跳过本轮
⚠️  可用余额不足 ($10)，跳过本轮
⚠️  可用余额不足 ($10)，跳过本轮
⚠️  可用余额不足 ($10)，跳过本轮
⚠️  可用余额不足 ($10)，跳过本轮
⚠️  可用余额不足 ($10)，跳过本轮
⚠️  可用余额不足 ($10)，跳过本轮
⚠️  可用余额不足 ($10)，跳过本轮
⚠️  可用余额不足 ($10)，跳过本轮
⚠️  可用余额不足 ($10)，跳过本轮
⚠️  可用余额不足 ($10)，跳过本轮
⚠️  可用余额不足 ($10)，跳过本轮
⚠️  可用余额不足 ($10)，跳过本轮
⚠️  可用余额不足 ($10)，跳过本轮
⚠️  可用余额不足 ($10)，跳过本轮
⚠️  可用余额不足 ($10)，跳过本轮
⚠️  可用余额不足 ($10)，跳过本轮
⚠️  可用余额不足 ($10)，跳过本轮
⚠️  可用余额不足 ($10)，跳过本轮
⚠️  可用余额不足 ($10)，跳过本轮
⚠️  可用余额不足 ($10)，跳过本轮
⚠️  可用余额不足 ($10)，跳过本轮
⚠️  可用余额不足 ($10)，跳过本轮
⚠️  可用余额不足 ($10)，跳过本轮
⚠️  可用余额不足 ($10)，跳过本轮
⚠️  可用余额不足 ($10)，跳过本轮
⚠️  可用余额不足 ($10)，跳过本轮
⚠️  可用余额不足 ($10)，跳过本轮
⚠️  可用余额不足 ($10)，跳过本轮
⚠️  可用余额不足 ($10)，跳过本轮
⚠️  可用余额不足 ($10)，跳过本轮
⚠️  可用余额不足 ($10)，跳过本轮
⚠️  可用余额不足 ($10)，跳过本轮
⚠️  可用余额不足 ($10)，跳过本轮
⚠️  可用余额不足 ($10)，跳过本轮
⚠️  可用余额不足 ($10)，跳过本轮
⚠️  可用余额不足 ($10)，跳过本轮
⚠️  可用余额不足 ($10)，跳过本轮
⚠️  可用余额不足 ($10)，跳过本轮
⚠️  可用余额不足 ($10)，跳过本轮
⚠️  可用余额不足 ($10)，跳过本轮
⚠️  可用余额不足 ($10)，跳过本轮
⚠️  可用余额不足 ($10)，跳过本轮
⚠️  可用余额不足 ($10)，跳过本轮
⚠️  可用余额不足 ($10)，跳过本轮
⚠️  可用余额不足 ($10)，跳过本轮
⚠️  可用余额不足 ($10)，跳过本轮
⚠️  可用余额不足 ($10)，跳过本轮
⚠️  可用余额不足 ($10)，跳过本轮
⚠️  可用余额不足 ($10)，跳过本轮
⚠️  可用余额不足 ($10)，跳过本轮
⚠️  可用余额不足 ($10)，跳过本轮
⚠️  可用余额不足 ($10)，跳过本轮
⚠️  可用余额不足 ($10)，跳过本轮
⚠️  可用余额不足 ($10)，跳过本轮
⚠️  可用余额不足 ($10)，跳过本轮
⚠️  可用余额不足 ($10)，跳过本轮
⚠️  可用余额不足 ($10)，跳过本轮
⚠️  可用余额不足 ($10)，跳过本轮
⚠️  可用余额不足 ($10)，跳过本轮
⚠️  可用余额不足 ($10)，跳过本轮
⚠️  可用余额不足 ($10)，跳过本轮
⚠️  可用余额不足 ($10)，跳过本轮
⚠️  可用余额不足 ($10)，跳过本轮
⚠️  可用余额不足 ($10)，跳过本轮
⚠️  可用余额不足 ($10)，跳过本轮
⚠️  可用余额不足 ($10)，跳过本轮
⚠️  可用余额不足 ($10)，跳过本轮
⚠️  可用余额不足 ($10)，跳过本轮
⚠️  可用余额不足 ($10)，跳过本轮
⚠️  可用余额不足 ($10)，跳过本轮
⚠️  可用余额不足 ($10)，跳过本轮
⚠️  可用余额不足 ($10)，跳过本轮
⚠️  可用余额不足 ($10)，跳过本轮
⚠️  可用余额不足 ($10)，跳过本轮
⚠️  可用余额不足 ($10)，跳过本轮
⚠️  可用余额不足 ($10)，跳过本轮
⚠️  可用余额不足 ($10)，跳过本轮
⚠️  可用余额不足 ($10)，跳过本轮
⚠️  可用余额不足 ($10)，跳过本轮
⚠️  可用余额不足 ($10)，跳过本轮
⚠️  可用余额不足 ($10)，跳过本轮
⚠️  可用余额不足 ($10)，跳过本轮
⚠️  可用余额不足 ($10)，跳过本轮
⚠️  可用余额不足 ($10)，跳过本轮
⚠️  可用余额不足 ($10)，跳过本轮
⚠️  可用余额不足 ($10)，跳过本轮
⚠️  可用余额不足 ($10)，跳过本轮
⚠️  可用余额不足 ($10)，跳过本轮
⚠️  可用余额不足 ($10)，跳过本轮
⚠️  可用余额不足 ($10)，跳过本轮
⚠️  可用余额不足 ($10)，跳过本轮
⚠️  可用余额不足 ($10)，跳过本轮
⚠️  可用余额不足 ($10)，跳过本轮
⚠️  可用余额不足 ($10)，跳过本轮
⚠️  可用余额不足 ($10)，跳过本轮
⚠️  可用余额不足 ($10)，跳过本轮
⚠️  可用余额不足 ($10)，跳过本轮
⚠️  可用余额不足 ($10)，跳过本轮
⚠️  可用余额不足 ($10)，跳过本轮
⚠️  可用余额不足 ($10)，跳过本轮
⚠️  可用余额不足 ($10)，跳过本轮
⚠️  可用余额不足 ($10)，跳过本轮
⚠️  可用余额不足 ($10)，跳过本轮
⚠️  可用余额不足 ($10)，跳过本轮
⚠️  可用余额不足 ($10)，跳过本轮
⚠️  可用余额不足 ($10)，跳过本轮
⚠️  可用余额不足 ($10)，跳过本轮
⚠️  可用余额不足 ($10)，跳过本轮
⚠️  可用余额不足 ($10)，跳过本轮
⚠️  可用余额不足 ($10)，跳过本轮
⚠️  可用余额不足 ($10)，跳过本轮
⚠️  可用余额不足 ($10)，跳过本轮
⚠️  可用余额不足 ($10)，跳过本轮
⚠️  可用余额不足 ($10)，跳过本轮
⚠️  可用余额不足 ($10)，跳过本轮
⚠️  可用余额不足 ($10)，跳过本轮
⚠️  可用余额不足 ($10)，跳过本轮
⚠️  可用余额不足 ($10)，跳过本轮
⚠️  可用余额不足 ($10)，跳过本轮
⚠️  可用余额不足 ($10)，跳过本轮
⚠️  可用余额不足 ($10)，跳过本轮
⚠️  可用余额不足 ($10)，跳过本轮
⚠️  可用余额不足 ($10)，跳过本轮
⚠️  可用余额不足 ($10)，跳过本轮
⚠️  可用余额不足 ($10)，跳过本轮
⚠️  可用余额不足 ($10)，跳过本轮
⚠️  可用余额不足 ($10)，跳过本轮
⚠️  可用余额不足 ($10)，跳过本轮
⚠️  可用余额不足 ($10)，跳过本轮
⚠️  可用余额不足 ($10)，跳过本轮
⚠️  可用余额不足 ($10)，跳过本轮
⚠️  可用余额不足 ($10)，跳过本轮
⚠️  可用余额不足 ($10)，跳过本轮
⚠️  可用余额不足 ($10)，跳过本轮
⚠️  可用余额不足 ($10)，跳过本轮
⚠️  可用余额不足 ($10)，跳过本轮
⚠️  可用余额不足 ($10)，跳过本轮
⚠️  可用余额不足 ($10)，跳过本轮
⚠️  可用余额不足 ($10)，跳过本轮
⚠️  可用余额不足 ($10)，跳过本轮
⚠️  可用余额不足 ($10)，跳过本轮
⚠️  可用余额不足 ($10)，跳过本轮
⚠️  可用余额不足 ($10)，跳过本轮
⚠️  可用余额不足 ($10)，跳过本轮
⚠️  可用余额不足 ($10)，跳过本轮
⚠️  可用余额不足 ($10)，跳过本轮
⚠️  可用余额不足 ($10)，跳过本轮
⚠️  可用余额不足 ($10)，跳过本轮
⚠️  可用余额不足 ($10)，跳过本轮
⚠️  可用余额不足 ($10)，跳过本轮
⚠️  可用余额不足 ($10)，跳过本轮
⚠️  可用余额不足 ($10)，跳过本轮
⚠️  可用余额不足 ($10)，跳过本轮
⚠️  可用余额不足 ($10)，跳过本轮
⚠️  可用余额不足 ($10)，跳过本轮
⚠️  可用余额不足 ($10)，跳过本轮
⚠️  可用余额不足 ($10)，跳过本轮
⚠️  可用余额不足 ($10)，跳过本轮
⚠️  可用余额不足 ($10)，跳过本轮
⚠️  可用余额不足 ($10)，跳过本轮
⚠️  可用余额不足 ($10)，跳过本轮
⚠️  可用余额不足 ($10)，跳过本轮
⚠️  可用余额不足 ($10)，跳过本轮
⚠️  可用余额不足 ($10)，跳过本轮
⚠️  可用余额不足 ($10)，跳过本轮
⚠️  可用余额不足 ($10)，跳过本轮
⚠️  可用余额不足 ($10)，跳过本轮
⚠️  可用余额不足 ($10)，跳过本轮
⚠️  可用余额不足 ($10)，跳过本轮
⚠️  可用余额不足 ($10)，跳过本轮
⚠️  可用余额不足 ($10)，跳过本轮
⚠️  可用余额不足 ($10)，跳过本轮
⚠️  可用余额不足 ($10)，跳过本轮
⚠️  可用余额不足 ($10)，跳过本轮
⚠️  可用余额不足 ($10)，跳过本轮
⚠️  可用余额不足 ($10)，跳过本轮
⚠️  可用余额不足 ($10)，跳过本轮
⚠️  可用余额不足 ($10)，跳过本轮
⚠️  可用余额不足 ($10)，跳过本轮
⚠️  可用余额不足 ($10)，跳过本轮
⚠️  可用余额不足 ($10)，跳过本轮
⚠️  可用余额不足 ($10)，跳过本轮
⚠️  可用余额不足 ($10)，跳过本轮
⚠️  可用余额不足 ($10)，跳过本轮
⚠️  可用余额不足 ($10)，跳过本轮
⚠️  可用余额不足 ($10)，跳过本轮
⚠️  可用余额不足 ($10)，跳过本轮
⚠️  可用余额不足 ($10)，跳过本轮
⚠️  可用余额不足 ($10)，跳过本轮
⚠️  可用余额不足 ($10)，跳过本轮
⚠️  可用余额不足 ($10)，跳过本轮
⚠️  可用余额不足 ($10)，跳过本轮
⚠️  可用余额不足 ($10)，跳过本轮
⚠️  可用余额不足 ($10)，跳过本轮
⚠️  可用余额不足 ($10)，跳过本轮
⚠️  可用余额不足 ($10)，跳过本轮
⚠️  可用余额不足 ($10)，跳过本轮
⚠️  可用余额不足 ($10)，跳过本轮
⚠️  可用余额不足 ($10)，跳过本轮
⚠️  可用余额不足 ($10)，跳过本轮
⚠️  可用余额不足 ($10)，跳过本轮
⚠️  可用余额不足 ($10)，跳过本轮
⚠️  可用余额不足 ($10)，跳过本轮
⚠️  可用余额不足 ($10)，跳过本轮
⚠️  可用余额不足 ($10)，跳过本轮
⚠️  可用余额不足 ($10)，跳过本轮
⚠️  可用余额不足 ($10)，跳过本轮
⚠️  可用余额不足 ($10)，跳过本轮
⚠️  可用余额不足 ($10)，跳过本轮
⚠️  可用余额不足 ($10)，跳过本轮
⚠️  可用余额不足 ($10)，跳过本轮
⚠️  可用余额不足 ($10)，跳过本轮
⚠️  可用余额不足 ($10)，跳过本轮
⚠️  可用余额不足 ($10)，跳过本轮
⚠️  可用余额不足 ($10)，跳过本轮
⚠️  可用余额不足 ($10)，跳过本轮
⚠️  可用余额不足 ($10)，跳过本轮
⚠️  可用余额不足 ($10)，跳过本轮
⚠️  可用余额不足 ($10)，跳过本轮
⚠️  可用余额不足 ($10)，跳过本轮
⚠️  可用余额不足 ($10)，跳过本轮
⚠️  可用余额不足 ($10)，跳过本轮
⚠️  可用余额不足 ($10)，跳过本轮
⚠️  可用余额不足 ($10)，跳过本轮
⚠️  可用余额不足 ($10)，跳过本轮
⚠️  可用余额不足 ($10)，跳过本轮
⚠️  可用余额不足 ($10)，跳过本轮
⚠️  可用余额不足 ($10)，跳过本轮
⚠️  可用余额不足 ($10)，跳过本轮
⚠️  可用余额不足 ($10)，跳过本轮
⚠️  可用余额不足 ($10)，跳过本轮
⚠️  可用余额不足 ($10)，跳过本轮
⚠️  可用余额不足 ($10)，跳过本轮
⚠️  可用余额不足 ($10)，跳过本轮
⚠️  可用余额不足 ($10)，跳过本轮
⚠️  可用余额不足 ($10)，跳过本轮
⚠️  可用余额不足 ($10)，跳过本轮
⚠️  可用余额不足 ($10)，跳过本轮
⚠️  可用余额不足 ($10)，跳过本轮
⚠️  可用余额不足 ($10)，跳过本轮
⚠️  可用余额不足 ($10)，跳过本轮
⚠️  可用余额不足 ($10)，跳过本轮
⚠️  可用余额不足 ($10)，跳过本轮
⚠️  可用余额不足 ($10)，跳过本轮
⚠️  可用余额不足 ($10)，跳过本轮
⚠️  可用余额不足 ($10)，跳过本轮
⚠️  可用余额不足 ($10)，跳过本轮
⚠️  可用余额不足 ($10)，跳过本轮
⚠️  可用余额不足 ($10)，跳过本轮
⚠️  可用余额不足 ($10)，跳过本轮
⚠️  可用余额不足 ($10)，跳过本轮
⚠️  可用余额不足 ($10)，跳过本轮
⚠️  可用余额不足 ($10)，跳过本轮
⚠️  可用余额不足 ($10)，跳过本轮
⚠️  可用余额不足 ($10)，跳过本轮
⚠️  可用余额不足 ($10)，跳过本轮
⚠️  可用余额不足 ($10)，跳过本轮
⚠️  可用余额不足 ($10)，跳过本轮
⚠️  可用余额不足 ($10)，跳过本轮
⚠️  可用余额不足 ($10)，跳过本轮
⚠️  可用余额不足 ($10)，跳过本轮
⚠️  可用余额不足 ($10)，跳过本轮
⚠️  可用余额不足 ($10)，跳过本轮
⚠️  可用余额不足 ($10)，跳过本轮
⚠️  可用余额不足 ($10)，跳过本轮
⚠️  可用余额不足 ($10)，跳过本轮
⚠️  可用余额不足 ($10)，跳过本轮
⚠️  可用余额不足 ($10)，跳过本轮
⚠️  可用余额不足 ($10)，跳过本轮
⚠️  可用余额不足 ($10)，跳过本轮
⚠️  可用余额不足 ($10)，跳过本轮
⚠️  可用余额不足 ($10)，跳过本轮
⚠️  可用余额不足 ($10)，跳过本轮
⚠️  可用余额不足 ($10)，跳过本轮
⚠️  可用余额不足 ($10)，跳过本轮
⚠️  可用余额不足 ($10)，跳过本轮
⚠️  可用余额不足 ($10)，跳过本轮
⚠️  可用余额不足 ($10)，跳过本轮
⚠️  可用余额不足 ($10)，跳过本轮
⚠️  可用余额不足 ($10)，跳过本轮
⚠️  可用余额不足 ($10)，跳过本轮
⚠️  可用余额不足 ($10)，跳过本轮
⚠️  可用余额不足 ($10)，跳过本轮
⚠️  可用余额不足 ($10)，跳过本轮
⚠️  可用余额不足 ($10)，跳过本轮
⚠️  可用余额不足 ($10)，跳过本轮
⚠️  可用余额不足 ($10)，跳过本轮
⚠️  可用余额不足 ($10)，跳过本轮
⚠️  可用余额不足 ($10)，跳过本轮
⚠️  可用余额不足 ($10)，跳过本轮
⚠️  可用余额不足 ($10)，跳过本轮
⚠️  可用余额不足 ($10)，跳过本轮
⚠️  可用余额不足 ($10)，跳过本轮
⚠️  可用余额不足 ($10)，跳过本轮
⚠️  可用余额不足 ($10)，跳过本轮
⚠️  可用余额不足 ($10)，跳过本轮
⚠️  可用余额不足 ($10)，跳过本轮
⚠️  可用余额不足 ($10)，跳过本轮
⚠️  可用余额不足 ($10)，跳过本轮
⚠️  可用余额不足 ($10)，跳过本轮
⚠️  可用余额不足 ($10)，跳过本轮
⚠️  可用余额不足 ($10)，跳过本轮
⚠️  可用余额不足 ($10)，跳过本轮
⚠️  可用余额不足 ($10)，跳过本轮
⚠️  可用余额不足 ($10)，跳过本轮
⚠️  可用余额不足 ($10)，跳过本轮
⚠️  可用余额不足 ($10)，跳过本轮
⚠️  可用余额不足 ($10)，跳过本轮
⚠️  可用余额不足 ($10)，跳过本轮
⚠️  可用余额不足 ($10)，跳过本轮
⚠️  可用余额不足 ($10)，跳过本轮
⚠️  可用余额不足 ($10)，跳过本轮
⚠️  可用余额不足 ($10)，跳过本轮
⚠️  可用余额不足 ($10)，跳过本轮
⚠️  可用余额不足 ($10)，跳过本轮
⚠️  可用余额不足 ($10)，跳过本轮
⚠️  可用余额不足 ($10)，跳过本轮
⚠️  可用余额不足 ($10)，跳过本轮
⚠️  可用余额不足 ($10)，跳过本轮
⚠️  可用余额不足 ($10)，跳过本轮
⚠️  可用余额不足 ($10)，跳过本轮
⚠️  可用余额不足 ($10)，跳过本轮
⚠️  可用余额不足 ($10)，跳过本轮
⚠️  可用余额不足 ($10)，跳过本轮
⚠️  可用余额不足 ($10)，跳过本轮
⚠️  可用余额不足 ($10)，跳过本轮
⚠️  可用余额不足 ($10)，跳过本轮
⚠️  可用余额不足 ($10)，跳过本轮
⚠️  可用余额不足 ($10)，跳过本轮
⚠️  可用余额不足 ($10)，跳过本轮
⚠️  可用余额不足 ($10)，跳过本轮
⚠️  可用余额不足 ($10)，跳过本轮
⚠️  可用余额不足 ($10)，跳过本轮
⚠️  可用余额不足 ($10)，跳过本轮
⚠️  可用余额不足 ($10)，跳过本轮
⚠️  可用余额不足 ($10)，跳过本轮
⚠️  可用余额不足 ($10)，跳过本轮
⚠️  可用余额不足 ($10)，跳过本轮
⚠️  可用余额不足 ($10)，跳过本轮
⚠️  可用余额不足 ($10)，跳过本轮
⚠️  可用余额不足 ($10)，跳过本轮
⚠️  可用余额不足 ($10)，跳过本轮
⚠️  可用余额不足 ($10)，跳过本轮
⚠️  可用余额不足 ($10)，跳过本轮
⚠️  可用余额不足 ($10)，跳过本轮
⚠️  可用余额不足 ($10)，跳过本轮
⚠️  可用余额不足 ($10)，跳过本轮
⚠️  可用余额不足 ($10)，跳过本轮
⚠️  可用余额不足 ($10)，跳过本轮
⚠️  可用余额不足 ($10)，跳过本轮
⚠️  可用余额不足 ($10)，跳过本轮
⚠️  可用余额不足 ($10)，跳过本轮
⚠️  可用余额不足 ($10)，跳过本轮
⚠️  可用余额不足 ($10)，跳过本轮
⚠️  可用余额不足 ($10)，跳过本轮
⚠️  可用余额不足 ($10)，跳过本轮
⚠️  可用余额不足 ($10)，跳过本轮
⚠️  可用余额不足 ($10)，跳过本轮
⚠️  可用余额不足 ($10)，跳过本轮
⚠️  可用余额不足 ($10)，跳过本轮
⚠️  可用余额不足 ($10)，跳过本轮
⚠️  可用余额不足 ($10)，跳过本轮
⚠️  可用余额不足 ($10)，跳过本轮
⚠️  可用余额不足 ($10)，跳过本轮
⚠️  可用余额不足 ($10)，跳过本轮
⚠️  可用余额不足 ($10)，跳过本轮
⚠️  可用余额不足 ($10)，跳过本轮
⚠️  可用余额不足 ($10)，跳过本轮
⚠️  可用余额不足 ($10)，跳过本轮
⚠️  可用余额不足 ($10)，跳过本轮
⚠️  可用余额不足 ($10)，跳过本轮
⚠️  可用余额不足 ($10)，跳过本轮
⚠️  可用余额不足 ($10)，跳过本轮
⚠️  可用余额不足 ($10)，跳过本轮
⚠️  可用余额不足 ($10)，跳过本轮
⚠️  可用余额不足 ($10)，跳过本轮
⚠️  可用余额不足 ($10)，跳过本轮
⚠️  可用余额不足 ($10)，跳过本轮
⚠️  可用余额不足 ($10)，跳过本轮
⚠️  可用余额不足 ($10)，跳过本轮
⚠️  可用余额不足 ($10)，跳过本轮
⚠️  可用余额不足 ($10)，跳过本轮
⚠️  可用余额不足 ($10)，跳过本轮
⚠️  可用余额不足 ($10)，跳过本轮
⚠️  可用余额不足 ($10)，跳过本轮
⚠️  可用余额不足 ($10)，跳过本轮
⚠️  可用余额不足 ($10)，跳过本轮
⚠️  可用余额不足 ($10)，跳过本轮
⚠️  可用余额不足 ($10)，跳过本轮
⚠️  可用余额不足 ($10)，跳过本轮
⚠️  可用余额不足 ($10)，跳过本轮
⚠️  可用余额不足 ($10)，跳过本轮
⚠️  可用余额不足 ($10)，跳过本轮
⚠️  可用余额不足 ($10)，跳过本轮
⚠️  可用余额不足 ($10)，跳过本轮
⚠️  可用余额不足 ($10)，跳过本轮
⚠️  可用余额不足 ($10)，跳过本轮
⚠️  可用余额不足 ($10)，跳过本轮
⚠️  可用余额不足 ($10)，跳过本轮======================================================================
🤖 x402 交易机器人 - 测试模式启动
======================================================================

⚠️  警告：这是测试模式，真实资金不会动用！

📊 配置检查:
----------------------------------------------------------------------
  测试模式: ✅ 开启
  模拟下单: ✅ 开启
  API Key: ✅ 已配置
  API Secret: ✅ 已配置

💰 资金配置:
  初始资金: $10.0 USDT (虚拟)
  止损: -10.0%
  止盈: 5.0%
  最大仓位: 20.0%

======================================================================
🚀 启动测试...
======================================================================

📡 连接 Binance...
✅ 已连接到 binance
✅ 连接成功

💵 Binance 账户 USDT 余额: $0.00
💵 测试虚拟资金: $10.00

🔄 开始监控市场...

📋 交易对:
  - VIRTUAL/USDT
  - PAYAI/USDT
  - PING/USDT

📊 监控中... (按 Ctrl+C 停止)

✅ 已连接到 binance

🤖 交易机器人启动中...
   交易所: binance
   测试模式: 开启
   模拟模式: 开启
   最大仓位: 20.0%
   止损: -10.0%
   止盈: 5.0%

🔄 开始交易循环...
⚠️  可用余额不足 ($10)，跳过本轮
⚠️  可用余额不足 ($10)，跳过本轮
⚠️  可用余额不足 ($10)，跳过本轮
⚠️  可用余额不足 ($10)，跳过本轮
⚠️  可用余额不足 ($10)，跳过本轮
⚠️  可用余额不足 ($10)，跳过本轮
⚠️  可用余额不足 ($10)，跳过本轮
⚠️  可用余额不足 ($10)，跳过本轮
⚠️  可用余额不足 ($10)，跳过本轮
⚠️  可用余额不足 ($10)，跳过本轮
⚠️  可用余额不足 ($10)，跳过本轮
⚠️  可用余额不足 ($10)，跳过本轮
⚠️  可用余额不足 ($10)，跳过本轮
⚠️  可用余额不足 ($10)，跳过本轮
⚠️  可用余额不足 ($10)，跳过本轮
⚠️  可用余额不足 ($10)，跳过本轮
⚠️  可用余额不足 ($10)，跳过本轮
⚠️  可用余额不足 ($10)，跳过本轮
⚠️  可用余额不足 ($10)，跳过本轮
⚠️  可用余额不足 ($10)，跳过本轮
⚠️  可用余额不足 ($10)，跳过本轮
⚠️  可用余额不足 ($10)，跳过本轮
⚠️  可用余额不足 ($10)，跳过本轮
⚠️  可用余额不足 ($10)，跳过本轮
⚠️  可用余额不足 ($10)，跳过本轮
⚠️  可用余额不足 ($10)，跳过本轮
⚠️  可用余额不足 ($10)，跳过本轮
⚠️  可用余额不足 ($10)，跳过本轮
⚠️  可用余额不足 ($10)，跳过本轮
⚠️  可用余额不足 ($10)，跳过本轮
⚠️  可用余额不足 ($10)，跳过本轮
⚠️  可用余额不足 ($10)，跳过本轮
⚠️  可用余额不足 ($10)，跳过本轮
⚠️  可用余额不足 ($10)，跳过本轮
⚠️  可用余额不足 ($10)，跳过本轮
⚠️  可用余额不足 ($10)，跳过本轮
⚠️  可用余额不足 ($10)，跳过本轮
⚠️  可用余额不足 ($10)，跳过本轮
⚠️  可用余额不足 ($10)，跳过本轮
⚠️  可用余额不足 ($10)，跳过本轮
⚠️  可用余额不足 ($10)，跳过本轮
⚠️  可用余额不足 ($10)，跳过本轮
⚠️  可用余额不足 ($10)，跳过本轮
⚠️  可用余额不足 ($10)，跳过本轮
⚠️  可用余额不足 ($10)，跳过本轮
⚠️  可用余额不足 ($10)，跳过本轮
⚠️  可用余额不足 ($10)，跳过本轮
⚠️  可用余额不足 ($10)，跳过本轮
⚠️  可用余额不足 ($10)，跳过本轮
⚠️  可用余额不足 ($10)，跳过本轮
⚠️  可用余额不足 ($10)，跳过本轮
⚠️  可用余额不足 ($10)，跳过本轮
⚠️  可用余额不足 ($10)，跳过本轮
⚠️  可用余额不足 ($10)，跳过本轮
⚠️  可用余额不足 ($10)，跳过本轮
⚠️  可用余额不足 ($10)，跳过本轮
⚠️  可用余额不足 ($10)，跳过本轮
⚠️  可用余额不足 ($10)，跳过本轮
⚠️  可用余额不足 ($10)，跳过本轮
⚠️  可用余额不足 ($10)，跳过本轮
⚠️  可用余额不足 ($10)，跳过本轮
⚠️  可用余额不足 ($10)，跳过本轮
⚠️  可用余额不足 ($10)，跳过本轮
⚠️  可用余额不足 ($10)，跳过本轮
⚠️  可用余额不足 ($10)，跳过本轮
⚠️  可用余额不足 ($10)，跳过本轮
⚠️  可用余额不足 ($10)，跳过本轮
⚠️  可用余额不足 ($10)，跳过本轮
⚠️  可用余额不足 ($10)，跳过本轮
⚠️  可用余额不足 ($10)，跳过本轮
⚠️  可用余额不足 ($10)，跳过本轮
⚠️  可用余额不足 ($10)，跳过本轮
⚠️  可用余额不足 ($10)，跳过本轮
⚠️  可用余额不足 ($10)，跳过本轮
⚠️  可用余额不足 ($10)，跳过本轮
⚠️  可用余额不足 ($10)，跳过本轮
⚠️  可用余额不足 ($10)，跳过本轮
⚠️  可用余额不足 ($10)，跳过本轮
⚠️  可用余额不足 ($10)，跳过本轮
⚠️  可用余额不足 ($10)，跳过本轮
⚠️  可用余额不足 ($10)，跳过本轮
⚠️  可用余额不足 ($10)，跳过本轮
⚠️  可用余额不足 ($10)，跳过本轮
⚠️  可用余额不足 ($10)，跳过本轮
⚠️  可用余额不足 ($10)，跳过本轮
⚠️  可用余额不足 ($10)，跳过本轮
⚠️  可用余额不足 ($10)，跳过本轮
⚠️  可用余额不足 ($10)，跳过本轮
⚠️  可用余额不足 ($10)，跳过本轮
⚠️  可用余额不足 ($10)，跳过本轮
⚠️  可用余额不足 ($10)，跳过本轮
⚠️  可用余额不足 ($10)，跳过本轮
⚠️  可用余额不足 ($10)，跳过本轮
⚠️  可用余额不足 ($10)，跳过本轮
⚠️  可用余额不足 ($10)，跳过本轮
⚠️  可用余额不足 ($10)，跳过本轮
⚠️  可用余额不足 ($10)，跳过本轮
⚠️  可用余额不足 ($10)，跳过本轮
⚠️  可用余额不足 ($10)，跳过本轮
⚠️  可用余额不足 ($10)，跳过本轮
⚠️  可用余额不足 ($10)，跳过本轮
⚠️  可用余额不足 ($10)，跳过本轮
⚠️  可用余额不足 ($10)，跳过本轮
⚠️  可用余额不足 ($10)，跳过本轮
⚠️  可用余额不足 ($10)，跳过本轮
⚠️  可用余额不足 ($10)，跳过本轮
⚠️  可用余额不足 ($10)，跳过本轮
⚠️  可用余额不足 ($10)，跳过本轮
⚠️  可用余额不足 ($10)，跳过本轮
⚠️  可用余额不足 ($10)，跳过本轮
⚠️  可用余额不足 ($10)，跳过本轮
⚠️  可用余额不足 ($10)，跳过本轮
⚠️  可用余额不足 ($10)，跳过本轮
⚠️  可用余额不足 ($10)，跳过本轮
⚠️  可用余额不足 ($10)，跳过本轮
⚠️  可用余额不足 ($10)，跳过本轮
⚠️  可用余额不足 ($10)，跳过本轮
⚠️  可用余额不足 ($10)，跳过本轮
⚠️  可用余额不足 ($10)，跳过本轮
⚠️  可用余额不足 ($10)，跳过本轮
⚠️  可用余额不足 ($10)，跳过本轮
⚠️  可用余额不足 ($10)，跳过本轮
⚠️  可用余额不足 ($10)，跳过本轮
⚠️  可用余额不足 ($10)，跳过本轮
⚠️  可用余额不足 ($10)，跳过本轮
⚠️  可用余额不足 ($10)，跳过本轮
⚠️  可用余额不足 ($10)，跳过本轮
⚠️  可用余额不足 ($10)，跳过本轮
⚠️  可用余额不足 ($10)，跳过本轮
⚠️  可用余额不足 ($10)，跳过本轮
⚠️  可用余额不足 ($10)，跳过本轮
⚠️  可用余额不足 ($10)，跳过本轮
⚠️  可用余额不足 ($10)，跳过本轮
⚠️  可用余额不足 ($10)，跳过本轮
⚠️  可用余额不足 ($10)，跳过本轮
⚠️  可用余额不足 ($10)，跳过本轮
⚠️  可用余额不足 ($10)，跳过本轮
⚠️  可用余额不足 ($10)，跳过本轮
⚠️  可用余额不足 ($10)，跳过本轮
⚠️  可用余额不足 ($10)，跳过本轮
⚠️  可用余额不足 ($10)，跳过本轮
⚠️  可用余额不足 ($10)，跳过本轮
⚠️  可用余额不足 ($10)，跳过本轮
⚠️  可用余额不足 ($10)，跳过本轮
⚠️  可用余额不足 ($10)，跳过本轮
⚠️  可用余额不足 ($10)，跳过本轮
⚠️  可用余额不足 ($10)，跳过本轮
⚠️  可用余额不足 ($10)，跳过本轮
⚠️  可用余额不足 ($10)，跳过本轮
⚠️  可用余额不足 ($10)，跳过本轮
⚠️  可用余额不足 ($10)，跳过本轮
⚠️  可用余额不足 ($10)，跳过本轮
⚠️  可用余额不足 ($10)，跳过本轮
⚠️  可用余额不足 ($10)，跳过本轮
⚠️  可用余额不足 ($10)，跳过本轮
⚠️  可用余额不足 ($10)，跳过本轮
⚠️  可用余额不足 ($10)，跳过本轮
⚠️  可用余额不足 ($10)，跳过本轮
⚠️  可用余额不足 ($10)，跳过本轮
⚠️  可用余额不足 ($10)，跳过本轮
⚠️  可用余额不足 ($10)，跳过本轮
⚠️  可用余额不足 ($10)，跳过本轮
⚠️  可用余额不足 ($10)，跳过本轮
⚠️  可用余额不足 ($10)，跳过本轮
⚠️  可用余额不足 ($10)，跳过本轮
⚠️  可用余额不足 ($10)，跳过本轮
⚠️  可用余额不足 ($10)，跳过本轮
⚠️  可用余额不足 ($10)，跳过本轮
⚠️  可用余额不足 ($10)，跳过本轮
⚠️  可用余额不足 ($10)，跳过本轮
⚠️  可用余额不足 ($10)，跳过本轮
⚠️  可用余额不足 ($10)，跳过本轮
⚠️  可用余额不足 ($10)，跳过本轮
⚠️  可用余额不足 ($10)，跳过本轮
⚠️  可用余额不足 ($10)，跳过本轮
⚠️  可用余额不足 ($10)，跳过本轮
⚠️  可用余额不足 ($10)，跳过本轮
⚠️  可用余额不足 ($10)，跳过本轮
⚠️  可用余额不足 ($10)，跳过本轮
⚠️  可用余额不足 ($10)，跳过本轮
⚠️  可用余额不足 ($10)，跳过本轮
⚠️  可用余额不足 ($10)，跳过本轮
⚠️  可用余额不足 ($10)，跳过本轮
⚠️  可用余额不足 ($10)，跳过本轮
⚠️  可用余额不足 ($10)，跳过本轮
⚠️  可用余额不足 ($10)，跳过本轮
⚠️  可用余额不足 ($10)，跳过本轮
⚠️  可用余额不足 ($10)，跳过本轮
⚠️  可用余额不足 ($10)，跳过本轮
⚠️  可用余额不足 ($10)，跳过本轮
⚠️  可用余额不足 ($10)，跳过本轮
⚠️  可用余额不足 ($10)，跳过本轮
⚠️  可用余额不足 ($10)，跳过本轮
⚠️  可用余额不足 ($10)，跳过本轮
⚠️  可用余额不足 ($10)，跳过本轮
⚠️  可用余额不足 ($10)，跳过本轮
⚠️  可用余额不足 ($10)，跳过本轮
⚠️  可用余额不足 ($10)，跳过本轮
⚠️  可用余额不足 ($10)，跳过本轮
⚠️  可用余额不足 ($10)，跳过本轮
⚠️  可用余额不足 ($10)，跳过本轮
⚠️  可用余额不足 ($10)，跳过本轮
⚠️  可用余额不足 ($10)，跳过本轮
⚠️  可用余额不足 ($10)，跳过本轮
⚠️  可用余额不足 ($10)，跳过本轮
⚠️  可用余额不足 ($10)，跳过本轮
⚠️  可用余额不足 ($10)，跳过本轮
⚠️  可用余额不足 ($10)，跳过本轮
⚠️  可用余额不足 ($10)，跳过本轮
⚠️  可用余额不足 ($10)，跳过本轮
⚠️  可用余额不足 ($10)，跳过本轮
⚠️  可用余额不足 ($10)，跳过本轮
⚠️  可用余额不足 ($10)，跳过本轮
⚠️  可用余额不足 ($10)，跳过本轮
⚠️  可用余额不足 ($10)，跳过本轮
⚠️  可用余额不足 ($10)，跳过本轮
⚠️  可用余额不足 ($10)，跳过本轮
⚠️  可用余额不足 ($10)，跳过本轮
⚠️  可用余额不足 ($10)，跳过本轮
⚠️  可用余额不足 ($10)，跳过本轮
⚠️  可用余额不足 ($10)，跳过本轮
⚠️  可用余额不足 ($10)，跳过本轮
⚠️  可用余额不足 ($10)，跳过本轮
⚠️  可用余额不足 ($10)，跳过本轮
⚠️  可用余额不足 ($10)，跳过本轮
⚠️  可用余额不足 ($10)，跳过本轮
⚠️  可用余额不足 ($10)，跳过本轮
⚠️  可用余额不足 ($10)，跳过本轮
⚠️  可用余额不足 ($10)，跳过本轮
⚠️  可用余额不足 ($10)，跳过本轮
⚠️  可用余额不足 ($10)，跳过本轮
⚠️  可用余额不足 ($10)，跳过本轮
⚠️  可用余额不足 ($10)，跳过本轮
⚠️  可用余额不足 ($10)，跳过本轮
⚠️  可用余额不足 ($10)，跳过本轮
⚠️  可用余额不足 ($10)，跳过本轮
⚠️  可用余额不足 ($10)，跳过本轮
⚠️  可用余额不足 ($10)，跳过本轮
⚠️  可用余额不足 ($10)，跳过本轮
⚠️  可用余额不足 ($10)，跳过本轮
⚠️  可用余额不足 ($10)，跳过本轮
⚠️  可用余额不足 ($10)，跳过本轮
⚠️  可用余额不足 ($10)，跳过本轮
⚠️  可用余额不足 ($10)，跳过本轮
⚠️  可用余额不足 ($10)，跳过本轮
⚠️  可用余额不足 ($10)，跳过本轮
⚠️  可用余额不足 ($10)，跳过本轮
⚠️  可用余额不足 ($10)，跳过本轮
⚠️  可用余额不足 ($10)，跳过本轮
⚠️  可用余额不足 ($10)，跳过本轮
⚠️  可用余额不足 ($10)，跳过本轮
⚠️  可用余额不足 ($10)，跳过本轮
⚠️  可用余额不足 ($10)，跳过本轮
⚠️  可用余额不足 ($10)，跳过本轮
⚠️  可用余额不足 ($10)，跳过本轮
⚠️  可用余额不足 ($10)，跳过本轮
⚠️  可用余额不足 ($10)，跳过本轮
⚠️  可用余额不足 ($10)，跳过本轮
⚠️  可用余额不足 ($10)，跳过本轮
⚠️  可用余额不足 ($10)，跳过本轮
⚠️  可用余额不足 ($10)，跳过本轮
⚠️  可用余额不足 ($10)，跳过本轮
⚠️  可用余额不足 ($10)，跳过本轮
⚠️  可用余额不足 ($10)，跳过本轮
⚠️  可用余额不足 ($10)，跳过本轮
⚠️  可用余额不足 ($10)，跳过本轮
⚠️  可用余额不足 ($10)，跳过本轮
⚠️  可用余额不足 ($10)，跳过本轮
⚠️  可用余额不足 ($10)，跳过本轮
⚠️  可用余额不足 ($10)，跳过本轮
⚠️  可用余额不足 ($10)，跳过本轮
⚠️  可用余额不足 ($10)，跳过本轮
⚠️  可用余额不足 ($10)，跳过本轮
⚠️  可用余额不足 ($10)，跳过本轮
⚠️  可用余额不足 ($10)，跳过本轮
⚠️  可用余额不足 ($10)，跳过本轮
⚠️  可用余额不足 ($10)，跳过本轮
⚠️  可用余额不足 ($10)，跳过本轮
⚠️  可用余额不足 ($10)，跳过本轮
⚠️  可用余额不足 ($10)，跳过本轮
⚠️  可用余额不足 ($10)，跳过本轮
⚠️  可用余额不足 ($10)，跳过本轮
⚠️  可用余额不足 ($10)，跳过本轮
⚠️  可用余额不足 ($10)，跳过本轮
⚠️  可用余额不足 ($10)，跳过本轮
⚠️  可用余额不足 ($10)，跳过本轮
⚠️  可用余额不足 ($10)，跳过本轮
⚠️  可用余额不足 ($10)，跳过本轮
⚠️  可用余额不足 ($10)，跳过本轮
⚠️  可用余额不足 ($10)，跳过本轮
⚠️  可用余额不足 ($10)，跳过本轮
⚠️  可用余额不足 ($10)，跳过本轮
⚠️  可用余额不足 ($10)，跳过本轮
⚠️  可用余额不足 ($10)，跳过本轮
⚠️  可用余额不足 ($10)，跳过本轮
⚠️  可用余额不足 ($10)，跳过本轮
⚠️  可用余额不足 ($10)，跳过本轮
⚠️  可用余额不足 ($10)，跳过本轮
⚠️  可用余额不足 ($10)，跳过本轮
⚠️  可用余额不足 ($10)，跳过本轮
⚠️  可用余额不足 ($10)，跳过本轮
⚠️  可用余额不足 ($10)，跳过本轮
⚠️  可用余额不足 ($10)，跳过本轮
⚠️  可用余额不足 ($10)，跳过本轮
⚠️  可用余额不足 ($10)，跳过本轮
⚠️  可用余额不足 ($10)，跳过本轮
⚠️  可用余额不足 ($10)，跳过本轮
⚠️  可用余额不足 ($10)，跳过本轮
⚠️  可用余额不足 ($10)，跳过本轮
⚠️  可用余额不足 ($10)，跳过本轮
⚠️  可用余额不足 ($10)，跳过本轮
⚠️  可用余额不足 ($10)，跳过本轮
⚠️  可用余额不足 ($10)，跳过本轮
⚠️  可用余额不足 ($10)，跳过本轮
⚠️  可用余额不足 ($10)，跳过本轮
⚠️  可用余额不足 ($10)，跳过本轮
⚠️  可用余额不足 ($10)，跳过本轮
⚠️  可用余额不足 ($10)，跳过本轮
⚠️  可用余额不足 ($10)，跳过本轮
⚠️  可用余额不足 ($10)，跳过本轮
⚠️  可用余额不足 ($10)，跳过本轮
⚠️  可用余额不足 ($10)，跳过本轮
⚠️  可用余额不足 ($10)，跳过本轮
⚠️  可用余额不足 ($10)，跳过本轮
⚠️  可用余额不足 ($10)，跳过本轮
⚠️  可用余额不足 ($10)，跳过本轮
⚠️  可用余额不足 ($10)，跳过本轮
⚠️  可用余额不足 ($10)，跳过本轮
⚠️  可用余额不足 ($10)，跳过本轮
⚠️  可用余额不足 ($10)，跳过本轮
⚠️  可用余额不足 ($10)，跳过本轮
⚠️  可用余额不足 ($10)，跳过本轮
⚠️  可用余额不足 ($10)，跳过本轮
⚠️  可用余额不足 ($10)，跳过本轮
⚠️  可用余额不足 ($10)，跳过本轮
⚠️  可用余额不足 ($10)，跳过本轮
⚠️  可用余额不足 ($10)，跳过本轮
⚠️  可用余额不足 ($10)，跳过本轮
⚠️  可用余额不足 ($10)，跳过本轮
⚠️  可用余额不足 ($10)，跳过本轮
⚠️  可用余额不足 ($10)，跳过本轮
⚠️  可用余额不足 ($10)，跳过本轮
⚠️  可用余额不足 ($10)，跳过本轮
⚠️  可用余额不足 ($10)，跳过本轮
⚠️  可用余额不足 ($10)，跳过本轮
⚠️  可用余额不足 ($10)，跳过本轮
⚠️  可用余额不足 ($10)，跳过本轮
⚠️  可用余额不足 ($10)，跳过本轮
⚠️  可用余额不足 ($10)，跳过本轮
⚠️  可用余额不足 ($10)，跳过本轮
⚠️  可用余额不足 ($10)，跳过本轮
⚠️  可用余额不足 ($10)，跳过本轮
⚠️  可用余额不足 ($10)，跳过本轮
⚠️  可用余额不足 ($10)，跳过本轮
⚠️  可用余额不足 ($10)，跳过本轮
⚠️  可用余额不足 ($10)，跳过本轮
⚠️  可用余额不足 ($10)，跳过本轮
⚠️  可用余额不足 ($10)，跳过本轮
⚠️  可用余额不足 ($10)，跳过本轮
⚠️  可用余额不足 ($10)，跳过本轮
⚠️  可用余额不足 ($10)，跳过本轮
⚠️  可用余额不足 ($10)，跳过本轮
⚠️  可用余额不足 ($10)，跳过本轮
⚠️  可用余额不足 ($10)，跳过本轮
⚠️  可用余额不足 ($10)，跳过本轮
⚠️  可用余额不足 ($10)，跳过本轮
⚠️  可用余额不足 ($10)，跳过本轮
⚠️  可用余额不足 ($10)，跳过本轮
⚠️  可用余额不足 ($10)，跳过本轮
⚠️  可用余额不足 ($10)，跳过本轮
⚠️  可用余额不足 ($10)，跳过本轮
⚠️  可用余额不足 ($10)，跳过本轮
⚠️  可用余额不足 ($10)，跳过本轮
⚠️  可用余额不足 ($10)，跳过本轮
⚠️  可用余额不足 ($10)，跳过本轮
⚠️  可用余额不足 ($10)，跳过本轮
⚠️  可用余额不足 ($10)，跳过本轮
⚠️  可用余额不足 ($10)，跳过本轮
⚠️  可用余额不足 ($10)，跳过本轮
⚠️  可用余额不足 ($10)，跳过本轮
⚠️  可用余额不足 ($10)，跳过本轮
⚠️  可用余额不足 ($10)，跳过本轮
⚠️  可用余额不足 ($10)，跳过本轮
⚠️  可用余额不足 ($10)，跳过本轮
⚠️  可用余额不足 ($10)，跳过本轮
⚠️  可用余额不足 ($10)，跳过本轮
⚠️  可用余额不足 ($10)，跳过本轮
⚠️  可用余额不足 ($10)，跳过本轮
⚠️  可用余额不足 ($10)，跳过本轮
⚠️  可用余额不足 ($10)，跳过本轮
⚠️  可用余额不足 ($10)，跳过本轮
⚠️  可用余额不足 ($10)，跳过本轮
⚠️  可用余额不足 ($10)，跳过本轮
⚠️  可用余额不足 ($10)，跳过本轮
⚠️  可用余额不足 ($10)，跳过本轮
⚠️  可用余额不足 ($10)，跳过本轮
⚠️  可用余额不足 ($10)，跳过本轮
⚠️  可用余额不足 ($10)，跳过本轮
⚠️  可用余额不足 ($10)，跳过本轮
⚠️  可用余额不足 ($10)，跳过本轮
⚠️  可用余额不足 ($10)，跳过本轮
⚠️  可用余额不足 ($10)，跳过本轮
⚠️  可用余额不足 ($10)，跳过本轮
⚠️  可用余额不足 ($10)，跳过本轮
⚠️  可用余额不足 ($10)，跳过本轮
⚠️  可用余额不足 ($10)，跳过本轮
⚠️  可用余额不足 ($10)，跳过本轮
⚠️  可用余额不足 ($10)，跳过本轮
⚠️  可用余额不足 ($10)，跳过本轮
⚠️  可用余额不足 ($10)，跳过本轮
⚠️  可用余额不足 ($10)，跳过本轮
⚠️  可用余额不足 ($10)，跳过本轮
⚠️  可用余额不足 ($10)，跳过本轮
⚠️  可用余额不足 ($10)，跳过本轮
⚠️  可用余额不足 ($10)，跳过本轮
⚠️  可用余额不足 ($10)，跳过本轮
⚠️  可用余额不足 ($10)，跳过本轮
⚠️  可用余额不足 ($10)，跳过本轮
⚠️  可用余额不足 ($10)，跳过本轮
⚠️  可用余额不足 ($10)，跳过本轮
⚠️  可用余额不足 ($10)，跳过本轮
⚠️  可用余额不足 ($10)，跳过本轮
⚠️  可用余额不足 ($10)，跳过本轮
⚠️  可用余额不足 ($10)，跳过本轮
⚠️  可用余额不足 ($10)，跳过本轮
⚠️  可用余额不足 ($10)，跳过本轮
⚠️  可用余额不足 ($10)，跳过本轮
⚠️  可用余额不足 ($10)，跳过本轮
⚠️  可用余额不足 ($10)，跳过本轮
⚠️  可用余额不足 ($10)，跳过本轮
⚠️  可用余额不足 ($10)，跳过本轮
⚠️  可用余额不足 ($10)，跳过本轮
⚠️  可用余额不足 ($10)，跳过本轮
⚠️  可用余额不足 ($10)，跳过本轮
⚠️  可用余额不足 ($10)，跳过本轮
⚠️  可用余额不足 ($10)，跳过本轮
⚠️  可用余额不足 ($10)，跳过本轮
⚠️  可用余额不足 ($10)，跳过本轮
⚠️  可用余额不足 ($10)，跳过本轮
⚠️  可用余额不足 ($10)，跳过本轮
⚠️  可用余额不足 ($10)，跳过本轮
⚠️  可用余额不足 ($10)，跳过本轮
⚠️  可用余额不足 ($10)，跳过本轮
⚠️  可用余额不足 ($10)，跳过本轮
⚠️  可用余额不足 ($10)，跳过本轮
⚠️  可用余额不足 ($10)，跳过本轮
⚠️  可用余额不足 ($10)，跳过本轮
⚠️  可用余额不足 ($10)，跳过本轮
⚠️  可用余额不足 ($10)，跳过本轮
⚠️  可用余额不足 ($10)，跳过本轮
⚠️  可用余额不足 ($10)，跳过本轮
⚠️  可用余额不足 ($10)，跳过本轮
⚠️  可用余额不足 ($10)，跳过本轮
⚠️  可用余额不足 ($10)，跳过本轮
⚠️  可用余额不足 ($10)，跳过本轮
⚠️  可用余额不足 ($10)，跳过本轮
⚠️  可用余额不足 ($10)，跳过本轮
⚠️  可用余额不足 ($10)，跳过本轮
⚠️  可用余额不足 ($10)，跳过本轮
⚠️  可用余额不足 ($10)，跳过本轮
⚠️  可用余额不足 ($10)，跳过本轮
⚠️  可用余额不足 ($10)，跳过本轮
⚠️  可用余额不足 ($10)，跳过本轮
⚠️  可用余额不足 ($10)，跳过本轮
⚠️  可用余额不足 ($10)，跳过本轮
⚠️  可用余额不足 ($10)，跳过本轮
⚠️  可用余额不足 ($10)，跳过本轮
⚠️  可用余额不足 ($10)，跳过本轮
⚠️  可用余额不足 ($10)，跳过本轮
⚠️  可用余额不足 ($10)，跳过本轮
⚠️  可用余额不足 ($10)，跳过本轮
⚠️  可用余额不足 ($10)，跳过本轮
⚠️  可用余额不足 ($10)，跳过本轮
⚠️  可用余额不足 ($10)，跳过本轮
⚠️  可用余额不足 ($10)，跳过本轮
⚠️  可用余额不足 ($10)，跳过本轮
⚠️  可用余额不足 ($10)，跳过本轮
⚠️  可用余额不足 ($10)，跳过本轮
⚠️  可用余额不足 ($10)，跳过本轮
⚠️  可用余额不足 ($10)，跳过本轮
⚠️  可用余额不足 ($10)，跳过本轮
⚠️  可用余额不足 ($10)，跳过本轮
⚠️  可用余额不足 ($10)，跳过本轮
⚠️  可用余额不足 ($10)，跳过本轮
⚠️  可用余额不足 ($10)，跳过本轮
⚠️  可用余额不足 ($10)，跳过本轮
⚠️  可用余额不足 ($10)，跳过本轮
⚠️  可用余额不足 ($10)，跳过本轮