Traceback (most recent call last):
  File "/home/admin/Ziwei/scripts/system_observer.py", line 598, in <module>
    main()
  File "/home/admin/Ziwei/scripts/system_observer.py", line 594, in main
    observer.run()
    ^^^^^^^^^^^^
AttributeError: 'SystemObserver' object has no attribute 'run'
Traceback (most recent call last):
  File "/home/admin/Ziwei/scripts/system_observer.py", line 598, in <module>
    main()
  File "/home/admin/Ziwei/scripts/system_observer.py", line 594, in main
    observer.run()
    ^^^^^^^^^^^^
AttributeError: 'SystemObserver' object has no attribute 'run'
Traceback (most recent call last):
  File "/home/admin/Ziwei/scripts/system_observer.py", line 598, in <module>
    main()
  File "/home/admin/Ziwei/scripts/system_observer.py", line 594, in main
    observer.run()
    ^^^^^^^^^^^^
AttributeError: 'SystemObserver' object has no attribute 'run'
Traceback (most recent call last):
  File "/home/admin/Ziwei/scripts/system_observer.py", line 598, in <module>
    main()
  File "/home/admin/Ziwei/scripts/system_observer.py", line 594, in main
    observer.run()
    ^^^^^^^^^^^^
AttributeError: 'SystemObserver' object has no attribute 'run'
Traceback (most recent call last):
  File "/home/admin/Ziwei/scripts/system_observer.py", line 687, in <module>
    main()
  File "/home/admin/Ziwei/scripts/system_observer.py", line 683, in main
    observer.run()
    ^^^^^^^^^^^^
AttributeError: 'SystemObserver' object has no attribute 'run'
Traceback (most recent call last):
  File "/home/admin/Ziwei/scripts/system_observer.py", line 687, in <module>
    main()
  File "/home/admin/Ziwei/scripts/system_observer.py", line 683, in main
    observer.run()
    ^^^^^^^^^^^^
AttributeError: 'SystemObserver' object has no attribute 'run'
Traceback (most recent call last):
  File "/home/admin/Ziwei/scripts/system_observer.py", line 687, in <module>
    main()
  File "/home/admin/Ziwei/scripts/system_observer.py", line 683, in main
    observer.run()
    ^^^^^^^^^^^^
AttributeError: 'SystemObserver' object has no attribute 'run'
Traceback (most recent call last):
  File "/home/admin/Ziwei/scripts/system_observer.py", line 687, in <module>
    main()
  File "/home/admin/Ziwei/scripts/system_observer.py", line 683, in main
    observer.run()
    ^^^^^^^^^^^^
AttributeError: 'SystemObserver' object has no attribute 'run'
Traceback (most recent call last):
  File "/home/admin/Ziwei/scripts/system_observer.py", line 687, in <module>
    main()
  File "/home/admin/Ziwei/scripts/system_observer.py", line 683, in main
    observer.run()
    ^^^^^^^^^^^^
AttributeError: 'SystemObserver' object has no attribute 'run'
Traceback (most recent call last):
  File "/home/admin/Ziwei/scripts/system_observer.py", line 687, in <module>
    main()
  File "/home/admin/Ziwei/scripts/system_observer.py", line 683, in main
    observer.run()
    ^^^^^^^^^^^^
AttributeError: 'SystemObserver' object has no attribute 'run'
Traceback (most recent call last):
  File "/home/admin/Ziwei/scripts/system_observer.py", line 687, in <module>
    main()
  File "/home/admin/Ziwei/scripts/system_observer.py", line 683, in main
    observer.run()
    ^^^^^^^^^^^^
AttributeError: 'SystemObserver' object has no attribute 'run'
Traceback (most recent call last):
  File "/home/admin/Ziwei/scripts/system_observer.py", line 687, in <module>
    main()
  File "/home/admin/Ziwei/scripts/system_observer.py", line 683, in main
    observer.run()
    ^^^^^^^^^^^^
AttributeError: 'SystemObserver' object has no attribute 'run'
Traceback (most recent call last):
  File "/home/admin/Ziwei/scripts/system_observer.py", line 687, in <module>
    main()
  File "/home/admin/Ziwei/scripts/system_observer.py", line 683, in main
    observer.run()
    ^^^^^^^^^^^^
AttributeError: 'SystemObserver' object has no attribute 'run'
Traceback (most recent call last):
  File "/home/admin/Ziwei/scripts/system_observer.py", line 687, in <module>
    main()
  File "/home/admin/Ziwei/scripts/system_observer.py", line 683, in main
    observer.run()
    ^^^^^^^^^^^^
AttributeError: 'SystemObserver' object has no attribute 'run'
Traceback (most recent call last):
  File "/home/admin/Ziwei/scripts/system_observer.py", line 687, in <module>
    main()
  File "/home/admin/Ziwei/scripts/system_observer.py", line 683, in main
    observer.run()
    ^^^^^^^^^^^^
AttributeError: 'SystemObserver' object has no attribute 'run'
Traceback (most recent call last):
  File "/home/admin/Ziwei/scripts/system_observer.py", line 687, in <module>
    main()
  File "/home/admin/Ziwei/scripts/system_observer.py", line 683, in main
    observer.run()
    ^^^^^^^^^^^^
AttributeError: 'SystemObserver' object has no attribute 'run'
Traceback (most recent call last):
  File "/home/admin/Ziwei/scripts/system_observer.py", line 687, in <module>
    main()
  File "/home/admin/Ziwei/scripts/system_observer.py", line 683, in main
    observer.run()
    ^^^^^^^^^^^^
AttributeError: 'SystemObserver' object has no attribute 'run'
Traceback (most recent call last):
  File "/home/admin/Ziwei/scripts/system_observer.py", line 687, in <module>
    main()
  File "/home/admin/Ziwei/scripts/system_observer.py", line 683, in main
    observer.run()
    ^^^^^^^^^^^^
AttributeError: 'SystemObserver' object has no attribute 'run'
