Traceback (most recent call last):
  File "/home/admin/Ziwei/scripts/system_observer.py", line 750, in <module>
    main()
  File "/home/admin/Ziwei/scripts/system_observer.py", line 746, in main
    observer.run()
  File "/home/admin/Ziwei/scripts/system_observer.py", line 722, in run
    observation = self.observe_system()
                  ^^^^^^^^^^^^^^^^^^^^^
  File "/home/admin/Ziwei/scripts/system_observer.py", line 136, in observe_system
    observation['issues'] = self.deduplicate_issues(observation['issues'])
                            ^^^^^^^^^^^^^^^^^^^^^^^
AttributeError: 'SystemObserver' object has no attribute 'deduplicate_issues'
Traceback (most recent call last):
  File "/home/admin/Ziwei/scripts/system_observer.py", line 750, in <module>
    main()
  File "/home/admin/Ziwei/scripts/system_observer.py", line 746, in main
    observer.run()
  File "/home/admin/Ziwei/scripts/system_observer.py", line 722, in run
    observation = self.observe_system()
                  ^^^^^^^^^^^^^^^^^^^^^
  File "/home/admin/Ziwei/scripts/system_observer.py", line 136, in observe_system
    observation['issues'] = self.deduplicate_issues(observation['issues'])
                            ^^^^^^^^^^^^^^^^^^^^^^^
AttributeError: 'SystemObserver' object has no attribute 'deduplicate_issues'
Traceback (most recent call last):
  File "/home/admin/Ziwei/scripts/system_observer.py", line 750, in <module>
    main()
  File "/home/admin/Ziwei/scripts/system_observer.py", line 746, in main
    observer.run()
  File "/home/admin/Ziwei/scripts/system_observer.py", line 722, in run
    observation = self.observe_system()
                  ^^^^^^^^^^^^^^^^^^^^^
  File "/home/admin/Ziwei/scripts/system_observer.py", line 136, in observe_system
    observation['issues'] = self.deduplicate_issues(observation['issues'])
                            ^^^^^^^^^^^^^^^^^^^^^^^
AttributeError: 'SystemObserver' object has no attribute 'deduplicate_issues'
Traceback (most recent call last):
  File "/home/admin/Ziwei/scripts/system_observer.py", line 750, in <module>
    main()
  File "/home/admin/Ziwei/scripts/system_observer.py", line 746, in main
    observer.run()
  File "/home/admin/Ziwei/scripts/system_observer.py", line 722, in run
    observation = self.observe_system()
                  ^^^^^^^^^^^^^^^^^^^^^
  File "/home/admin/Ziwei/scripts/system_observer.py", line 136, in observe_system
    observation['issues'] = self.deduplicate_issues(observation['issues'])
                            ^^^^^^^^^^^^^^^^^^^^^^^
AttributeError: 'SystemObserver' object has no attribute 'deduplicate_issues'
Traceback (most recent call last):
  File "/home/admin/Ziwei/scripts/system_observer.py", line 750, in <module>
    main()
  File "/home/admin/Ziwei/scripts/system_observer.py", line 746, in main
    observer.run()
  File "/home/admin/Ziwei/scripts/system_observer.py", line 722, in run
    observation = self.observe_system()
                  ^^^^^^^^^^^^^^^^^^^^^
  File "/home/admin/Ziwei/scripts/system_observer.py", line 136, in observe_system
    observation['issues'] = self.deduplicate_issues(observation['issues'])
                            ^^^^^^^^^^^^^^^^^^^^^^^
AttributeError: 'SystemObserver' object has no attribute 'deduplicate_issues'
Traceback (most recent call last):
  File "/home/admin/Ziwei/scripts/system_observer.py", line 750, in <module>
    main()
  File "/home/admin/Ziwei/scripts/system_observer.py", line 746, in main
    observer.run()
  File "/home/admin/Ziwei/scripts/system_observer.py", line 722, in run
    observation = self.observe_system()
                  ^^^^^^^^^^^^^^^^^^^^^
  File "/home/admin/Ziwei/scripts/system_observer.py", line 136, in observe_system
    observation['issues'] = self.deduplicate_issues(observation['issues'])
                            ^^^^^^^^^^^^^^^^^^^^^^^
AttributeError: 'SystemObserver' object has no attribute 'deduplicate_issues'
Traceback (most recent call last):
  File "/home/admin/Ziwei/scripts/system_observer.py", line 750, in <module>
    main()
  File "/home/admin/Ziwei/scripts/system_observer.py", line 746, in main
    observer.run()
  File "/home/admin/Ziwei/scripts/system_observer.py", line 722, in run
    observation = self.observe_system()
                  ^^^^^^^^^^^^^^^^^^^^^
  File "/home/admin/Ziwei/scripts/system_observer.py", line 136, in observe_system
    observation['issues'] = self.deduplicate_issues(observation['issues'])
                            ^^^^^^^^^^^^^^^^^^^^^^^
AttributeError: 'SystemObserver' object has no attribute 'deduplicate_issues'
Traceback (most recent call last):
  File "/home/admin/Ziwei/scripts/system_observer.py", line 750, in <module>
    main()
  File "/home/admin/Ziwei/scripts/system_observer.py", line 746, in main
    observer.run()
  File "/home/admin/Ziwei/scripts/system_observer.py", line 722, in run
    observation = self.observe_system()
                  ^^^^^^^^^^^^^^^^^^^^^
  File "/home/admin/Ziwei/scripts/system_observer.py", line 136, in observe_system
    observation['issues'] = self.deduplicate_issues(observation['issues'])
                            ^^^^^^^^^^^^^^^^^^^^^^^
AttributeError: 'SystemObserver' object has no attribute 'deduplicate_issues'
Traceback (most recent call last):
  File "/home/admin/Ziwei/scripts/system_observer.py", line 843, in <module>
    main()
  File "/home/admin/Ziwei/scripts/system_observer.py", line 839, in main
    observer.run()
  File "/home/admin/Ziwei/scripts/system_observer.py", line 815, in run
    observation = self.observe_system()
                  ^^^^^^^^^^^^^^^^^^^^^
  File "/home/admin/Ziwei/scripts/system_observer.py", line 229, in observe_system
    observation['issues'] = self.deduplicate_issues(observation['issues'])
                            ^^^^^^^^^^^^^^^^^^^^^^^^^^^^^^^^^^^^^^^^^^^^^^
  File "/home/admin/Ziwei/scripts/system_observer.py", line 82, in deduplicate_issues
    issue_key = self._generate_issue_key(issue)
                ^^^^^^^^^^^^^^^^^^^^^^^^^^^^^^^
  File "/home/admin/Ziwei/scripts/system_observer.py", line 119, in _generate_issue_key
    return hashlib.md5(key_string.encode()).hexdigest()
           ^^^^^^^
NameError: name 'hashlib' is not defined
Traceback (most recent call last):
  File "/home/admin/Ziwei/scripts/system_observer.py", line 843, in <module>
    main()
  File "/home/admin/Ziwei/scripts/system_observer.py", line 839, in main
    observer.run()
  File "/home/admin/Ziwei/scripts/system_observer.py", line 815, in run
    observation = self.observe_system()
                  ^^^^^^^^^^^^^^^^^^^^^
  File "/home/admin/Ziwei/scripts/system_observer.py", line 229, in observe_system
    observation['issues'] = self.deduplicate_issues(observation['issues'])
                            ^^^^^^^^^^^^^^^^^^^^^^^^^^^^^^^^^^^^^^^^^^^^^^
  File "/home/admin/Ziwei/scripts/system_observer.py", line 82, in deduplicate_issues
    issue_key = self._generate_issue_key(issue)
                ^^^^^^^^^^^^^^^^^^^^^^^^^^^^^^^
  File "/home/admin/Ziwei/scripts/system_observer.py", line 119, in _generate_issue_key
    return hashlib.md5(key_string.encode()).hexdigest()
           ^^^^^^^
NameError: name 'hashlib' is not defined
