[2026-03-13 11:19:20] 🚀 Observer包装脚本启动
[2026-03-13 11:19:20] 📅 观察间隔：20分钟
[2026-03-13 11:19:20] ⚡ 优先保证Telegram响应
[2026-03-13 11:19:20] 🔍 开始观察...
[2026-03-13 11:19:24] ✅ 观察完成，等待20分钟...
[2026-03-13 11:19:30] 🚀 Observer包装脚本启动
[2026-03-13 11:19:30] 📅 观察间隔：20分钟
[2026-03-13 11:19:30] ⚡ 优先保证Telegram响应
[2026-03-13 11:19:30] 🔍 开始观察...
[2026-03-13 11:19:35] ✅ 观察完成，等待20分钟...
[2026-03-13 11:20:30] 🚀 Observer包装脚本启动
[2026-03-13 11:20:30] 📅 观察间隔：20分钟
[2026-03-13 11:20:30] ⚡ 优先保证Telegram响应
[2026-03-13 11:20:30] 🔍 开始观察...
[2026-03-13 11:20:35] ✅ 观察完成，等待20分钟...
[2026-03-13 11:21:30] 🚀 Observer包装脚本启动
[2026-03-13 11:21:30] 📅 观察间隔：20分钟
[2026-03-13 11:21:30] ⚡ 优先保证Telegram响应
[2026-03-13 11:21:30] 🔍 开始观察...
[2026-03-13 11:21:35] ✅ 观察完成，等待20分钟...
[2026-03-13 11:22:31] 🚀 Observer包装脚本启动
[2026-03-13 11:22:31] 📅 观察间隔：20分钟
[2026-03-13 11:22:31] ⚡ 优先保证Telegram响应
[2026-03-13 11:22:31] 🔍 开始观察...
[2026-03-13 11:22:35] ✅ 观察完成，等待20分钟...
[2026-03-13 11:23:31] 🚀 Observer包装脚本启动
[2026-03-13 11:23:31] 📅 观察间隔：20分钟
[2026-03-13 11:23:31] ⚡ 优先保证Telegram响应
[2026-03-13 11:23:31] 🔍 开始观察...
[2026-03-13 11:23:36] ✅ 观察完成，等待20分钟...
[2026-03-13 11:24:31] 🚀 Observer包装脚本启动
[2026-03-13 11:24:31] 📅 观察间隔：20分钟
[2026-03-13 11:24:31] ⚡ 优先保证Telegram响应
[2026-03-13 11:24:31] 🔍 开始观察...
[2026-03-13 11:24:36] ✅ 观察完成，等待20分钟...
[2026-03-13 11:25:31] 🚀 Observer包装脚本启动
[2026-03-13 11:25:31] 📅 观察间隔：20分钟
[2026-03-13 11:25:31] ⚡ 优先保证Telegram响应
[2026-03-13 11:25:31] 🔍 开始观察...
[2026-03-13 11:25:36] ✅ 观察完成，等待20分钟...
[2026-03-13 11:26:32] 🚀 Observer包装脚本启动
[2026-03-13 11:26:32] 📅 观察间隔：20分钟
[2026-03-13 11:26:32] ⚡ 优先保证Telegram响应
[2026-03-13 11:26:32] 🔍 开始观察...
[2026-03-13 11:26:35] ❌ 观察异常退出（代码：1），等待20分钟后重试...
[2026-03-13 11:27:32] 🚀 Observer包装脚本启动
[2026-03-13 11:27:32] 📅 观察间隔：20分钟
[2026-03-13 11:27:32] ⚡ 优先保证Telegram响应
[2026-03-13 11:27:32] 🔍 开始观察...
[2026-03-13 11:27:34] ❌ 观察异常退出（代码：1），等待20分钟后重试...
[2026-03-13 11:28:32] 🚀 Observer包装脚本启动
[2026-03-13 11:28:32] 📅 观察间隔：20分钟
[2026-03-13 11:28:32] ⚡ 优先保证Telegram响应
[2026-03-13 11:28:32] 🔍 开始观察...
[2026-03-13 11:28:34] ❌ 观察异常退出（代码：1），等待20分钟后重试...
[2026-03-13 11:29:32] 🚀 Observer包装脚本启动
[2026-03-13 11:29:32] 📅 观察间隔：20分钟
[2026-03-13 11:29:32] ⚡ 优先保证Telegram响应
[2026-03-13 11:29:32] 🔍 开始观察...
[2026-03-13 11:29:34] ❌ 观察异常退出（代码：1），等待20分钟后重试...
[2026-03-13 11:30:32] 🚀 Observer包装脚本启动
[2026-03-13 11:30:33] 📅 观察间隔：20分钟
[2026-03-13 11:30:33] ⚡ 优先保证Telegram响应
[2026-03-13 11:30:33] 🔍 开始观察...
[2026-03-13 11:30:35] ❌ 观察异常退出（代码：1），等待20分钟后重试...
[2026-03-13 11:31:32] 🚀 Observer包装脚本启动
[2026-03-13 11:31:33] 📅 观察间隔：20分钟
[2026-03-13 11:31:33] ⚡ 优先保证Telegram响应
[2026-03-13 11:31:33] 🔍 开始观察...
[2026-03-13 11:31:36] ❌ 观察异常退出（代码：1），等待20分钟后重试...
[2026-03-13 11:32:33] 🚀 Observer包装脚本启动
[2026-03-13 11:32:33] 📅 观察间隔：20分钟
[2026-03-13 11:32:33] ⚡ 优先保证Telegram响应
[2026-03-13 11:32:33] 🔍 开始观察...
[2026-03-13 11:32:35] ❌ 观察异常退出（代码：1），等待20分钟后重试...
[2026-03-13 11:33:33] 🚀 Observer包装脚本启动
[2026-03-13 11:33:33] 📅 观察间隔：20分钟
[2026-03-13 11:33:33] ⚡ 优先保证Telegram响应
[2026-03-13 11:33:33] 🔍 开始观察...
[2026-03-13 11:33:35] ❌ 观察异常退出（代码：1），等待20分钟后重试...
[2026-03-13 11:34:21] 🚀 Observer包装脚本启动
[2026-03-13 11:34:21] 📅 观察间隔：20分钟
[2026-03-13 11:34:21] ⚡ 优先保证Telegram响应
[2026-03-13 11:34:21] 🔍 开始观察...
[2026-03-13 11:34:23] ❌ 观察异常退出（代码：1），等待20分钟后重试...
[2026-03-13 11:34:33] 🚀 Observer包装脚本启动
[2026-03-13 11:34:33] 📅 观察间隔：20分钟
[2026-03-13 11:34:33] ⚡ 优先保证Telegram响应
[2026-03-13 11:34:33] 🔍 开始观察...
[2026-03-13 11:34:36] ❌ 观察异常退出（代码：1），等待20分钟后重试...
[2026-03-13 11:35:12] 🚀 Observer包装脚本启动
[2026-03-13 11:35:12] 📅 观察间隔：20分钟
[2026-03-13 11:35:12] ⚡ 优先保证Telegram响应
[2026-03-13 11:35:12] 🔍 开始观察...
[2026-03-13 11:35:14] ✅ 观察完成，等待20分钟...
[2026-03-13 11:35:34] 🚀 Observer包装脚本启动
[2026-03-13 11:35:34] 📅 观察间隔：20分钟
[2026-03-13 11:35:34] ⚡ 优先保证Telegram响应
[2026-03-13 11:35:34] 🔍 开始观察...
[2026-03-13 11:35:36] ✅ 观察完成，等待20分钟...
[2026-03-13 11:36:22] 🚀 Observer包装脚本启动
[2026-03-13 11:36:22] 📅 观察间隔：20分钟
[2026-03-13 11:36:22] ⚡ 优先保证Telegram响应
[2026-03-13 11:36:22] 🔍 开始观察...
[2026-03-13 11:36:24] ✅ 观察完成，等待20分钟...
[2026-03-13 11:36:33] 🚀 Observer包装脚本启动
[2026-03-13 11:36:34] 📅 观察间隔：20分钟
[2026-03-13 11:36:34] ⚡ 优先保证Telegram响应
[2026-03-13 11:36:34] 🔍 开始观察...
[2026-03-13 11:36:36] ✅ 观察完成，等待20分钟...
[2026-03-13 11:37:34] 🚀 Observer包装脚本启动
[2026-03-13 11:37:34] 📅 观察间隔：20分钟
[2026-03-13 11:37:34] ⚡ 优先保证Telegram响应
[2026-03-13 11:37:34] 🔍 开始观察...
[2026-03-13 11:37:38] ✅ 观察完成，等待20分钟...
[2026-03-13 11:37:59] 🚀 Observer包装脚本启动
[2026-03-13 11:37:59] 📅 观察间隔：20分钟
[2026-03-13 11:37:59] ⚡ 优先保证Telegram响应
[2026-03-13 11:37:59] 🔍 开始观察...
[2026-03-13 11:38:03] ✅ 观察完成，等待20分钟...
[2026-03-13 11:38:34] 🚀 Observer包装脚本启动
[2026-03-13 11:38:34] 📅 观察间隔：20分钟
[2026-03-13 11:38:34] ⚡ 优先保证Telegram响应
[2026-03-13 11:38:34] 🔍 开始观察...
[2026-03-13 11:38:38] ✅ 观察完成，等待20分钟...
[2026-03-13 11:39:34] 🚀 Observer包装脚本启动
[2026-03-13 11:39:35] 📅 观察间隔：20分钟
[2026-03-13 11:39:35] ⚡ 优先保证Telegram响应
[2026-03-13 11:39:35] 🔍 开始观察...
[2026-03-13 11:39:40] ✅ 观察完成，等待20分钟...
[2026-03-13 11:40:34] 🚀 Observer包装脚本启动
[2026-03-13 11:40:34] 📅 观察间隔：20分钟
[2026-03-13 11:40:34] ⚡ 优先保证Telegram响应
[2026-03-13 11:40:34] 🔍 开始观察...
[2026-03-13 11:40:39] ✅ 观察完成，等待20分钟...
[2026-03-13 11:41:35] 🚀 Observer包装脚本启动
[2026-03-13 11:41:35] 📅 观察间隔：20分钟
[2026-03-13 11:41:35] ⚡ 优先保证Telegram响应
[2026-03-13 11:41:35] 🔍 开始观察...
[2026-03-13 11:41:39] ✅ 观察完成，等待20分钟...
[2026-03-13 11:42:35] 🚀 Observer包装脚本启动
[2026-03-13 11:42:35] 📅 观察间隔：20分钟
[2026-03-13 11:42:35] ⚡ 优先保证Telegram响应
[2026-03-13 11:42:35] 🔍 开始观察...
[2026-03-13 11:42:37] ✅ 观察完成，等待20分钟...
[2026-03-13 11:42:43] 🚀 Observer包装脚本启动
[2026-03-13 11:42:43] 📅 观察间隔：20分钟
[2026-03-13 11:42:43] ⚡ 优先保证Telegram响应
[2026-03-13 11:42:43] 🔍 开始观察...
[2026-03-13 11:42:45] ✅ 观察完成，等待20分钟...
[2026-03-13 11:43:35] 🚀 Observer包装脚本启动
[2026-03-13 11:43:35] 📅 观察间隔：20分钟
[2026-03-13 11:43:35] ⚡ 优先保证Telegram响应
[2026-03-13 11:43:35] 🔍 开始观察...
[2026-03-13 11:43:38] ✅ 观察完成，等待20分钟...
[2026-03-13 11:44:35] 🚀 Observer包装脚本启动
[2026-03-13 11:44:35] 📅 观察间隔：20分钟
[2026-03-13 11:44:35] ⚡ 优先保证Telegram响应
[2026-03-13 11:44:35] 🔍 开始观察...
[2026-03-13 11:44:37] ✅ 观察完成，等待20分钟...
[2026-03-13 11:45:35] 🚀 Observer包装脚本启动
[2026-03-13 11:45:36] 📅 观察间隔：20分钟
[2026-03-13 11:45:36] ⚡ 优先保证Telegram响应
[2026-03-13 11:45:36] 🔍 开始观察...
[2026-03-13 11:45:38] ✅ 观察完成，等待20分钟...
[2026-03-13 11:46:36] 🚀 Observer包装脚本启动
[2026-03-13 11:46:36] 📅 观察间隔：20分钟
[2026-03-13 11:46:36] ⚡ 优先保证Telegram响应
[2026-03-13 11:46:36] 🔍 开始观察...
[2026-03-13 11:46:41] ✅ 观察完成，等待20分钟...
[2026-03-13 11:47:07] 🚀 Observer包装脚本启动
[2026-03-13 11:47:07] 📅 观察间隔：20分钟
[2026-03-13 11:47:07] ⚡ 优先保证Telegram响应
[2026-03-13 11:47:07] 🔍 开始观察...
[2026-03-13 11:47:09] ✅ 观察完成，等待20分钟...
[2026-03-13 11:47:36] 🚀 Observer包装脚本启动
[2026-03-13 11:47:36] 📅 观察间隔：20分钟
[2026-03-13 11:47:36] ⚡ 优先保证Telegram响应
[2026-03-13 11:47:36] 🔍 开始观察...
[2026-03-13 11:47:38] ✅ 观察完成，等待20分钟...
[2026-03-13 11:48:27] 🚀 Observer包装脚本启动
[2026-03-13 11:48:27] 📅 观察间隔：20分钟
[2026-03-13 11:48:27] ⚡ 优先保证Telegram响应
[2026-03-13 11:48:27] 🔍 开始观察...
[2026-03-13 11:48:28] ✅ 观察完成，等待20分钟...
[2026-03-13 11:48:36] 🚀 Observer包装脚本启动
[2026-03-13 11:48:36] 📅 观察间隔：20分钟
[2026-03-13 11:48:37] ⚡ 优先保证Telegram响应
[2026-03-13 11:48:37] 🔍 开始观察...
[2026-03-13 11:48:41] ✅ 观察完成，等待20分钟...
[2026-03-13 11:49:21] 🚀 Observer包装脚本启动
[2026-03-13 11:49:21] 📅 观察间隔：20分钟
[2026-03-13 11:49:21] ⚡ 优先保证Telegram响应
[2026-03-13 11:49:21] 🔍 开始观察...
[2026-03-13 11:49:36] 🚀 Observer包装脚本启动
[2026-03-13 11:49:36] 📅 观察间隔：20分钟
[2026-03-13 11:49:36] ⚡ 优先保证Telegram响应
[2026-03-13 11:49:36] 🔍 开始观察...
[2026-03-13 11:49:38] ✅ 观察完成，等待20分钟...
[2026-03-13 11:49:44] 🚀 Observer包装脚本启动
[2026-03-13 11:49:44] 📅 观察间隔：20分钟
[2026-03-13 11:49:44] ⚡ 优先保证Telegram响应
[2026-03-13 11:49:44] 🔍 开始观察...
[2026-03-13 11:49:46] ✅ 观察完成，等待20分钟...
[2026-03-13 11:50:37] 🚀 Observer包装脚本启动
[2026-03-13 11:50:37] 📅 观察间隔：20分钟
[2026-03-13 11:50:37] ⚡ 优先保证Telegram响应
[2026-03-13 11:50:37] 🔍 开始观察...
[2026-03-13 11:50:41] ✅ 观察完成，等待20分钟...
[2026-03-13 11:51:37] 🚀 Observer包装脚本启动
[2026-03-13 11:51:37] 📅 观察间隔：20分钟
[2026-03-13 11:51:37] ⚡ 优先保证Telegram响应
[2026-03-13 11:51:37] 🔍 开始观察...
[2026-03-13 11:51:40] ✅ 观察完成，等待20分钟...
[2026-03-13 11:52:37] 🚀 Observer包装脚本启动
[2026-03-13 11:52:37] 📅 观察间隔：20分钟
[2026-03-13 11:52:37] ⚡ 优先保证Telegram响应
[2026-03-13 11:52:37] 🔍 开始观察...
[2026-03-13 11:52:39] ✅ 观察完成，等待20分钟...
[2026-03-13 11:53:37] 🚀 Observer包装脚本启动
[2026-03-13 11:53:37] 📅 观察间隔：20分钟
[2026-03-13 11:53:37] ⚡ 优先保证Telegram响应
[2026-03-13 11:53:37] 🔍 开始观察...
[2026-03-13 11:53:39] ✅ 观察完成，等待20分钟...
[2026-03-13 11:54:37] 🚀 Observer包装脚本启动
[2026-03-13 11:54:37] 📅 观察间隔：20分钟
[2026-03-13 11:54:37] ⚡ 优先保证Telegram响应
[2026-03-13 11:54:37] 🔍 开始观察...
[2026-03-13 11:54:39] ✅ 观察完成，等待20分钟...
[2026-03-13 11:55:38] 🚀 Observer包装脚本启动
[2026-03-13 11:55:38] 📅 观察间隔：20分钟
[2026-03-13 11:55:38] ⚡ 优先保证Telegram响应
[2026-03-13 11:55:38] 🔍 开始观察...
[2026-03-13 11:55:42] ✅ 观察完成，等待20分钟...
[2026-03-13 11:56:37] 🚀 Observer包装脚本启动
[2026-03-13 11:56:37] 📅 观察间隔：20分钟
[2026-03-13 11:56:37] ⚡ 优先保证Telegram响应
[2026-03-13 11:56:37] 🔍 开始观察...
[2026-03-13 11:56:42] ✅ 观察完成，等待20分钟...
[2026-03-13 11:57:38] 🚀 Observer包装脚本启动
[2026-03-13 11:57:38] 📅 观察间隔：20分钟
[2026-03-13 11:57:38] ⚡ 优先保证Telegram响应
[2026-03-13 11:57:38] 🔍 开始观察...
[2026-03-13 11:57:42] ✅ 观察完成，等待20分钟...
[2026-03-13 11:58:38] 🚀 Observer包装脚本启动
[2026-03-13 11:58:38] 📅 观察间隔：20分钟
[2026-03-13 11:58:38] ⚡ 优先保证Telegram响应
[2026-03-13 11:58:38] 🔍 开始观察...
[2026-03-13 11:58:43] ✅ 观察完成，等待20分钟...
[2026-03-13 11:59:38] 🚀 Observer包装脚本启动
[2026-03-13 11:59:38] 📅 观察间隔：20分钟
[2026-03-13 11:59:38] ⚡ 优先保证Telegram响应
[2026-03-13 11:59:38] 🔍 开始观察...
[2026-03-13 11:59:42] ✅ 观察完成，等待20分钟...
[2026-03-13 12:00:38] 🚀 Observer包装脚本启动
[2026-03-13 12:00:38] 📅 观察间隔：20分钟
[2026-03-13 12:00:38] ⚡ 优先保证Telegram响应
[2026-03-13 12:00:38] 🔍 开始观察...
[2026-03-13 12:00:42] ✅ 观察完成，等待20分钟...
[2026-03-13 12:01:39] 🚀 Observer包装脚本启动
[2026-03-13 12:01:39] 📅 观察间隔：20分钟
[2026-03-13 12:01:39] ⚡ 优先保证Telegram响应
[2026-03-13 12:01:39] 🔍 开始观察...
[2026-03-13 12:01:43] ✅ 观察完成，等待20分钟...
[2026-03-13 12:02:39] 🚀 Observer包装脚本启动
[2026-03-13 12:02:39] 📅 观察间隔：20分钟
[2026-03-13 12:02:39] ⚡ 优先保证Telegram响应
[2026-03-13 12:02:39] 🔍 开始观察...
[2026-03-13 12:02:44] ✅ 观察完成，等待20分钟...
[2026-03-13 12:03:39] 🚀 Observer包装脚本启动
[2026-03-13 12:03:39] 📅 观察间隔：20分钟
[2026-03-13 12:03:39] ⚡ 优先保证Telegram响应
[2026-03-13 12:03:39] 🔍 开始观察...
[2026-03-13 12:03:43] ✅ 观察完成，等待20分钟...
[2026-03-13 12:04:39] 🚀 Observer包装脚本启动
[2026-03-13 12:04:39] 📅 观察间隔：20分钟
[2026-03-13 12:04:39] ⚡ 优先保证Telegram响应
[2026-03-13 12:04:39] 🔍 开始观察...
[2026-03-13 12:04:44] ✅ 观察完成，等待20分钟...
[2026-03-13 12:05:39] 🚀 Observer包装脚本启动
[2026-03-13 12:05:39] 📅 观察间隔：20分钟
[2026-03-13 12:05:39] ⚡ 优先保证Telegram响应
[2026-03-13 12:05:39] 🔍 开始观察...
[2026-03-13 12:05:43] ✅ 观察完成，等待20分钟...
[2026-03-13 12:06:39] 🚀 Observer包装脚本启动
[2026-03-13 12:06:39] 📅 观察间隔：20分钟
[2026-03-13 12:06:39] ⚡ 优先保证Telegram响应
[2026-03-13 12:06:40] 🔍 开始观察...
[2026-03-13 12:06:44] ✅ 观察完成，等待20分钟...
[2026-03-13 12:07:40] 🚀 Observer包装脚本启动
[2026-03-13 12:07:40] 📅 观察间隔：20分钟
[2026-03-13 12:07:40] ⚡ 优先保证Telegram响应
[2026-03-13 12:07:40] 🔍 开始观察...
[2026-03-13 12:07:44] ✅ 观察完成，等待20分钟...
[2026-03-13 12:08:40] 🚀 Observer包装脚本启动
[2026-03-13 12:08:40] 📅 观察间隔：20分钟
[2026-03-13 12:08:40] ⚡ 优先保证Telegram响应
[2026-03-13 12:08:40] 🔍 开始观察...
[2026-03-13 12:08:45] ✅ 观察完成，等待20分钟...
[2026-03-13 12:09:40] 🚀 Observer包装脚本启动
[2026-03-13 12:09:40] 📅 观察间隔：20分钟
[2026-03-13 12:09:40] ⚡ 优先保证Telegram响应
[2026-03-13 12:09:40] 🔍 开始观察...
[2026-03-13 12:09:44] ✅ 观察完成，等待20分钟...
[2026-03-13 12:10:40] 🚀 Observer包装脚本启动
[2026-03-13 12:10:40] 📅 观察间隔：20分钟
[2026-03-13 12:10:40] ⚡ 优先保证Telegram响应
[2026-03-13 12:10:40] 🔍 开始观察...
[2026-03-13 12:10:45] ✅ 观察完成，等待20分钟...
[2026-03-13 12:11:40] 🚀 Observer包装脚本启动
[2026-03-13 12:11:40] 📅 观察间隔：20分钟
[2026-03-13 12:11:40] ⚡ 优先保证Telegram响应
[2026-03-13 12:11:40] 🔍 开始观察...
[2026-03-13 12:11:44] ✅ 观察完成，等待20分钟...
[2026-03-13 12:12:40] 🚀 Observer包装脚本启动
[2026-03-13 12:12:40] 📅 观察间隔：20分钟
[2026-03-13 12:12:40] ⚡ 优先保证Telegram响应
[2026-03-13 12:12:41] 🔍 开始观察...
[2026-03-13 12:12:44] ✅ 观察完成，等待20分钟...
[2026-03-13 12:13:40] 🚀 Observer包装脚本启动
[2026-03-13 12:13:40] 📅 观察间隔：20分钟
[2026-03-13 12:13:40] ⚡ 优先保证Telegram响应
[2026-03-13 12:13:40] 🔍 开始观察...
[2026-03-13 12:13:45] ✅ 观察完成，等待20分钟...
[2026-03-13 12:14:41] 🚀 Observer包装脚本启动
[2026-03-13 12:14:41] 📅 观察间隔：20分钟
[2026-03-13 12:14:41] ⚡ 优先保证Telegram响应
[2026-03-13 12:14:41] 🔍 开始观察...
[2026-03-13 12:14:45] ✅ 观察完成，等待20分钟...
[2026-03-13 12:15:41] 🚀 Observer包装脚本启动
[2026-03-13 12:15:41] 📅 观察间隔：20分钟
[2026-03-13 12:15:41] ⚡ 优先保证Telegram响应
[2026-03-13 12:15:41] 🔍 开始观察...
[2026-03-13 12:15:46] ✅ 观察完成，等待20分钟...
[2026-03-13 12:16:41] 🚀 Observer包装脚本启动
[2026-03-13 12:16:41] 📅 观察间隔：20分钟
[2026-03-13 12:16:41] ⚡ 优先保证Telegram响应
[2026-03-13 12:16:41] 🔍 开始观察...
[2026-03-13 12:16:46] ✅ 观察完成，等待20分钟...
[2026-03-13 12:17:41] 🚀 Observer包装脚本启动
[2026-03-13 12:17:41] 📅 观察间隔：20分钟
[2026-03-13 12:17:41] ⚡ 优先保证Telegram响应
[2026-03-13 12:17:42] 🔍 开始观察...
[2026-03-13 12:17:46] ✅ 观察完成，等待20分钟...
[2026-03-13 12:18:42] 🚀 Observer包装脚本启动
[2026-03-13 12:18:42] 📅 观察间隔：20分钟
[2026-03-13 12:18:42] ⚡ 优先保证Telegram响应
[2026-03-13 12:18:42] 🔍 开始观察...
[2026-03-13 12:18:46] ✅ 观察完成，等待20分钟...
[2026-03-13 12:19:42] 🚀 Observer包装脚本启动
[2026-03-13 12:19:42] 📅 观察间隔：20分钟
[2026-03-13 12:19:42] ⚡ 优先保证Telegram响应
[2026-03-13 12:19:42] 🔍 开始观察...
[2026-03-13 12:19:46] ✅ 观察完成，等待20分钟...
[2026-03-13 12:20:42] 🚀 Observer包装脚本启动
[2026-03-13 12:20:42] 📅 观察间隔：20分钟
[2026-03-13 12:20:42] ⚡ 优先保证Telegram响应
[2026-03-13 12:20:42] 🔍 开始观察...
[2026-03-13 12:20:47] ✅ 观察完成，等待20分钟...
[2026-03-13 12:21:42] 🚀 Observer包装脚本启动
[2026-03-13 12:21:42] 📅 观察间隔：20分钟
[2026-03-13 12:21:42] ⚡ 优先保证Telegram响应
[2026-03-13 12:21:42] 🔍 开始观察...
[2026-03-13 12:21:47] ✅ 观察完成，等待20分钟...
[2026-03-13 12:22:42] 🚀 Observer包装脚本启动
[2026-03-13 12:22:42] 📅 观察间隔：20分钟
[2026-03-13 12:22:42] ⚡ 优先保证Telegram响应
[2026-03-13 12:22:42] 🔍 开始观察...
[2026-03-13 12:22:46] ✅ 观察完成，等待20分钟...
[2026-03-13 12:23:42] 🚀 Observer包装脚本启动
[2026-03-13 12:23:42] 📅 观察间隔：20分钟
[2026-03-13 12:23:42] ⚡ 优先保证Telegram响应
[2026-03-13 12:23:42] 🔍 开始观察...
[2026-03-13 12:23:46] ✅ 观察完成，等待20分钟...
[2026-03-13 12:24:43] 🚀 Observer包装脚本启动
[2026-03-13 12:24:43] 📅 观察间隔：20分钟
[2026-03-13 12:24:43] ⚡ 优先保证Telegram响应
[2026-03-13 12:24:43] 🔍 开始观察...
[2026-03-13 12:24:47] ✅ 观察完成，等待20分钟...
[2026-03-13 12:25:43] 🚀 Observer包装脚本启动
[2026-03-13 12:25:43] 📅 观察间隔：20分钟
[2026-03-13 12:25:43] ⚡ 优先保证Telegram响应
[2026-03-13 12:25:43] 🔍 开始观察...
[2026-03-13 12:25:48] ✅ 观察完成，等待20分钟...
[2026-03-13 12:26:43] 🚀 Observer包装脚本启动
[2026-03-13 12:26:43] 📅 观察间隔：20分钟
[2026-03-13 12:26:43] ⚡ 优先保证Telegram响应
[2026-03-13 12:26:43] 🔍 开始观察...
[2026-03-13 12:26:48] ✅ 观察完成，等待20分钟...
[2026-03-13 12:27:43] 🚀 Observer包装脚本启动
[2026-03-13 12:27:43] 📅 观察间隔：20分钟
[2026-03-13 12:27:43] ⚡ 优先保证Telegram响应
[2026-03-13 12:27:43] 🔍 开始观察...
[2026-03-13 12:27:48] ✅ 观察完成，等待20分钟...
[2026-03-13 12:28:43] 🚀 Observer包装脚本启动
[2026-03-13 12:28:43] 📅 观察间隔：20分钟
[2026-03-13 12:28:44] ⚡ 优先保证Telegram响应
[2026-03-13 12:28:44] 🔍 开始观察...
[2026-03-13 12:28:48] ✅ 观察完成，等待20分钟...
[2026-03-13 12:29:44] 🚀 Observer包装脚本启动
[2026-03-13 12:29:44] 📅 观察间隔：20分钟
[2026-03-13 12:29:44] ⚡ 优先保证Telegram响应
[2026-03-13 12:29:44] 🔍 开始观察...
[2026-03-13 12:29:48] ✅ 观察完成，等待20分钟...
[2026-03-13 12:30:44] 🚀 Observer包装脚本启动
[2026-03-13 12:30:44] 📅 观察间隔：20分钟
[2026-03-13 12:30:44] ⚡ 优先保证Telegram响应
[2026-03-13 12:30:44] 🔍 开始观察...
[2026-03-13 12:30:48] ✅ 观察完成，等待20分钟...
[2026-03-13 12:31:44] 🚀 Observer包装脚本启动
[2026-03-13 12:31:44] 📅 观察间隔：20分钟
[2026-03-13 12:31:44] ⚡ 优先保证Telegram响应
[2026-03-13 12:31:44] 🔍 开始观察...
[2026-03-13 12:31:49] ✅ 观察完成，等待20分钟...
[2026-03-13 12:32:44] 🚀 Observer包装脚本启动
[2026-03-13 12:32:44] 📅 观察间隔：20分钟
[2026-03-13 12:32:44] ⚡ 优先保证Telegram响应
[2026-03-13 12:32:44] 🔍 开始观察...
[2026-03-13 12:32:49] ✅ 观察完成，等待20分钟...
[2026-03-13 12:33:44] 🚀 Observer包装脚本启动
[2026-03-13 12:33:44] 📅 观察间隔：20分钟
[2026-03-13 12:33:44] ⚡ 优先保证Telegram响应
[2026-03-13 12:33:44] 🔍 开始观察...
[2026-03-13 12:33:49] ✅ 观察完成，等待20分钟...
[2026-03-13 12:34:44] 🚀 Observer包装脚本启动
[2026-03-13 12:34:44] 📅 观察间隔：20分钟
[2026-03-13 12:34:44] ⚡ 优先保证Telegram响应
[2026-03-13 12:34:45] 🔍 开始观察...
[2026-03-13 12:34:48] ✅ 观察完成，等待20分钟...
[2026-03-13 12:35:45] 🚀 Observer包装脚本启动
[2026-03-13 12:35:45] 📅 观察间隔：20分钟
[2026-03-13 12:35:45] ⚡ 优先保证Telegram响应
[2026-03-13 12:35:45] 🔍 开始观察...
[2026-03-13 12:35:49] ✅ 观察完成，等待20分钟...
[2026-03-13 12:36:45] 🚀 Observer包装脚本启动
[2026-03-13 12:36:45] 📅 观察间隔：20分钟
[2026-03-13 12:36:45] ⚡ 优先保证Telegram响应
[2026-03-13 12:36:45] 🔍 开始观察...
[2026-03-13 12:36:49] ✅ 观察完成，等待20分钟...
[2026-03-13 12:37:45] 🚀 Observer包装脚本启动
[2026-03-13 12:37:45] 📅 观察间隔：20分钟
[2026-03-13 12:37:45] ⚡ 优先保证Telegram响应
[2026-03-13 12:37:45] 🔍 开始观察...
[2026-03-13 12:37:49] ✅ 观察完成，等待20分钟...
[2026-03-13 12:38:46] 🚀 Observer包装脚本启动
[2026-03-13 12:38:46] 📅 观察间隔：20分钟
[2026-03-13 12:38:46] ⚡ 优先保证Telegram响应
[2026-03-13 12:38:46] 🔍 开始观察...
[2026-03-13 12:38:51] ✅ 观察完成，等待20分钟...
[2026-03-13 12:39:45] 🚀 Observer包装脚本启动
[2026-03-13 12:39:45] 📅 观察间隔：20分钟
[2026-03-13 12:39:45] ⚡ 优先保证Telegram响应
[2026-03-13 12:39:45] 🔍 开始观察...
[2026-03-13 12:39:50] ✅ 观察完成，等待20分钟...
[2026-03-13 12:40:46] 🚀 Observer包装脚本启动
[2026-03-13 12:40:46] 📅 观察间隔：20分钟
[2026-03-13 12:40:46] ⚡ 优先保证Telegram响应
[2026-03-13 12:40:46] 🔍 开始观察...
[2026-03-13 12:40:51] ✅ 观察完成，等待20分钟...
[2026-03-13 12:41:46] 🚀 Observer包装脚本启动
[2026-03-13 12:41:46] 📅 观察间隔：20分钟
[2026-03-13 12:41:46] ⚡ 优先保证Telegram响应
[2026-03-13 12:41:46] 🔍 开始观察...
[2026-03-13 12:41:50] ✅ 观察完成，等待20分钟...
[2026-03-13 12:42:46] 🚀 Observer包装脚本启动
[2026-03-13 12:42:46] 📅 观察间隔：20分钟
[2026-03-13 12:42:46] ⚡ 优先保证Telegram响应
[2026-03-13 12:42:46] 🔍 开始观察...
[2026-03-13 12:42:50] ✅ 观察完成，等待20分钟...
[2026-03-13 12:43:46] 🚀 Observer包装脚本启动
[2026-03-13 12:43:47] 📅 观察间隔：20分钟
[2026-03-13 12:43:47] ⚡ 优先保证Telegram响应
[2026-03-13 12:43:47] 🔍 开始观察...
[2026-03-13 12:43:51] ✅ 观察完成，等待20分钟...
[2026-03-13 12:44:46] 🚀 Observer包装脚本启动
[2026-03-13 12:44:46] 📅 观察间隔：20分钟
[2026-03-13 12:44:46] ⚡ 优先保证Telegram响应
[2026-03-13 12:44:46] 🔍 开始观察...
[2026-03-13 12:44:51] ✅ 观察完成，等待20分钟...
[2026-03-13 12:45:47] 🚀 Observer包装脚本启动
[2026-03-13 12:45:47] 📅 观察间隔：20分钟
[2026-03-13 12:45:47] ⚡ 优先保证Telegram响应
[2026-03-13 12:45:47] 🔍 开始观察...
[2026-03-13 12:45:51] ✅ 观察完成，等待20分钟...
[2026-03-13 12:46:47] 🚀 Observer包装脚本启动
[2026-03-13 12:46:47] 📅 观察间隔：20分钟
[2026-03-13 12:46:47] ⚡ 优先保证Telegram响应
[2026-03-13 12:46:47] 🔍 开始观察...
[2026-03-13 12:46:51] ✅ 观察完成，等待20分钟...
[2026-03-13 12:47:47] 🚀 Observer包装脚本启动
[2026-03-13 12:47:47] 📅 观察间隔：20分钟
[2026-03-13 12:47:47] ⚡ 优先保证Telegram响应
[2026-03-13 12:47:47] 🔍 开始观察...
[2026-03-13 12:47:51] ✅ 观察完成，等待20分钟...
[2026-03-13 12:48:47] 🚀 Observer包装脚本启动
[2026-03-13 12:48:47] 📅 观察间隔：20分钟
[2026-03-13 12:48:47] ⚡ 优先保证Telegram响应
[2026-03-13 12:48:47] 🔍 开始观察...
[2026-03-13 12:48:51] ✅ 观察完成，等待20分钟...
[2026-03-13 12:49:48] 🚀 Observer包装脚本启动
[2026-03-13 12:49:48] 📅 观察间隔：20分钟
[2026-03-13 12:49:48] ⚡ 优先保证Telegram响应
[2026-03-13 12:49:48] 🔍 开始观察...
[2026-03-13 12:49:53] ✅ 观察完成，等待20分钟...
[2026-03-13 12:50:48] 🚀 Observer包装脚本启动
[2026-03-13 12:50:48] 📅 观察间隔：20分钟
[2026-03-13 12:50:48] ⚡ 优先保证Telegram响应
[2026-03-13 12:50:48] 🔍 开始观察...
[2026-03-13 12:50:52] ✅ 观察完成，等待20分钟...
[2026-03-13 12:51:48] 🚀 Observer包装脚本启动
[2026-03-13 12:51:48] 📅 观察间隔：20分钟
[2026-03-13 12:51:48] ⚡ 优先保证Telegram响应
[2026-03-13 12:51:48] 🔍 开始观察...
[2026-03-13 12:51:52] ✅ 观察完成，等待20分钟...
[2026-03-13 12:52:48] 🚀 Observer包装脚本启动
[2026-03-13 12:52:48] 📅 观察间隔：20分钟
[2026-03-13 12:52:48] ⚡ 优先保证Telegram响应
[2026-03-13 12:52:48] 🔍 开始观察...
[2026-03-13 12:52:52] ✅ 观察完成，等待20分钟...
[2026-03-13 12:53:48] 🚀 Observer包装脚本启动
[2026-03-13 12:53:48] 📅 观察间隔：20分钟
[2026-03-13 12:53:48] ⚡ 优先保证Telegram响应
[2026-03-13 12:53:48] 🔍 开始观察...
[2026-03-13 12:53:52] ✅ 观察完成，等待20分钟...
[2026-03-13 12:54:49] 🚀 Observer包装脚本启动
[2026-03-13 12:54:49] 📅 观察间隔：20分钟
[2026-03-13 12:54:49] ⚡ 优先保证Telegram响应
[2026-03-13 12:54:49] 🔍 开始观察...
[2026-03-13 12:54:52] ✅ 观察完成，等待20分钟...
[2026-03-13 12:55:49] 🚀 Observer包装脚本启动
[2026-03-13 12:55:49] 📅 观察间隔：20分钟
[2026-03-13 12:55:49] ⚡ 优先保证Telegram响应
[2026-03-13 12:55:49] 🔍 开始观察...
[2026-03-13 12:55:53] ✅ 观察完成，等待20分钟...
[2026-03-13 12:56:49] 🚀 Observer包装脚本启动
[2026-03-13 12:56:49] 📅 观察间隔：20分钟
[2026-03-13 12:56:49] ⚡ 优先保证Telegram响应
[2026-03-13 12:56:49] 🔍 开始观察...
[2026-03-13 12:56:53] ✅ 观察完成，等待20分钟...
[2026-03-13 12:57:49] 🚀 Observer包装脚本启动
[2026-03-13 12:57:49] 📅 观察间隔：20分钟
[2026-03-13 12:57:49] ⚡ 优先保证Telegram响应
[2026-03-13 12:57:49] 🔍 开始观察...
[2026-03-13 12:57:53] ✅ 观察完成，等待20分钟...
[2026-03-13 12:58:49] 🚀 Observer包装脚本启动
[2026-03-13 12:58:49] 📅 观察间隔：20分钟
[2026-03-13 12:58:49] ⚡ 优先保证Telegram响应
[2026-03-13 12:58:49] 🔍 开始观察...
[2026-03-13 12:58:53] ✅ 观察完成，等待20分钟...
[2026-03-13 12:59:49] 🚀 Observer包装脚本启动
[2026-03-13 12:59:49] 📅 观察间隔：20分钟
[2026-03-13 12:59:49] ⚡ 优先保证Telegram响应
[2026-03-13 12:59:49] 🔍 开始观察...
[2026-03-13 12:59:54] ✅ 观察完成，等待20分钟...
[2026-03-13 13:00:49] 🚀 Observer包装脚本启动
[2026-03-13 13:00:49] 📅 观察间隔：20分钟
[2026-03-13 13:00:49] ⚡ 优先保证Telegram响应
[2026-03-13 13:00:50] 🔍 开始观察...
[2026-03-13 13:00:54] ✅ 观察完成，等待20分钟...
[2026-03-13 13:01:50] 🚀 Observer包装脚本启动
[2026-03-13 13:01:50] 📅 观察间隔：20分钟
[2026-03-13 13:01:50] ⚡ 优先保证Telegram响应
[2026-03-13 13:01:50] 🔍 开始观察...
[2026-03-13 13:01:55] ✅ 观察完成，等待20分钟...
[2026-03-13 13:02:50] 🚀 Observer包装脚本启动
[2026-03-13 13:02:50] 📅 观察间隔：20分钟
[2026-03-13 13:02:50] ⚡ 优先保证Telegram响应
[2026-03-13 13:02:50] 🔍 开始观察...
[2026-03-13 13:02:55] ✅ 观察完成，等待20分钟...
[2026-03-13 13:03:50] 🚀 Observer包装脚本启动
[2026-03-13 13:03:50] 📅 观察间隔：20分钟
[2026-03-13 13:03:50] ⚡ 优先保证Telegram响应
[2026-03-13 13:03:50] 🔍 开始观察...
[2026-03-13 13:03:54] ✅ 观察完成，等待20分钟...
[2026-03-13 13:04:15] 🚀 Observer包装脚本启动
[2026-03-13 13:04:15] 📅 观察间隔：20分钟
[2026-03-13 13:04:15] ⚡ 优先保证Telegram响应
[2026-03-13 13:04:15] 🔍 开始观察...
[2026-03-13 13:04:19] ✅ 观察完成，等待20分钟...
[2026-03-13 13:04:37] 🚀 Observer包装脚本启动
[2026-03-13 13:04:37] 📅 观察间隔：20分钟
[2026-03-13 13:04:37] ⚡ 优先保证Telegram响应
[2026-03-13 13:04:37] 🔍 开始观察...
[2026-03-13 13:04:40] ✅ 观察完成，等待20分钟...
[2026-03-13 13:04:50] 🚀 Observer包装脚本启动
[2026-03-13 13:04:50] 📅 观察间隔：20分钟
[2026-03-13 13:04:50] ⚡ 优先保证Telegram响应
[2026-03-13 13:04:50] 🔍 开始观察...
[2026-03-13 13:04:55] ✅ 观察完成，等待20分钟...
[2026-03-13 13:05:50] 🚀 Observer包装脚本启动
[2026-03-13 13:05:50] 📅 观察间隔：20分钟
[2026-03-13 13:05:50] ⚡ 优先保证Telegram响应
[2026-03-13 13:05:50] 🔍 开始观察...
[2026-03-13 13:05:55] ✅ 观察完成，等待20分钟...
[2026-03-13 13:06:50] 🚀 Observer包装脚本启动
[2026-03-13 13:06:50] 📅 观察间隔：20分钟
[2026-03-13 13:06:50] ⚡ 优先保证Telegram响应
[2026-03-13 13:06:51] 🔍 开始观察...
[2026-03-13 13:06:55] ✅ 观察完成，等待20分钟...
[2026-03-13 13:07:51] 🚀 Observer包装脚本启动
[2026-03-13 13:07:51] 📅 观察间隔：20分钟
[2026-03-13 13:07:51] ⚡ 优先保证Telegram响应
[2026-03-13 13:07:51] 🔍 开始观察...
[2026-03-13 13:07:55] ✅ 观察完成，等待20分钟...
[2026-03-13 13:08:51] 🚀 Observer包装脚本启动
[2026-03-13 13:08:51] 📅 观察间隔：20分钟
[2026-03-13 13:08:51] ⚡ 优先保证Telegram响应
[2026-03-13 13:08:51] 🔍 开始观察...
[2026-03-13 13:08:55] ✅ 观察完成，等待20分钟...
[2026-03-13 13:09:51] 🚀 Observer包装脚本启动
[2026-03-13 13:09:51] 📅 观察间隔：20分钟
[2026-03-13 13:09:51] ⚡ 优先保证Telegram响应
[2026-03-13 13:09:51] 🔍 开始观察...
[2026-03-13 13:09:55] ✅ 观察完成，等待20分钟...
[2026-03-13 13:10:51] 🚀 Observer包装脚本启动
[2026-03-13 13:10:51] 📅 观察间隔：20分钟
[2026-03-13 13:10:51] ⚡ 优先保证Telegram响应
[2026-03-13 13:10:51] 🔍 开始观察...
[2026-03-13 13:10:56] ✅ 观察完成，等待20分钟...
[2026-03-13 13:11:52] 🚀 Observer包装脚本启动
[2026-03-13 13:11:52] 📅 观察间隔：20分钟
[2026-03-13 13:11:52] ⚡ 优先保证Telegram响应
[2026-03-13 13:11:52] 🔍 开始观察...
[2026-03-13 13:11:57] ✅ 观察完成，等待20分钟...
[2026-03-13 13:12:52] 🚀 Observer包装脚本启动
[2026-03-13 13:12:52] 📅 观察间隔：20分钟
[2026-03-13 13:12:52] ⚡ 优先保证Telegram响应
[2026-03-13 13:12:52] 🔍 开始观察...
[2026-03-13 13:12:56] ✅ 观察完成，等待20分钟...
[2026-03-13 13:13:52] 🚀 Observer包装脚本启动
[2026-03-13 13:13:52] 📅 观察间隔：20分钟
[2026-03-13 13:13:52] ⚡ 优先保证Telegram响应
[2026-03-13 13:13:52] 🔍 开始观察...
[2026-03-13 13:13:56] ✅ 观察完成，等待20分钟...
[2026-03-13 13:14:52] 🚀 Observer包装脚本启动
[2026-03-13 13:14:52] 📅 观察间隔：20分钟
[2026-03-13 13:14:52] ⚡ 优先保证Telegram响应
[2026-03-13 13:14:52] 🔍 开始观察...
[2026-03-13 13:14:56] ✅ 观察完成，等待20分钟...
[2026-03-13 13:15:52] 🚀 Observer包装脚本启动
[2026-03-13 13:15:52] 📅 观察间隔：20分钟
[2026-03-13 13:15:52] ⚡ 优先保证Telegram响应
[2026-03-13 13:15:52] 🔍 开始观察...
[2026-03-13 13:15:57] ✅ 观察完成，等待20分钟...
[2026-03-13 13:16:52] 🚀 Observer包装脚本启动
[2026-03-13 13:16:53] 📅 观察间隔：20分钟
[2026-03-13 13:16:53] ⚡ 优先保证Telegram响应
[2026-03-13 13:16:53] 🔍 开始观察...
[2026-03-13 13:16:58] ✅ 观察完成，等待20分钟...
[2026-03-13 13:17:53] 🚀 Observer包装脚本启动
[2026-03-13 13:17:53] 📅 观察间隔：20分钟
[2026-03-13 13:17:53] ⚡ 优先保证Telegram响应
[2026-03-13 13:17:53] 🔍 开始观察...
[2026-03-13 13:17:57] ✅ 观察完成，等待20分钟...
[2026-03-13 13:18:53] 🚀 Observer包装脚本启动
[2026-03-13 13:18:53] 📅 观察间隔：20分钟
[2026-03-13 13:18:53] ⚡ 优先保证Telegram响应
[2026-03-13 13:18:53] 🔍 开始观察...
[2026-03-13 13:18:58] ✅ 观察完成，等待20分钟...
[2026-03-13 13:19:53] 🚀 Observer包装脚本启动
[2026-03-13 13:19:53] 📅 观察间隔：20分钟
[2026-03-13 13:19:53] ⚡ 优先保证Telegram响应
[2026-03-13 13:19:53] 🔍 开始观察...
[2026-03-13 13:19:57] ✅ 观察完成，等待20分钟...
[2026-03-13 13:20:53] 🚀 Observer包装脚本启动
[2026-03-13 13:20:53] 📅 观察间隔：20分钟
[2026-03-13 13:20:53] ⚡ 优先保证Telegram响应
[2026-03-13 13:20:53] 🔍 开始观察...
[2026-03-13 13:20:58] ✅ 观察完成，等待20分钟...
[2026-03-13 13:21:53] 🚀 Observer包装脚本启动
[2026-03-13 13:21:53] 📅 观察间隔：20分钟
[2026-03-13 13:21:53] ⚡ 优先保证Telegram响应
[2026-03-13 13:21:53] 🔍 开始观察...
[2026-03-13 13:21:57] ✅ 观察完成，等待20分钟...
[2026-03-13 13:22:54] 🚀 Observer包装脚本启动
[2026-03-13 13:22:54] 📅 观察间隔：20分钟
[2026-03-13 13:22:54] ⚡ 优先保证Telegram响应
[2026-03-13 13:22:54] 🔍 开始观察...
[2026-03-13 13:22:58] ✅ 观察完成，等待20分钟...
[2026-03-13 13:23:54] 🚀 Observer包装脚本启动
[2026-03-13 13:23:54] 📅 观察间隔：20分钟
[2026-03-13 13:23:54] ⚡ 优先保证Telegram响应
[2026-03-13 13:23:54] 🔍 开始观察...
[2026-03-13 13:23:59] ✅ 观察完成，等待20分钟...
[2026-03-13 13:24:54] 🚀 Observer包装脚本启动
[2026-03-13 13:24:54] 📅 观察间隔：20分钟
[2026-03-13 13:24:54] ⚡ 优先保证Telegram响应
[2026-03-13 13:24:54] 🔍 开始观察...
[2026-03-13 13:24:59] ✅ 观察完成，等待20分钟...
[2026-03-13 13:25:54] 🚀 Observer包装脚本启动
[2026-03-13 13:25:54] 📅 观察间隔：20分钟
[2026-03-13 13:25:54] ⚡ 优先保证Telegram响应
[2026-03-13 13:25:54] 🔍 开始观察...
[2026-03-13 13:25:58] ✅ 观察完成，等待20分钟...
[2026-03-13 13:26:54] 🚀 Observer包装脚本启动
[2026-03-13 13:26:54] 📅 观察间隔：20分钟
[2026-03-13 13:26:54] ⚡ 优先保证Telegram响应
[2026-03-13 13:26:54] 🔍 开始观察...
[2026-03-13 13:26:58] ✅ 观察完成，等待20分钟...
[2026-03-13 13:27:54] 🚀 Observer包装脚本启动
[2026-03-13 13:27:54] 📅 观察间隔：20分钟
[2026-03-13 13:27:55] ⚡ 优先保证Telegram响应
[2026-03-13 13:27:55] 🔍 开始观察...
[2026-03-13 13:27:58] ✅ 观察完成，等待20分钟...
[2026-03-13 13:28:55] 🚀 Observer包装脚本启动
[2026-03-13 13:28:55] 📅 观察间隔：20分钟
[2026-03-13 13:28:55] ⚡ 优先保证Telegram响应
[2026-03-13 13:28:55] 🔍 开始观察...
[2026-03-13 13:28:59] ✅ 观察完成，等待20分钟...
[2026-03-13 13:29:55] 🚀 Observer包装脚本启动
[2026-03-13 13:29:55] 📅 观察间隔：20分钟
[2026-03-13 13:29:55] ⚡ 优先保证Telegram响应
[2026-03-13 13:29:55] 🔍 开始观察...
[2026-03-13 13:29:59] ✅ 观察完成，等待20分钟...
[2026-03-13 13:30:55] 🚀 Observer包装脚本启动
[2026-03-13 13:30:55] 📅 观察间隔：20分钟
[2026-03-13 13:30:55] ⚡ 优先保证Telegram响应
[2026-03-13 13:30:55] 🔍 开始观察...
[2026-03-13 13:31:00] ✅ 观察完成，等待20分钟...
[2026-03-13 13:31:56] 🚀 Observer包装脚本启动
[2026-03-13 13:31:56] 📅 观察间隔：20分钟
[2026-03-13 13:31:56] ⚡ 优先保证Telegram响应
[2026-03-13 13:31:56] 🔍 开始观察...
[2026-03-13 13:32:01] ✅ 观察完成，等待20分钟...
[2026-03-13 13:32:56] 🚀 Observer包装脚本启动
[2026-03-13 13:32:56] 📅 观察间隔：20分钟
[2026-03-13 13:32:56] ⚡ 优先保证Telegram响应
[2026-03-13 13:32:57] 🔍 开始观察...
[2026-03-13 13:33:03] ✅ 观察完成，等待20分钟...
[2026-03-13 13:33:56] 🚀 Observer包装脚本启动
[2026-03-13 13:33:56] 📅 观察间隔：20分钟
[2026-03-13 13:33:56] ⚡ 优先保证Telegram响应
[2026-03-13 13:33:56] 🔍 开始观察...
[2026-03-13 13:34:01] ✅ 观察完成，等待20分钟...
[2026-03-13 13:34:56] 🚀 Observer包装脚本启动
[2026-03-13 13:34:57] 📅 观察间隔：20分钟
[2026-03-13 13:34:57] ⚡ 优先保证Telegram响应
[2026-03-13 13:34:57] 🔍 开始观察...
[2026-03-13 13:35:01] ✅ 观察完成，等待20分钟...
[2026-03-13 13:35:58] 🚀 Observer包装脚本启动
[2026-03-13 13:35:58] 📅 观察间隔：20分钟
[2026-03-13 13:35:58] ⚡ 优先保证Telegram响应
[2026-03-13 13:35:58] 🔍 开始观察...
[2026-03-13 13:36:03] ✅ 观察完成，等待20分钟...
[2026-03-13 13:36:57] 🚀 Observer包装脚本启动
[2026-03-13 13:36:57] 📅 观察间隔：20分钟
[2026-03-13 13:36:57] ⚡ 优先保证Telegram响应
[2026-03-13 13:36:57] 🔍 开始观察...
[2026-03-13 13:37:02] ✅ 观察完成，等待20分钟...
[2026-03-13 13:37:58] 🚀 Observer包装脚本启动
[2026-03-13 13:37:58] 📅 观察间隔：20分钟
[2026-03-13 13:37:58] ⚡ 优先保证Telegram响应
[2026-03-13 13:37:58] 🔍 开始观察...
[2026-03-13 13:38:02] ✅ 观察完成，等待20分钟...
[2026-03-13 13:38:58] 🚀 Observer包装脚本启动
[2026-03-13 13:38:58] 📅 观察间隔：20分钟
[2026-03-13 13:38:58] ⚡ 优先保证Telegram响应
[2026-03-13 13:38:58] 🔍 开始观察...
[2026-03-13 13:39:03] ✅ 观察完成，等待20分钟...
[2026-03-13 13:39:58] 🚀 Observer包装脚本启动
[2026-03-13 13:39:58] 📅 观察间隔：20分钟
[2026-03-13 13:39:58] ⚡ 优先保证Telegram响应
[2026-03-13 13:39:58] 🔍 开始观察...
[2026-03-13 13:40:03] ✅ 观察完成，等待20分钟...
[2026-03-13 13:40:59] 🚀 Observer包装脚本启动
[2026-03-13 13:40:59] 📅 观察间隔：20分钟
[2026-03-13 13:40:59] ⚡ 优先保证Telegram响应
[2026-03-13 13:40:59] 🔍 开始观察...
[2026-03-13 13:41:03] ✅ 观察完成，等待20分钟...
[2026-03-13 13:41:58] 🚀 Observer包装脚本启动
[2026-03-13 13:41:58] 📅 观察间隔：20分钟
[2026-03-13 13:41:58] ⚡ 优先保证Telegram响应
[2026-03-13 13:41:59] 🔍 开始观察...
[2026-03-13 13:42:04] ✅ 观察完成，等待20分钟...
[2026-03-13 13:42:59] 🚀 Observer包装脚本启动
[2026-03-13 13:42:59] 📅 观察间隔：20分钟
[2026-03-13 13:42:59] ⚡ 优先保证Telegram响应
[2026-03-13 13:42:59] 🔍 开始观察...
[2026-03-13 13:43:03] ✅ 观察完成，等待20分钟...
[2026-03-13 13:43:59] 🚀 Observer包装脚本启动
[2026-03-13 13:43:59] 📅 观察间隔：20分钟
[2026-03-13 13:44:00] ⚡ 优先保证Telegram响应
[2026-03-13 13:44:00] 🔍 开始观察...
[2026-03-13 13:44:04] ✅ 观察完成，等待20分钟...
[2026-03-13 13:44:59] 🚀 Observer包装脚本启动
[2026-03-13 13:44:59] 📅 观察间隔：20分钟
[2026-03-13 13:44:59] ⚡ 优先保证Telegram响应
[2026-03-13 13:45:00] 🔍 开始观察...
[2026-03-13 13:45:05] ✅ 观察完成，等待20分钟...
[2026-03-13 13:46:00] 🚀 Observer包装脚本启动
[2026-03-13 13:46:00] 📅 观察间隔：20分钟
[2026-03-13 13:46:00] ⚡ 优先保证Telegram响应
[2026-03-13 13:46:00] 🔍 开始观察...
[2026-03-13 13:46:05] ✅ 观察完成，等待20分钟...
[2026-03-13 13:47:00] 🚀 Observer包装脚本启动
[2026-03-13 13:47:00] 📅 观察间隔：20分钟
[2026-03-13 13:47:00] ⚡ 优先保证Telegram响应
[2026-03-13 13:47:00] 🔍 开始观察...
[2026-03-13 13:47:05] ✅ 观察完成，等待20分钟...
[2026-03-13 13:48:00] 🚀 Observer包装脚本启动
[2026-03-13 13:48:00] 📅 观察间隔：20分钟
[2026-03-13 13:48:00] ⚡ 优先保证Telegram响应
[2026-03-13 13:48:00] 🔍 开始观察...
[2026-03-13 13:48:04] ✅ 观察完成，等待20分钟...
[2026-03-13 13:49:01] 🚀 Observer包装脚本启动
[2026-03-13 13:49:01] 📅 观察间隔：20分钟
[2026-03-13 13:49:01] ⚡ 优先保证Telegram响应
[2026-03-13 13:49:01] 🔍 开始观察...
[2026-03-13 13:49:06] ✅ 观察完成，等待20分钟...
[2026-03-13 13:50:01] 🚀 Observer包装脚本启动
[2026-03-13 13:50:01] 📅 观察间隔：20分钟
[2026-03-13 13:50:01] ⚡ 优先保证Telegram响应
[2026-03-13 13:50:01] 🔍 开始观察...
[2026-03-13 13:50:05] ✅ 观察完成，等待20分钟...
[2026-03-13 13:51:02] 🚀 Observer包装脚本启动
[2026-03-13 13:51:02] 📅 观察间隔：20分钟
[2026-03-13 13:51:02] ⚡ 优先保证Telegram响应
[2026-03-13 13:51:02] 🔍 开始观察...
[2026-03-13 13:51:06] ✅ 观察完成，等待20分钟...
[2026-03-13 13:52:01] 🚀 Observer包装脚本启动
[2026-03-13 13:52:01] 📅 观察间隔：20分钟
[2026-03-13 13:52:02] ⚡ 优先保证Telegram响应
[2026-03-13 13:52:02] 🔍 开始观察...
[2026-03-13 13:52:07] ✅ 观察完成，等待20分钟...
[2026-03-13 13:53:01] 🚀 Observer包装脚本启动
[2026-03-13 13:53:02] 📅 观察间隔：20分钟
[2026-03-13 13:53:02] ⚡ 优先保证Telegram响应
[2026-03-13 13:53:02] 🔍 开始观察...
[2026-03-13 13:53:06] ✅ 观察完成，等待20分钟...
[2026-03-13 13:54:02] 🚀 Observer包装脚本启动
[2026-03-13 13:54:02] 📅 观察间隔：20分钟
[2026-03-13 13:54:02] ⚡ 优先保证Telegram响应
[2026-03-13 13:54:02] 🔍 开始观察...
[2026-03-13 13:54:07] ✅ 观察完成，等待20分钟...
[2026-03-13 13:55:02] 🚀 Observer包装脚本启动
[2026-03-13 13:55:02] 📅 观察间隔：20分钟
[2026-03-13 13:55:03] ⚡ 优先保证Telegram响应
[2026-03-13 13:55:03] 🔍 开始观察...
[2026-03-13 13:55:07] ✅ 观察完成，等待20分钟...
[2026-03-13 13:56:03] 🚀 Observer包装脚本启动
[2026-03-13 13:56:03] 📅 观察间隔：20分钟
[2026-03-13 13:56:03] ⚡ 优先保证Telegram响应
[2026-03-13 13:56:03] 🔍 开始观察...
[2026-03-13 13:56:07] ✅ 观察完成，等待20分钟...
[2026-03-13 13:57:03] 🚀 Observer包装脚本启动
[2026-03-13 13:57:03] 📅 观察间隔：20分钟
[2026-03-13 13:57:03] ⚡ 优先保证Telegram响应
[2026-03-13 13:57:03] 🔍 开始观察...
[2026-03-13 13:57:08] ✅ 观察完成，等待20分钟...
[2026-03-13 13:58:03] 🚀 Observer包装脚本启动
[2026-03-13 13:58:03] 📅 观察间隔：20分钟
[2026-03-13 13:58:03] ⚡ 优先保证Telegram响应
[2026-03-13 13:58:03] 🔍 开始观察...
[2026-03-13 13:58:08] ✅ 观察完成，等待20分钟...
[2026-03-13 13:59:04] 🚀 Observer包装脚本启动
[2026-03-13 13:59:04] 📅 观察间隔：20分钟
[2026-03-13 13:59:04] ⚡ 优先保证Telegram响应
[2026-03-13 13:59:04] 🔍 开始观察...
[2026-03-13 13:59:08] ✅ 观察完成，等待20分钟...
[2026-03-13 14:00:04] 🚀 Observer包装脚本启动
[2026-03-13 14:00:04] 📅 观察间隔：20分钟
[2026-03-13 14:00:04] ⚡ 优先保证Telegram响应
[2026-03-13 14:00:04] 🔍 开始观察...
[2026-03-13 14:00:08] ✅ 观察完成，等待20分钟...
[2026-03-13 14:01:04] 🚀 Observer包装脚本启动
[2026-03-13 14:01:04] 📅 观察间隔：20分钟
[2026-03-13 14:01:04] ⚡ 优先保证Telegram响应
[2026-03-13 14:01:04] 🔍 开始观察...
[2026-03-13 14:01:09] ✅ 观察完成，等待20分钟...
[2026-03-13 14:02:04] 🚀 Observer包装脚本启动
[2026-03-13 14:02:05] 📅 观察间隔：20分钟
[2026-03-13 14:02:05] ⚡ 优先保证Telegram响应
[2026-03-13 14:02:05] 🔍 开始观察...
[2026-03-13 14:02:09] ✅ 观察完成，等待20分钟...
[2026-03-13 14:03:04] 🚀 Observer包装脚本启动
[2026-03-13 14:03:04] 📅 观察间隔：20分钟
[2026-03-13 14:03:04] ⚡ 优先保证Telegram响应
[2026-03-13 14:03:04] 🔍 开始观察...
[2026-03-13 14:03:09] ✅ 观察完成，等待20分钟...
[2026-03-13 14:04:05] 🚀 Observer包装脚本启动
[2026-03-13 14:04:05] 📅 观察间隔：20分钟
[2026-03-13 14:04:05] ⚡ 优先保证Telegram响应
[2026-03-13 14:04:05] 🔍 开始观察...
[2026-03-13 14:04:09] ✅ 观察完成，等待20分钟...
[2026-03-13 14:05:05] 🚀 Observer包装脚本启动
[2026-03-13 14:05:05] 📅 观察间隔：20分钟
[2026-03-13 14:05:05] ⚡ 优先保证Telegram响应
[2026-03-13 14:05:05] 🔍 开始观察...
[2026-03-13 14:05:09] ✅ 观察完成，等待20分钟...
[2026-03-13 14:06:05] 🚀 Observer包装脚本启动
[2026-03-13 14:06:05] 📅 观察间隔：20分钟
[2026-03-13 14:06:05] ⚡ 优先保证Telegram响应
[2026-03-13 14:06:05] 🔍 开始观察...
[2026-03-13 14:06:09] ✅ 观察完成，等待20分钟...
[2026-03-13 14:07:05] 🚀 Observer包装脚本启动
[2026-03-13 14:07:05] 📅 观察间隔：20分钟
[2026-03-13 14:07:05] ⚡ 优先保证Telegram响应
[2026-03-13 14:07:06] 🔍 开始观察...
[2026-03-13 14:07:10] ✅ 观察完成，等待20分钟...
[2026-03-13 14:08:05] 🚀 Observer包装脚本启动
[2026-03-13 14:08:05] 📅 观察间隔：20分钟
[2026-03-13 14:08:05] ⚡ 优先保证Telegram响应
[2026-03-13 14:08:05] 🔍 开始观察...
[2026-03-13 14:08:10] ✅ 观察完成，等待20分钟...
[2026-03-13 14:09:05] 🚀 Observer包装脚本启动
[2026-03-13 14:09:05] 📅 观察间隔：20分钟
[2026-03-13 14:09:06] ⚡ 优先保证Telegram响应
[2026-03-13 14:09:06] 🔍 开始观察...
[2026-03-13 14:09:10] ✅ 观察完成，等待20分钟...
[2026-03-13 14:10:06] 🚀 Observer包装脚本启动
[2026-03-13 14:10:06] 📅 观察间隔：20分钟
[2026-03-13 14:10:06] ⚡ 优先保证Telegram响应
[2026-03-13 14:10:06] 🔍 开始观察...
[2026-03-13 14:10:10] ✅ 观察完成，等待20分钟...
[2026-03-13 14:11:06] 🚀 Observer包装脚本启动
[2026-03-13 14:11:06] 📅 观察间隔：20分钟
[2026-03-13 14:11:06] ⚡ 优先保证Telegram响应
[2026-03-13 14:11:06] 🔍 开始观察...
[2026-03-13 14:11:10] ✅ 观察完成，等待20分钟...
[2026-03-13 14:12:06] 🚀 Observer包装脚本启动
[2026-03-13 14:12:07] 📅 观察间隔：20分钟
[2026-03-13 14:12:07] ⚡ 优先保证Telegram响应
[2026-03-13 14:12:07] 🔍 开始观察...
[2026-03-13 14:12:11] ✅ 观察完成，等待20分钟...
[2026-03-13 14:13:06] 🚀 Observer包装脚本启动
[2026-03-13 14:13:06] 📅 观察间隔：20分钟
[2026-03-13 14:13:06] ⚡ 优先保证Telegram响应
[2026-03-13 14:13:06] 🔍 开始观察...
[2026-03-13 14:13:11] ✅ 观察完成，等待20分钟...
[2026-03-13 14:14:06] 🚀 Observer包装脚本启动
[2026-03-13 14:14:06] 📅 观察间隔：20分钟
[2026-03-13 14:14:06] ⚡ 优先保证Telegram响应
[2026-03-13 14:14:06] 🔍 开始观察...
[2026-03-13 14:14:10] ✅ 观察完成，等待20分钟...
[2026-03-13 14:15:07] 🚀 Observer包装脚本启动
[2026-03-13 14:15:07] 📅 观察间隔：20分钟
[2026-03-13 14:15:07] ⚡ 优先保证Telegram响应
[2026-03-13 14:15:07] 🔍 开始观察...
[2026-03-13 14:15:11] ✅ 观察完成，等待20分钟...
[2026-03-13 14:16:07] 🚀 Observer包装脚本启动
[2026-03-13 14:16:07] 📅 观察间隔：20分钟
[2026-03-13 14:16:07] ⚡ 优先保证Telegram响应
[2026-03-13 14:16:07] 🔍 开始观察...
[2026-03-13 14:16:11] ✅ 观察完成，等待20分钟...
[2026-03-13 14:17:07] 🚀 Observer包装脚本启动
[2026-03-13 14:17:07] 📅 观察间隔：20分钟
[2026-03-13 14:17:07] ⚡ 优先保证Telegram响应
[2026-03-13 14:17:07] 🔍 开始观察...
[2026-03-13 14:17:12] ✅ 观察完成，等待20分钟...
[2026-03-13 14:18:07] 🚀 Observer包装脚本启动
[2026-03-13 14:18:07] 📅 观察间隔：20分钟
[2026-03-13 14:18:07] ⚡ 优先保证Telegram响应
[2026-03-13 14:18:07] 🔍 开始观察...
[2026-03-13 14:18:12] ✅ 观察完成，等待20分钟...
[2026-03-13 14:19:07] 🚀 Observer包装脚本启动
[2026-03-13 14:19:07] 📅 观察间隔：20分钟
[2026-03-13 14:19:07] ⚡ 优先保证Telegram响应
[2026-03-13 14:19:08] 🔍 开始观察...
[2026-03-13 14:19:12] ✅ 观察完成，等待20分钟...
[2026-03-13 14:20:08] 🚀 Observer包装脚本启动
[2026-03-13 14:20:08] 📅 观察间隔：20分钟
[2026-03-13 14:20:08] ⚡ 优先保证Telegram响应
[2026-03-13 14:20:08] 🔍 开始观察...
[2026-03-13 14:20:12] ✅ 观察完成，等待20分钟...
[2026-03-13 14:21:08] 🚀 Observer包装脚本启动
[2026-03-13 14:21:08] 📅 观察间隔：20分钟
[2026-03-13 14:21:08] ⚡ 优先保证Telegram响应
[2026-03-13 14:21:08] 🔍 开始观察...
[2026-03-13 14:21:12] ✅ 观察完成，等待20分钟...
[2026-03-13 14:22:08] 🚀 Observer包装脚本启动
[2026-03-13 14:22:08] 📅 观察间隔：20分钟
[2026-03-13 14:22:08] ⚡ 优先保证Telegram响应
[2026-03-13 14:22:08] 🔍 开始观察...
[2026-03-13 14:22:13] ✅ 观察完成，等待20分钟...
[2026-03-13 14:23:08] 🚀 Observer包装脚本启动
[2026-03-13 14:23:08] 📅 观察间隔：20分钟
[2026-03-13 14:23:08] ⚡ 优先保证Telegram响应
[2026-03-13 14:23:08] 🔍 开始观察...
[2026-03-13 14:23:13] ✅ 观察完成，等待20分钟...
[2026-03-13 14:24:08] 🚀 Observer包装脚本启动
[2026-03-13 14:24:09] 📅 观察间隔：20分钟
[2026-03-13 14:24:09] ⚡ 优先保证Telegram响应
[2026-03-13 14:24:09] 🔍 开始观察...
[2026-03-13 14:24:13] ✅ 观察完成，等待20分钟...
[2026-03-13 14:25:08] 🚀 Observer包装脚本启动
[2026-03-13 14:25:09] 📅 观察间隔：20分钟
[2026-03-13 14:25:09] ⚡ 优先保证Telegram响应
[2026-03-13 14:25:09] 🔍 开始观察...
[2026-03-13 14:25:12] ✅ 观察完成，等待20分钟...
[2026-03-13 14:26:09] 🚀 Observer包装脚本启动
[2026-03-13 14:26:09] 📅 观察间隔：20分钟
[2026-03-13 14:26:10] ⚡ 优先保证Telegram响应
[2026-03-13 14:26:10] 🔍 开始观察...
[2026-03-13 14:26:14] ✅ 观察完成，等待20分钟...
[2026-03-13 14:27:09] 🚀 Observer包装脚本启动
[2026-03-13 14:27:09] 📅 观察间隔：20分钟
[2026-03-13 14:27:09] ⚡ 优先保证Telegram响应
[2026-03-13 14:27:09] 🔍 开始观察...
[2026-03-13 14:27:14] ✅ 观察完成，等待20分钟...
[2026-03-13 14:28:09] 🚀 Observer包装脚本启动
[2026-03-13 14:28:09] 📅 观察间隔：20分钟
[2026-03-13 14:28:09] ⚡ 优先保证Telegram响应
[2026-03-13 14:28:09] 🔍 开始观察...
[2026-03-13 14:28:14] ✅ 观察完成，等待20分钟...
[2026-03-13 14:29:09] 🚀 Observer包装脚本启动
[2026-03-13 14:29:10] 📅 观察间隔：20分钟
[2026-03-13 14:29:10] ⚡ 优先保证Telegram响应
[2026-03-13 14:29:10] 🔍 开始观察...
[2026-03-13 14:29:14] ✅ 观察完成，等待20分钟...
[2026-03-13 14:30:10] 🚀 Observer包装脚本启动
[2026-03-13 14:30:10] 📅 观察间隔：20分钟
[2026-03-13 14:30:10] ⚡ 优先保证Telegram响应
[2026-03-13 14:30:10] 🔍 开始观察...
[2026-03-13 14:30:14] ✅ 观察完成，等待20分钟...
[2026-03-13 14:31:10] 🚀 Observer包装脚本启动
[2026-03-13 14:31:10] 📅 观察间隔：20分钟
[2026-03-13 14:31:10] ⚡ 优先保证Telegram响应
[2026-03-13 14:31:10] 🔍 开始观察...
[2026-03-13 14:31:15] ✅ 观察完成，等待20分钟...
[2026-03-13 14:32:10] 🚀 Observer包装脚本启动
[2026-03-13 14:32:10] 📅 观察间隔：20分钟
[2026-03-13 14:32:10] ⚡ 优先保证Telegram响应
[2026-03-13 14:32:10] 🔍 开始观察...
[2026-03-13 14:32:15] ✅ 观察完成，等待20分钟...
[2026-03-13 14:33:10] 🚀 Observer包装脚本启动
[2026-03-13 14:33:10] 📅 观察间隔：20分钟
[2026-03-13 14:33:10] ⚡ 优先保证Telegram响应
[2026-03-13 14:33:10] 🔍 开始观察...
[2026-03-13 14:33:14] ✅ 观察完成，等待20分钟...
[2026-03-13 14:34:11] 🚀 Observer包装脚本启动
[2026-03-13 14:34:11] 📅 观察间隔：20分钟
[2026-03-13 14:34:11] ⚡ 优先保证Telegram响应
[2026-03-13 14:34:11] 🔍 开始观察...
[2026-03-13 14:34:15] ✅ 观察完成，等待20分钟...
[2026-03-13 14:35:11] 🚀 Observer包装脚本启动
[2026-03-13 14:35:11] 📅 观察间隔：20分钟
[2026-03-13 14:35:11] ⚡ 优先保证Telegram响应
[2026-03-13 14:35:11] 🔍 开始观察...
[2026-03-13 14:35:15] ✅ 观察完成，等待20分钟...
[2026-03-13 14:36:11] 🚀 Observer包装脚本启动
[2026-03-13 14:36:11] 📅 观察间隔：20分钟
[2026-03-13 14:36:11] ⚡ 优先保证Telegram响应
[2026-03-13 14:36:11] 🔍 开始观察...
[2026-03-13 14:36:15] ✅ 观察完成，等待20分钟...
[2026-03-13 14:37:11] 🚀 Observer包装脚本启动
[2026-03-13 14:37:11] 📅 观察间隔：20分钟
[2026-03-13 14:37:11] ⚡ 优先保证Telegram响应
[2026-03-13 14:37:11] 🔍 开始观察...
[2026-03-13 14:37:16] ✅ 观察完成，等待20分钟...
[2026-03-13 14:38:11] 🚀 Observer包装脚本启动
[2026-03-13 14:38:11] 📅 观察间隔：20分钟
[2026-03-13 14:38:11] ⚡ 优先保证Telegram响应
[2026-03-13 14:38:11] 🔍 开始观察...
[2026-03-13 14:38:15] ✅ 观察完成，等待20分钟...
[2026-03-13 14:39:11] 🚀 Observer包装脚本启动
[2026-03-13 14:39:11] 📅 观察间隔：20分钟
[2026-03-13 14:39:11] ⚡ 优先保证Telegram响应
[2026-03-13 14:39:11] 🔍 开始观察...
[2026-03-13 14:39:16] ✅ 观察完成，等待20分钟...
[2026-03-13 14:40:12] 🚀 Observer包装脚本启动
[2026-03-13 14:40:12] 📅 观察间隔：20分钟
[2026-03-13 14:40:12] ⚡ 优先保证Telegram响应
[2026-03-13 14:40:12] 🔍 开始观察...
[2026-03-13 14:40:16] ✅ 观察完成，等待20分钟...
[2026-03-13 14:41:12] 🚀 Observer包装脚本启动
[2026-03-13 14:41:12] 📅 观察间隔：20分钟
[2026-03-13 14:41:12] ⚡ 优先保证Telegram响应
[2026-03-13 14:41:12] 🔍 开始观察...
[2026-03-13 14:41:16] ✅ 观察完成，等待20分钟...
[2026-03-13 14:42:12] 🚀 Observer包装脚本启动
[2026-03-13 14:42:12] 📅 观察间隔：20分钟
[2026-03-13 14:42:12] ⚡ 优先保证Telegram响应
[2026-03-13 14:42:12] 🔍 开始观察...
[2026-03-13 14:42:16] ✅ 观察完成，等待20分钟...
[2026-03-13 14:43:12] 🚀 Observer包装脚本启动
[2026-03-13 14:43:12] 📅 观察间隔：20分钟
[2026-03-13 14:43:12] ⚡ 优先保证Telegram响应
[2026-03-13 14:43:12] 🔍 开始观察...
[2026-03-13 14:43:16] ✅ 观察完成，等待20分钟...
[2026-03-13 14:44:13] 🚀 Observer包装脚本启动
[2026-03-13 14:44:13] 📅 观察间隔：20分钟
[2026-03-13 14:44:13] ⚡ 优先保证Telegram响应
[2026-03-13 14:44:13] 🔍 开始观察...
[2026-03-13 14:44:17] ✅ 观察完成，等待20分钟...
[2026-03-13 14:45:13] 🚀 Observer包装脚本启动
[2026-03-13 14:45:13] 📅 观察间隔：20分钟
[2026-03-13 14:45:13] ⚡ 优先保证Telegram响应
[2026-03-13 14:45:13] 🔍 开始观察...
[2026-03-13 14:45:17] ✅ 观察完成，等待20分钟...
[2026-03-13 14:46:13] 🚀 Observer包装脚本启动
[2026-03-13 14:46:13] 📅 观察间隔：20分钟
[2026-03-13 14:46:13] ⚡ 优先保证Telegram响应
[2026-03-13 14:46:13] 🔍 开始观察...
[2026-03-13 14:46:18] ✅ 观察完成，等待20分钟...
[2026-03-13 14:47:13] 🚀 Observer包装脚本启动
[2026-03-13 14:47:13] 📅 观察间隔：20分钟
[2026-03-13 14:47:13] ⚡ 优先保证Telegram响应
[2026-03-13 14:47:13] 🔍 开始观察...
[2026-03-13 14:47:17] ✅ 观察完成，等待20分钟...
[2026-03-13 14:48:13] 🚀 Observer包装脚本启动
[2026-03-13 14:48:13] 📅 观察间隔：20分钟
[2026-03-13 14:48:13] ⚡ 优先保证Telegram响应
[2026-03-13 14:48:13] 🔍 开始观察...
[2026-03-13 14:48:17] ✅ 观察完成，等待20分钟...
[2026-03-13 14:49:14] 🚀 Observer包装脚本启动
[2026-03-13 14:49:14] 📅 观察间隔：20分钟
[2026-03-13 14:49:14] ⚡ 优先保证Telegram响应
[2026-03-13 14:49:14] 🔍 开始观察...
[2026-03-13 14:49:19] ✅ 观察完成，等待20分钟...
[2026-03-13 14:50:14] 🚀 Observer包装脚本启动
[2026-03-13 14:50:14] 📅 观察间隔：20分钟
[2026-03-13 14:50:14] ⚡ 优先保证Telegram响应
[2026-03-13 14:50:14] 🔍 开始观察...
[2026-03-13 14:50:18] ✅ 观察完成，等待20分钟...
[2026-03-13 14:51:14] 🚀 Observer包装脚本启动
[2026-03-13 14:51:14] 📅 观察间隔：20分钟
[2026-03-13 14:51:14] ⚡ 优先保证Telegram响应
[2026-03-13 14:51:14] 🔍 开始观察...
[2026-03-13 14:51:18] ✅ 观察完成，等待20分钟...
[2026-03-13 14:52:14] 🚀 Observer包装脚本启动
[2026-03-13 14:52:14] 📅 观察间隔：20分钟
[2026-03-13 14:52:14] ⚡ 优先保证Telegram响应
[2026-03-13 14:52:14] 🔍 开始观察...
[2026-03-13 14:52:18] ✅ 观察完成，等待20分钟...
[2026-03-13 14:53:15] 🚀 Observer包装脚本启动
[2026-03-13 14:53:15] 📅 观察间隔：20分钟
[2026-03-13 14:53:15] ⚡ 优先保证Telegram响应
[2026-03-13 14:53:15] 🔍 开始观察...
[2026-03-13 14:53:19] ✅ 观察完成，等待20分钟...
[2026-03-13 14:54:14] 🚀 Observer包装脚本启动
[2026-03-13 14:54:14] 📅 观察间隔：20分钟
[2026-03-13 14:54:14] ⚡ 优先保证Telegram响应
[2026-03-13 14:54:15] 🔍 开始观察...
[2026-03-13 14:54:19] ✅ 观察完成，等待20分钟...
[2026-03-13 14:55:15] 🚀 Observer包装脚本启动
[2026-03-13 14:55:15] 📅 观察间隔：20分钟
[2026-03-13 14:55:15] ⚡ 优先保证Telegram响应
[2026-03-13 14:55:15] 🔍 开始观察...
[2026-03-13 14:55:19] ✅ 观察完成，等待20分钟...
[2026-03-13 14:56:15] 🚀 Observer包装脚本启动
[2026-03-13 14:56:15] 📅 观察间隔：20分钟
[2026-03-13 14:56:15] ⚡ 优先保证Telegram响应
[2026-03-13 14:56:15] 🔍 开始观察...
[2026-03-13 14:56:20] ✅ 观察完成，等待20分钟...
[2026-03-13 14:57:15] 🚀 Observer包装脚本启动
[2026-03-13 14:57:15] 📅 观察间隔：20分钟
[2026-03-13 14:57:15] ⚡ 优先保证Telegram响应
[2026-03-13 14:57:15] 🔍 开始观察...
[2026-03-13 14:57:19] ✅ 观察完成，等待20分钟...
[2026-03-13 14:58:16] 🚀 Observer包装脚本启动
[2026-03-13 14:58:16] 📅 观察间隔：20分钟
[2026-03-13 14:58:16] ⚡ 优先保证Telegram响应
[2026-03-13 14:58:16] 🔍 开始观察...
[2026-03-13 14:58:20] ✅ 观察完成，等待20分钟...
[2026-03-13 14:59:16] 🚀 Observer包装脚本启动
[2026-03-13 14:59:16] 📅 观察间隔：20分钟
[2026-03-13 14:59:16] ⚡ 优先保证Telegram响应
[2026-03-13 14:59:16] 🔍 开始观察...
[2026-03-13 14:59:20] ✅ 观察完成，等待20分钟...
[2026-03-13 15:00:16] 🚀 Observer包装脚本启动
[2026-03-13 15:00:16] 📅 观察间隔：20分钟
[2026-03-13 15:00:17] ⚡ 优先保证Telegram响应
[2026-03-13 15:00:17] 🔍 开始观察...
[2026-03-13 15:00:21] ✅ 观察完成，等待20分钟...
[2026-03-13 15:01:16] 🚀 Observer包装脚本启动
[2026-03-13 15:01:16] 📅 观察间隔：20分钟
[2026-03-13 15:01:16] ⚡ 优先保证Telegram响应
[2026-03-13 15:01:16] 🔍 开始观察...
[2026-03-13 15:01:21] ✅ 观察完成，等待20分钟...
[2026-03-13 15:02:16] 🚀 Observer包装脚本启动
[2026-03-13 15:02:17] 📅 观察间隔：20分钟
[2026-03-13 15:02:17] ⚡ 优先保证Telegram响应
[2026-03-13 15:02:17] 🔍 开始观察...
[2026-03-13 15:02:21] ✅ 观察完成，等待20分钟...
[2026-03-13 15:03:17] 🚀 Observer包装脚本启动
[2026-03-13 15:03:17] 📅 观察间隔：20分钟
[2026-03-13 15:03:17] ⚡ 优先保证Telegram响应
[2026-03-13 15:03:17] 🔍 开始观察...
[2026-03-13 15:03:21] ✅ 观察完成，等待20分钟...
[2026-03-13 15:04:17] 🚀 Observer包装脚本启动
[2026-03-13 15:04:17] 📅 观察间隔：20分钟
[2026-03-13 15:04:17] ⚡ 优先保证Telegram响应
[2026-03-13 15:04:17] 🔍 开始观察...
[2026-03-13 15:04:21] ✅ 观察完成，等待20分钟...
[2026-03-13 15:05:18] 🚀 Observer包装脚本启动
[2026-03-13 15:05:18] 📅 观察间隔：20分钟
[2026-03-13 15:05:18] ⚡ 优先保证Telegram响应
[2026-03-13 15:05:18] 🔍 开始观察...
[2026-03-13 15:05:23] ✅ 观察完成，等待20分钟...
[2026-03-13 15:06:18] 🚀 Observer包装脚本启动
[2026-03-13 15:06:18] 📅 观察间隔：20分钟
[2026-03-13 15:06:18] ⚡ 优先保证Telegram响应
[2026-03-13 15:06:18] 🔍 开始观察...
[2026-03-13 15:06:22] ✅ 观察完成，等待20分钟...
[2026-03-13 15:07:18] 🚀 Observer包装脚本启动
[2026-03-13 15:07:18] 📅 观察间隔：20分钟
[2026-03-13 15:07:18] ⚡ 优先保证Telegram响应
[2026-03-13 15:07:18] 🔍 开始观察...
[2026-03-13 15:07:22] ✅ 观察完成，等待20分钟...
[2026-03-13 15:08:18] 🚀 Observer包装脚本启动
[2026-03-13 15:08:18] 📅 观察间隔：20分钟
[2026-03-13 15:08:18] ⚡ 优先保证Telegram响应
[2026-03-13 15:08:18] 🔍 开始观察...
[2026-03-13 15:08:22] ✅ 观察完成，等待20分钟...
[2026-03-13 15:09:18] 🚀 Observer包装脚本启动
[2026-03-13 15:09:18] 📅 观察间隔：20分钟
[2026-03-13 15:09:18] ⚡ 优先保证Telegram响应
[2026-03-13 15:09:18] 🔍 开始观察...
[2026-03-13 15:09:22] ✅ 观察完成，等待20分钟...
[2026-03-13 15:10:18] 🚀 Observer包装脚本启动
[2026-03-13 15:10:18] 📅 观察间隔：20分钟
[2026-03-13 15:10:18] ⚡ 优先保证Telegram响应
[2026-03-13 15:10:18] 🔍 开始观察...
[2026-03-13 15:10:22] ✅ 观察完成，等待20分钟...
[2026-03-13 15:11:18] 🚀 Observer包装脚本启动
[2026-03-13 15:11:19] 📅 观察间隔：20分钟
[2026-03-13 15:11:19] ⚡ 优先保证Telegram响应
[2026-03-13 15:11:19] 🔍 开始观察...
[2026-03-13 15:11:23] ✅ 观察完成，等待20分钟...
[2026-03-13 15:12:19] 🚀 Observer包装脚本启动
[2026-03-13 15:12:19] 📅 观察间隔：20分钟
[2026-03-13 15:12:19] ⚡ 优先保证Telegram响应
[2026-03-13 15:12:19] 🔍 开始观察...
[2026-03-13 15:12:23] ✅ 观察完成，等待20分钟...
[2026-03-13 15:13:19] 🚀 Observer包装脚本启动
[2026-03-13 15:13:19] 📅 观察间隔：20分钟
[2026-03-13 15:13:19] ⚡ 优先保证Telegram响应
[2026-03-13 15:13:19] 🔍 开始观察...
[2026-03-13 15:13:23] ✅ 观察完成，等待20分钟...
[2026-03-13 15:14:19] 🚀 Observer包装脚本启动
[2026-03-13 15:14:19] 📅 观察间隔：20分钟
[2026-03-13 15:14:19] ⚡ 优先保证Telegram响应
[2026-03-13 15:14:19] 🔍 开始观察...
[2026-03-13 15:14:23] ✅ 观察完成，等待20分钟...
[2026-03-13 15:15:20] 🚀 Observer包装脚本启动
[2026-03-13 15:15:20] 📅 观察间隔：20分钟
[2026-03-13 15:15:20] ⚡ 优先保证Telegram响应
[2026-03-13 15:15:20] 🔍 开始观察...
[2026-03-13 15:15:24] ✅ 观察完成，等待20分钟...
[2026-03-13 15:16:19] 🚀 Observer包装脚本启动
[2026-03-13 15:16:20] 📅 观察间隔：20分钟
[2026-03-13 15:16:20] ⚡ 优先保证Telegram响应
[2026-03-13 15:16:20] 🔍 开始观察...
[2026-03-13 15:16:24] ✅ 观察完成，等待20分钟...
[2026-03-13 15:17:19] 🚀 Observer包装脚本启动
[2026-03-13 15:17:20] 📅 观察间隔：20分钟
[2026-03-13 15:17:20] ⚡ 优先保证Telegram响应
[2026-03-13 15:17:20] 🔍 开始观察...
[2026-03-13 15:17:24] ✅ 观察完成，等待20分钟...
[2026-03-13 15:18:20] 🚀 Observer包装脚本启动
[2026-03-13 15:18:20] 📅 观察间隔：20分钟
[2026-03-13 15:18:20] ⚡ 优先保证Telegram响应
[2026-03-13 15:18:20] 🔍 开始观察...
[2026-03-13 15:18:24] ✅ 观察完成，等待20分钟...
[2026-03-13 15:19:20] 🚀 Observer包装脚本启动
[2026-03-13 15:19:20] 📅 观察间隔：20分钟
[2026-03-13 15:19:20] ⚡ 优先保证Telegram响应
[2026-03-13 15:19:20] 🔍 开始观察...
[2026-03-13 15:19:24] ✅ 观察完成，等待20分钟...
[2026-03-13 15:20:21] 🚀 Observer包装脚本启动
[2026-03-13 15:20:21] 📅 观察间隔：20分钟
[2026-03-13 15:20:21] ⚡ 优先保证Telegram响应
[2026-03-13 15:20:21] 🔍 开始观察...
[2026-03-13 15:20:24] ✅ 观察完成，等待20分钟...
[2026-03-13 15:21:21] 🚀 Observer包装脚本启动
[2026-03-13 15:21:21] 📅 观察间隔：20分钟
[2026-03-13 15:21:21] ⚡ 优先保证Telegram响应
[2026-03-13 15:21:21] 🔍 开始观察...
[2026-03-13 15:21:25] ✅ 观察完成，等待20分钟...
[2026-03-13 15:22:21] 🚀 Observer包装脚本启动
[2026-03-13 15:22:21] 📅 观察间隔：20分钟
[2026-03-13 15:22:21] ⚡ 优先保证Telegram响应
[2026-03-13 15:22:21] 🔍 开始观察...
[2026-03-13 15:22:25] ✅ 观察完成，等待20分钟...
[2026-03-13 15:23:21] 🚀 Observer包装脚本启动
[2026-03-13 15:23:21] 📅 观察间隔：20分钟
[2026-03-13 15:23:21] ⚡ 优先保证Telegram响应
[2026-03-13 15:23:21] 🔍 开始观察...
[2026-03-13 15:23:25] ✅ 观察完成，等待20分钟...
[2026-03-13 15:24:21] 🚀 Observer包装脚本启动
[2026-03-13 15:24:21] 📅 观察间隔：20分钟
[2026-03-13 15:24:21] ⚡ 优先保证Telegram响应
[2026-03-13 15:24:21] 🔍 开始观察...
[2026-03-13 15:24:25] ✅ 观察完成，等待20分钟...
[2026-03-13 15:25:22] 🚀 Observer包装脚本启动
[2026-03-13 15:25:22] 📅 观察间隔：20分钟
[2026-03-13 15:25:22] ⚡ 优先保证Telegram响应
[2026-03-13 15:25:22] 🔍 开始观察...
[2026-03-13 15:25:26] ✅ 观察完成，等待20分钟...
[2026-03-13 15:26:22] 🚀 Observer包装脚本启动
[2026-03-13 15:26:22] 📅 观察间隔：20分钟
[2026-03-13 15:26:22] ⚡ 优先保证Telegram响应
[2026-03-13 15:26:22] 🔍 开始观察...
[2026-03-13 15:26:26] ✅ 观察完成，等待20分钟...
[2026-03-13 15:27:21] 🚀 Observer包装脚本启动
[2026-03-13 15:27:22] 📅 观察间隔：20分钟
[2026-03-13 15:27:22] ⚡ 优先保证Telegram响应
[2026-03-13 15:27:22] 🔍 开始观察...
[2026-03-13 15:27:26] ✅ 观察完成，等待20分钟...
[2026-03-13 15:28:22] 🚀 Observer包装脚本启动
[2026-03-13 15:28:22] 📅 观察间隔：20分钟
[2026-03-13 15:28:22] ⚡ 优先保证Telegram响应
[2026-03-13 15:28:22] 🔍 开始观察...
[2026-03-13 15:28:26] ✅ 观察完成，等待20分钟...
[2026-03-13 15:29:22] 🚀 Observer包装脚本启动
[2026-03-13 15:29:22] 📅 观察间隔：20分钟
[2026-03-13 15:29:22] ⚡ 优先保证Telegram响应
[2026-03-13 15:29:22] 🔍 开始观察...
[2026-03-13 15:29:26] ✅ 观察完成，等待20分钟...
[2026-03-13 15:30:22] 🚀 Observer包装脚本启动
[2026-03-13 15:30:22] 📅 观察间隔：20分钟
[2026-03-13 15:30:22] ⚡ 优先保证Telegram响应
[2026-03-13 15:30:22] 🔍 开始观察...
[2026-03-13 15:30:26] ✅ 观察完成，等待20分钟...
[2026-03-13 15:31:23] 🚀 Observer包装脚本启动
[2026-03-13 15:31:23] 📅 观察间隔：20分钟
[2026-03-13 15:31:23] ⚡ 优先保证Telegram响应
[2026-03-13 15:31:23] 🔍 开始观察...
[2026-03-13 15:31:27] ✅ 观察完成，等待20分钟...
[2026-03-13 15:32:23] 🚀 Observer包装脚本启动
[2026-03-13 15:32:23] 📅 观察间隔：20分钟
[2026-03-13 15:32:23] ⚡ 优先保证Telegram响应
[2026-03-13 15:32:23] 🔍 开始观察...
[2026-03-13 15:32:27] ✅ 观察完成，等待20分钟...
[2026-03-13 15:33:23] 🚀 Observer包装脚本启动
[2026-03-13 15:33:23] 📅 观察间隔：20分钟
[2026-03-13 15:33:23] ⚡ 优先保证Telegram响应
[2026-03-13 15:33:23] 🔍 开始观察...
[2026-03-13 15:33:28] ✅ 观察完成，等待20分钟...
[2026-03-13 15:34:23] 🚀 Observer包装脚本启动
[2026-03-13 15:34:23] 📅 观察间隔：20分钟
[2026-03-13 15:34:23] ⚡ 优先保证Telegram响应
[2026-03-13 15:34:23] 🔍 开始观察...
[2026-03-13 15:34:29] ✅ 观察完成，等待20分钟...
[2026-03-13 15:35:23] 🚀 Observer包装脚本启动
[2026-03-13 15:35:23] 📅 观察间隔：20分钟
[2026-03-13 15:35:23] ⚡ 优先保证Telegram响应
[2026-03-13 15:35:23] 🔍 开始观察...
[2026-03-13 15:35:27] ✅ 观察完成，等待20分钟...
[2026-03-13 15:36:23] 🚀 Observer包装脚本启动
[2026-03-13 15:36:23] 📅 观察间隔：20分钟
[2026-03-13 15:36:24] ⚡ 优先保证Telegram响应
[2026-03-13 15:36:24] 🔍 开始观察...
[2026-03-13 15:36:27] ✅ 观察完成，等待20分钟...
[2026-03-13 15:37:24] 🚀 Observer包装脚本启动
[2026-03-13 15:37:24] 📅 观察间隔：20分钟
[2026-03-13 15:37:24] ⚡ 优先保证Telegram响应
[2026-03-13 15:37:24] 🔍 开始观察...
[2026-03-13 15:37:29] ✅ 观察完成，等待20分钟...
[2026-03-13 15:57:29] 🔄 准备下一次观察...
[2026-03-13 15:57:29] 🔍 开始观察...
[2026-03-13 15:57:32] ✅ 观察完成，等待20分钟...
[2026-03-13 16:15:54] 🚀 Observer包装脚本启动
[2026-03-13 16:15:54] 📅 观察间隔：20分钟
[2026-03-13 16:15:54] ⚡ 优先保证Telegram响应
[2026-03-13 16:15:54] 🔍 开始观察...
[2026-03-13 16:15:58] ✅ 观察完成，等待20分钟...
[2026-03-13 16:44:52] 🚀 Observer包装脚本启动
[2026-03-13 16:44:52] 📅 观察间隔：60分钟
[2026-03-13 16:44:52] ⚡ 优先保证Telegram响应
[2026-03-13 16:44:52] 🔍 开始观察...
[2026-03-13 16:44:56] ✅ 观察完成，等待60分钟...
[2026-03-13 17:15:18] 🚀 Observer包装脚本启动
[2026-03-13 17:15:18] 📅 观察间隔：60分钟
[2026-03-13 17:15:18] ⚡ 优先保证Telegram响应
[2026-03-13 17:15:18] 🔍 开始观察...
[2026-03-13 17:15:21] ✅ 观察完成，等待60分钟...
